19:35:22 §f §r§f §r§1 §r§0 §r§2 §r§4§r§f §r§f §r§2 §r§0 §r§4 §r§8§r§0§r§1§r§0§r§1§r§2§r§f§r§f§r§0§r§1§r§3§r§4§r§f§r§f§r§0§r§1§r§5§r§f§r§f§r§0§r§1§r§6§r§f§r§f§r§0§r§1§r§8§r§9§r§a§r§b§r§f§r§f§r§0§r§1§r§7§r§f§r§f§r§3 §r§9 §r§2 §r§0 §r§0 §r§1§r§3 §r§9 §r§2 §r§0 §r§0 §r§2§r§3 §r§9 §r§2 §r§0 §r§0 §r§3§r§0§r§0§r§1§r§f§r§e§r§0§r§0§r§2§r§f§r§e§r§0§r§0§r§3§r§4§r§5§r§6§r§7§r§8§r§f§r§e§r§3 §r§6 §r§3 §r§6 §r§3 §r§6 §r§e§r§3 §r§6 §r§3 §r§6 §r§3 §r§6 §r§d
19:35:22 §f §r§r§r§f §r§r§r§1 §r§r§r§0 §r§r§r§2 §r§r§r§f §r§r§r§f §r§r§r§2 §r§r§r§0 §r§r§r§4 §r§r§r§3 §r§r§r§9 §r§r§r§2 §r§r§r§0 §r§r§r§0 §r§r§r§3 §r§r§r§9 §r§r§r§2 §r§r§r§0 §r§r§r§0 §r§r§r§3 §r§r§r§9 §r§r§r§2 §r§r§r§0 §r§r§r§0 
19:35:27 §8 §r§8 §r§1 §r§3 §r§3 §r§7 §r§8 
19:35:30 
19:35:30 
19:35:37 
19:35:37 
19:36:42 §8 §r§8 §r§1 §r§3 §r§3 §r§7 §r§8 
19:45:41 
19:45:41 
20:00:23 §f
20:05:50 
20:05:50 
20:08:16 §f §r§f §r§1 §r§0 §r§2 §r§4§r§f §r§f §r§2 §r§0 §r§4 §r§8§r§0§r§1§r§0§r§1§r§2§r§f§r§f§r§0§r§1§r§3§r§4§r§f§r§f§r§0§r§1§r§5§r§f§r§f§r§0§r§1§r§6§r§f§r§f§r§0§r§1§r§8§r§9§r§a§r§b§r§f§r§f§r§0§r§1§r§7§r§f§r§f§r§3 §r§9 §r§2 §r§0 §r§0 §r§1§r§3 §r§9 §r§2 §r§0 §r§0 §r§2§r§3 §r§9 §r§2 §r§0 §r§0 §r§3§r§0§r§0§r§1§r§f§r§e§r§0§r§0§r§2§r§f§r§e§r§0§r§0§r§3§r§4§r§5§r§6§r§7§r§8§r§f§r§e§r§3 §r§6 §r§3 §r§6 §r§3 §r§6 §r§e§r§3 §r§6 §r§3 §r§6 §r§3 §r§6 §r§d
20:08:16 §f §r§r§r§f §r§r§r§1 §r§r§r§0 §r§r§r§2 §r§r§r§f §r§r§r§f §r§r§r§2 §r§r§r§0 §r§r§r§4 §r§r§r§3 §r§r§r§9 §r§r§r§2 §r§r§r§0 §r§r§r§0 §r§r§r§3 §r§r§r§9 §r§r§r§2 §r§r§r§0 §r§r§r§0 §r§r§r§3 §r§r§r§9 §r§r§r§2 §r§r§r§0 §r§r§r§0 
20:16:01 §f §r§f §r§1 §r§0 §r§2 §r§4§r§f §r§f §r§2 §r§0 §r§4 §r§8§r§0§r§1§r§0§r§1§r§2§r§f§r§f§r§0§r§1§r§3§r§4§r§f§r§f§r§0§r§1§r§5§r§f§r§f§r§0§r§1§r§6§r§f§r§f§r§0§r§1§r§8§r§9§r§a§r§b§r§f§r§f§r§0§r§1§r§7§r§f§r§f§r§3 §r§9 §r§2 §r§0 §r§0 §r§1§r§3 §r§9 §r§2 §r§0 §r§0 §r§2§r§3 §r§9 §r§2 §r§0 §r§0 §r§3§r§0§r§0§r§1§r§f§r§e§r§0§r§0§r§2§r§f§r§e§r§0§r§0§r§3§r§4§r§5§r§6§r§7§r§8§r§f§r§e§r§3 §r§6 §r§3 §r§6 §r§3 §r§6 §r§e§r§3 §r§6 §r§3 §r§6 §r§3 §r§6 §r§d
20:16:01 §f §r§r§r§f §r§r§r§1 §r§r§r§0 §r§r§r§2 §r§r§r§f §r§r§r§f §r§r§r§2 §r§r§r§0 §r§r§r§4 §r§r§r§3 §r§r§r§9 §r§r§r§2 §r§r§r§0 §r§r§r§0 §r§r§r§3 §r§r§r§9 §r§r§r§2 §r§r§r§0 §r§r§r§0 §r§r§r§3 §r§r§r§9 §r§r§r§2 §r§r§r§0 §r§r§r§0 
20:16:06 §8 §r§8 §r§1 §r§3 §r§3 §r§7 §r§8 
20:16:08 
20:16:08 
20:16:16 
20:16:16 
20:27:04 
20:27:04 
20:47:13 
20:47:13 
20:53:52 §8 §r§8 §r§1 §r§3 §r§3 §r§7 §r§8 
21:10:33 §8 §r§8 §r§1 §r§3 §r§3 §r§7 §r§8 
21:10:41 §8 §r§8 §r§1 §r§3 §r§3 §r§7 §r§8 
21:28:50 §8 §r§8 §r§1 §r§3 §r§3 §r§7 §r§8 
21:28:54 §8 §r§8 §r§1 §r§3 §r§3 §r§7 §r§8 
21:45:35 §8 §r§8 §r§1 §r§3 §r§3 §r§7 §r§8 
21:45:39 §8 §r§8 §r§1 §r§3 §r§3 §r§7 §r§8 
21:54:01 
21:54:01 
22:00:23 §f
22:06:51 §8 §r§8 §r§1 §r§3 §r§3 §r§7 §r§8 
