19:35:23 §b[MVP§c+§b] gaborini§f §6joined the lobby!
19:35:24   §r§f§l➤ §r§6You have reached your Hype limit! Add Hype to Prototype Lobby minigames by right-clicking with the Hype Diamond!
20:08:17 §b[MVP§2+§b] Skelkup§f §6joined the lobby!
20:08:19   §r§f§l➤ §r§6You have reached your Hype limit! Add Hype to Prototype Lobby minigames by right-clicking with the Hype Diamond!
20:08:21 §b[MVP§d+§b] AveryLotus§f §6joined the lobby!
20:08:25 §b[MVP§0+§b] dragon_o§f §6joined the lobby!
20:08:29  §b>§c>§a>§r §r§6[MVP§f++§6] 4295§f §6joined the lobby!§r §a<§c<§b<
20:08:29 §b[MVP§c+§b] anamorphic§f §6joined the lobby!
20:08:31 §b[MVP§c+§b] Lord___Panda§f §6joined the lobby!
20:08:32 §b[MVP§c+§b] Space1510§f §6joined the lobby!
20:08:33 §b[MVP§d+§b] _Poffy§f §6joined the lobby!
20:08:44 §b[MVP§2+§b] postprocessor§f §6joined the lobby!
20:08:45 §b[MVP§d+§b] 45679910213§f §6joined the lobby!
20:08:46 §b[MVP§3+§b] SimpleZaib§f §6joined the lobby!
20:08:46 §b[MVP§f+§b] ZortikHD§f §6joined the lobby!
20:08:49 §b[MVP§c+§b] Traveler_TabiGON§f §6joined the lobby!
20:08:52 §b[MVP§d+§b] FullBongRip§f §6joined the lobby!
20:09:09 §b[MVP§c+§b] B1ippB100p§f §6joined the lobby!
20:09:12 §b[MVP§f+§b] LaughElephant§f §6joined the lobby!
20:09:15 §b[MVP§c+§b] JediBob812§f §6joined the lobby!
20:09:16 §b[MVP§c+§b] EmanCarrier§f §6joined the lobby!
20:09:22 §b[MVP§c+§b] ThePaladin6§f §6joined the lobby!
20:09:26 §b[MVP§9+§b] oSkely§f §6joined the lobby!
20:09:26 §b[MVP§4+§b] ReyMaratov§f §6joined the lobby!
20:09:27 §b[MVP§c+§b] PlayKebab§f §6joined the lobby!
20:09:27 §b[MVP§2+§b] Baksar2§f §6joined the lobby!
20:09:28 §b[MVP§a+§b] BrandoIsThy§f §6joined the lobby!
20:09:28 §b[MVP§3+§b] Mcpearl_§f §6joined the lobby!
20:09:32 §b[MVP§d+§b] DerpTh3Derp§f §6joined the lobby!
20:09:37 §b[MVP§a+§b] Nyanfish06§f §6joined the lobby!
20:09:39 §b[MVP§e+§b] Luc_342§f §6joined the lobby!
20:09:46 §b[MVP§6+§b] tescoisbest§f §6joined the lobby!
20:09:47 §b[MVP§c+§b] Pollonice§f §6joined the lobby!
20:09:47 §b[MVP§6+§b] Danzuki§f §6joined the lobby!
20:09:48 §b[MVP§f+§b] AleBoy1708§f §6joined the lobby!
20:10:15 §b[MVP§a+§b] pontiflexmortis2§f §6joined the lobby!
20:10:17 §b[MVP§c+§b] LeonTheSkrill§f §6joined the lobby!
20:16:04   §r§f§l➤ §r§6You have reached your Hype limit! Add Hype to Prototype Lobby minigames by right-clicking with the Hype Diamond!
20:16:04  §b>§c>§a>§r §r§6[MVP§6++§6] TheKingDucky§f §6joined the lobby!§r §a<§c<§b<
