19:35:22 [EMPTY] §f §r§f §r§1 §r§0 §r§2 §r§4§r§f §r§f §r§2 §r§0 §r§4 §r§8§r§0§r§1§r§0§r§1§r§2§r§f§r§f§r§0§r§1§r§3§r§4§r§f§r§f§r§0§r§1§r§5§r§f§r§f§r§0§r§1§r§6§r§f§r§f§r§0§r§1§r§8§r§9§r§a§r§b§r§f§r§f§r§0§r§1§r§7§r§f§r§f§r§3 §r§9 §r§2 §r§0 §r§0 §r§1§r§3 §r§9 §r§2 §r§0 §r§0 §r§2§r§3 §r§9 §r§2 §r§0 §r§0 §r§3§r§0§r§0§r§1§r§f§r§e§r§0§r§0§r§2§r§f§r§e§r§0§r§0§r§3§r§4§r§5§r§6§r§7§r§8§r§f§r§e§r§3 §r§6 §r§3 §r§6 §r§3 §r§6 §r§e§r§3 §r§6 §r§3 §r§6 §r§3 §r§6 §r§d
19:35:22 [EMPTY] §f §r§r§r§f §r§r§r§1 §r§r§r§0 §r§r§r§2 §r§r§r§f §r§r§r§f §r§r§r§2 §r§r§r§0 §r§r§r§4 §r§r§r§3 §r§r§r§9 §r§r§r§2 §r§r§r§0 §r§r§r§0 §r§r§r§3 §r§r§r§9 §r§r§r§2 §r§r§r§0 §r§r§r§0 §r§r§r§3 §r§r§r§9 §r§r§r§2 §r§r§r§0 §r§r§r§0 
19:35:22 [allowed] §aYou have §b24 §aunclaimed leveling rewards!
19:35:22 [allowed] §eClick here to view them!
19:35:22 [allowed] §aYou have §618 §aunclaimed achievement rewards!
19:35:22 [allowed] §eClick here to view them!
19:35:23 [LOBBY] §b[MVP§c+§b] gaborini§f §6joined the lobby!
19:35:24 [LOBBY]   §r§f§l➤ §r§6You have reached your Hype limit! Add Hype to Prototype Lobby minigames by right-clicking with the Hype Diamond!
19:35:27 [WARPING] §7Sending to server mini91DJ...
19:35:27 [EMPTY] §8 §r§8 §r§1 §r§3 §r§3 §r§7 §r§8 
19:35:30 [EMPTY] 
19:35:30 [WELCOME] §eWelcome to §r§aHypixel SkyBlock§r§e!
19:35:30 [EMPTY] 
19:35:30 [allowed] §eLatest update: §bSkyBlock v0.20.1 §e§lCLICK
19:35:30 [PROFILE_JOIN] §aYou are playing on profile: §eLemon§b (Co-op)
19:35:30 [PROFILE_JOIN] §8Profile ID: 75deb082-1336-4dc2-be3c-50e7afad0515
19:35:37 [EMPTY] 
19:35:37 [FIRE_SALE] §6§k§lA§r §c§lFIRE SALE §r§6§k§lA
§r§c♨ §eSelling an item for a limited time!
§r§c   ♨ §dCavern Glacite Golem Skin §e(§e1,053 left§e)§c§r
§r§c♨ §a§l[WARP] §eTo Elizabeth in the next §c3d 22h 24m §eto grab yours!
19:35:37 [EMPTY] 
19:35:49 [allowed]   §r§6§lFARMING CONTEST REWARDS CLAIMED
19:35:49 [allowed]    §r§e§l» §r§aNether Wart §r§fContest on §r§eSpring 4th, Year 346
19:35:49 [allowed]   §r§a§lREWARDS
19:35:49 [allowed]     §r§7§8+§a10x §aJacob's Ticket
19:35:49 [allowed]     §r§7§81x §9Turbo-Warts I Book
19:35:49 [allowed]     §r§7§8+§e1 §7bronze medal
19:35:52 [allowed]   §r§6§lFARMING CONTEST REWARDS CLAIMED
19:35:52 [allowed]    §r§e§l» §r§aMelon §r§fContest on §r§eWinter 1st, Year 345
19:35:52 [allowed]   §r§a§lREWARDS
19:35:52 [allowed]     §r§7§8+§a10x §aJacob's Ticket
19:35:52 [allowed]     §r§7§81x §9Turbo-Melon I Book
19:35:52 [allowed]     §r§7§8+§e1 §7bronze medal
19:35:54 [allowed]   §r§6§lFARMING CONTEST REWARDS CLAIMED
19:35:54 [allowed]    §r§e§l» §r§aPumpkin §r§fContest on §r§eAutumn 25th, Year 345
19:35:54 [allowed]   §r§a§lREWARDS
19:35:54 [allowed]     §r§7§8+§a10x §aJacob's Ticket
19:35:54 [allowed]     §r§7§81x §9Turbo-Pumpkin I Book
19:35:54 [allowed]     §r§7§8+§e1 §7bronze medal
19:36:27 [USELESS_NOTIFICATION] §a§r§6Mining Speed Boost §r§ais now available!
19:36:42 [WARPING] §7Warping...
19:36:42 [WARPING] §7Sending to server mini67DV...
19:36:42 [EMPTY] §8 §r§8 §r§1 §r§3 §r§3 §r§7 §r§8 
19:36:45 [PROFILE_JOIN] §aYou are playing on profile: §eLemon§b (Co-op)
19:36:45 [PROFILE_JOIN] §8Profile ID: 75deb082-1336-4dc2-be3c-50e7afad0515
19:36:51 [BZ_AH_MINIS] §6[Bazaar] §r§7Executing instant sell...
19:36:51 [allowed] §6[Bazaar] §r§cCouldn't find any buyers for Turbo-Warts I!
19:36:51 [allowed] §6[Bazaar] §r§7Sold §r§a30§r§7x §r§aJacob's Ticket §r§7for §r§6738,846 coins§r§7!
19:36:51 [allowed] §6[Bazaar] §r§7Sold §r§a110§r§7x §r§fNether Wart §r§7for §r§6286.0 coins§r§7!
19:36:51 [allowed] §6[Bazaar] §r§7Sold §r§a1§r§7x §r§fTurbo-Pumpkin I §r§7for §r§667,271 coins§r§7!
19:36:51 [allowed] §6[Bazaar] §r§7Sold §r§a10§r§7x §r§aEnchanted Nether Wart §r§7for §r§67,405 coins§r§7!
19:36:51 [allowed] §6[Bazaar] §r§7Sold §r§a1§r§7x §r§fTurbo-Melon I §r§7for §r§670,114 coins§r§7!
19:36:52 [BZ_AH_MINIS] §6[Bazaar] §r§7Executing instant sell...
19:36:52 [allowed] §6[Bazaar] §r§7Sold §r§a3§r§7x §r§aEnchanted Cactus Green §r§7for §r§62,738.7 coins§r§7!
19:36:52 [allowed] §6[Bazaar] §r§7Sold §r§a20,159§r§7x §r§fNether Wart §r§7for §r§652,413 coins§r§7!
19:36:52 [allowed] §6[Bazaar] §r§7Sold §r§a40§r§7x §r§aEnchanted Nether Wart §r§7for §r§629,620 coins§r§7!
19:36:57 [allowed] §6[Bazaar] §r§c§r§cThere are no Buy Orders for this product!
19:36:57 [SACKS_CHANGE] §6[Sacks] §r§c-20,202§r§e items§r§e.§r§8 (Last 5s.)
19:37:01 [BZ_AH_MINIS] §6[Bazaar] §r§7Putting goods in escrow...
19:37:01 [BZ_AH_MINIS] §6[Bazaar] §r§7Submitting sell offer...
19:37:01 [allowed] §6[Bazaar] §r§7§r§eSell Offer Setup! §r§a1§r§7x §r§fTurbo-Warts I §r§7for §r§6249.4 coins§r§7.
19:37:32 [BZ_AH_MINIS] §8Depositing coins...
19:37:32 [allowed] §aDeposited §r§6956k coins§r§a! There's now §r§6186M coins §r§ain the account!
19:37:42 [USELESS_NOTIFICATION] §a§r§6Mining Speed Boost §r§ais now available!
19:39:59 [allowed] §6[Bazaar] §eYour §6Sell Offer §efor §a1§7x §fTurbo-Warts I §ewas filled!
19:40:51 [allowed] §d§lHOPPITY'S HUNT §r§dA §r§6Chocolate Breakfast Egg §r§dhas appeared!
19:44:36 [allowed] §8[§r§f49§r§8] §r§7Accornnn§7§r§7: k
19:45:41 [EMPTY] 
19:45:41 [FIRE_SALE] §6§k§lA§r §c§lFIRE SALE §r§6§k§lA
§r§c♨ §eSelling an item for a limited time!
§r§c   ♨ §dCavern Glacite Golem Skin §e(§e1,050 left§e)§c§r
§r§c♨ §a§l[WARP] §eTo Elizabeth in the next §c3d 22h 14m §eto grab yours!
19:45:41 [EMPTY] 
19:45:49 [allowed] §8[§r§727§r§8] §r§7The_sky_Tom§7§r§7: Selling flower of truth and AOTE im at map if anyone wants to buy
19:45:59 [allowed] §8[§r§a131§r§8] §r§7✧ §r§b[MVP§e+§b] atsheol§f§r§f: the cf is still down?!
19:46:09 [allowed] §8[§r§3260§r§8] §r§7§lツ §r§b[MVP§9+§b] Lachesismic§f§r§f: YES
19:46:13 [allowed] §8[§r§3260§r§8] §r§7§lツ §r§b[MVP§9+§b] Lachesismic§f§r§f: this is so pathetic
19:46:15 [allowed] §8[§r§a131§r§8] §r§7✧ §r§b[MVP§e+§b] atsheol§f§r§f: when is it getting fixed
19:46:16 [allowed] §8[§r§3260§r§8] §r§7§lツ §r§b[MVP§9+§b] Lachesismic§f§r§f: I went to sleep
19:46:20 [allowed] §8[§r§a131§r§8] §r§7✧ §r§b[MVP§e+§b] atsheol§f§r§f: it went down hours ago
19:46:35 [allowed] Unknown command. Type "/help" for help. ('/visit portal hub')
19:46:42 [allowed] §d§lHOPPITY'S HUNT §r§dA §r§9Chocolate Lunch Egg §r§dhas appeared!
19:46:44 [allowed] §8[§r§3260§r§8] §r§7§lツ §r§b[MVP§9+§b] Lachesismic§f§r§f: I calculated that I'd have 42 million chocolate after I woke up
19:46:49 [allowed] §8[§r§a131§r§8] §r§7✧ §r§b[MVP§e+§b] atsheol§f§r§f: LMAO
19:46:49 [allowed] §8[§r§3260§r§8] §r§7§lツ §r§b[MVP§9+§b] Lachesismic§f§r§f: and I get to spend none of it
19:46:50 [WARPING] §7Finding player...
19:46:50 [allowed] §cThis player's data is not available right now, ask them to log in or try again in a few days!
19:46:51 [allowed] §8[§r§3260§r§8] §r§7§lツ §r§b[MVP§9+§b] Lachesismic§f§r§f: this is so bs
19:46:54 [allowed] §8[§r§a131§r§8] §r§7✧ §r§b[MVP§e+§b] atsheol§f§r§f: bruh
19:46:54 [WARPING] §7Finding player...
19:46:54 [allowed] §cThis player's data is not available right now, ask them to log in or try again in a few days!
19:46:55 [allowed] §cCommand Failed: This command is on cooldown! Try again in §r§6about a second§r§c!
19:46:59 [allowed] §8[§r§a131§r§8] §r§7✧ §r§b[MVP§e+§b] atsheol§f§r§f: im out of rabbit spots in my barn
19:47:00 [WARPING] §7Finding player...
19:47:02 [allowed] §8[§r§a131§r§8] §r§7✧ §r§b[MVP§e+§b] atsheol§f§r§f: so im suffering
19:47:11 [allowed] §8[§r§3260§r§8] §r§7§lツ §r§b[MVP§9+§b] Lachesismic§f§r§f: I have like 28 slots left
19:47:17 [allowed] §8[§r§3260§r§8] §r§7§lツ §r§b[MVP§9+§b] Lachesismic§f§r§f: I'm glad I dumped into some barn spots
19:51:20 [allowed] §8[§r§f41§r§8] §r§7❤ §r§7Technocleavers§7§r§7: oh i see thx
19:52:31 [allowed] §d§lHOPPITY'S HUNT §r§dA §r§aChocolate Dinner Egg §r§dhas appeared!
19:52:55 [FAR_AWAY_PLAYER_DEATH] §c ☠ §r§7§r§7bucky20064§r§7 was killed by Revenant Horror§r§7§r§7.
19:53:11 [allowed] §8[§r§a122§r§8] §r§7☠ §r§b[MVP§9+§b] Gamer_Finn§f§r§f: how do i change my icon before my name
20:00:23 [EMPTY] §f
20:00:23 [WATCHDOG] §4[WATCHDOG ANNOUNCEMENT]
20:00:23 [WATCHDOG] §fWatchdog has banned §r§c§l6,753§r§f players in the last 7 days.
20:00:23 [WATCHDOG] §fStaff have banned an additional §r§c§l10,688§r§f in the last 7 days.
20:00:23 [WATCHDOG] §cBlacklisted modifications are a bannable offense!
20:00:23 [WATCHDOG] §c
20:00:52 [allowed] §d§lHOPPITY'S HUNT §r§dA §r§6Chocolate Breakfast Egg §r§dhas appeared!
20:05:50 [EMPTY] 
20:05:50 [FIRE_SALE] §6§k§lA§r §c§lFIRE SALE §r§6§k§lA
§r§c♨ §eSelling an item for a limited time!
§r§c   ♨ §dCavern Glacite Golem Skin §e(§e1,046 left§e)§c§r
§r§c♨ §a§l[WARP] §eTo Elizabeth in the next §c3d 21h 54m §eto grab yours!
20:05:50 [EMPTY] 
20:06:42 [allowed] §d§lHOPPITY'S HUNT §r§dA §r§9Chocolate Lunch Egg §r§dhas appeared!
20:07:42 [allowed] §8[§r§e103§r§8] §r§7☠ §r§a[VIP] Waysenik§f§r§f: 561m
20:08:16 [allowed] §eYou are being transferred to the §r§aPrototype Lobby §r§efor being §r§cAFK§r§e!
20:08:16 [EMPTY] §f §r§f §r§1 §r§0 §r§2 §r§4§r§f §r§f §r§2 §r§0 §r§4 §r§8§r§0§r§1§r§0§r§1§r§2§r§f§r§f§r§0§r§1§r§3§r§4§r§f§r§f§r§0§r§1§r§5§r§f§r§f§r§0§r§1§r§6§r§f§r§f§r§0§r§1§r§8§r§9§r§a§r§b§r§f§r§f§r§0§r§1§r§7§r§f§r§f§r§3 §r§9 §r§2 §r§0 §r§0 §r§1§r§3 §r§9 §r§2 §r§0 §r§0 §r§2§r§3 §r§9 §r§2 §r§0 §r§0 §r§3§r§0§r§0§r§1§r§f§r§e§r§0§r§0§r§2§r§f§r§e§r§0§r§0§r§3§r§4§r§5§r§6§r§7§r§8§r§f§r§e§r§3 §r§6 §r§3 §r§6 §r§3 §r§6 §r§e§r§3 §r§6 §r§3 §r§6 §r§3 §r§6 §r§d
20:08:16 [EMPTY] §f §r§r§r§f §r§r§r§1 §r§r§r§0 §r§r§r§2 §r§r§r§f §r§r§r§f §r§r§r§2 §r§r§r§0 §r§r§r§4 §r§r§r§3 §r§r§r§9 §r§r§r§2 §r§r§r§0 §r§r§r§0 §r§r§r§3 §r§r§r§9 §r§r§r§2 §r§r§r§0 §r§r§r§0 §r§r§r§3 §r§r§r§9 §r§r§r§2 §r§r§r§0 §r§r§r§0 
20:08:17 [allowed] §aYou have §b24 §aunclaimed leveling rewards!
20:08:17 [allowed] §eClick here to view them!
20:08:17 [allowed] §aYou have §618 §aunclaimed achievement rewards!
20:08:17 [allowed] §eClick here to view them!
20:08:17 [LOBBY] §b[MVP§2+§b] Skelkup§f §6joined the lobby!
20:08:19 [LOBBY]   §r§f§l➤ §r§6You have reached your Hype limit! Add Hype to Prototype Lobby minigames by right-clicking with the Hype Diamond!
20:08:21 [LOBBY] §b[MVP§d+§b] AveryLotus§f §6joined the lobby!
20:08:25 [LOBBY] §b[MVP§0+§b] dragon_o§f §6joined the lobby!
20:08:29 [LOBBY]  §b>§c>§a>§r §r§6[MVP§f++§6] 4295§f §6joined the lobby!§r §a<§c<§b<
20:08:29 [LOBBY] §b[MVP§c+§b] anamorphic§f §6joined the lobby!
20:08:31 [LOBBY] §b[MVP§c+§b] Lord___Panda§f §6joined the lobby!
20:08:32 [LOBBY] §b[MVP§c+§b] Space1510§f §6joined the lobby!
20:08:33 [LOBBY] §b[MVP§d+§b] _Poffy§f §6joined the lobby!
20:08:44 [LOBBY] §b[MVP§2+§b] postprocessor§f §6joined the lobby!
20:08:45 [LOBBY] §b[MVP§d+§b] 45679910213§f §6joined the lobby!
20:08:46 [LOBBY] §b[MVP§3+§b] SimpleZaib§f §6joined the lobby!
20:08:46 [LOBBY] §b[MVP§f+§b] ZortikHD§f §6joined the lobby!
20:08:49 [LOBBY] §b[MVP§c+§b] Traveler_TabiGON§f §6joined the lobby!
20:08:52 [LOBBY] §b[MVP§d+§b] FullBongRip§f §6joined the lobby!
20:09:09 [LOBBY] §b[MVP§c+§b] B1ippB100p§f §6joined the lobby!
20:09:12 [LOBBY] §b[MVP§f+§b] LaughElephant§f §6joined the lobby!
20:09:15 [LOBBY] §b[MVP§c+§b] JediBob812§f §6joined the lobby!
20:09:16 [LOBBY] §b[MVP§c+§b] EmanCarrier§f §6joined the lobby!
20:09:22 [LOBBY] §b[MVP§c+§b] ThePaladin6§f §6joined the lobby!
20:09:26 [LOBBY] §b[MVP§9+§b] oSkely§f §6joined the lobby!
20:09:26 [LOBBY] §b[MVP§4+§b] ReyMaratov§f §6joined the lobby!
20:09:27 [LOBBY] §b[MVP§c+§b] PlayKebab§f §6joined the lobby!
20:09:27 [LOBBY] §b[MVP§2+§b] Baksar2§f §6joined the lobby!
20:09:28 [LOBBY] §b[MVP§a+§b] BrandoIsThy§f §6joined the lobby!
20:09:28 [LOBBY] §b[MVP§3+§b] Mcpearl_§f §6joined the lobby!
20:09:32 [LOBBY] §b[MVP§d+§b] DerpTh3Derp§f §6joined the lobby!
20:09:37 [LOBBY] §b[MVP§a+§b] Nyanfish06§f §6joined the lobby!
20:09:39 [LOBBY] §b[MVP§e+§b] Luc_342§f §6joined the lobby!
20:09:46 [LOBBY] §b[MVP§6+§b] tescoisbest§f §6joined the lobby!
20:09:47 [LOBBY] §b[MVP§c+§b] Pollonice§f §6joined the lobby!
20:09:47 [LOBBY] §b[MVP§6+§b] Danzuki§f §6joined the lobby!
20:09:48 [LOBBY] §b[MVP§f+§b] AleBoy1708§f §6joined the lobby!
20:10:15 [LOBBY] §b[MVP§a+§b] pontiflexmortis2§f §6joined the lobby!
20:10:17 [LOBBY] §b[MVP§c+§b] LeonTheSkrill§f §6joined the lobby!
20:10:17 [allowed] §cYou are AFK. Move around to return from AFK.
20:16:01 [EMPTY] §f §r§f §r§1 §r§0 §r§2 §r§4§r§f §r§f §r§2 §r§0 §r§4 §r§8§r§0§r§1§r§0§r§1§r§2§r§f§r§f§r§0§r§1§r§3§r§4§r§f§r§f§r§0§r§1§r§5§r§f§r§f§r§0§r§1§r§6§r§f§r§f§r§0§r§1§r§8§r§9§r§a§r§b§r§f§r§f§r§0§r§1§r§7§r§f§r§f§r§3 §r§9 §r§2 §r§0 §r§0 §r§1§r§3 §r§9 §r§2 §r§0 §r§0 §r§2§r§3 §r§9 §r§2 §r§0 §r§0 §r§3§r§0§r§0§r§1§r§f§r§e§r§0§r§0§r§2§r§f§r§e§r§0§r§0§r§3§r§4§r§5§r§6§r§7§r§8§r§f§r§e§r§3 §r§6 §r§3 §r§6 §r§3 §r§6 §r§e§r§3 §r§6 §r§3 §r§6 §r§3 §r§6 §r§d
20:16:01 [EMPTY] §f §r§r§r§f §r§r§r§1 §r§r§r§0 §r§r§r§2 §r§r§r§f §r§r§r§f §r§r§r§2 §r§r§r§0 §r§r§r§4 §r§r§r§3 §r§r§r§9 §r§r§r§2 §r§r§r§0 §r§r§r§0 §r§r§r§3 §r§r§r§9 §r§r§r§2 §r§r§r§0 §r§r§r§0 §r§r§r§3 §r§r§r§9 §r§r§r§2 §r§r§r§0 §r§r§r§0 
20:16:01 [allowed] §aYou have §b24 §aunclaimed leveling rewards!
20:16:01 [allowed] §eClick here to view them!
20:16:01 [allowed] §aYou have §618 §aunclaimed achievement rewards!
20:16:01 [allowed] §eClick here to view them!
20:16:03 [WARPING] §7Sending to server mini87CV...
20:16:04 [LOBBY]   §r§f§l➤ §r§6You have reached your Hype limit! Add Hype to Prototype Lobby minigames by right-clicking with the Hype Diamond!
20:16:04 [LOBBY]  §b>§c>§a>§r §r§6[MVP§6++§6] TheKingDucky§f §6joined the lobby!§r §a<§c<§b<
20:16:06 [EMPTY] §8 §r§8 §r§1 §r§3 §r§3 §r§7 §r§8 
20:16:08 [EMPTY] 
20:16:08 [WELCOME] §eWelcome to §r§aHypixel SkyBlock§r§e!
20:16:08 [EMPTY] 
20:16:08 [allowed] §eLatest update: §bSkyBlock v0.20.1 §e§lCLICK
20:16:09 [PROFILE_JOIN] §aYou are playing on profile: §eLemon§b (Co-op)
20:16:09 [PROFILE_JOIN] §8Profile ID: 75deb082-1336-4dc2-be3c-50e7afad0515
20:16:16 [EMPTY] 
20:16:16 [FIRE_SALE] §6§k§lA§r §c§lFIRE SALE §r§6§k§lA
§r§c♨ §eSelling an item for a limited time!
§r§c   ♨ §dCavern Glacite Golem Skin §e(§e1,044 left§e)§c§r
§r§c♨ §a§l[WARP] §eTo Elizabeth in the next §c3d 21h 43m §eto grab yours!
20:16:16 [EMPTY] 
20:16:17 [allowed] §e[NPC] Vex§f: §rYou can disable Player Trading in your §bSkyBlock Settings§f!
20:16:19 [allowed] §e[NPC] Vex§f: §rYour settings can be found in the §r§aSkyBlock Menu§r.
20:16:20 [allowed] §8[§r§e80§r§8] §r§a[VIP] Dem0nix717§f§r§f: does anyone have god pot?
20:16:23 [allowed] §e[NPC] Vex§f: §rYou can disable Player Trading in your §bSkyBlock Settings§f!
20:16:25 [allowed] §e[NPC] Vex§f: §rYour settings can be found in the §r§aSkyBlock Menu§r.
20:17:06 [USELESS_NOTIFICATION] §a§r§6Mining Speed Boost §r§ais now available!
20:18:52 [allowed] §8[§r§f49§r§8] §r§7ZainIsLeaving§7§r§7: i cant trade but i have somthing else
20:19:08 [allowed] §8[§r§f49§r§8] §r§7ZainIsLeaving§7§r§7: go to my island
20:20:52 [allowed] §d§lHOPPITY'S HUNT §r§dA §r§6Chocolate Breakfast Egg §r§dhas appeared!
20:22:36 [allowed] §8[§r§3244§r§8] §r§6ௐ §r§a[VIP] tfts§f§r§f: where
20:22:58 [allowed] §8[§r§3244§r§8] §r§6ௐ §r§a[VIP] tfts§f§r§f: x: 160, y: 97, z: -70
20:23:24 [allowed] §8[§r§b204§r§8] §r§7☠ §r§a[VIP] Tendospieler§f§r§f: what happend to the factory
20:23:29 [allowed] §8[§r§3244§r§8] §r§6ௐ §r§a[VIP] tfts§f§r§f: some ppl duped
20:23:33 [allowed] §8[§r§3244§r§8] §r§6ௐ §r§a[VIP] tfts§f§r§f: so they fixing it
20:23:35 [allowed] §8[§r§b204§r§8] §r§7☠ §r§a[VIP] Tendospieler§f§r§f: wth
20:23:38 [allowed] §8[§r§b204§r§8] §r§7☠ §r§a[VIP] Tendospieler§f§r§f: HOW
20:23:44 [allowed] §8[§r§3244§r§8] §r§6ௐ §r§a[VIP] tfts§f§r§f: idk i didnt dupe
20:23:48 [allowed] §8[§r§b204§r§8] §r§7☠ §r§a[VIP] Tendospieler§f§r§f: BRO ALREADY???????????
20:23:56 [allowed] §8[§r§3244§r§8] §r§6ௐ §r§a[VIP] tfts§f§r§f: its sb what do u expect
20:23:58 [allowed] §8[§r§b204§r§8] §r§7☠ §r§a[VIP] Tendospieler§f§r§f: this mode isnt even 1 day old
20:24:07 [allowed] §8[§r§b204§r§8] §r§7☠ §r§a[VIP] Tendospieler§f§r§f: yea true you got a point
20:25:32 [allowed] §8[§r§e85§r§8] §r§6ჶ §r§6[MVP§c++§6] IvanBorquez§f§r§f: There are some active eggs?
20:25:38 [allowed] §8[§r§3244§r§8] §r§6ௐ §r§a[VIP] tfts§f§r§f: yes
20:25:38 [allowed] §8[§r§e85§r§8] §r§6ჶ §r§6[MVP§c++§6] IvanBorquez§f§r§f: Or those are disabled too
20:25:46 [allowed] §8[§r§3244§r§8] §r§6ௐ §r§a[VIP] tfts§f§r§f: they are still active
20:25:50 [allowed] §8[§r§e85§r§8] §r§6ჶ §r§6[MVP§c++§6] IvanBorquez§f§r§f: Oh, thanks!
20:25:54 [allowed] §8[§r§3244§r§8] §r§6ௐ §r§a[VIP] tfts§f§r§f: np
20:26:41 [allowed] §d§lHOPPITY'S HUNT §r§dA §r§9Chocolate Lunch Egg §r§dhas appeared!
20:27:04 [EMPTY] 
20:27:04 [FIRE_SALE] §6§k§lA§r §c§lFIRE SALE §r§6§k§lA
§r§c♨ §eSelling an item for a limited time!
§r§c   ♨ §dCavern Glacite Golem Skin §e(§e1,040 left§e)§c§r
§r§c♨ §a§l[WARP] §eTo Elizabeth in the next §c3d 21h 32m §eto grab yours!
20:27:04 [EMPTY] 
20:27:33 [allowed] §8[§r§3244§r§8] §r§6ௐ §r§a[VIP] tfts§f§r§f: x: 170, y: 71, z: 37
20:27:46 [allowed] §8[§r§3244§r§8] §r§6ௐ §r§a[VIP] tfts§f§r§f: fish hut
20:27:55 [allowed] §8[§r§f78§r§8] §r§7❂ §r§a[VIP§6+§a] GameFern5329468§f§r§f: [SkyHanni] Lunch Chocolate Egg located at x: 169, y: 72, z: 36
20:30:05 [allowed] §b[SkyBlock] §r§a[VIP] MysticS30§r§f §r§eis visiting §r§aYour Island§r§e!
20:31:24 [allowed] §8[§r§2197§r§8] §r§6ௐ §r§a[VIP] Bless_Portugal_§f§r§f: 10mil booster cookie jesus
20:31:33 [allowed] §8[§r§a121§r§8] §r§7§l⚝ §r§a[VIP] ImagineTrolling§f§r§f: when is the menu of hunt coming back
20:31:35 [allowed] §8[§r§f55§r§8] §r§b[MVP§d+§b] Johnceena§f§r§f: selling enchanted nook barn skin. party me
20:32:31 [allowed] §d§lHOPPITY'S HUNT §r§dA §r§aChocolate Dinner Egg §r§dhas appeared!
20:32:38 [allowed] §8[§r§a121§r§8] §r§7§l⚝ §r§a[VIP] ImagineTrolling§f§r§f: where is the egggg
20:40:51 [allowed] §d§lHOPPITY'S HUNT §r§dA §r§6Chocolate Breakfast Egg §r§dhas appeared!
20:45:34 [allowed] §8[§r§a142§r§8] §r§b[MVP§f+§b] Eren_Yeagar§f§r§f: why is the chocolate factory disabled
20:45:40 [allowed] §8[§r§b213§r§8] §r§6§lᛝ §r§a[VIP] ham_thief§f§r§f: dupe
20:45:42 [allowed] §8[§r§2184§r§8] §r§7345ms§7§r§7: dupers
20:45:49 [allowed] §8[§r§a142§r§8] §r§b[MVP§f+§b] Eren_Yeagar§f§r§f: what did they dupe
20:45:53 [allowed] §8[§r§2184§r§8] §r§7345ms§7§r§7: bc apparently u can dupe chocolate now
20:46:01 [allowed] §8[§r§2184§r§8] §r§7345ms§7§r§7: cuase i rlly want to be facking willy wonka
20:46:10 [allowed] §8[§r§a142§r§8] §r§b[MVP§f+§b] Eren_Yeagar§f§r§f: like twice the number of chocolate you have?
20:46:24 [allowed] §8[§r§2184§r§8] §r§7345ms§7§r§7: idk
20:46:30 [allowed] §8[§r§a142§r§8] §r§b[MVP§f+§b] Eren_Yeagar§f§r§f: when did it go down
20:46:39 [allowed] §8[§r§2184§r§8] §r§7345ms§7§r§7: liek 3 hours ago
20:46:42 [allowed] §d§lHOPPITY'S HUNT §r§dA §r§9Chocolate Lunch Egg §r§dhas appeared!
20:46:56 [allowed] §8[§r§a142§r§8] §r§b[MVP§f+§b] Eren_Yeagar§f§r§f: they better let me get the chocolate i should had gotten
20:47:02 [allowed] §8[§r§2184§r§8] §r§7345ms§7§r§7: they do
20:47:06 [allowed] §8[§r§9281§r§8] §r§7§lꈔ §r§a[VIP] DoctorPRO§f§r§f: wither cage
20:47:07 [allowed] §8[§r§2184§r§8] §r§7345ms§7§r§7: its still active
20:47:13 [EMPTY] 
20:47:13 [FIRE_SALE] §6§k§lA§r §c§lFIRE SALE §r§6§k§lA
§r§c♨ §eSelling an item for a limited time!
§r§c   ♨ §dCavern Glacite Golem Skin §e(§e1,031 left§e)§c§r
§r§c♨ §a§l[WARP] §eTo Elizabeth in the next §c3d 21h 12m §eto grab yours!
20:47:13 [EMPTY] 
20:47:14 [allowed] §8[§r§2184§r§8] §r§7345ms§7§r§7: tf is that
20:47:19 [allowed] §8[§r§a142§r§8] §r§b[MVP§f+§b] Eren_Yeagar§f§r§f: good cuz i am getting like 5m an hour
20:47:19 [allowed] §8[§r§f73§r§8] §r§7Mrhapp92011§7§r§7: wheres is wither cage
20:47:28 [allowed] §8[§r§2184§r§8] §r§7345ms§7§r§7: ^
20:47:28 [allowed] §8[§r§9281§r§8] §r§7§lꈔ §r§a[VIP] DoctorPRO§f§r§f: soul sand in wilderness
20:47:37 [allowed] §8[§r§2184§r§8] §r§7345ms§7§r§7: alr thx
20:47:37 [allowed] §8[§r§a142§r§8] §r§b[MVP§f+§b] Eren_Yeagar§f§r§f: whats wither cage
20:47:52 [allowed] §8[§r§2184§r§8] §r§7345ms§7§r§7: CRUSHED
20:47:57 [allowed] §8[§r§f73§r§8] §r§7Mrhapp92011§7§r§7: where the wilderness???
20:48:01 [allowed] §8[§r§2184§r§8] §r§7345ms§7§r§7: yeah get shat on lil rabbit
20:48:08 [allowed] §8[§r§2184§r§8] §r§7345ms§7§r§7: my oompa loopa biatch
20:48:11 [allowed] §8[§r§a142§r§8] §r§b[MVP§f+§b] Eren_Yeagar§f§r§f: HOPPITY'S HUNT You found Alexa (UNCOMMON)!
20:48:16 [allowed] §8[§r§a142§r§8] §r§b[MVP§f+§b] Eren_Yeagar§f§r§f: btw
20:48:23 [allowed] §8[§r§a142§r§8] §r§b[MVP§f+§b] Eren_Yeagar§f§r§f: idk if i should max out my employees
20:48:26 [allowed] §8[§r§a142§r§8] §r§b[MVP§f+§b] Eren_Yeagar§f§r§f: then go for prestige
20:48:29 [allowed] §8[§r§2184§r§8] §r§7345ms§7§r§7: well yeah
20:48:30 [allowed] §8[§r§a142§r§8] §r§b[MVP§f+§b] Eren_Yeagar§f§r§f: or stay on lvl 60
20:48:35 [allowed] §8[§r§a142§r§8] §r§b[MVP§f+§b] Eren_Yeagar§f§r§f: on all employees
20:48:38 [allowed] §8[§r§714§r§8] §r§7NotShadow7445§7§r§7: anyone got spare cash?
20:48:39 [allowed] §8[§r§a142§r§8] §r§b[MVP§f+§b] Eren_Yeagar§f§r§f: and farm like taht
20:48:43 [allowed] §8[§r§f73§r§8] §r§7Mrhapp92011§7§r§7: eren
20:48:46 [allowed] §8[§r§f73§r§8] §r§7Mrhapp92011§7§r§7: where is this thing?
20:48:48 [allowed] §8[§r§2184§r§8] §r§7345ms§7§r§7: u wont have enough to prestige with just lvl 60sd
20:48:56 [allowed] §8[§r§2184§r§8] §r§7345ms§7§r§7: back of wilderness
20:48:57 [allowed] §8[§r§a142§r§8] §r§b[MVP§f+§b] Eren_Yeagar§f§r§f: 345ms i caculated it
20:49:00 [allowed] §8[§r§2184§r§8] §r§7345ms§7§r§7: next to sirius
20:49:01 [allowed] §8[§r§a142§r§8] §r§b[MVP§f+§b] Eren_Yeagar§f§r§f: 35h
20:49:04 [allowed] §8[§r§a142§r§8] §r§b[MVP§f+§b] Eren_Yeagar§f§r§f: for prestige
20:49:10 [allowed] §8[§r§2184§r§8] §r§7345ms§7§r§7: it ends tmr
20:49:18 [allowed] §8[§r§711§r§8] §r§7nieldanoob§7§r§7: e
20:49:18 [allowed] §8[§r§a142§r§8] §r§b[MVP§f+§b] Eren_Yeagar§f§r§f: no the event ends tomorrow
20:49:20 [allowed] §8[§r§a142§r§8] §r§b[MVP§f+§b] Eren_Yeagar§f§r§f: not the chocolate
20:49:23 [allowed] §8[§r§2184§r§8] §r§7345ms§7§r§7: oh rlly
20:49:26 [allowed] §8[§r§a142§r§8] §r§b[MVP§f+§b] Eren_Yeagar§f§r§f: yea
20:49:27 [allowed] §8[§r§2196§r§8] §r§5§l࿇ §r§a[VIP] NotTXM§f§r§f: The factory stays open all the time
20:49:32 [allowed] §8[§r§2184§r§8] §r§7345ms§7§r§7: ohhhhhhhhhhhhhhhhhh
20:49:33 [allowed] §8[§r§a142§r§8] §r§b[MVP§f+§b] Eren_Yeagar§f§r§f: ^
20:49:40 [allowed] §8[§r§2184§r§8] §r§7345ms§7§r§7: well imma make bank wtf
20:49:40 [allowed] §8[§r§2196§r§8] §r§5§l࿇ §r§a[VIP] NotTXM§f§r§f: You just cant get more rabbits
20:49:43 [allowed] §8[§r§a142§r§8] §r§b[MVP§f+§b] Eren_Yeagar§f§r§f: NotTXM
20:49:46 [allowed] §8[§r§2196§r§8] §r§5§l࿇ §r§a[VIP] NotTXM§f§r§f: Yo
20:49:51 [allowed] §8[§r§a142§r§8] §r§b[MVP§f+§b] Eren_Yeagar§f§r§f: whats your plan to get to prestige 2
20:49:54 [allowed] §8[§r§2184§r§8] §r§7345ms§7§r§7: but it opens again in liek 4 days tho right?
20:50:04 [allowed] §8[§r§a142§r§8] §r§b[MVP§f+§b] Eren_Yeagar§f§r§f: like
20:50:06 [allowed] §8[§r§2196§r§8] §r§5§l࿇ §r§a[VIP] NotTXM§f§r§f: Idk yet I will see when it re opens :P
20:50:17 [allowed] §8[§r§a142§r§8] §r§b[MVP§f+§b] Eren_Yeagar§f§r§f: idk if i should stay on employees lvl 60
20:50:23 [allowed] §8[§r§a142§r§8] §r§b[MVP§f+§b] Eren_Yeagar§f§r§f: or keep levelinggg
20:50:42 [allowed] §8[§r§2196§r§8] §r§5§l࿇ §r§a[VIP] NotTXM§f§r§f: Do what you feel, not always one way of doing things
20:50:59 [allowed] §8[§r§a142§r§8] §r§b[MVP§f+§b] Eren_Yeagar§f§r§f: ill just do math
20:51:22 [allowed] §8[§r§2184§r§8] §r§7345ms§7§r§7: ohhh can these sussy admins hurry uppppppppppppppppp
20:51:38 [allowed] §8[§r§2184§r§8] §r§7345ms§7§r§7: my oompa loompa slavs are gettign crushed
20:51:44 [allowed] §8[§r§a142§r§8] §r§b[MVP§f+§b] Eren_Yeagar§f§r§f: if i get 2000 per second, i can get the prestige in less then 24hours
20:51:52 [allowed] §8[§r§a142§r§8] §r§b[MVP§f+§b] Eren_Yeagar§f§r§f: on 1200 its 35h
20:51:54 [allowed] §8[§r§a142§r§8] §r§b[MVP§f+§b] Eren_Yeagar§f§r§f: hmm
20:52:10 [allowed] §8[§r§2184§r§8] §r§7345ms§7§r§7: how many rabbits u got
20:52:13 [allowed] §8[§r§9293§r§8] §r§7§l℻ §r§b[MVP§2+§b] 3Mai§f§r§f: Lowballing with 600M purse visit me
20:52:17 [allowed] §8[§r§a142§r§8] §r§b[MVP§f+§b] Eren_Yeagar§f§r§f: like 25
20:52:21 [allowed] §8[§r§a142§r§8] §r§b[MVP§f+§b] Eren_Yeagar§f§r§f: i dont farm them
20:52:23 [allowed] §8[§r§2184§r§8] §r§7345ms§7§r§7: oh
20:52:26 [allowed] §8[§r§2184§r§8] §r§7345ms§7§r§7: i have like 55
20:52:31 [allowed] §8[§r§a142§r§8] §r§b[MVP§f+§b] Eren_Yeagar§f§r§f: i think its useless until rare+
20:52:31 [allowed] §d§lHOPPITY'S HUNT §r§dA §r§aChocolate Dinner Egg §r§dhas appeared!
20:52:37 [allowed] §8[§r§a142§r§8] §r§b[MVP§f+§b] Eren_Yeagar§f§r§f: but i take eggs once in a while
20:52:43 [allowed] §8[§r§2184§r§8] §r§7345ms§7§r§7: makes sense
20:52:58 [allowed] §8[§r§2196§r§8] §r§5§l࿇ §r§a[VIP] NotTXM§f§r§f: HOPPITY'S HUNT You found a Chocolate Dinner Egg at the Fisherman's Hut!
20:52:58 [allowed] §8[§r§a142§r§8] §r§b[MVP§f+§b] Eren_Yeagar§f§r§f: i wasnt even home today
20:53:01 [allowed] §8[§r§a142§r§8] §r§b[MVP§f+§b] Eren_Yeagar§f§r§f: so i just farmed it
20:53:02 [allowed] §8[§r§2184§r§8] §r§7345ms§7§r§7: thx
20:53:05 [allowed] §8[§r§a142§r§8] §r§b[MVP§f+§b] Eren_Yeagar§f§r§f: earlier today
20:53:09 [allowed] §8[§r§a142§r§8] §r§b[MVP§f+§b] Eren_Yeagar§f§r§f: and let it run
20:53:23 [allowed] §c[Important] §r§eThis server will restart soon: §r§bGame Update
20:53:23 [allowed] §eYou have §a30 seconds §eto warp out! §a§l§nCLICK§e to warp now!
20:53:24 [allowed] §8[§r§2184§r§8] §r§7345ms§7§r§7: bro im getting liek 9 uncomms back to back
20:53:26 [allowed] §8[§r§2196§r§8] §r§5§l࿇ §r§a[VIP] NotTXM§f§r§f: finally
20:53:32 [allowed] §8[§r§2196§r§8] §r§5§l࿇ §r§a[VIP] NotTXM§f§r§f: lets go please be open
20:53:32 [allowed] §8[§r§2184§r§8] §r§7345ms§7§r§7: twhy coudlnt i get this ealrier
20:53:35 [allowed] §8[§r§a142§r§8] §r§b[MVP§f+§b] Eren_Yeagar§f§r§f: bruh its crashed
20:53:45 [allowed] §8[§r§a142§r§8] §r§b[MVP§f+§b] Eren_Yeagar§f§r§f: well bye guys
20:53:46 [allowed] §8[§r§a142§r§8] §r§b[MVP§f+§b] Eren_Yeagar§f§r§f: was fun
20:53:48 [allowed] §8[§r§2184§r§8] §r§7345ms§7§r§7: welp cya everyone
20:53:51 [allowed] §7Evacuating to Your Island...
20:53:51 [WARPING] §7Sending to server mini156CM...
20:53:52 [EMPTY] §8 §r§8 §r§1 §r§3 §r§3 §r§7 §r§8 
20:53:56 [PROFILE_JOIN] §aYou are playing on profile: §eLemon§b (Co-op)
20:53:56 [PROFILE_JOIN] §8Profile ID: 75deb082-1336-4dc2-be3c-50e7afad0515
20:54:54 [USELESS_NOTIFICATION] §a§r§6Mining Speed Boost §r§ais now available!
21:10:32 [allowed] §eYou are being transferred to the §r§aHUB §r§efor being §r§cAFK§r§e!
21:10:33 [WARPING] §7Sending to server mini12F...
21:10:33 [EMPTY] §8 §r§8 §r§1 §r§3 §r§3 §r§7 §r§8 
21:10:36 [PROFILE_JOIN] §aYou are playing on profile: §eLemon§b (Co-op)
21:10:36 [PROFILE_JOIN] §8Profile ID: 75deb082-1336-4dc2-be3c-50e7afad0515
21:10:40 [WARPING] §7Sending to server mini156CM...
21:10:41 [EMPTY] §8 §r§8 §r§1 §r§3 §r§3 §r§7 §r§8 
21:10:44 [PROFILE_JOIN] §aYou are playing on profile: §eLemon§b (Co-op)
21:10:44 [PROFILE_JOIN] §8Profile ID: 75deb082-1336-4dc2-be3c-50e7afad0515
21:11:40 [USELESS_NOTIFICATION] §a§r§6Mining Speed Boost §r§ais now available!
21:28:50 [allowed] §eYou are being transferred to the §r§aHUB §r§efor being §r§cAFK§r§e!
21:28:50 [WARPING] §7Sending to server mini19AN...
21:28:50 [EMPTY] §8 §r§8 §r§1 §r§3 §r§3 §r§7 §r§8 
21:28:53 [PROFILE_JOIN] §aYou are playing on profile: §eLemon§b (Co-op)
21:28:53 [PROFILE_JOIN] §8Profile ID: 75deb082-1336-4dc2-be3c-50e7afad0515
21:28:54 [WARPING] §7Sending to server mini156CM...
21:28:54 [EMPTY] §8 §r§8 §r§1 §r§3 §r§3 §r§7 §r§8 
21:28:55 [USELESS_WARNING] §cYou are sending commands too fast! Please slow down.
21:28:57 [PROFILE_JOIN] §aYou are playing on profile: §eLemon§b (Co-op)
21:28:57 [PROFILE_JOIN] §8Profile ID: 75deb082-1336-4dc2-be3c-50e7afad0515
21:29:54 [USELESS_NOTIFICATION] §a§r§6Mining Speed Boost §r§ais now available!
21:45:34 [allowed] §eYou are being transferred to the §r§aHUB §r§efor being §r§cAFK§r§e!
21:45:35 [WARPING] §7Sending to server mini29B...
21:45:35 [EMPTY] §8 §r§8 §r§1 §r§3 §r§3 §r§7 §r§8 
21:45:38 [PROFILE_JOIN] §aYou are playing on profile: §eLemon§b (Co-op)
21:45:38 [PROFILE_JOIN] §8Profile ID: 75deb082-1336-4dc2-be3c-50e7afad0515
21:45:38 [WARPING] §7Sending to server mini156CM...
21:45:39 [EMPTY] §8 §r§8 §r§1 §r§3 §r§3 §r§7 §r§8 
21:45:43 [PROFILE_JOIN] §aYou are playing on profile: §eLemon§b (Co-op)
21:45:43 [PROFILE_JOIN] §8Profile ID: 75deb082-1336-4dc2-be3c-50e7afad0515
21:46:39 [USELESS_NOTIFICATION] §a§r§6Mining Speed Boost §r§ais now available!
21:54:01 [EMPTY] 
21:54:01 [FIRE_SALE] §6§k§lA§r §c§lFIRE SALE §r§6§k§lA
§r§c♨ §eSelling an item for a limited time!
§r§c   ♨ §dCavern Glacite Golem Skin §e(§e1,010 left§e)§c§r
§r§c♨ §a§l[WARP] §eTo Elizabeth in the next §c3d 20h 5m §eto grab yours!
21:54:01 [EMPTY] 
22:00:23 [EMPTY] §f
22:00:23 [WATCHDOG] §4[WATCHDOG ANNOUNCEMENT]
22:00:23 [WATCHDOG] §fWatchdog has banned §r§c§l6,740§r§f players in the last 7 days.
22:00:23 [WATCHDOG] §fStaff have banned an additional §r§c§l10,736§r§f in the last 7 days.
22:00:23 [WATCHDOG] §cBlacklisted modifications are a bannable offense!
22:00:23 [WATCHDOG] §c
22:05:53 [allowed] §biizmw joined SkyBlock.
22:06:51 [allowed] §eYou are being transferred to the §r§aHUB §r§efor being §r§cAFK§r§e!
22:06:51 [WARPING] §7Sending to server mini8BG...
22:06:51 [EMPTY] §8 §r§8 §r§1 §r§3 §r§3 §r§7 §r§8 
22:06:55 [PROFILE_JOIN] §aYou are playing on profile: §eLemon§b (Co-op)
22:06:55 [PROFILE_JOIN] §8Profile ID: 75deb082-1336-4dc2-be3c-50e7afad0515
22:06:55 [allowed]  §b§l» §aiizmw §eis traveling to §aPrivate Island §e§lFOLLOW
22:07:04 [allowed] §8[§r§b238§r§8] §r§6✎ §r§a[VIP§6+§a] __Sandwich_man__§f§r§f: [10:06 PM] HOPPITY'S HUNT You found a Chocolate Lunch Egg next to the Farmhouse!
22:07:12 [allowed] §8[§r§b238§r§8] §r§6✎ §r§a[VIP§6+§a] __Sandwich_man__§f§r§f: if some1 needs it
22:07:16 [allowed] §8[§r§d335§r§8] §r§6§lᛝ §r§b[MVP§4+§b] Gape_§f§r§f: x: 18, y: 70, z: -78
22:07:52 [USELESS_NOTIFICATION] §a§r§6Mining Speed Boost §r§ais now available!
22:09:21 [allowed]  §b§l» §aiizmw §eis traveling to §aHub §e§lFOLLOW
22:09:24 [allowed] §biizmw joined SkyBlock.
22:12:32 [allowed] §d§lHOPPITY'S HUNT §r§dA §r§aChocolate Dinner Egg §r§dhas appeared!
