19:35:22 [EMPTY] §f §r§f §r§1 §r§0 §r§2 §r§4§r§f §r§f §r§2 §r§0 §r§4 §r§8§r§0§r§1§r§0§r§1§r§2§r§f§r§f§r§0§r§1§r§3§r§4§r§f§r§f§r§0§r§1§r§5§r§f§r§f§r§0§r§1§r§6§r§f§r§f§r§0§r§1§r§8§r§9§r§a§r§b§r§f§r§f§r§0§r§1§r§7§r§f§r§f§r§3 §r§9 §r§2 §r§0 §r§0 §r§1§r§3 §r§9 §r§2 §r§0 §r§0 §r§2§r§3 §r§9 §r§2 §r§0 §r§0 §r§3§r§0§r§0§r§1§r§f§r§e§r§0§r§0§r§2§r§f§r§e§r§0§r§0§r§3§r§4§r§5§r§6§r§7§r§8§r§f§r§e§r§3 §r§6 §r§3 §r§6 §r§3 §r§6 §r§e§r§3 §r§6 §r§3 §r§6 §r§3 §r§6 §r§d
19:35:22 [EMPTY] §f §r§r§r§f §r§r§r§1 §r§r§r§0 §r§r§r§2 §r§r§r§f §r§r§r§f §r§r§r§2 §r§r§r§0 §r§r§r§4 §r§r§r§3 §r§r§r§9 §r§r§r§2 §r§r§r§0 §r§r§r§0 §r§r§r§3 §r§r§r§9 §r§r§r§2 §r§r§r§0 §r§r§r§0 §r§r§r§3 §r§r§r§9 §r§r§r§2 §r§r§r§0 §r§r§r§0 
19:35:23 [LOBBY] §b[MVP§c+§b] gaborini§f §6joined the lobby!
19:35:24 [LOBBY]   §r§f§l➤ §r§6You have reached your Hype limit! Add Hype to Prototype Lobby minigames by right-clicking with the Hype Diamond!
19:35:27 [WARPING] §7Sending to server mini91DJ...
19:35:27 [EMPTY] §8 §r§8 §r§1 §r§3 §r§3 §r§7 §r§8 
19:35:30 [EMPTY] 
19:35:30 [WELCOME] §eWelcome to §r§aHypixel SkyBlock§r§e!
19:35:30 [EMPTY] 
19:35:30 [PROFILE_JOIN] §aYou are playing on profile: §eLemon§b (Co-op)
19:35:30 [PROFILE_JOIN] §8Profile ID: 75deb082-1336-4dc2-be3c-50e7afad0515
19:35:37 [EMPTY] 
19:35:37 [FIRE_SALE] §6§k§lA§r §c§lFIRE SALE §r§6§k§lA
§r§c♨ §eSelling an item for a limited time!
§r§c   ♨ §dCavern Glacite Golem Skin §e(§e1,053 left§e)§c§r
§r§c♨ §a§l[WARP] §eTo Elizabeth in the next §c3d 22h 24m §eto grab yours!
19:35:37 [EMPTY] 
19:36:27 [USELESS_NOTIFICATION] §a§r§6Mining Speed Boost §r§ais now available!
19:36:42 [WARPING] §7Warping...
19:36:42 [WARPING] §7Sending to server mini67DV...
19:36:42 [EMPTY] §8 §r§8 §r§1 §r§3 §r§3 §r§7 §r§8 
19:36:45 [PROFILE_JOIN] §aYou are playing on profile: §eLemon§b (Co-op)
19:36:45 [PROFILE_JOIN] §8Profile ID: 75deb082-1336-4dc2-be3c-50e7afad0515
19:36:51 [BZ_AH_MINIS] §6[Bazaar] §r§7Executing instant sell...
19:36:52 [BZ_AH_MINIS] §6[Bazaar] §r§7Executing instant sell...
19:36:57 [SACKS_CHANGE] §6[Sacks] §r§c-20,202§r§e items§r§e.§r§8 (Last 5s.)
19:37:01 [BZ_AH_MINIS] §6[Bazaar] §r§7Putting goods in escrow...
19:37:01 [BZ_AH_MINIS] §6[Bazaar] §r§7Submitting sell offer...
19:37:32 [BZ_AH_MINIS] §8Depositing coins...
19:37:42 [USELESS_NOTIFICATION] §a§r§6Mining Speed Boost §r§ais now available!
19:45:41 [EMPTY] 
19:45:41 [FIRE_SALE] §6§k§lA§r §c§lFIRE SALE §r§6§k§lA
§r§c♨ §eSelling an item for a limited time!
§r§c   ♨ §dCavern Glacite Golem Skin §e(§e1,050 left§e)§c§r
§r§c♨ §a§l[WARP] §eTo Elizabeth in the next §c3d 22h 14m §eto grab yours!
19:45:41 [EMPTY] 
19:46:50 [WARPING] §7Finding player...
19:46:54 [WARPING] §7Finding player...
19:47:00 [WARPING] §7Finding player...
19:52:55 [FAR_AWAY_PLAYER_DEATH] §c ☠ §r§7§r§7bucky20064§r§7 was killed by Revenant Horror§r§7§r§7.
20:00:23 [EMPTY] §f
20:00:23 [WATCHDOG] §4[WATCHDOG ANNOUNCEMENT]
20:00:23 [WATCHDOG] §fWatchdog has banned §r§c§l6,753§r§f players in the last 7 days.
20:00:23 [WATCHDOG] §fStaff have banned an additional §r§c§l10,688§r§f in the last 7 days.
20:00:23 [WATCHDOG] §cBlacklisted modifications are a bannable offense!
20:00:23 [WATCHDOG] §c
20:05:50 [EMPTY] 
20:05:50 [FIRE_SALE] §6§k§lA§r §c§lFIRE SALE §r§6§k§lA
§r§c♨ §eSelling an item for a limited time!
§r§c   ♨ §dCavern Glacite Golem Skin §e(§e1,046 left§e)§c§r
§r§c♨ §a§l[WARP] §eTo Elizabeth in the next §c3d 21h 54m §eto grab yours!
20:05:50 [EMPTY] 
20:08:16 [EMPTY] §f §r§f §r§1 §r§0 §r§2 §r§4§r§f §r§f §r§2 §r§0 §r§4 §r§8§r§0§r§1§r§0§r§1§r§2§r§f§r§f§r§0§r§1§r§3§r§4§r§f§r§f§r§0§r§1§r§5§r§f§r§f§r§0§r§1§r§6§r§f§r§f§r§0§r§1§r§8§r§9§r§a§r§b§r§f§r§f§r§0§r§1§r§7§r§f§r§f§r§3 §r§9 §r§2 §r§0 §r§0 §r§1§r§3 §r§9 §r§2 §r§0 §r§0 §r§2§r§3 §r§9 §r§2 §r§0 §r§0 §r§3§r§0§r§0§r§1§r§f§r§e§r§0§r§0§r§2§r§f§r§e§r§0§r§0§r§3§r§4§r§5§r§6§r§7§r§8§r§f§r§e§r§3 §r§6 §r§3 §r§6 §r§3 §r§6 §r§e§r§3 §r§6 §r§3 §r§6 §r§3 §r§6 §r§d
20:08:16 [EMPTY] §f §r§r§r§f §r§r§r§1 §r§r§r§0 §r§r§r§2 §r§r§r§f §r§r§r§f §r§r§r§2 §r§r§r§0 §r§r§r§4 §r§r§r§3 §r§r§r§9 §r§r§r§2 §r§r§r§0 §r§r§r§0 §r§r§r§3 §r§r§r§9 §r§r§r§2 §r§r§r§0 §r§r§r§0 §r§r§r§3 §r§r§r§9 §r§r§r§2 §r§r§r§0 §r§r§r§0 
20:08:17 [LOBBY] §b[MVP§2+§b] Skelkup§f §6joined the lobby!
20:08:19 [LOBBY]   §r§f§l➤ §r§6You have reached your Hype limit! Add Hype to Prototype Lobby minigames by right-clicking with the Hype Diamond!
20:08:21 [LOBBY] §b[MVP§d+§b] AveryLotus§f §6joined the lobby!
20:08:25 [LOBBY] §b[MVP§0+§b] dragon_o§f §6joined the lobby!
20:08:29 [LOBBY]  §b>§c>§a>§r §r§6[MVP§f++§6] 4295§f §6joined the lobby!§r §a<§c<§b<
20:08:29 [LOBBY] §b[MVP§c+§b] anamorphic§f §6joined the lobby!
20:08:31 [LOBBY] §b[MVP§c+§b] Lord___Panda§f §6joined the lobby!
20:08:32 [LOBBY] §b[MVP§c+§b] Space1510§f §6joined the lobby!
20:08:33 [LOBBY] §b[MVP§d+§b] _Poffy§f §6joined the lobby!
20:08:44 [LOBBY] §b[MVP§2+§b] postprocessor§f §6joined the lobby!
20:08:45 [LOBBY] §b[MVP§d+§b] 45679910213§f §6joined the lobby!
20:08:46 [LOBBY] §b[MVP§3+§b] SimpleZaib§f §6joined the lobby!
20:08:46 [LOBBY] §b[MVP§f+§b] ZortikHD§f §6joined the lobby!
20:08:49 [LOBBY] §b[MVP§c+§b] Traveler_TabiGON§f §6joined the lobby!
20:08:52 [LOBBY] §b[MVP§d+§b] FullBongRip§f §6joined the lobby!
20:09:09 [LOBBY] §b[MVP§c+§b] B1ippB100p§f §6joined the lobby!
20:09:12 [LOBBY] §b[MVP§f+§b] LaughElephant§f §6joined the lobby!
20:09:15 [LOBBY] §b[MVP§c+§b] JediBob812§f §6joined the lobby!
20:09:16 [LOBBY] §b[MVP§c+§b] EmanCarrier§f §6joined the lobby!
20:09:22 [LOBBY] §b[MVP§c+§b] ThePaladin6§f §6joined the lobby!
20:09:26 [LOBBY] §b[MVP§9+§b] oSkely§f §6joined the lobby!
20:09:26 [LOBBY] §b[MVP§4+§b] ReyMaratov§f §6joined the lobby!
20:09:27 [LOBBY] §b[MVP§c+§b] PlayKebab§f §6joined the lobby!
20:09:27 [LOBBY] §b[MVP§2+§b] Baksar2§f §6joined the lobby!
20:09:28 [LOBBY] §b[MVP§a+§b] BrandoIsThy§f §6joined the lobby!
20:09:28 [LOBBY] §b[MVP§3+§b] Mcpearl_§f §6joined the lobby!
20:09:32 [LOBBY] §b[MVP§d+§b] DerpTh3Derp§f §6joined the lobby!
20:09:37 [LOBBY] §b[MVP§a+§b] Nyanfish06§f §6joined the lobby!
20:09:39 [LOBBY] §b[MVP§e+§b] Luc_342§f §6joined the lobby!
20:09:46 [LOBBY] §b[MVP§6+§b] tescoisbest§f §6joined the lobby!
20:09:47 [LOBBY] §b[MVP§c+§b] Pollonice§f §6joined the lobby!
20:09:47 [LOBBY] §b[MVP§6+§b] Danzuki§f §6joined the lobby!
20:09:48 [LOBBY] §b[MVP§f+§b] AleBoy1708§f §6joined the lobby!
20:10:15 [LOBBY] §b[MVP§a+§b] pontiflexmortis2§f §6joined the lobby!
20:10:17 [LOBBY] §b[MVP§c+§b] LeonTheSkrill§f §6joined the lobby!
20:16:01 [EMPTY] §f §r§f §r§1 §r§0 §r§2 §r§4§r§f §r§f §r§2 §r§0 §r§4 §r§8§r§0§r§1§r§0§r§1§r§2§r§f§r§f§r§0§r§1§r§3§r§4§r§f§r§f§r§0§r§1§r§5§r§f§r§f§r§0§r§1§r§6§r§f§r§f§r§0§r§1§r§8§r§9§r§a§r§b§r§f§r§f§r§0§r§1§r§7§r§f§r§f§r§3 §r§9 §r§2 §r§0 §r§0 §r§1§r§3 §r§9 §r§2 §r§0 §r§0 §r§2§r§3 §r§9 §r§2 §r§0 §r§0 §r§3§r§0§r§0§r§1§r§f§r§e§r§0§r§0§r§2§r§f§r§e§r§0§r§0§r§3§r§4§r§5§r§6§r§7§r§8§r§f§r§e§r§3 §r§6 §r§3 §r§6 §r§3 §r§6 §r§e§r§3 §r§6 §r§3 §r§6 §r§3 §r§6 §r§d
20:16:01 [EMPTY] §f §r§r§r§f §r§r§r§1 §r§r§r§0 §r§r§r§2 §r§r§r§f §r§r§r§f §r§r§r§2 §r§r§r§0 §r§r§r§4 §r§r§r§3 §r§r§r§9 §r§r§r§2 §r§r§r§0 §r§r§r§0 §r§r§r§3 §r§r§r§9 §r§r§r§2 §r§r§r§0 §r§r§r§0 §r§r§r§3 §r§r§r§9 §r§r§r§2 §r§r§r§0 §r§r§r§0 
20:16:03 [WARPING] §7Sending to server mini87CV...
20:16:04 [LOBBY]   §r§f§l➤ §r§6You have reached your Hype limit! Add Hype to Prototype Lobby minigames by right-clicking with the Hype Diamond!
20:16:04 [LOBBY]  §b>§c>§a>§r §r§6[MVP§6++§6] TheKingDucky§f §6joined the lobby!§r §a<§c<§b<
20:16:06 [EMPTY] §8 §r§8 §r§1 §r§3 §r§3 §r§7 §r§8 
20:16:08 [EMPTY] 
20:16:08 [WELCOME] §eWelcome to §r§aHypixel SkyBlock§r§e!
20:16:08 [EMPTY] 
20:16:09 [PROFILE_JOIN] §aYou are playing on profile: §eLemon§b (Co-op)
20:16:09 [PROFILE_JOIN] §8Profile ID: 75deb082-1336-4dc2-be3c-50e7afad0515
20:16:16 [EMPTY] 
20:16:16 [FIRE_SALE] §6§k§lA§r §c§lFIRE SALE §r§6§k§lA
§r§c♨ §eSelling an item for a limited time!
§r§c   ♨ §dCavern Glacite Golem Skin §e(§e1,044 left§e)§c§r
§r§c♨ §a§l[WARP] §eTo Elizabeth in the next §c3d 21h 43m §eto grab yours!
20:16:16 [EMPTY] 
20:17:06 [USELESS_NOTIFICATION] §a§r§6Mining Speed Boost §r§ais now available!
20:27:04 [EMPTY] 
20:27:04 [FIRE_SALE] §6§k§lA§r §c§lFIRE SALE §r§6§k§lA
§r§c♨ §eSelling an item for a limited time!
§r§c   ♨ §dCavern Glacite Golem Skin §e(§e1,040 left§e)§c§r
§r§c♨ §a§l[WARP] §eTo Elizabeth in the next §c3d 21h 32m §eto grab yours!
20:27:04 [EMPTY] 
20:47:13 [EMPTY] 
20:47:13 [FIRE_SALE] §6§k§lA§r §c§lFIRE SALE §r§6§k§lA
§r§c♨ §eSelling an item for a limited time!
§r§c   ♨ §dCavern Glacite Golem Skin §e(§e1,031 left§e)§c§r
§r§c♨ §a§l[WARP] §eTo Elizabeth in the next §c3d 21h 12m §eto grab yours!
20:47:13 [EMPTY] 
20:53:51 [WARPING] §7Sending to server mini156CM...
20:53:52 [EMPTY] §8 §r§8 §r§1 §r§3 §r§3 §r§7 §r§8 
20:53:56 [PROFILE_JOIN] §aYou are playing on profile: §eLemon§b (Co-op)
20:53:56 [PROFILE_JOIN] §8Profile ID: 75deb082-1336-4dc2-be3c-50e7afad0515
20:54:54 [USELESS_NOTIFICATION] §a§r§6Mining Speed Boost §r§ais now available!
21:10:33 [WARPING] §7Sending to server mini12F...
21:10:33 [EMPTY] §8 §r§8 §r§1 §r§3 §r§3 §r§7 §r§8 
21:10:36 [PROFILE_JOIN] §aYou are playing on profile: §eLemon§b (Co-op)
21:10:36 [PROFILE_JOIN] §8Profile ID: 75deb082-1336-4dc2-be3c-50e7afad0515
21:10:40 [WARPING] §7Sending to server mini156CM...
21:10:41 [EMPTY] §8 §r§8 §r§1 §r§3 §r§3 §r§7 §r§8 
21:10:44 [PROFILE_JOIN] §aYou are playing on profile: §eLemon§b (Co-op)
21:10:44 [PROFILE_JOIN] §8Profile ID: 75deb082-1336-4dc2-be3c-50e7afad0515
21:11:40 [USELESS_NOTIFICATION] §a§r§6Mining Speed Boost §r§ais now available!
21:28:50 [WARPING] §7Sending to server mini19AN...
21:28:50 [EMPTY] §8 §r§8 §r§1 §r§3 §r§3 §r§7 §r§8 
21:28:53 [PROFILE_JOIN] §aYou are playing on profile: §eLemon§b (Co-op)
21:28:53 [PROFILE_JOIN] §8Profile ID: 75deb082-1336-4dc2-be3c-50e7afad0515
21:28:54 [WARPING] §7Sending to server mini156CM...
21:28:54 [EMPTY] §8 §r§8 §r§1 §r§3 §r§3 §r§7 §r§8 
21:28:55 [USELESS_WARNING] §cYou are sending commands too fast! Please slow down.
21:28:57 [PROFILE_JOIN] §aYou are playing on profile: §eLemon§b (Co-op)
21:28:57 [PROFILE_JOIN] §8Profile ID: 75deb082-1336-4dc2-be3c-50e7afad0515
21:29:54 [USELESS_NOTIFICATION] §a§r§6Mining Speed Boost §r§ais now available!
21:45:35 [WARPING] §7Sending to server mini29B...
21:45:35 [EMPTY] §8 §r§8 §r§1 §r§3 §r§3 §r§7 §r§8 
21:45:38 [PROFILE_JOIN] §aYou are playing on profile: §eLemon§b (Co-op)
21:45:38 [PROFILE_JOIN] §8Profile ID: 75deb082-1336-4dc2-be3c-50e7afad0515
21:45:38 [WARPING] §7Sending to server mini156CM...
21:45:39 [EMPTY] §8 §r§8 §r§1 §r§3 §r§3 §r§7 §r§8 
21:45:43 [PROFILE_JOIN] §aYou are playing on profile: §eLemon§b (Co-op)
21:45:43 [PROFILE_JOIN] §8Profile ID: 75deb082-1336-4dc2-be3c-50e7afad0515
21:46:39 [USELESS_NOTIFICATION] §a§r§6Mining Speed Boost §r§ais now available!
21:54:01 [EMPTY] 
21:54:01 [FIRE_SALE] §6§k§lA§r §c§lFIRE SALE §r§6§k§lA
§r§c♨ §eSelling an item for a limited time!
§r§c   ♨ §dCavern Glacite Golem Skin §e(§e1,010 left§e)§c§r
§r§c♨ §a§l[WARP] §eTo Elizabeth in the next §c3d 20h 5m §eto grab yours!
21:54:01 [EMPTY] 
22:00:23 [EMPTY] §f
22:00:23 [WATCHDOG] §4[WATCHDOG ANNOUNCEMENT]
22:00:23 [WATCHDOG] §fWatchdog has banned §r§c§l6,740§r§f players in the last 7 days.
22:00:23 [WATCHDOG] §fStaff have banned an additional §r§c§l10,736§r§f in the last 7 days.
22:00:23 [WATCHDOG] §cBlacklisted modifications are a bannable offense!
22:00:23 [WATCHDOG] §c
22:06:51 [WARPING] §7Sending to server mini8BG...
22:06:51 [EMPTY] §8 §r§8 §r§1 §r§3 §r§3 §r§7 §r§8 
22:06:55 [PROFILE_JOIN] §aYou are playing on profile: §eLemon§b (Co-op)
22:06:55 [PROFILE_JOIN] §8Profile ID: 75deb082-1336-4dc2-be3c-50e7afad0515
22:07:52 [USELESS_NOTIFICATION] §a§r§6Mining Speed Boost §r§ais now available!
