19:44:36  
19:44:36 [original] §r§8[§r§f49§r§8] §r§7Accornnn§7§r§7: k§r
19:44:36 [modified] §r§8[§r§f49§r§8] §r§bAccornnn§7: k§r§r
19:45:49  
19:45:49 [original] §r§8[§r§727§r§8] §r§7The_sky_Tom§7§r§7: Selling flower of truth and AOTE im at map if anyone wants to buy§r
19:45:49 [modified] §r§8[§r§b27§8] §r§bThe_sky_Tom§7: Selling flower of truth and AOTE im at map if anyone wants to buy§r§r
19:45:59  
19:45:59 [original] §r§8[§r§a131§r§8] §r§7✧ §r§b[MVP§e+§b] atsheol§f§r§f: the cf is still down?!§r
19:45:59 [modified] §r§8[§r§b131§8] §r§7§r§batsheol§f§r§f: the cf is still down?!§r§r
19:46:09  
19:46:09 [original] §r§8[§r§3260§r§8] §r§7§lツ §r§b[MVP§9+§b] Lachesismic§f§r§f: YES§r
19:46:09 [modified] §r§8[§r§3260§r§8] §r§7§l§r§bLachesismic§f§r§f: YES§r§r
19:46:13  
19:46:13 [original] §r§8[§r§3260§r§8] §r§7§lツ §r§b[MVP§9+§b] Lachesismic§f§r§f: this is so pathetic§r
19:46:13 [modified] §r§8[§r§3260§r§8] §r§7§l§r§bLachesismic§f§r§f: this is so pathetic§r§r
19:46:15  
19:46:15 [original] §r§8[§r§a131§r§8] §r§7✧ §r§b[MVP§e+§b] atsheol§f§r§f: when is it getting fixed§r
19:46:15 [modified] §r§8[§r§b131§8] §r§7§r§batsheol§f§r§f: when is it getting fixed§r§r
19:46:16  
19:46:16 [original] §r§8[§r§3260§r§8] §r§7§lツ §r§b[MVP§9+§b] Lachesismic§f§r§f: I went to sleep§r
19:46:16 [modified] §r§8[§r§3260§r§8] §r§7§l§r§bLachesismic§f§r§f: I went to sleep§r§r
19:46:20  
19:46:20 [original] §r§8[§r§a131§r§8] §r§7✧ §r§b[MVP§e+§b] atsheol§f§r§f: it went down hours ago§r
19:46:20 [modified] §r§8[§r§b131§8] §r§7§r§batsheol§f§r§f: it went down hours ago§r§r
19:46:44  
19:46:44 [original] §r§8[§r§3260§r§8] §r§7§lツ §r§b[MVP§9+§b] Lachesismic§f§r§f: I calculated that I'd have 42 million chocolate after I woke up§r
19:46:44 [modified] §r§8[§r§3260§r§8] §r§7§l§r§bLachesismic§f§r§f: I calculated that I'd have 42 million chocolate after I woke up§r§r
19:46:49  
19:46:49 [original] §r§8[§r§a131§r§8] §r§7✧ §r§b[MVP§e+§b] atsheol§f§r§f: LMAO§r
19:46:49 [modified] §r§8[§r§b131§8] §r§7§r§batsheol§f§r§f: LMAO§r§r
19:46:49  
19:46:49 [original] §r§8[§r§3260§r§8] §r§7§lツ §r§b[MVP§9+§b] Lachesismic§f§r§f: and I get to spend none of it§r
19:46:49 [modified] §r§8[§r§3260§r§8] §r§7§l§r§bLachesismic§f§r§f: and I get to spend none of it§r§r
19:46:51  
19:46:51 [original] §r§8[§r§3260§r§8] §r§7§lツ §r§b[MVP§9+§b] Lachesismic§f§r§f: this is so bs§r
19:46:51 [modified] §r§8[§r§3260§r§8] §r§7§l§r§bLachesismic§f§r§f: this is so bs§r§r
19:46:54  
19:46:54 [original] §r§8[§r§a131§r§8] §r§7✧ §r§b[MVP§e+§b] atsheol§f§r§f: bruh§r
19:46:54 [modified] §r§8[§r§b131§8] §r§7§r§batsheol§f§r§f: bruh§r§r
19:46:59  
19:46:59 [original] §r§8[§r§a131§r§8] §r§7✧ §r§b[MVP§e+§b] atsheol§f§r§f: im out of rabbit spots in my barn§r
19:46:59 [modified] §r§8[§r§b131§8] §r§7§r§batsheol§f§r§f: im out of rabbit spots in my barn§r§r
19:47:02  
19:47:02 [original] §r§8[§r§a131§r§8] §r§7✧ §r§b[MVP§e+§b] atsheol§f§r§f: so im suffering§r
19:47:02 [modified] §r§8[§r§b131§8] §r§7§r§batsheol§f§r§f: so im suffering§r§r
19:47:11  
19:47:11 [original] §r§8[§r§3260§r§8] §r§7§lツ §r§b[MVP§9+§b] Lachesismic§f§r§f: I have like 28 slots left§r
19:47:11 [modified] §r§8[§r§3260§r§8] §r§7§l§r§bLachesismic§f§r§f: I have like 28 slots left§r§r
19:47:17  
19:47:17 [original] §r§8[§r§3260§r§8] §r§7§lツ §r§b[MVP§9+§b] Lachesismic§f§r§f: I'm glad I dumped into some barn spots§r
19:47:17 [modified] §r§8[§r§3260§r§8] §r§7§l§r§bLachesismic§f§r§f: I'm glad I dumped into some barn spots§r§r
19:51:20  
19:51:20 [original] §r§8[§r§f41§r§8] §r§7❤ §r§7Technocleavers§7§r§7: oh i see thx§r
19:51:20 [modified] §r§8[§r§f41§r§8] §r§7§r§bTechnocleavers§7: oh i see thx§r§r
19:53:11  
19:53:11 [original] §r§8[§r§a122§r§8] §r§7☠ §r§b[MVP§9+§b] Gamer_Finn§f§r§f: how do i change my icon before my name§r
19:53:11 [modified] §r§8[§r§b122§8] §r§7§r§bGamer_Finn§f§r§f: how do i change my icon before my name§r§r
20:07:42  
20:07:42 [original] §r§8[§r§e103§r§8] §r§7☠ §r§a[VIP] Waysenik§f§r§f: 561m§r
20:07:42 [modified] §r§8[§r§e103§r§8] §r§7§r§bWaysenik§f§r§f: 561m§r§r
20:16:20  
20:16:20 [original] §r§8[§r§e80§r§8] §r§a[VIP] Dem0nix717§f§r§f: does anyone have god pot?§r
20:16:20 [modified] §r§8[§r§e80§r§8] §r§bDem0nix717§f§r§f: does anyone have god pot?§r§r
20:18:52  
20:18:52 [original] §r§8[§r§f49§r§8] §r§7ZainIsLeaving§7§r§7: i cant trade but i have somthing else§r
20:18:52 [modified] §r§8[§r§f49§r§8] §r§bZainIsLeaving§7: i cant trade but i have somthing else§r§r
20:19:08  
20:19:08 [original] §r§8[§r§f49§r§8] §r§7ZainIsLeaving§7§r§7: go to my island§r
20:19:08 [modified] §r§8[§r§f49§r§8] §r§bZainIsLeaving§7: go to my island§r§r
20:22:36  
20:22:36 [original] §r§8[§r§3244§r§8] §r§6ௐ §r§a[VIP] tfts§f§r§f: where§r
20:22:36 [modified] §r§8[§r§3244§r§8] §r§6§r§btfts§f§r§f: where§r§r
20:22:58  
20:22:58 [original] §r§8[§r§3244§r§8] §r§6ௐ §r§a[VIP] tfts§f§r§f: x: 160, y: 97, z: -70§r
20:22:58 [modified] §r§8[§r§3244§r§8] §r§6§r§btfts§f§r§f: x: 160, y: 97, z: -70§r§r
20:23:24  
20:23:24 [original] §r§8[§r§b204§r§8] §r§7☠ §r§a[VIP] Tendospieler§f§r§f: what happend to the factory§r
20:23:24 [modified] §r§8[§r§b204§8] §r§7§r§bTendospieler§f§r§f: what happend to the factory§r§r
20:23:29  
20:23:29 [original] §r§8[§r§3244§r§8] §r§6ௐ §r§a[VIP] tfts§f§r§f: some ppl duped§r
20:23:29 [modified] §r§8[§r§3244§r§8] §r§6§r§btfts§f§r§f: some ppl duped§r§r
20:23:33  
20:23:33 [original] §r§8[§r§3244§r§8] §r§6ௐ §r§a[VIP] tfts§f§r§f: so they fixing it§r
20:23:33 [modified] §r§8[§r§3244§r§8] §r§6§r§btfts§f§r§f: so they fixing it§r§r
20:23:35  
20:23:35 [original] §r§8[§r§b204§r§8] §r§7☠ §r§a[VIP] Tendospieler§f§r§f: wth§r
20:23:35 [modified] §r§8[§r§b204§8] §r§7§r§bTendospieler§f§r§f: wth§r§r
20:23:38  
20:23:38 [original] §r§8[§r§b204§r§8] §r§7☠ §r§a[VIP] Tendospieler§f§r§f: HOW§r
20:23:38 [modified] §r§8[§r§b204§8] §r§7§r§bTendospieler§f§r§f: HOW§r§r
20:23:44  
20:23:44 [original] §r§8[§r§3244§r§8] §r§6ௐ §r§a[VIP] tfts§f§r§f: idk i didnt dupe§r
20:23:44 [modified] §r§8[§r§3244§r§8] §r§6§r§btfts§f§r§f: idk i didnt dupe§r§r
20:23:48  
20:23:48 [original] §r§8[§r§b204§r§8] §r§7☠ §r§a[VIP] Tendospieler§f§r§f: BRO ALREADY???????????§r
20:23:48 [modified] §r§8[§r§b204§8] §r§7§r§bTendospieler§f§r§f: BRO ALREADY???????????§r§r
20:23:56  
20:23:56 [original] §r§8[§r§3244§r§8] §r§6ௐ §r§a[VIP] tfts§f§r§f: its sb what do u expect§r
20:23:56 [modified] §r§8[§r§3244§r§8] §r§6§r§btfts§f§r§f: its sb what do u expect§r§r
20:23:58  
20:23:58 [original] §r§8[§r§b204§r§8] §r§7☠ §r§a[VIP] Tendospieler§f§r§f: this mode isnt even 1 day old§r
20:23:58 [modified] §r§8[§r§b204§8] §r§7§r§bTendospieler§f§r§f: this mode isnt even 1 day old§r§r
20:24:07  
20:24:07 [original] §r§8[§r§b204§r§8] §r§7☠ §r§a[VIP] Tendospieler§f§r§f: yea true you got a point§r
20:24:07 [modified] §r§8[§r§b204§8] §r§7§r§bTendospieler§f§r§f: yea true you got a point§r§r
20:25:32  
20:25:32 [original] §r§8[§r§e85§r§8] §r§6ჶ §r§6[MVP§c++§6] IvanBorquez§f§r§f: There are some active eggs?§r
20:25:32 [modified] §r§8[§r§e85§r§8] §r§6§r§bIvanBorquez§f§r§f: There are some active eggs?§r§r
20:25:38  
20:25:38 [original] §r§8[§r§3244§r§8] §r§6ௐ §r§a[VIP] tfts§f§r§f: yes§r
20:25:38 [modified] §r§8[§r§3244§r§8] §r§6§r§btfts§f§r§f: yes§r§r
20:25:38  
20:25:38 [original] §r§8[§r§e85§r§8] §r§6ჶ §r§6[MVP§c++§6] IvanBorquez§f§r§f: Or those are disabled too§r
20:25:38 [modified] §r§8[§r§e85§r§8] §r§6§r§bIvanBorquez§f§r§f: Or those are disabled too§r§r
20:25:46  
20:25:46 [original] §r§8[§r§3244§r§8] §r§6ௐ §r§a[VIP] tfts§f§r§f: they are still active§r
20:25:46 [modified] §r§8[§r§3244§r§8] §r§6§r§btfts§f§r§f: they are still active§r§r
20:25:50  
20:25:50 [original] §r§8[§r§e85§r§8] §r§6ჶ §r§6[MVP§c++§6] IvanBorquez§f§r§f: Oh, thanks!§r
20:25:50 [modified] §r§8[§r§e85§r§8] §r§6§r§bIvanBorquez§f§r§f: Oh, thanks!§r§r
20:25:54  
20:25:54 [original] §r§8[§r§3244§r§8] §r§6ௐ §r§a[VIP] tfts§f§r§f: np§r
20:25:54 [modified] §r§8[§r§3244§r§8] §r§6§r§btfts§f§r§f: np§r§r
20:27:33  
20:27:33 [original] §r§8[§r§3244§r§8] §r§6ௐ §r§a[VIP] tfts§f§r§f: x: 170, y: 71, z: 37§r
20:27:33 [modified] §r§8[§r§3244§r§8] §r§6§r§btfts§f§r§f: x: 170, y: 71, z: 37§r§r
20:27:46  
20:27:46 [original] §r§8[§r§3244§r§8] §r§6ௐ §r§a[VIP] tfts§f§r§f: fish hut§r
20:27:46 [modified] §r§8[§r§3244§r§8] §r§6§r§btfts§f§r§f: fish hut§r§r
20:27:55  
20:27:55 [original] §r§8[§r§f78§r§8] §r§7❂ §r§a[VIP§6+§a] GameFern5329468§f§r§f: [SkyHanni] Lunch Chocolate Egg located at x: 169, y: 72, z: 36§r
20:27:55 [modified] §r§8[§r§f78§r§8] §r§7§r§bGameFern5329468§f§r§f: [SkyHanni] Lunch Chocolate Egg located at x: 169, y: 72, z: 36§r§r
20:30:05  
20:30:05 [original] §b[SkyBlock] §r§a[VIP] MysticS30§r§f §r§eis visiting §r§aYour Island§r§e!§r
20:30:05 [modified] §b[SkyBlock] §r§bMysticS30§f §r§eis visiting §r§aYour Island§r§e!§r§r
20:31:24  
20:31:24 [original] §r§8[§r§2197§r§8] §r§6ௐ §r§a[VIP] Bless_Portugal_§f§r§f: 10mil booster cookie jesus§r
20:31:24 [modified] §r§8[§r§2197§r§8] §r§6§r§bBless_Portugal_§f§r§f: 10mil booster cookie jesus§r§r
20:31:33  
20:31:33 [original] §r§8[§r§a121§r§8] §r§7§l⚝ §r§a[VIP] ImagineTrolling§f§r§f: when is the menu of hunt coming back§r
20:31:33 [modified] §r§8[§r§b121§8] §r§7§l§r§bImagineTrolling§f§r§f: when is the menu of hunt coming back§r§r
20:31:35  
20:31:35 [original] §r§8[§r§f55§r§8] §r§b[MVP§d+§b] Johnceena§f§r§f: selling enchanted nook barn skin. party me§r
20:31:35 [modified] §r§8[§r§f55§r§8] §r§bJohnceena§f§r§7: selling enchanted nook barn skin. party me§r§r
20:32:38  
20:32:38 [original] §r§8[§r§a121§r§8] §r§7§l⚝ §r§a[VIP] ImagineTrolling§f§r§f: where is the egggg§r
20:32:38 [modified] §r§8[§r§b121§8] §r§7§l§r§bImagineTrolling§f§r§f: where is the egggg§r§r
20:45:34  
20:45:34 [original] §r§8[§r§a142§r§8] §r§b[MVP§f+§b] Eren_Yeagar§f§r§f: why is the chocolate factory disabled§r
20:45:34 [modified] §r§8[§r§b142§8] §r§bEren_Yeagar§f§r§f: why is the chocolate factory disabled§r§r
20:45:40  
20:45:40 [original] §r§8[§r§b213§r§8] §r§6§lᛝ §r§a[VIP] ham_thief§f§r§f: dupe§r
20:45:40 [modified] §r§8[§r§b213§8] §r§6§l§r§bham_thief§f§r§f: dupe§r§r
20:45:42  
20:45:42 [original] §r§8[§r§2184§r§8] §r§7345ms§7§r§7: dupers§r
20:45:42 [modified] §r§8[§r§2184§r§8] §r§b345ms§7: dupers§r§r
20:45:49  
20:45:49 [original] §r§8[§r§a142§r§8] §r§b[MVP§f+§b] Eren_Yeagar§f§r§f: what did they dupe§r
20:45:49 [modified] §r§8[§r§b142§8] §r§bEren_Yeagar§f§r§f: what did they dupe§r§r
20:45:53  
20:45:53 [original] §r§8[§r§2184§r§8] §r§7345ms§7§r§7: bc apparently u can dupe chocolate now§r
20:45:53 [modified] §r§8[§r§2184§r§8] §r§b345ms§7: bc apparently u can dupe chocolate now§r§r
20:46:01  
20:46:01 [original] §r§8[§r§2184§r§8] §r§7345ms§7§r§7: cuase i rlly want to be facking willy wonka§r
20:46:01 [modified] §r§8[§r§2184§r§8] §r§b345ms§7: cuase i rlly want to be facking willy wonka§r§r
20:46:10  
20:46:10 [original] §r§8[§r§a142§r§8] §r§b[MVP§f+§b] Eren_Yeagar§f§r§f: like twice the number of chocolate you have?§r
20:46:10 [modified] §r§8[§r§b142§8] §r§bEren_Yeagar§f§r§f: like twice the number of chocolate you have?§r§r
20:46:24  
20:46:24 [original] §r§8[§r§2184§r§8] §r§7345ms§7§r§7: idk§r
20:46:24 [modified] §r§8[§r§2184§r§8] §r§b345ms§7: idk§r§r
20:46:30  
20:46:30 [original] §r§8[§r§a142§r§8] §r§b[MVP§f+§b] Eren_Yeagar§f§r§f: when did it go down§r
20:46:30 [modified] §r§8[§r§b142§8] §r§bEren_Yeagar§f§r§f: when did it go down§r§r
20:46:39  
20:46:39 [original] §r§8[§r§2184§r§8] §r§7345ms§7§r§7: liek 3 hours ago§r
20:46:39 [modified] §r§8[§r§2184§r§8] §r§b345ms§7: liek 3 hours ago§r§r
20:46:56  
20:46:56 [original] §r§8[§r§a142§r§8] §r§b[MVP§f+§b] Eren_Yeagar§f§r§f: they better let me get the chocolate i should had gotten§r
20:46:56 [modified] §r§8[§r§b142§8] §r§bEren_Yeagar§f§r§f: they better let me get the chocolate i should had gotten§r§r
20:47:02  
20:47:02 [original] §r§8[§r§2184§r§8] §r§7345ms§7§r§7: they do§r
20:47:02 [modified] §r§8[§r§2184§r§8] §r§b345ms§7: they do§r§r
20:47:06  
20:47:06 [original] §r§8[§r§9281§r§8] §r§7§lꈔ §r§a[VIP] DoctorPRO§f§r§f: wither cage§r
20:47:06 [modified] §r§8[§r§9281§r§8] §r§7§l§r§bDoctorPRO§f§r§f: wither cage§r§r
20:47:07  
20:47:07 [original] §r§8[§r§2184§r§8] §r§7345ms§7§r§7: its still active§r
20:47:07 [modified] §r§8[§r§2184§r§8] §r§b345ms§7: its still active§r§r
20:47:14  
20:47:14 [original] §r§8[§r§2184§r§8] §r§7345ms§7§r§7: tf is that§r
20:47:14 [modified] §r§8[§r§2184§r§8] §r§b345ms§7: tf is that§r§r
20:47:19  
20:47:19 [original] §r§8[§r§a142§r§8] §r§b[MVP§f+§b] Eren_Yeagar§f§r§f: good cuz i am getting like 5m an hour§r
20:47:19 [modified] §r§8[§r§b142§8] §r§bEren_Yeagar§f§r§f: good cuz i am getting like 5m an hour§r§r
20:47:19  
20:47:19 [original] §r§8[§r§f73§r§8] §r§7Mrhapp92011§7§r§7: wheres is wither cage§r
20:47:19 [modified] §r§8[§r§f73§r§8] §r§bMrhapp92011§7: wheres is wither cage§r§r
20:47:28  
20:47:28 [original] §r§8[§r§2184§r§8] §r§7345ms§7§r§7: ^§r
20:47:28 [modified] §r§8[§r§2184§r§8] §r§b345ms§7: ^§r§r
20:47:28  
20:47:28 [original] §r§8[§r§9281§r§8] §r§7§lꈔ §r§a[VIP] DoctorPRO§f§r§f: soul sand in wilderness§r
20:47:28 [modified] §r§8[§r§9281§r§8] §r§7§l§r§bDoctorPRO§f§r§f: soul sand in wilderness§r§r
20:47:37  
20:47:37 [original] §r§8[§r§2184§r§8] §r§7345ms§7§r§7: alr thx§r
20:47:37 [modified] §r§8[§r§2184§r§8] §r§b345ms§7: alr thx§r§r
20:47:37  
20:47:37 [original] §r§8[§r§a142§r§8] §r§b[MVP§f+§b] Eren_Yeagar§f§r§f: whats wither cage§r
20:47:37 [modified] §r§8[§r§b142§8] §r§bEren_Yeagar§f§r§f: whats wither cage§r§r
20:47:52  
20:47:52 [original] §r§8[§r§2184§r§8] §r§7345ms§7§r§7: CRUSHED§r
20:47:52 [modified] §r§8[§r§2184§r§8] §r§b345ms§7: CRUSHED§r§r
20:47:57  
20:47:57 [original] §r§8[§r§f73§r§8] §r§7Mrhapp92011§7§r§7: where the wilderness???§r
20:47:57 [modified] §r§8[§r§f73§r§8] §r§bMrhapp92011§7: where the wilderness???§r§r
20:48:01  
20:48:01 [original] §r§8[§r§2184§r§8] §r§7345ms§7§r§7: yeah get shat on lil rabbit§r
20:48:01 [modified] §r§8[§r§2184§r§8] §r§b345ms§7: yeah get shat on lil rabbit§r§r
20:48:08  
20:48:08 [original] §r§8[§r§2184§r§8] §r§7345ms§7§r§7: my oompa loopa biatch§r
20:48:08 [modified] §r§8[§r§2184§r§8] §r§b345ms§7: my oompa loopa biatch§r§r
20:48:11  
20:48:11 [original] §r§8[§r§a142§r§8] §r§b[MVP§f+§b] Eren_Yeagar§f§r§f: HOPPITY'S HUNT You found Alexa (UNCOMMON)!§r
20:48:11 [modified] §r§8[§r§b142§8] §r§bEren_Yeagar§f§r§f: HOPPITY'S HUNT You found Alexa (UNCOMMON)!§r§r
20:48:16  
20:48:16 [original] §r§8[§r§a142§r§8] §r§b[MVP§f+§b] Eren_Yeagar§f§r§f: btw§r
20:48:16 [modified] §r§8[§r§b142§8] §r§bEren_Yeagar§f§r§f: btw§r§r
20:48:23  
20:48:23 [original] §r§8[§r§a142§r§8] §r§b[MVP§f+§b] Eren_Yeagar§f§r§f: idk if i should max out my employees§r
20:48:23 [modified] §r§8[§r§b142§8] §r§bEren_Yeagar§f§r§f: idk if i should max out my employees§r§r
20:48:26  
20:48:26 [original] §r§8[§r§a142§r§8] §r§b[MVP§f+§b] Eren_Yeagar§f§r§f: then go for prestige§r
20:48:26 [modified] §r§8[§r§b142§8] §r§bEren_Yeagar§f§r§f: then go for prestige§r§r
20:48:29  
20:48:29 [original] §r§8[§r§2184§r§8] §r§7345ms§7§r§7: well yeah§r
20:48:29 [modified] §r§8[§r§2184§r§8] §r§b345ms§7: well yeah§r§r
20:48:30  
20:48:30 [original] §r§8[§r§a142§r§8] §r§b[MVP§f+§b] Eren_Yeagar§f§r§f: or stay on lvl 60§r
20:48:30 [modified] §r§8[§r§b142§8] §r§bEren_Yeagar§f§r§f: or stay on lvl 60§r§r
20:48:35  
20:48:35 [original] §r§8[§r§a142§r§8] §r§b[MVP§f+§b] Eren_Yeagar§f§r§f: on all employees§r
20:48:35 [modified] §r§8[§r§b142§8] §r§bEren_Yeagar§f§r§f: on all employees§r§r
20:48:38  
20:48:38 [original] §r§8[§r§714§r§8] §r§7NotShadow7445§7§r§7: anyone got spare cash?§r
20:48:38 [modified] §r§8[§r§b14§8] §r§bNotShadow7445§7: anyone got spare cash?§r§r
20:48:39  
20:48:39 [original] §r§8[§r§a142§r§8] §r§b[MVP§f+§b] Eren_Yeagar§f§r§f: and farm like taht§r
20:48:39 [modified] §r§8[§r§b142§8] §r§bEren_Yeagar§f§r§f: and farm like taht§r§r
20:48:43  
20:48:43 [original] §r§8[§r§f73§r§8] §r§7Mrhapp92011§7§r§7: eren§r
20:48:43 [modified] §r§8[§r§f73§r§8] §r§bMrhapp92011§7: eren§r§r
20:48:46  
20:48:46 [original] §r§8[§r§f73§r§8] §r§7Mrhapp92011§7§r§7: where is this thing?§r
20:48:46 [modified] §r§8[§r§f73§r§8] §r§bMrhapp92011§7: where is this thing?§r§r
20:48:48  
20:48:48 [original] §r§8[§r§2184§r§8] §r§7345ms§7§r§7: u wont have enough to prestige with just lvl 60sd§r
20:48:48 [modified] §r§8[§r§2184§r§8] §r§b345ms§7: u wont have enough to prestige with just lvl 60sd§r§r
20:48:56  
20:48:56 [original] §r§8[§r§2184§r§8] §r§7345ms§7§r§7: back of wilderness§r
20:48:56 [modified] §r§8[§r§2184§r§8] §r§b345ms§7: back of wilderness§r§r
20:48:57  
20:48:57 [original] §r§8[§r§a142§r§8] §r§b[MVP§f+§b] Eren_Yeagar§f§r§f: 345ms i caculated it§r
20:48:57 [modified] §r§8[§r§b142§8] §r§bEren_Yeagar§f§r§f: 345ms i caculated it§r§r
20:49:00  
20:49:00 [original] §r§8[§r§2184§r§8] §r§7345ms§7§r§7: next to sirius§r
20:49:00 [modified] §r§8[§r§2184§r§8] §r§b345ms§7: next to sirius§r§r
20:49:01  
20:49:01 [original] §r§8[§r§a142§r§8] §r§b[MVP§f+§b] Eren_Yeagar§f§r§f: 35h§r
20:49:01 [modified] §r§8[§r§b142§8] §r§bEren_Yeagar§f§r§f: 35h§r§r
20:49:04  
20:49:04 [original] §r§8[§r§a142§r§8] §r§b[MVP§f+§b] Eren_Yeagar§f§r§f: for prestige§r
20:49:04 [modified] §r§8[§r§b142§8] §r§bEren_Yeagar§f§r§f: for prestige§r§r
20:49:10  
20:49:10 [original] §r§8[§r§2184§r§8] §r§7345ms§7§r§7: it ends tmr§r
20:49:10 [modified] §r§8[§r§2184§r§8] §r§b345ms§7: it ends tmr§r§r
20:49:18  
20:49:18 [original] §r§8[§r§711§r§8] §r§7nieldanoob§7§r§7: e§r
20:49:18 [modified] §r§8[§r§b11§8] §r§bnieldanoob§7: e§r§r
20:49:18  
20:49:18 [original] §r§8[§r§a142§r§8] §r§b[MVP§f+§b] Eren_Yeagar§f§r§f: no the event ends tomorrow§r
20:49:18 [modified] §r§8[§r§b142§8] §r§bEren_Yeagar§f§r§f: no the event ends tomorrow§r§r
20:49:20  
20:49:20 [original] §r§8[§r§a142§r§8] §r§b[MVP§f+§b] Eren_Yeagar§f§r§f: not the chocolate§r
20:49:20 [modified] §r§8[§r§b142§8] §r§bEren_Yeagar§f§r§f: not the chocolate§r§r
20:49:23  
20:49:23 [original] §r§8[§r§2184§r§8] §r§7345ms§7§r§7: oh rlly§r
20:49:23 [modified] §r§8[§r§2184§r§8] §r§b345ms§7: oh rlly§r§r
20:49:26  
20:49:26 [original] §r§8[§r§a142§r§8] §r§b[MVP§f+§b] Eren_Yeagar§f§r§f: yea§r
20:49:26 [modified] §r§8[§r§b142§8] §r§bEren_Yeagar§f§r§f: yea§r§r
20:49:27  
20:49:27 [original] §r§8[§r§2196§r§8] §r§5§l࿇ §r§a[VIP] NotTXM§f§r§f: The factory stays open all the time§r
20:49:27 [modified] §r§8[§r§2196§r§8] §r§5§l§r§bNotTXM§f§r§f: The factory stays open all the time§r§r
20:49:32  
20:49:32 [original] §r§8[§r§2184§r§8] §r§7345ms§7§r§7: ohhhhhhhhhhhhhhhhhh§r
20:49:32 [modified] §r§8[§r§2184§r§8] §r§b345ms§7: ohhhhhhhhhhhhhhhhhh§r§r
20:49:33  
20:49:33 [original] §r§8[§r§a142§r§8] §r§b[MVP§f+§b] Eren_Yeagar§f§r§f: ^§r
20:49:33 [modified] §r§8[§r§b142§8] §r§bEren_Yeagar§f§r§f: ^§r§r
20:49:40  
20:49:40 [original] §r§8[§r§2184§r§8] §r§7345ms§7§r§7: well imma make bank wtf§r
20:49:40 [modified] §r§8[§r§2184§r§8] §r§b345ms§7: well imma make bank wtf§r§r
20:49:40  
20:49:40 [original] §r§8[§r§2196§r§8] §r§5§l࿇ §r§a[VIP] NotTXM§f§r§f: You just cant get more rabbits§r
20:49:40 [modified] §r§8[§r§2196§r§8] §r§5§l§r§bNotTXM§f§r§f: You just cant get more rabbits§r§r
20:49:43  
20:49:43 [original] §r§8[§r§a142§r§8] §r§b[MVP§f+§b] Eren_Yeagar§f§r§f: NotTXM§r
20:49:43 [modified] §r§8[§r§b142§8] §r§bEren_Yeagar§f§r§f: NotTXM§r§r
20:49:46  
20:49:46 [original] §r§8[§r§2196§r§8] §r§5§l࿇ §r§a[VIP] NotTXM§f§r§f: Yo§r
20:49:46 [modified] §r§8[§r§2196§r§8] §r§5§l§r§bNotTXM§f§r§f: Yo§r§r
20:49:51  
20:49:51 [original] §r§8[§r§a142§r§8] §r§b[MVP§f+§b] Eren_Yeagar§f§r§f: whats your plan to get to prestige 2§r
20:49:51 [modified] §r§8[§r§b142§8] §r§bEren_Yeagar§f§r§f: whats your plan to get to prestige 2§r§r
20:49:54  
20:49:54 [original] §r§8[§r§2184§r§8] §r§7345ms§7§r§7: but it opens again in liek 4 days tho right?§r
20:49:54 [modified] §r§8[§r§2184§r§8] §r§b345ms§7: but it opens again in liek 4 days tho right?§r§r
20:50:04  
20:50:04 [original] §r§8[§r§a142§r§8] §r§b[MVP§f+§b] Eren_Yeagar§f§r§f: like§r
20:50:04 [modified] §r§8[§r§b142§8] §r§bEren_Yeagar§f§r§f: like§r§r
20:50:06  
20:50:06 [original] §r§8[§r§2196§r§8] §r§5§l࿇ §r§a[VIP] NotTXM§f§r§f: Idk yet I will see when it re opens :P§r
20:50:06 [modified] §r§8[§r§2196§r§8] §r§5§l§r§bNotTXM§f§r§f: Idk yet I will see when it re opens :P§r§r
20:50:17  
20:50:17 [original] §r§8[§r§a142§r§8] §r§b[MVP§f+§b] Eren_Yeagar§f§r§f: idk if i should stay on employees lvl 60§r
20:50:17 [modified] §r§8[§r§b142§8] §r§bEren_Yeagar§f§r§f: idk if i should stay on employees lvl 60§r§r
20:50:23  
20:50:23 [original] §r§8[§r§a142§r§8] §r§b[MVP§f+§b] Eren_Yeagar§f§r§f: or keep levelinggg§r
20:50:23 [modified] §r§8[§r§b142§8] §r§bEren_Yeagar§f§r§f: or keep levelinggg§r§r
20:50:42  
20:50:42 [original] §r§8[§r§2196§r§8] §r§5§l࿇ §r§a[VIP] NotTXM§f§r§f: Do what you feel, not always one way of doing things§r
20:50:42 [modified] §r§8[§r§2196§r§8] §r§5§l§r§bNotTXM§f§r§f: Do what you feel, not always one way of doing things§r§r
20:50:59  
20:50:59 [original] §r§8[§r§a142§r§8] §r§b[MVP§f+§b] Eren_Yeagar§f§r§f: ill just do math§r
20:50:59 [modified] §r§8[§r§b142§8] §r§bEren_Yeagar§f§r§f: ill just do math§r§r
20:51:22  
20:51:22 [original] §r§8[§r§2184§r§8] §r§7345ms§7§r§7: ohhh can these sussy admins hurry uppppppppppppppppp§r
20:51:22 [modified] §r§8[§r§2184§r§8] §r§b345ms§7: ohhh can these sussy admins hurry uppppppppppppppppp§r§r
20:51:38  
20:51:38 [original] §r§8[§r§2184§r§8] §r§7345ms§7§r§7: my oompa loompa slavs are gettign crushed§r
20:51:38 [modified] §r§8[§r§2184§r§8] §r§b345ms§7: my oompa loompa slavs are gettign crushed§r§r
20:51:44  
20:51:44 [original] §r§8[§r§a142§r§8] §r§b[MVP§f+§b] Eren_Yeagar§f§r§f: if i get 2000 per second, i can get the prestige in less then 24hours§r
20:51:44 [modified] §r§8[§r§b142§8] §r§bEren_Yeagar§f§r§f: if i get 2000 per second, i can get the prestige in less then 24hours§r§r
20:51:52  
20:51:52 [original] §r§8[§r§a142§r§8] §r§b[MVP§f+§b] Eren_Yeagar§f§r§f: on 1200 its 35h§r
20:51:52 [modified] §r§8[§r§b142§8] §r§bEren_Yeagar§f§r§f: on 1200 its 35h§r§r
20:51:54  
20:51:54 [original] §r§8[§r§a142§r§8] §r§b[MVP§f+§b] Eren_Yeagar§f§r§f: hmm§r
20:51:54 [modified] §r§8[§r§b142§8] §r§bEren_Yeagar§f§r§f: hmm§r§r
20:52:10  
20:52:10 [original] §r§8[§r§2184§r§8] §r§7345ms§7§r§7: how many rabbits u got§r
20:52:10 [modified] §r§8[§r§2184§r§8] §r§b345ms§7: how many rabbits u got§r§r
20:52:13  
20:52:13 [original] §r§8[§r§9293§r§8] §r§7§l℻ §r§b[MVP§2+§b] 3Mai§f§r§f: Lowballing with 600M purse visit me§r
20:52:13 [modified] §r§8[§r§9293§r§8] §r§7§l§r§b3Mai§f§r§7: Lowballing with 600M purse visit me§r§r
20:52:17  
20:52:17 [original] §r§8[§r§a142§r§8] §r§b[MVP§f+§b] Eren_Yeagar§f§r§f: like 25§r
20:52:17 [modified] §r§8[§r§b142§8] §r§bEren_Yeagar§f§r§f: like 25§r§r
20:52:21  
20:52:21 [original] §r§8[§r§a142§r§8] §r§b[MVP§f+§b] Eren_Yeagar§f§r§f: i dont farm them§r
20:52:21 [modified] §r§8[§r§b142§8] §r§bEren_Yeagar§f§r§f: i dont farm them§r§r
20:52:23  
20:52:23 [original] §r§8[§r§2184§r§8] §r§7345ms§7§r§7: oh§r
20:52:23 [modified] §r§8[§r§2184§r§8] §r§b345ms§7: oh§r§r
20:52:26  
20:52:26 [original] §r§8[§r§2184§r§8] §r§7345ms§7§r§7: i have like 55§r
20:52:26 [modified] §r§8[§r§2184§r§8] §r§b345ms§7: i have like 55§r§r
20:52:31  
20:52:31 [original] §r§8[§r§a142§r§8] §r§b[MVP§f+§b] Eren_Yeagar§f§r§f: i think its useless until rare+§r
20:52:31 [modified] §r§8[§r§b142§8] §r§bEren_Yeagar§f§r§f: i think its useless until rare+§r§r
20:52:37  
20:52:37 [original] §r§8[§r§a142§r§8] §r§b[MVP§f+§b] Eren_Yeagar§f§r§f: but i take eggs once in a while§r
20:52:37 [modified] §r§8[§r§b142§8] §r§bEren_Yeagar§f§r§f: but i take eggs once in a while§r§r
20:52:43  
20:52:43 [original] §r§8[§r§2184§r§8] §r§7345ms§7§r§7: makes sense§r
20:52:43 [modified] §r§8[§r§2184§r§8] §r§b345ms§7: makes sense§r§r
20:52:58  
20:52:58 [original] §r§8[§r§2196§r§8] §r§5§l࿇ §r§a[VIP] NotTXM§f§r§f: HOPPITY'S HUNT You found a Chocolate Dinner Egg at the Fisherman's Hut!§r
20:52:58 [modified] §r§8[§r§2196§r§8] §r§5§l§r§bNotTXM§f§r§f: HOPPITY'S HUNT You found a Chocolate Dinner Egg at the Fisherman's Hut!§r§r
20:52:58  
20:52:58 [original] §r§8[§r§a142§r§8] §r§b[MVP§f+§b] Eren_Yeagar§f§r§f: i wasnt even home today§r
20:52:58 [modified] §r§8[§r§b142§8] §r§bEren_Yeagar§f§r§f: i wasnt even home today§r§r
20:53:01  
20:53:01 [original] §r§8[§r§a142§r§8] §r§b[MVP§f+§b] Eren_Yeagar§f§r§f: so i just farmed it§r
20:53:01 [modified] §r§8[§r§b142§8] §r§bEren_Yeagar§f§r§f: so i just farmed it§r§r
20:53:02  
20:53:02 [original] §r§8[§r§2184§r§8] §r§7345ms§7§r§7: thx§r
20:53:02 [modified] §r§8[§r§2184§r§8] §r§b345ms§7: thx§r§r
20:53:05  
20:53:05 [original] §r§8[§r§a142§r§8] §r§b[MVP§f+§b] Eren_Yeagar§f§r§f: earlier today§r
20:53:05 [modified] §r§8[§r§b142§8] §r§bEren_Yeagar§f§r§f: earlier today§r§r
20:53:09  
20:53:09 [original] §r§8[§r§a142§r§8] §r§b[MVP§f+§b] Eren_Yeagar§f§r§f: and let it run§r
20:53:09 [modified] §r§8[§r§b142§8] §r§bEren_Yeagar§f§r§f: and let it run§r§r
20:53:24  
20:53:24 [original] §r§8[§r§2184§r§8] §r§7345ms§7§r§7: bro im getting liek 9 uncomms back to back§r
20:53:24 [modified] §r§8[§r§2184§r§8] §r§b345ms§7: bro im getting liek 9 uncomms back to back§r§r
20:53:26  
20:53:26 [original] §r§8[§r§2196§r§8] §r§5§l࿇ §r§a[VIP] NotTXM§f§r§f: finally§r
20:53:26 [modified] §r§8[§r§2196§r§8] §r§5§l§r§bNotTXM§f§r§f: finally§r§r
20:53:32  
20:53:32 [original] §r§8[§r§2196§r§8] §r§5§l࿇ §r§a[VIP] NotTXM§f§r§f: lets go please be open§r
20:53:32 [modified] §r§8[§r§2196§r§8] §r§5§l§r§bNotTXM§f§r§f: lets go please be open§r§r
20:53:32  
20:53:32 [original] §r§8[§r§2184§r§8] §r§7345ms§7§r§7: twhy coudlnt i get this ealrier§r
20:53:32 [modified] §r§8[§r§2184§r§8] §r§b345ms§7: twhy coudlnt i get this ealrier§r§r
20:53:35  
20:53:35 [original] §r§8[§r§a142§r§8] §r§b[MVP§f+§b] Eren_Yeagar§f§r§f: bruh its crashed§r
20:53:35 [modified] §r§8[§r§b142§8] §r§bEren_Yeagar§f§r§f: bruh its crashed§r§r
20:53:45  
20:53:45 [original] §r§8[§r§a142§r§8] §r§b[MVP§f+§b] Eren_Yeagar§f§r§f: well bye guys§r
20:53:45 [modified] §r§8[§r§b142§8] §r§bEren_Yeagar§f§r§f: well bye guys§r§r
20:53:46  
20:53:46 [original] §r§8[§r§a142§r§8] §r§b[MVP§f+§b] Eren_Yeagar§f§r§f: was fun§r
20:53:46 [modified] §r§8[§r§b142§8] §r§bEren_Yeagar§f§r§f: was fun§r§r
20:53:48  
20:53:48 [original] §r§8[§r§2184§r§8] §r§7345ms§7§r§7: welp cya everyone§r
20:53:48 [modified] §r§8[§r§2184§r§8] §r§b345ms§7: welp cya everyone§r§r
22:07:04  
22:07:04 [original] §r§8[§r§b238§r§8] §r§6✎ §r§a[VIP§6+§a] __Sandwich_man__§f§r§f: [10:06 PM] HOPPITY'S HUNT You found a Chocolate Lunch Egg next to the Farmhouse!§r
22:07:04 [modified] §r§8[§r§b238§8] §r§6§r§b__Sandwich_man__§f§r§f: [10:06 PM] HOPPITY'S HUNT You found a Chocolate Lunch Egg next to the Farmhouse!§r§r
22:07:12  
22:07:12 [original] §r§8[§r§b238§r§8] §r§6✎ §r§a[VIP§6+§a] __Sandwich_man__§f§r§f: if some1 needs it§r
22:07:12 [modified] §r§8[§r§b238§8] §r§6§r§b__Sandwich_man__§f§r§f: if some1 needs it§r§r
22:07:16  
22:07:16 [original] §r§8[§r§d335§r§8] §r§6§lᛝ §r§b[MVP§4+§b] Gape_§f§r§f: x: 18, y: 70, z: -78§r
22:07:16 [modified] §r§8[§r§d335§r§8] §r§6§l§r§bGape_§f§r§f: x: 18, y: 70, z: -78§r§r
