18:33:48 [allowed] §aYou have §b24 §aunclaimed leveling rewards!
18:33:48 [allowed] §eClick here to view them!
18:33:48 [allowed] §aYou have §618 §aunclaimed achievement rewards!
18:33:48 [allowed] §eClick here to view them!
18:33:51 [allowed] §eLatest update: §bSkyBlock v0.20.1 §e§lCLICK
18:34:09 [allowed] §cThis ability is on cooldown for 1s.
18:34:10 [allowed] §cThis ability is on cooldown for 1s.
18:34:47 [allowed] §cThis ability is on cooldown for 1s.
18:34:48 [allowed] §cThis ability is on cooldown for 1s.
18:34:48 [allowed] §cThis ability is on cooldown for 1s.
18:34:48 [allowed] §cThis ability is on cooldown for 1s.
18:34:49 [allowed] §a§r§6Mining Speed Boost §r§ais now available!
18:34:50 [allowed] §cThis ability is on cooldown for 1s.
18:34:50 [allowed] §cThis ability is on cooldown for 1s.
18:34:50 [allowed] §cThis ability is on cooldown for 1s.
18:34:50 [allowed] §cThis ability is on cooldown for 1s.
18:34:57 [allowed] §4ൠ §r§7The Worm seems to have burrowed its way to somewhere else in the plot!
18:34:59 [allowed] §cThis ability is on cooldown for 1s.
18:34:59 [allowed] §cThis ability is on cooldown for 1s.
18:35:02 [allowed] §e[NPC] Jacob§r§f: The Farming Contest is over!
18:35:02 [allowed] §e[NPC] Jacob§r§f: Let me count the final results eh?
18:35:03 [allowed] §4ൠ §r§7Find the Worm!
18:35:05 [allowed] §cThis ability is on cooldown for 1s.
18:35:06 [allowed] §cThis ability is on cooldown for 1s.
18:35:06 [allowed] §cThis ability is on cooldown for 1s.
18:35:06 [allowed] §6[Sacks] §r§a+2§r§e items§r§e.§r§8 (Last 5s.)
18:35:06 [allowed] §cThis ability is on cooldown for 1s.
18:35:06 [allowed] §e[NPC] Jacob§f: §rYou didn't earn a medal, but you may claim a participation reward in the §aWheat Contest§f!
18:35:07 [allowed] §cThis ability is on cooldown for 1s.
18:35:07 [allowed] §cThis ability is on cooldown for 1s.
18:35:07 [allowed] §cThis ability is on cooldown for 1s.
18:35:08 [allowed] §cThis ability is on cooldown for 1s.
18:35:08 [allowed] §cThis ability is on cooldown for 1s.
18:35:10 [allowed] §3§l▬▬▬▬▬▬▬▬▬▬▬▬▬▬▬▬▬▬▬▬▬▬▬▬▬▬▬▬▬▬▬▬▬▬▬▬▬▬▬▬▬▬▬▬▬▬▬▬▬▬▬▬▬▬▬▬▬▬▬▬▬▬▬▬
18:35:10 [allowed] §eYou received §a2x Enchanted Melon §efor killing an §6Earthworm§e!
18:35:11 [allowed] §e[NPC] Jacob§f: §rYou collected §e2,592 §fitems!
18:35:12 [allowed] §cThis ability is on cooldown for 1s.
18:35:12 [allowed] §cThis ability is on cooldown for 1s.
18:35:12 [allowed] §cThis ability is on cooldown for 1s.
18:35:13 [allowed] §aTeleported you to §r§aPlot §r§7- §r§b5§r§a!
18:35:15 [allowed] §6[Sacks] §r§a+2§r§e items§r§e.§r§8 (Last 5s.)
18:35:18 [allowed] §cThis ability is on cooldown for 1s.
18:35:19 [allowed] §cThis ability is on cooldown for 1s.
18:35:19 [allowed] §cThis ability is on cooldown for 1s.
18:35:19 [allowed] §cThis ability is on cooldown for 1s.
18:35:20 [allowed] §cThis ability is on cooldown for 1s.
18:35:20 [allowed] §cThis ability is on cooldown for 1s.
18:35:20 [allowed] §cThis ability is on cooldown for 1s.
18:35:28 [allowed] §4ൠ §r§7The Worm seems to have burrowed its way to somewhere else in the plot!
18:35:29 [allowed] §cThis ability is on cooldown for 1s.
18:35:30 [allowed] §cThis ability is on cooldown for 1s.
18:35:30 [allowed] §cThis ability is on cooldown for 1s.
18:35:30 [allowed] §cThis ability is on cooldown for 1s.
18:35:31 [allowed] §cThis ability is on cooldown for 1s.
18:35:31 [allowed] §cThis ability is on cooldown for 1s.
18:35:31 [allowed] §cThis ability is on cooldown for 1s.
18:35:32 [allowed] §cThis ability is on cooldown for 1s.
18:35:32 [allowed] §cThis ability is on cooldown for 1s.
18:35:33 [allowed] §cThis ability is on cooldown for 1s.
18:35:33 [allowed] §cThis ability is on cooldown for 1s.
18:35:39 [allowed] §4ൠ §r§7The Worm seems to have burrowed its way to somewhere else in the plot!
18:35:40 [allowed] §cThis ability is on cooldown for 1s.
18:35:41 [allowed] §cThis ability is on cooldown for 1s.
18:35:41 [allowed] §cThis ability is on cooldown for 1s.
18:35:41 [allowed] §cThis ability is on cooldown for 1s.
18:35:46 [allowed] §4ൠ §r§7Find the Worm!
18:35:48 [allowed] §cThis ability is on cooldown for 1s.
18:35:48 [allowed] §cThis ability is on cooldown for 1s.
18:35:48 [allowed] §cThis ability is on cooldown for 1s.
18:35:48 [allowed] §cThis ability is on cooldown for 1s.
18:35:49 [allowed] §cThis ability is on cooldown for 1s.
18:35:50 [allowed] §cThis ability is on cooldown for 1s.
18:35:55 [allowed] §eYou received §a2x Enchanted Melon §efor killing an §6Earthworm§e!
18:35:58 [allowed] §aTeleported you to §r§aPlot §r§7- §r§b2§r§a!
18:36:01 [allowed] §6[Sacks] §r§a+2§r§e items§r§e.§r§8 (Last 5s.)
18:36:10 [allowed] §aYour Garden is no longer infested and your §r§6☘ Farming Fortune §r§ahas returned to normal!
18:36:10 [allowed] §eYou received §a2x Enchanted Cocoa Beans §efor killing a §6Moth§e!
18:36:12 [allowed] §cThis ability is on cooldown for 1s.
18:36:12 [allowed] §cThis ability is on cooldown for 1s.
18:36:12 [allowed] §cThis ability is on cooldown for 1s.
18:36:12 [allowed] §cThis ability is on cooldown for 1s.
18:36:13 [allowed] §cThis ability is on cooldown for 1s.
18:36:15 [allowed] §6[Sacks] §r§a+2§r§e items§r§e.§r§8 (Last 5s.)
18:36:25 [allowed] §3§l▬▬▬▬▬▬▬▬▬▬▬▬▬▬▬▬▬▬▬▬▬▬▬▬▬▬▬▬▬▬▬▬▬▬▬▬▬▬▬▬▬▬▬▬▬▬▬▬▬▬▬▬▬▬▬▬▬▬▬▬▬▬▬▬
18:36:25 [allowed] §eYou received §a2x Enchanted Carrot §efor killing a §6Cricket§e!
18:36:28 [allowed] §cThis ability is on cooldown for 1s.
18:36:31 [allowed] §6[Sacks] §r§a+2§r§e items§r§e.§r§8 (Last 5s.)
18:36:35 [allowed] §eYou received §a3x Enchanted Potato §efor killing a §6Locust§e!
18:36:41 [allowed] §cCouldn't find Plot 4!
18:36:41 [allowed] §6[Sacks] §r§a+3§r§e items§r§e.§r§8 (Last 5s.)
18:37:06 [allowed] §eYou received §a2x Enchanted Red Mushroom §efor killing a §6Slug§e!
18:37:07 [allowed] §cThere are not any Pests on your Garden right now! Keep farming!
18:37:08 [allowed] §cThere are not any Pests on your Garden right now! Keep farming!
18:37:08 [allowed] §cThere are not any Pests on your Garden right now! Keep farming!
18:37:17 [allowed] §6[Bazaar] §r§7Executing instant sell...
18:37:17 [allowed] §6[Bazaar] §r§7Sold §r§a14§r§7x §r§aEnchanted Diamond §r§7for §r§617,937 coins§r§7!
18:37:17 [allowed] §6[Bazaar] §r§7Sold §r§a154§r§7x §r§aEnchanted Slimeball §r§7for §r§6323,400 coins§r§7!
18:37:18 [allowed] §6[Bazaar] §r§7Executing instant sell...
18:37:18 [allowed] §6[Bazaar] §r§7Sold §r§a4§r§7x §r§aEnchanted Melon §r§7for §r§61,220 coins§r§7!
18:37:18 [allowed] §6[Bazaar] §r§7Sold §r§a2§r§7x §r§aEnchanted Cocoa Beans §r§7for §r§61,379 coins§r§7!
18:37:18 [allowed] §6[Bazaar] §r§7Sold §r§a2§r§7x §r§aEnchanted Carrot §r§7for §r§61,362 coins§r§7!
18:37:18 [allowed] §6[Bazaar] §r§7Sold §r§a3§r§7x §r§aEnchanted Potato §r§7for §r§61,338.9 coins§r§7!
18:37:18 [allowed] §6[Bazaar] §r§7Sold §r§a277§r§7x §r§fDiamond §r§7for §r§61,994.4 coins§r§7!
18:37:18 [allowed] §6[Bazaar] §r§7Sold §r§a2§r§7x §r§aEnchanted Red Mushroom §r§7for §r§63,073 coins§r§7!
18:37:18 [allowed] §6[Bazaar] §r§7Sold §r§a15§r§7x §r§fCobblestone §r§7for §r§616.5 coins§r§7!
18:37:18 [allowed] §6[Bazaar] §r§7Sold §r§a575§r§7x §r§fMithril §r§7for §r§68,165 coins§r§7!
18:37:18 [allowed] §6[Bazaar] §r§7Sold §r§a4§r§7x §r§9Starfall §r§7for §r§610,674 coins§r§7!
18:37:18 [allowed] §6[Bazaar] §r§7Sold §r§a2§r§7x §r§aEnchanted Hay Bale §r§7for §r§615,558 coins§r§7!
18:37:18 [allowed] §6[Bazaar] §r§7Sold §r§a44§r§7x §r§9Titanium §r§7for §r§65,372.4 coins§r§7!
18:37:18 [allowed] §6[Bazaar] §r§7Sold §r§a592§r§7x §r§fSlimeball §r§7for §r§614,445 coins§r§7!
18:37:18 [allowed] §6[Bazaar] §r§7Sold §r§a2§r§7x §r§aEnchanted Brown Mushroom §r§7for §r§63,020.4 coins§r§7!
18:37:18 [allowed] §6[Bazaar] §r§7Sold §r§a2§r§7x §r§fPotato §r§7for §r§64.4 coins§r§7!
18:37:24 [allowed] §6[Sacks] §r§c-1,526§r§e items§r§e.§r§8 (Last 5s.)
18:37:25 [allowed] §8Withdrawing coins...
18:37:25 [allowed] §aWithdrew §r§656M coins§r§a! There's now §r§6224M coins §r§aleft in the account!
18:38:30 [allowed] §a§r§6Mining Speed Boost §r§ais now available!
18:38:58 [allowed]   §r§6§lFARMING CONTEST REWARDS CLAIMED
18:38:58 [allowed]    §r§e§l» §r§aWheat §r§fContest on §r§eEarly Summer 11th, Year 346
18:38:58 [allowed]   §r§a§lREWARD
18:38:58 [allowed]     §r§7§8+§aJacob's Ticket
18:39:48 [allowed] §cThere are blocks in the way!
18:39:51 [allowed] §8Depositing coins...
18:39:51 [allowed] §aDeposited §r§656M coins§r§a! There's now §r§6281M coins §r§ain the account!
18:39:56 [allowed] §8[§r§f41§r§8] §r§7WM_WhoKnows§7§r§7: Is aurora staff any good?
18:40:22 [allowed] §8[§r§2161§r§8] §r§7§l㋖ §r§b[MVP§f+§b] RakoABR§f§r§f: kind of
18:40:37 [allowed] §8[§r§b239§r§8] §r§5§l࿇ §r§a[VIP] Herobros_0902§f§r§f: turns out i have 17m in minions
18:40:46 [allowed] §8[§r§2161§r§8] §r§7§l㋖ §r§b[MVP§f+§b] RakoABR§f§r§f: yes if your mana is high enough and you don't have money for any better weapon
18:40:47 [allowed] §a§r§6Mining Speed Boost §r§ais now available!
18:41:01 [allowed] §8[§r§2161§r§8] §r§7§l㋖ §r§b[MVP§f+§b] RakoABR§f§r§f: 17 mil in one minion or in all?
18:41:07 [allowed] §8[§r§b239§r§8] §r§5§l࿇ §r§a[VIP] Herobros_0902§f§r§f: all
18:41:18 [allowed] §8[§r§2161§r§8] §r§7§l㋖ §r§b[MVP§f+§b] RakoABR§f§r§f: how many minions?
18:41:23 [allowed] §8[§r§b239§r§8] §r§5§l࿇ §r§a[VIP] Herobros_0902§f§r§f: 26
18:41:33 [allowed] §8[§r§b239§r§8] §r§5§l࿇ §r§a[VIP] Herobros_0902§f§r§f: in hopper
18:41:43 [allowed] §8[§r§2161§r§8] §r§7§l㋖ §r§b[MVP§f+§b] RakoABR§f§r§f: hm then i assume you have a slime setup?!
18:41:47 [allowed] §8[§r§2161§r§8] §r§7§l㋖ §r§b[MVP§f+§b] RakoABR§f§r§f: right?
18:41:51 [allowed] §8[§r§b239§r§8] §r§5§l࿇ §r§a[VIP] Herobros_0902§f§r§f: correct!
18:42:16 [allowed] §8[§r§2161§r§8] §r§7§l㋖ §r§b[MVP§f+§b] RakoABR§f§r§f: then you haven't emptied them in like 5 days right?
18:42:18 [allowed] §8[§r§f41§r§8] §r§7WM_WhoKnows§7§r§7: I need a weapon that can sweep large mob areas :P So i tought Aurora Staff is a good option (?
18:42:27 [allowed] §8[§r§b239§r§8] §r§5§l࿇ §r§a[VIP] Herobros_0902§f§r§f: i think so
18:42:32 [allowed] §8[§r§b239§r§8] §r§5§l࿇ §r§a[VIP] Herobros_0902§f§r§f: i think 3 days
18:42:36 [allowed] §8[§r§2161§r§8] §r§7§l㋖ §r§b[MVP§f+§b] RakoABR§f§r§f: oh wait derpy was on so like more 2-3
18:42:42 [allowed] §8Withdrawing coins...
18:42:42 [allowed] §aWithdrew §r§65M coins§r§a! There's now §r§6276M coins §r§aleft in the account!
18:43:15 [allowed] §8[§r§2161§r§8] §r§7§l㋖ §r§b[MVP§f+§b] RakoABR§f§r§f: yea i was kinda surprised that i had like 75mil in mine all of a sudden
18:43:28 [allowed] §8[§r§b239§r§8] §r§5§l࿇ §r§a[VIP] Herobros_0902§f§r§f: mine made more than 75m
18:43:34 [allowed] §7Putting coins in escrow...
18:43:34 [allowed] §7Processing purchase...
18:43:34 [allowed] §eYou purchased §r§f§r§f§r§6⚚ Shadow Assassin Cloak §r§efor §r§64,200,000 coins§r§e!
18:43:34 [allowed] §7Claiming BIN auction...
18:43:34 [allowed] §eYou claimed §r§f§r§6⚚ Shadow Assassin Cloak §r§efrom §r§a[VIP] coooolguyyy§r§e's auction!
18:43:41 [allowed] §8[§r§2161§r§8] §r§7§l㋖ §r§b[MVP§f+§b] RakoABR§f§r§f: you have a minion more than me
18:44:01 [allowed] §8[§r§b239§r§8] §r§5§l࿇ §r§a[VIP] Herobros_0902§f§r§f: i made around 87m
18:44:02 [allowed] §cYou don't have enough coins to afford this bid!
18:44:03 [allowed] §8[§r§b239§r§8] §r§5§l࿇ §r§a[VIP] Herobros_0902§f§r§f: all together
18:44:10 [allowed] §8Withdrawing coins...
18:44:10 [allowed] §aWithdrew §r§610M coins§r§a! There's now §r§6266M coins §r§aleft in the account!
18:44:16 [allowed] §7Putting coins in escrow...
18:44:16 [allowed] §7Processing purchase...
18:44:16 [allowed] §eYou purchased §r§f§r§f§r§5Adaptive Belt §r§efor §r§6960,000 coins§r§e!
18:44:16 [allowed] §7Claiming BIN auction...
18:44:16 [allowed] §eYou claimed §r§f§r§5Adaptive Belt §r§efrom §r§b[MVP§r§6+§r§b] MyHi_kappa§r§e's auction!
18:44:24 [allowed] §8[§r§2161§r§8] §r§7§l㋖ §r§b[MVP§f+§b] RakoABR§f§r§f: not bad
18:44:31 [allowed] §8[§r§2161§r§8] §r§7§l㋖ §r§b[MVP§f+§b] RakoABR§f§r§f: i gave away 50 mil
18:44:38 [allowed] §8[§r§2161§r§8] §r§7§l㋖ §r§b[MVP§f+§b] RakoABR§f§r§f: cause my bank was full..
18:44:39 [allowed] §8[§r§b239§r§8] §r§5§l࿇ §r§a[VIP] Herobros_0902§f§r§f: bruh why
18:44:45 [allowed] §8[§r§b239§r§8] §r§5§l࿇ §r§a[VIP] Herobros_0902§f§r§f: bro
18:44:51 [allowed] §8[§r§2161§r§8] §r§7§l㋖ §r§b[MVP§f+§b] RakoABR§f§r§f: and that guy was nice
18:44:52 [allowed] §8[§r§b239§r§8] §r§5§l࿇ §r§a[VIP] Herobros_0902§f§r§f: booster cookie's way cheaper than 50m
18:45:07 [allowed] §8[§r§2161§r§8] §r§7§l㋖ §r§b[MVP§f+§b] RakoABR§f§r§f: don't care gotta help new ones sometimes
18:45:19 [allowed] §8[§r§2161§r§8] §r§7§l㋖ §r§b[MVP§f+§b] RakoABR§f§r§f: otherwise i wouldn't have made it this far
18:45:20 [allowed] §8[§r§b239§r§8] §r§5§l࿇ §r§a[VIP] Herobros_0902§f§r§f: lemmi buy epic bal for taming cap lol
18:45:28 [allowed] §cThere are blocks in the way!
18:45:31 [allowed] §cThere are blocks in the way!
18:45:41 [allowed] §8[§r§b239§r§8] §r§5§l࿇ §r§a[VIP] Herobros_0902§f§r§f: yea its cheap rn
18:45:42 [allowed] §8[§r§b239§r§8] §r§5§l࿇ §r§a[VIP] Herobros_0902§f§r§f: 10m
18:45:45 [allowed] §aYou reforged your §r§6⚚ Shadow Assassin Cloak §r§ainto a §r§6⚚ Hefty Shadow Assassin Cloak§r§a!
18:45:46 [allowed] §8[§r§2161§r§8] §r§7§l㋖ §r§b[MVP§f+§b] RakoABR§f§r§f: i got so much when i was new just gifts
18:45:46 [allowed] §aYou reforged your §r§6⚚ Hefty Shadow Assassin Cloak §r§ainto a §r§6⚚ Colossal Shadow Assassin Cloak§r§a!
18:45:47 [allowed] §8[§r§f41§r§8] §r§7WM_WhoKnows§7§r§7: This guy giving away 50M and me struggling to buy a Gemstone Gauntlet
18:45:47 [allowed] §aYou reforged your §r§6⚚ Colossal Shadow Assassin Cloak §r§ainto a §r§6⚚ Hefty Shadow Assassin Cloak§r§a!
18:45:48 [allowed] §aYou reforged your §r§6⚚ Hefty Shadow Assassin Cloak §r§ainto a §r§6⚚ Honored Shadow Assassin Cloak§r§a!
18:45:48 [allowed] §aYou reforged your §r§6⚚ Honored Shadow Assassin Cloak §r§ainto a §r§6⚚ Colossal Shadow Assassin Cloak§r§a!
18:45:49 [allowed] §aYou reforged your §r§6⚚ Colossal Shadow Assassin Cloak §r§ainto a §r§6⚚ Hefty Shadow Assassin Cloak§r§a!
18:45:49 [allowed] §aYou reforged your §r§6⚚ Hefty Shadow Assassin Cloak §r§ainto a §r§6⚚ Colossal Shadow Assassin Cloak§r§a!
18:45:50 [allowed] §aYou reforged your §r§6⚚ Colossal Shadow Assassin Cloak §r§ainto a §r§6⚚ Brilliant Shadow Assassin Cloak§r§a!
18:45:50 [allowed] §aYou reforged your §r§6⚚ Brilliant Shadow Assassin Cloak §r§ainto a §r§6⚚ Colossal Shadow Assassin Cloak§r§a!
18:45:51 [allowed] §aYou reforged your §r§6⚚ Colossal Shadow Assassin Cloak §r§ainto a §r§6⚚ Hefty Shadow Assassin Cloak§r§a!
18:45:51 [allowed] §aYou reforged your §r§6⚚ Hefty Shadow Assassin Cloak §r§ainto a §r§6⚚ Stained Shadow Assassin Cloak§r§a!
18:45:52 [allowed] §aYou reforged your §r§6⚚ Stained Shadow Assassin Cloak §r§ainto a §r§6⚚ Soft Shadow Assassin Cloak§r§a!
18:45:52 [allowed] §cWait a moment before reforging again!
18:45:53 [allowed] §aYou reforged your §r§6⚚ Soft Shadow Assassin Cloak §r§ainto a §r§6⚚ Menacing Shadow Assassin Cloak§r§a!
18:45:53 [allowed] §aYou reforged your §r§6⚚ Menacing Shadow Assassin Cloak §r§ainto a §r§6⚚ Hefty Shadow Assassin Cloak§r§a!
18:45:54 [allowed] §aYou reforged your §r§6⚚ Hefty Shadow Assassin Cloak §r§ainto a §r§6⚚ Blended Shadow Assassin Cloak§r§a!
18:45:58 [allowed] §aYou reforged your §r§5Adaptive Belt §r§ainto a §r§5Soft Adaptive Belt§r§a!
18:45:58 [allowed] §cWait a moment before reforging again!
18:45:58 [allowed] §cWait a moment before reforging again!
18:45:58 [allowed] §aYou reforged your §r§5Soft Adaptive Belt §r§ainto a §r§5Astute Adaptive Belt§r§a!
18:45:58 [allowed] §cWait a moment before reforging again!
18:45:59 [allowed] §cWait a moment before reforging again!
18:45:59 [allowed] §aYou reforged your §r§5Astute Adaptive Belt §r§ainto a §r§5Colossal Adaptive Belt§r§a!
18:45:59 [allowed] §8[§r§b239§r§8] §r§5§l࿇ §r§a[VIP] Herobros_0902§f§r§f: taming 54
18:45:59 [allowed] §cWait a moment before reforging again!
18:45:59 [allowed] §aYou reforged your §r§5Colossal Adaptive Belt §r§ainto a §r§5Hefty Adaptive Belt§r§a!
18:46:00 [allowed] §cWait a moment before reforging again!
18:46:00 [allowed] §aYou reforged your §r§5Hefty Adaptive Belt §r§ainto a §r§5Honored Adaptive Belt§r§a!
18:46:00 [allowed] §cWait a moment before reforging again!
18:46:00 [allowed] §cWait a moment before reforging again!
18:46:01 [allowed] §aYou reforged your §r§5Honored Adaptive Belt §r§ainto a §r§5Blended Adaptive Belt§r§a!
18:46:01 [allowed] §cWait a moment before reforging again!
18:46:12 [allowed] §8[§r§2161§r§8] §r§7§l㋖ §r§b[MVP§f+§b] RakoABR§f§r§f: nice
18:46:23 [allowed] §cYou must double tap the drop button to drop this item!
18:46:23 [allowed] §cYou can disable this in the §r§fSettings§r§c in your §r§aSkyBlock Menu§r§c!
18:46:24 [allowed] §cYou must double tap the drop button to drop this item!
18:46:24 [allowed] §cYou can disable this in the §r§fSettings§r§c in your §r§aSkyBlock Menu§r§c!
18:46:27 [allowed] §8[§r§b239§r§8] §r§5§l࿇ §r§a[VIP] Herobros_0902§f§r§f: lemmi see baby yeti price
18:46:40 [allowed] §8[§r§b239§r§8] §r§5§l࿇ §r§a[VIP] Herobros_0902§f§r§f: 6.5m
18:46:51 [allowed] §6§lRARE DROP! §r§fPotato §r§b(+§r§b26% §r§b✯ Magic Find§r§b)
18:46:52 [allowed] §8[§r§3240§r§8] §r§5§l࿇ §r§a[VIP] Herobros_0902§f§r§f: people can flip rn
18:46:53 [allowed] §8[§r§3240§r§8] §r§5§l࿇ §r§a[VIP] Herobros_0902§f§r§f: NOOOO
18:46:57 [allowed] §8[§r§2161§r§8] §r§7§l㋖ §r§b[MVP§f+§b] RakoABR§f§r§f: what?
18:46:58 [allowed] §8[§r§3240§r§8] §r§5§l࿇ §r§a[VIP] Herobros_0902§f§r§f: THIS COLOUR LOOKS SO BAD
18:47:01 [allowed] §8[§r§2168§r§8] §r§b[MVP§d+§b] Jakethe_3rd§f§r§f: what
18:47:01 [allowed] §6[Sacks] §r§a+18§r§e items§r§e.§r§8 (Last 22s.)
18:47:02 [allowed] §8[§r§3240§r§8] §r§5§l࿇ §r§a[VIP] Herobros_0902§f§r§f: EWWW
18:47:07 [allowed] §8[§r§3240§r§8] §r§5§l࿇ §r§a[VIP] Herobros_0902§f§r§f: lvl colour
18:47:10 [allowed] §8Depositing coins...
18:47:10 [allowed] §aDeposited §r§69.7M coins§r§a! There's now §r§6276M coins §r§ain the account!
18:47:17 [allowed] §8[§r§2168§r§8] §r§b[MVP§d+§b] Jakethe_3rd§f§r§f: you can change it
18:47:20 [allowed] §8[§r§2161§r§8] §r§7§l㋖ §r§b[MVP§f+§b] RakoABR§f§r§f: eh it ain't THAT bad
18:47:29 [allowed] §8[§r§2161§r§8] §r§7§l㋖ §r§b[MVP§f+§b] RakoABR§f§r§f: (it is that bad)
18:47:32 [allowed] §6[Sacks] §r§a+10§r§e items§r§e.§r§8 (Last 18s.)
18:47:42 [allowed] §8[§r§f46§r§8] §r§7cyberbunny12§7§r§7: ww
18:47:51 [allowed] §6[Sacks] §r§a+6§r§e items§r§e.§r§8 (Last 14s.)
18:47:52 [allowed] §8[§r§3240§r§8] §r§5§l࿇ §r§a[VIP] Herobros_0902§f§r§f: nahhh i hate it
18:48:11 [allowed] §cYou must have Catacombs Skill 19!
18:48:19 [allowed] §9§m-----------------------------
§r§a[VIP§r§6+§r§a] Davidutz_§r§f §r§eentered §r§aThe Catacombs§r§e, §r§eFloor V§r§e!
§r§9§m-----------------------------
18:48:19 [allowed] §8Queuing... (Attempt 1/3)
18:48:25 [allowed] §aDavidutz_§r§a is now ready!
18:48:25 [allowed] §aStarting in 4 seconds.
18:48:26 [allowed] §aStarting in 3 seconds.
18:48:27 [allowed] §aStarting in 2 seconds.
18:48:28 [allowed] §aStarting in 1 second.
18:48:29 [allowed] §6Your §r§aArcher §r§6stats are doubled because you are the only player using this class!
18:48:29 [allowed] §a[Archer] §r§fExtra Arrow Chance §r§c68%§r§f -> §r§a118%
18:48:29 [allowed] §a[Archer] §r§fArrow Damage §r§c178.8%§r§f -> §r§a228.8%
18:48:29 [allowed] §e[NPC] §bMort§f: §rHere, I found this map when I first entered the dungeon.
18:48:31 [allowed] §e[NPC] §bMort§f: §rYou should find it useful if you get lost.
18:48:33 [allowed] §e[NPC] §bMort§f: §rGood luck.
18:48:52 [allowed] §6Rapid Fire§r§a is ready to use! Press §r§6§lDROP§r§a to activate it!
18:49:22 [allowed] §6Rapid Fire§r§a is ready to use! Press §r§6§lDROP§r§a to activate it!
18:49:22 [allowed] §a§r§6Mining Speed Boost §r§ais now available!
18:49:52 [allowed] §6Rapid Fire§r§a is ready to use! Press §r§6§lDROP§r§a to activate it!
18:50:22 [allowed] §6Rapid Fire§r§a is ready to use! Press §r§6§lDROP§r§a to activate it!
18:50:52 [allowed] §6Rapid Fire§r§a is ready to use! Press §r§6§lDROP§r§a to activate it!
18:51:22 [allowed] §6Rapid Fire§r§a is ready to use! Press §r§6§lDROP§r§a to activate it!
18:51:52 [allowed] §6Rapid Fire§r§a is ready to use! Press §r§6§lDROP§r§a to activate it!
18:52:23 [allowed] §6Rapid Fire§r§a is ready to use! Press §r§6§lDROP§r§a to activate it!
18:52:53 [allowed] §6Rapid Fire§r§a is ready to use! Press §r§6§lDROP§r§a to activate it!
18:53:23 [allowed] §6Rapid Fire§r§a is ready to use! Press §r§6§lDROP§r§a to activate it!
18:53:53 [allowed] §6Rapid Fire§r§a is ready to use! Press §r§6§lDROP§r§a to activate it!
18:54:23 [allowed] §6Rapid Fire§r§a is ready to use! Press §r§6§lDROP§r§a to activate it!
18:54:50 [allowed] §cYou must have Catacombs Skill 19!
18:54:53 [allowed] §9§m-----------------------------
§r§a[VIP§r§6+§r§a] Davidutz_§r§f §r§eentered §r§aThe Catacombs§r§e, §r§eFloor V§r§e!
§r§9§m-----------------------------
18:54:53 [allowed] §8Queuing... (Attempt 1/3)
18:54:55 [allowed] §aYou are not allowed to use Potion Effects while in Dungeon, therefore all active effects have been paused and stored. They will be restored when you leave Dungeon!
18:54:57 [allowed] §cYou are sending commands too fast! Please slow down.
18:54:58 [allowed] §aDavidutz_§r§a is now ready!
18:54:58 [allowed] §aStarting in 4 seconds.
18:54:59 [allowed] §aDavidutz_§r§a selected the Berserk §r§aClass!
18:54:59 [allowed] §aStarting in 3 seconds.
18:55:00 [allowed] §aStarting in 2 seconds.
18:55:01 [allowed] §aStarting in 1 second.
18:55:02 [allowed] §6Your §r§aBerserk §r§6stats are doubled because you are the only player using this class!
18:55:02 [allowed] §a[Berserk] §r§fMelee Damage §r§c45.6%§r§f -> §r§a85.6%
18:55:02 [allowed] §a[Berserk] §r§fWalk Speed §r§c35.6§r§f -> §r§a65.6
18:55:02 [allowed] §a[Berserk] §r§fBloodlust Damage §r§c25.6%§r§f -> §r§a45.6%
18:55:02 [allowed] §a[Berserk] §r§fLust For Blood Damage Increase Cap §r§c390%§r§f -> §r§a640%
18:55:02 [allowed] §a[Berserk] §r§fLust For Blood Damage Increase Per Hit §r§c23.4%§r§f -> §r§a38.4%
18:55:02 [allowed] §a[Berserk] §r§fIndomitable Strength to Defense §r§c6.4%§r§f -> §r§a11.4%
18:55:02 [allowed] §a[Berserk] §r§fWeapon Master Swing Range Increase §r§c2.8§r§f -> §r§a3.3
18:55:02 [allowed] §a[Berserk] §r§fBloodlust Heal Percent §r§c3%§r§f -> §r§a6%
18:55:02 [allowed] §a[Berserk] §r§fBloodlust Duration §r§c5§r§f -> §r§a10
18:55:02 [allowed] §e[NPC] §bMort§f: §rHere, I found this map when I first entered the dungeon.
18:55:04 [allowed] §e[NPC] §bMort§f: §rYou should find it useful if you get lost.
18:55:06 [allowed] §e[NPC] §bMort§f: §rGood luck.
18:55:06 [allowed] §e§lBerserk Milestone §r§e❶§r§7: You have dealt §r§c350,000§r§7 Total Damage so far! §r§a03s
18:55:13 [allowed] §a§lBUFF! §fYou have gained §r§cHealing V§r§f!
18:55:13 [allowed] §e§lBerserk Milestone §r§e❷§r§7: You have dealt §r§c1,750,000§r§7 Total Damage so far! §r§a10s
18:55:13 [allowed] §a§lBUFF! §fYou have gained §r§cHealing V§r§f!
18:55:15 [allowed] §a[VIP§r§6+§r§a] Davidutz_§r§f §r§ehas obtained §r§a§r§9Superboom TNT§r§e!
18:55:15 [allowed] §a[VIP§r§6+§r§a] Davidutz_§r§f §r§ehas obtained §r§a§r§6§r§8Wither Key§r§e!
18:55:15 [allowed] §e§lRIGHT CLICK §r§7on §r§7a §r§8WITHER §r§7door§r§7 to open it. This key can only be used to open §r§a1§r§7 door!
18:55:16 [allowed] §a[VIP§r§6+§r§a] Davidutz_§r§f §r§ehas obtained §r§a§r§dBlessing of Wisdom§r§e!
18:55:16 [allowed] §6§lDUNGEON BUFF! §r§fYou found a §r§dBlessing of Wisdom V§r§f! (§r§a13s§r§f)
18:55:16 [allowed]      §r§7Granted you §r§a§r§a+24§r§7 & §r§a+1.12x §r§b✎ Intelligence §r§7and §r§a+24 §r§f✦ Speed§r§7.
18:55:25 [allowed] §6Ragnarok§r§a is ready to use! Press §r§6§lDROP§r§a to activate it!
18:55:46 [allowed] §cThere are blocks in the way!
18:55:56 [allowed] §6Ragnarok§r§a is ready to use! Press §r§6§lDROP§r§a to activate it!
18:55:56 [allowed] §a§r§6Mining Speed Boost §r§ais now available!
18:55:58 [allowed] §e§lBerserk Milestone §r§e❸§r§7: You have dealt §r§c7,000,000§r§7 Total Damage so far! §r§a55s
18:56:05 [allowed] §a§lYou healed yourself for 337.3 health!
18:56:15 [allowed] §aUsed §r§6Throwing Axe§r§a!
18:56:17 [allowed] §c ☠ §r§7You were killed by Withermancer§r§7 and became a ghost§r§7.
18:56:17 [allowed] §a§l▬▬▬▬▬▬▬▬▬▬▬▬▬▬▬▬▬▬▬▬▬▬▬▬▬▬▬▬▬▬▬▬▬▬▬▬▬▬▬▬▬▬▬▬▬▬▬▬▬▬▬▬▬▬▬▬▬▬▬▬▬▬▬▬
18:56:17 [allowed] §f                         §r§cThe Catacombs §r§8- §r§eFloor V
18:56:17 [allowed] §f                            §r§fTeam Score: §r§a11 §r§f(§r§cD§r§f)
18:56:17 [allowed] §f                             §6> §e§lEXTRA STATS §6<
18:56:17 [allowed] §f                        §r§8+§r§395 Catacombs Experience
18:56:17 [allowed] §f                         §r§8+§r§388 Berserk Experience
18:56:17 [allowed] §a§l▬▬▬▬▬▬▬▬▬▬▬▬▬▬▬▬▬▬▬▬▬▬▬▬▬▬▬▬▬▬▬▬▬▬▬▬▬▬▬▬▬▬▬▬▬▬▬▬▬▬▬▬▬▬▬▬▬▬▬▬▬▬▬▬
18:56:17 [allowed] §7A Crypt Wither Skull exploded, hitting you for §r§c9,600§r§7 damage.
18:56:17 [allowed] §cYou can't use this as a spectator!
18:56:19 [allowed] §a§l▬▬▬▬▬▬▬▬▬▬▬▬▬▬▬▬▬▬▬▬▬▬▬▬▬▬▬▬▬▬▬▬▬▬▬▬▬▬▬▬▬▬▬▬▬▬▬▬▬▬▬▬▬▬▬▬▬▬▬▬▬▬▬▬
18:56:19 [allowed]       §r§6§lCLICK HERE §bto re-queue into §a§aThe Catacombs!
18:56:19 [allowed] §a§l▬▬▬▬▬▬▬▬▬▬▬▬▬▬▬▬▬▬▬▬▬▬▬▬▬▬▬▬▬▬▬▬▬▬▬▬▬▬▬▬▬▬▬▬▬▬▬▬▬▬▬▬▬▬▬▬▬▬▬▬▬▬▬▬
18:56:27 [allowed] §cWarning! §r§eThe instance will §r§cclose §r§ein §r§a10s§r§e.
