18:33:47 [EMPTY] §f §r§f §r§1 §r§0 §r§2 §r§4§r§f §r§f §r§2 §r§0 §r§4 §r§8§r§0§r§1§r§0§r§1§r§2§r§f§r§f§r§0§r§1§r§3§r§4§r§f§r§f§r§0§r§1§r§5§r§f§r§f§r§0§r§1§r§6§r§f§r§f§r§0§r§1§r§8§r§9§r§a§r§b§r§f§r§f§r§0§r§1§r§7§r§f§r§f§r§3 §r§9 §r§2 §r§0 §r§0 §r§1§r§3 §r§9 §r§2 §r§0 §r§0 §r§2§r§3 §r§9 §r§2 §r§0 §r§0 §r§3§r§0§r§0§r§1§r§f§r§e§r§0§r§0§r§2§r§f§r§e§r§0§r§0§r§3§r§4§r§5§r§6§r§7§r§8§r§f§r§e§r§3 §r§6 §r§3 §r§6 §r§3 §r§6 §r§e§r§3 §r§6 §r§3 §r§6 §r§3 §r§6 §r§d
18:33:47 [EMPTY] §f §r§r§r§f §r§r§r§1 §r§r§r§0 §r§r§r§2 §r§r§r§f §r§r§r§f §r§r§r§2 §r§r§r§0 §r§r§r§4 §r§r§r§3 §r§r§r§9 §r§r§r§2 §r§r§r§0 §r§r§r§0 §r§r§r§3 §r§r§r§9 §r§r§r§2 §r§r§r§0 §r§r§r§0 §r§r§r§3 §r§r§r§9 §r§r§r§2 §r§r§r§0 §r§r§r§0 
18:33:49 [WARPING] §7Sending to server mini65AE...
18:33:49 [EMPTY] §8 §r§8 §r§1 §r§3 §r§3 §r§7 §r§8 
18:33:51 [EMPTY] 
18:33:51 [WELCOME] §eWelcome to §r§aHypixel SkyBlock§r§e!
18:33:51 [EMPTY] 
18:33:52 [PROFILE_JOIN] §aYou are playing on profile: §eLemon§b (Co-op)
18:33:52 [PROFILE_JOIN] §8Profile ID: 75deb082-1336-4dc2-be3c-50e7afad0515
18:33:59 [EMPTY] 
18:33:59 [FIRE_SALE] §6§k§lA§r §c§lFIRE SALE §r§6§k§lA
§r§c♨ §eSelling an item for a limited time!
§r§c   ♨ §dCavern Glacite Golem Skin §e(§6430 left§e)§c§r
§r§c♨ §a§l[WARP] §eTo Elizabeth in the next §c2d 23h 26m §eto grab yours!
18:33:59 [EMPTY] 
18:35:10 [EMPTY]  
18:35:10 [BESTIARY] §f                                  §6§lBESTIARY
18:35:10 [BESTIARY] §f                            §b§lEarthworm §7§8V §8➡§b §bVI
18:35:10 [BESTIARY] 
18:35:10 [BESTIARY] §f                                  §r§6§lREWARDS
18:35:10 [BESTIARY] §f                          §r§6+0.4☘ Farming Fortune
18:35:10 [BESTIARY] §f                           §r§8+§r§62% §r§aEarthworm §r§7coins
18:35:10 [BESTIARY] §f                    §r§8+§r§a50% §r§7chance for extra XP orbs
18:35:10 [BESTIARY] §f                               §r§8+§r§b1 SkyBlock XP
18:35:10 [BESTIARY] 
18:35:10 [BESTIARY] §3§l▬▬▬▬▬▬▬▬▬▬▬▬▬▬▬▬▬▬▬▬▬▬▬▬▬▬▬▬▬▬▬▬▬▬▬▬▬▬▬▬▬▬▬▬▬▬▬▬▬▬▬▬▬▬▬▬▬▬▬▬▬▬▬▬
18:36:25 [EMPTY]  
18:36:25 [BESTIARY] §f                                  §6§lBESTIARY
18:36:25 [BESTIARY] §f                              §b§lCricket §7§8V §8➡§b §bVI
18:36:25 [BESTIARY] 
18:36:25 [BESTIARY] §f                                  §r§6§lREWARDS
18:36:25 [BESTIARY] §f                          §r§6+0.4☘ Farming Fortune
18:36:25 [BESTIARY] §f                              §r§8+§r§62% §r§aCricket §r§7coins
18:36:25 [BESTIARY] §f                    §r§8+§r§a50% §r§7chance for extra XP orbs
18:36:25 [BESTIARY] §f                               §r§8+§r§b1 SkyBlock XP
18:36:25 [BESTIARY] 
18:36:25 [BESTIARY] §3§l▬▬▬▬▬▬▬▬▬▬▬▬▬▬▬▬▬▬▬▬▬▬▬▬▬▬▬▬▬▬▬▬▬▬▬▬▬▬▬▬▬▬▬▬▬▬▬▬▬▬▬▬▬▬▬▬▬▬▬▬▬▬▬▬
18:37:10 [WARPING] §7Warping...
18:37:10 [WARPING] §7Sending to server mini141CK...
18:37:10 [EMPTY] §8 §r§8 §r§1 §r§3 §r§3 §r§7 §r§8 
18:37:13 [PROFILE_JOIN] §aYou are playing on profile: §eLemon§b (Co-op)
18:37:13 [PROFILE_JOIN] §8Profile ID: 75deb082-1336-4dc2-be3c-50e7afad0515
18:37:29 [WARPING] §7Warping...
18:37:30 [WARPING] §7Sending to server mini23D...
18:37:30 [EMPTY] §8 §r§8 §r§1 §r§3 §r§3 §r§7 §r§8 
18:37:34 [PROFILE_JOIN] §aYou are playing on profile: §eLemon§b (Co-op)
18:37:34 [PROFILE_JOIN] §8Profile ID: 75deb082-1336-4dc2-be3c-50e7afad0515
18:37:41 [GARDEN_VISITOR_MESSAGE] §e[NPC] §aEmissary Fraiser§f: §r§fI know what all the others say, but I am the King's true favorite emissary.
18:38:18 [GARDEN_VISITOR_MESSAGE] §e[NPC] §aEmissary Fraiser§f: §r§fThe King will surely punish you for this disrespect!
18:38:20 [GARDEN_VISITOR_MESSAGE] §e[NPC] §aArthur§f: §r§fMy wheat minion has been slacking recently, I am thinking about giving it an upgrade. He hasn't produced any wheat in years! Every time I check on him, he's empty.
18:38:27 [GARDEN_VISITOR_MESSAGE] §e[NPC] §aArthur§f: §r§fI guess I'll have to keep going like this.
18:38:28 [GARDEN_VISITOR_MESSAGE] §e[NPC] §aStella§f: §r§fThe amount of plots you can unlock here is perfect for a Co-op. So much space!
18:38:32 [GARDEN_VISITOR_MESSAGE] §e[NPC] §aStella§f: §r§fDon't worry, I'll come back later.
18:38:32 [GARDEN_VISITOR_MESSAGE] §e[NPC] §aDusk§f: §r§fDusk needs some watermelon to quench his thirst. Dusk would appreciate it.
18:38:38 [GARDEN_VISITOR_MESSAGE] §e[NPC] §aDusk§f: §r§fDusk is disappointed. Dusk goes away now.
18:38:38 [GARDEN_VISITOR_MESSAGE] §e[NPC] §aRhys§f: §r§fI found an unexplored cave while mining for titanium. But it's too dark to see in there, even for me! Can you spare any glowing pumpkins?
18:38:47 [GARDEN_VISITOR_MESSAGE] §e[NPC] §aRhys§f: §r§fWell then, I will even mine in total darkness if I must!
18:39:46 [WARPING] §7Warping...
18:39:46 [WARPING] §7Sending to server mini39AG...
18:39:46 [EMPTY] §8 §r§8 §r§1 §r§3 §r§3 §r§7 §r§8 
18:39:50 [PROFILE_JOIN] §aYou are playing on profile: §eLemon§b (Co-op)
18:39:50 [PROFILE_JOIN] §8Profile ID: 75deb082-1336-4dc2-be3c-50e7afad0515
18:40:34 [EMPTY] 
18:40:34 [FIRE_SALE] §6§k§lA§r §c§lFIRE SALE §r§6§k§lA
§r§c♨ §eSelling an item for a limited time!
§r§c   ♨ §dCavern Glacite Golem Skin §e(§6414 left§e)§c§r
§r§c♨ §a§l[WARP] §eTo Elizabeth in the next §c2d 23h 19m §eto grab yours!
18:40:34 [EMPTY] 
18:47:53 [WARPING] §7Warping...
18:47:53 [WARPING] §7Sending to server mini99CU...
18:47:53 [EMPTY] §8 §r§8 §r§1 §r§3 §r§3 §r§7 §r§8 
18:47:56 [PROFILE_JOIN] §aYou are playing on profile: §eLemon§b (Co-op)
18:47:56 [PROFILE_JOIN] §8Profile ID: 75deb082-1336-4dc2-be3c-50e7afad0515
18:48:22 [WARPING] §7Sending to server mini13CH...
18:48:22 [EMPTY] §8 §r§8 §r§1 §r§3 §r§3 §r§7 §r§8 
18:48:25 [PROFILE_JOIN] §aYou are playing on profile: §eLemon§b (Co-op)
18:48:25 [PROFILE_JOIN] §8Profile ID: 75deb082-1336-4dc2-be3c-50e7afad0515
18:54:45 [WARPING] §7Warping...
18:54:45 [WARPING] §7Sending to server mini74CN...
18:54:45 [EMPTY] §8 §r§8 §r§1 §r§3 §r§3 §r§7 §r§8 
18:54:49 [PROFILE_JOIN] §aYou are playing on profile: §eLemon§b (Co-op)
18:54:49 [PROFILE_JOIN] §8Profile ID: 75deb082-1336-4dc2-be3c-50e7afad0515
18:54:55 [WARPING] §7Sending to server mini72DG...
18:54:55 [EMPTY] §8 §r§8 §r§1 §r§3 §r§3 §r§7 §r§8 
18:54:58 [PROFILE_JOIN] §aYou are playing on profile: §eLemon§b (Co-op)
18:54:58 [PROFILE_JOIN] §8Profile ID: 75deb082-1336-4dc2-be3c-50e7afad0515
18:56:17 [EMPTY] 
18:56:19 [EMPTY] 
18:56:19 [EMPTY] 
18:56:37 [WARPING] §7Sending to server mini89CE...
18:56:38 [EMPTY] §8 §r§8 §r§1 §r§3 §r§3 §r§7 §r§8 
18:56:41 [PROFILE_JOIN] §aYou are playing on profile: §eLemon§b (Co-op)
18:56:41 [PROFILE_JOIN] §8Profile ID: 75deb082-1336-4dc2-be3c-50e7afad0515
