18:25:29 Trying to load config from config\skyhanni\config.json
18:25:29 load-config-now
18:25:29 Exception while reading config\skyhanni\config.json. Will load blank config and save backup to config\skyhanni\config-1714407929369-backup.json
18:25:29 Exception was java.lang.IllegalStateException: Cannot downgrade config
18:25:29 Setting config to be blank as it did not exist. It will be saved once something is written to it
18:25:29 Trying to load sacks from config\skyhanni\sacks.json
18:25:29 load-sacks-now
18:25:29 Loaded sacks from file
18:25:29 Trying to load friends from config\skyhanni\friends.json
18:25:29 load-friends-now
18:25:29 Loaded friends from file
18:25:29 Trying to load known_features from config\skyhanni\known_features.json
18:25:29 load-known_features-now
18:25:29 Loaded known_features from file
18:25:29 Trying to load jacob_contests from config\skyhanni\jacob_contests.json
18:25:29 load-jacob_contests-now
18:25:29 Loaded jacob_contests from file
18:25:29 Trying to load visual_words from config\skyhanni\visual_words.json
18:25:29 Setting visual_words to be blank as it did not exist. It will be saved once something is written to it
18:26:29 saveConfig: auto-save-60s
18:26:29 Saving config file
18:26:38 saveConfig: Updated known feature flags
18:26:38 Saving known_features file
18:27:29 saveConfig: auto-save-60s
18:27:29 Saving config file
18:28:13 saveConfig: saving-data
18:28:13 Saving sacks file
18:28:26 saveConfig: saving-data
18:28:26 Saving sacks file
18:28:29 saveConfig: auto-save-60s
18:28:29 Saving config file
18:29:29 saveConfig: auto-save-60s
18:29:29 Saving config file
18:29:53 saveConfig: saving-data
18:29:53 Saving sacks file
18:30:29 saveConfig: auto-save-60s
18:30:29 Saving config file
18:31:07 saveConfig: shutdown-hook
18:31:07 Saving config file
