17:00:32 §b[MVP§c+§b] A_DONE§f §6joined the lobby!
17:00:33   §r§f§l➤ §r§6You have reached your Hype limit! Add Hype to Prototype Lobby minigames by right-clicking with the Hype Diamond!
17:00:33  §b>§c>§a>§r §r§6[MVP§2++§6] bugsyben1§f §6joined the lobby!§r §a<§c<§b<
17:00:35 §b[MVP§3+§b] HypixelBedwarSwe§f §6joined the lobby!
17:00:37 §b[MVP§d+§b] DripyMonke§f §6joined the lobby!
17:00:40 §b[MVP§9+§b] 3extra§f §6joined the lobby!
17:00:44 §b[MVP§c+§b] EndBoy573§f §6joined the lobby!
17:00:45 §b[MVP§c+§b] N0tThunder8§f §6joined the lobby!
17:00:48 §b[MVP§f+§b] LPMimpf§f §6joined the lobby!
17:00:48 §b[MVP§9+§b] Garmore§f §6joined the lobby!
17:00:57 §b[MVP§9+§b] 1337Ben§f §6joined the lobby!
17:00:57  §b>§c>§a>§r §r§6[MVP§2++§6] Xzier_Tengal§f §6joined the lobby!§r §a<§c<§b<
17:00:57 §b[MVP§e+§b] Pingbear§f §6joined the lobby!
17:01:01  §b>§c>§a>§r §r§b[MVP§0++§b] Evdia§f §6joined the lobby!§r §a<§c<§b<
17:59:38   §r§f§l➤ §r§6You have reached your Hype limit! Add Hype to Prototype Lobby minigames by right-clicking with the Hype Diamond!
17:59:40 §b[MVP§6+§b] Tihien§f §6joined the lobby!
17:59:48 §b[MVP§c+§b] ProRaider041§f §6joined the lobby!
17:59:50 §b[MVP§d+§b] _Xayo_§f §6joined the lobby!
17:59:53 §b[MVP§d+§b] Robert_RB§f §6joined the lobby!
17:59:56 §b[MVP§8+§b] Xn_8§f §6joined the lobby!
17:59:56 §b[MVP§c+§b] _0RSO§f §6joined the lobby!
17:59:56 §b[MVP§c+§b] Divinity9900§f §6joined the lobby!
17:59:58 §b[MVP§c+§b] The_Sh1n1gam1§f §6joined the lobby!
18:00:03  §b>§c>§a>§r §r§6[MVP§c++§6] Nikitos7002§f §6joined the lobby!§r §a<§c<§b<
18:00:05 §b[MVP§c+§b] Coolmonkey2003§f §6joined the lobby!
18:00:08 §b[MVP§6+§b] Y0AST§f §6joined the lobby!
18:00:08 §b[MVP§f+§b] gbotgamer§f §6joined the lobby!
18:00:10 §b[MVP§9+§b] IDislikeFarming§f §6joined the lobby!
18:00:14 §b[MVP§d+§b] TJC132§f §6joined the lobby!
18:00:19 §b[MVP§9+§b] 50008§f §6joined the lobby!
18:00:20 §b[MVP§c+§b] Coffee53§f §6joined the lobby!
18:00:24 §b[MVP§f+§b] The_Worst_Demon§f §6joined the lobby!
18:00:34 §b[MVP§2+§b] Hippylam§f §6joined the lobby!
18:00:42  §b>§c>§a>§r §r§6[MVP§3++§6] _Inder§f §6joined the lobby!§r §a<§c<§b<
18:00:44 §b[MVP§c+§b] mrpg3296§f §6joined the lobby!
18:00:47 §b[MVP§6+§b] 2Basti§f §6joined the lobby!
18:00:48 §b[MVP§6+§b] thesergeant0§f §6joined the lobby!
18:00:51 §b[MVP§d+§b] gamercat612§f §6joined the lobby!
18:00:54 §b[MVP§f+§b] MrSTArEEE§f §6joined the lobby!
18:01:03 §b[MVP§9+§b] MegaloMocto§f §6joined the lobby!
18:01:04 §b[MVP§e+§b] SethChanXD§f §6joined the lobby!
18:01:25 §b[MVP§9+§b] Phot2Frap§f §6joined the lobby!
18:01:27 §b[MVP§6+§b] ezpu§f §6joined the lobby!
