18:26:37 [EMPTY] §f §r§f §r§1 §r§0 §r§2 §r§4§r§f §r§f §r§2 §r§0 §r§4 §r§8§r§0§r§1§r§0§r§1§r§2§r§f§r§f§r§0§r§1§r§3§r§4§r§f§r§f§r§0§r§1§r§5§r§f§r§f§r§0§r§1§r§6§r§f§r§f§r§0§r§1§r§8§r§9§r§a§r§b§r§f§r§f§r§0§r§1§r§7§r§f§r§f§r§3 §r§9 §r§2 §r§0 §r§0 §r§1§r§3 §r§9 §r§2 §r§0 §r§0 §r§2§r§3 §r§9 §r§2 §r§0 §r§0 §r§3§r§0§r§0§r§1§r§f§r§e§r§0§r§0§r§2§r§f§r§e§r§0§r§0§r§3§r§4§r§5§r§6§r§7§r§8§r§f§r§e§r§3 §r§6 §r§3 §r§6 §r§3 §r§6 §r§e§r§3 §r§6 §r§3 §r§6 §r§3 §r§6 §r§d
18:26:37 [EMPTY] §f §r§r§r§f §r§r§r§1 §r§r§r§0 §r§r§r§2 §r§r§r§f §r§r§r§f §r§r§r§2 §r§r§r§0 §r§r§r§4 §r§r§r§3 §r§r§r§9 §r§r§r§2 §r§r§r§0 §r§r§r§0 §r§r§r§3 §r§r§r§9 §r§r§r§2 §r§r§r§0 §r§r§r§0 §r§r§r§3 §r§r§r§9 §r§r§r§2 §r§r§r§0 §r§r§r§0 
18:26:37 [LOBBY] §b[MVP§c+§b] Skicobra§f §6joined the lobby!
18:26:37 [allowed] §aYou have §b24 §aunclaimed leveling rewards!
18:26:37 [allowed] §eClick here to view them!
18:26:37 [allowed] §aYou have §618 §aunclaimed achievement rewards!
18:26:37 [allowed] §eClick here to view them!
18:26:38 [WARPING] §7Sending to server mini198G...
18:26:39 [EMPTY] §8 §r§8 §r§1 §r§3 §r§3 §r§7 §r§8 
18:26:40 [EMPTY] 
18:26:40 [WELCOME] §eWelcome to §r§aHypixel SkyBlock§r§e!
18:26:40 [EMPTY] 
18:26:40 [allowed] §eLatest update: §bSkyBlock v0.20.1 §e§lCLICK
18:26:41 [PROFILE_JOIN] §aYou are playing on profile: §eLemon§b (Co-op)
18:26:41 [PROFILE_JOIN] §8Profile ID: 75deb082-1336-4dc2-be3c-50e7afad0515
18:26:42 [allowed] §6§lALLOWANCE! §r§eYou earned §r§650,000 coins§r§e!
18:26:47 [WARPING] §7Warping...
18:26:48 [WARPING] §7Sending to server mini3AP...
18:26:48 [EMPTY] §8 §r§8 §r§1 §r§3 §r§3 §r§7 §r§8 
18:26:51 [PROFILE_JOIN] §aYou are playing on profile: §eLemon§b (Co-op)
18:26:51 [PROFILE_JOIN] §8Profile ID: 75deb082-1336-4dc2-be3c-50e7afad0515
18:27:03 [allowed] §8Withdrawing coins...
18:27:03 [allowed] §aWithdrew §r§611M coins§r§a! There's now §r§6279M coins §r§aleft in the account!
18:27:39 [allowed] §6[Bazaar] §r§7Executing instant buy...
18:27:39 [allowed] §6[Bazaar] §r§7Bought §r§a1§r§7x §r§6Booster Cookie §r§7for §r§610,090,244 coins§r§7!
18:27:43 [allowed] §eYou consumed a §r§6Booster Cookie§r§e! §r§dSweet!
18:27:47 [allowed] §8Depositing coins...
18:27:47 [allowed] §aDeposited §r§61.2M coins§r§a! There's now §r§6280M coins §r§ain the account!
18:27:49 [allowed] §a§r§6Mining Speed Boost §r§ais now available!
18:28:00 [WARPING] §7Sending to server mini1BN...
18:28:01 [EMPTY] §8 §r§8 §r§1 §r§3 §r§3 §r§7 §r§8 
18:28:01 [allowed] §aYou gained §r§b20,456.3 Combat §r§aexperience from minions!
18:28:01 [allowed] §aYou gained §r§b8,079 Mining §r§aexperience from minions!
18:28:04 [PROFILE_JOIN] §aYou are playing on profile: §eLemon§b (Co-op)
18:28:04 [PROFILE_JOIN] §8Profile ID: 75deb082-1336-4dc2-be3c-50e7afad0515
18:28:13 [allowed] §6[Sacks] §r§a+209§r§e items§r§e.§r§8 (Last 5s.)
18:28:14 [allowed] §3§l▬▬▬▬▬▬▬▬▬▬▬▬▬▬▬▬▬▬▬▬▬▬▬▬▬▬▬▬▬▬▬▬▬▬▬▬▬▬▬▬▬▬▬▬▬▬▬▬▬▬▬▬▬▬▬▬▬▬▬▬▬▬▬▬
18:28:14 [allowed]   §r§b§lSKILL LEVEL UP §3Combat §8XXIV➜§3XXV
18:28:14 [EMPTY] 
18:28:14 [allowed]   §r§a§lREWARDS
18:28:14 [allowed]    §r§eWarrior XXV
18:28:14 [allowed]    §r  §7§fDeal §896➜§a100%§f more damage to mobs.
18:28:14 [allowed]    §r§7§8+§a0.5% §9☣ Crit Chance
18:28:14 [allowed]    §r§7§5Horns of Torment §7Power Stone
18:28:14 [allowed]    §r§7§6Bubba Blister §7Power Stone
18:28:14 [allowed]    §r§7§6Eccentric Painting §7Power Stone
18:28:14 [allowed]    §r§7§5Magma Urchin §7Power Stone
18:28:14 [allowed]    §r§7§5Precious Pearl §7Power Stone
18:28:14 [allowed]    §r§7§8+§6225,000 §7Coins
18:28:14 [allowed]    §r§7§8+§b10 SkyBlock XP
18:28:14 [allowed] §3§l▬▬▬▬▬▬▬▬▬▬▬▬▬▬▬▬▬▬▬▬▬▬▬▬▬▬▬▬▬▬▬▬▬▬▬▬▬▬▬▬▬▬▬▬▬▬▬▬▬▬▬▬▬▬▬▬▬▬▬▬▬▬▬▬
18:28:14 [allowed] §e§ka§a>>   §aAchievement Unlocked: §6§r§6Combat! V§r§a   <<§e§ka
18:28:26 [allowed] §6[Sacks] §r§a+301§r§e items§r§e.§r§8 (Last 11s.)
18:28:50 [allowed] §cVacuums don't work on these creatures!
18:28:51 [WARPING] §7Sending to server mini69AH...
18:28:52 [EMPTY] §8 §r§8 §r§1 §r§3 §r§3 §r§7 §r§8 
18:28:55 [PROFILE_JOIN] §aYou are playing on profile: §eLemon§b (Co-op)
18:28:55 [PROFILE_JOIN] §8Profile ID: 75deb082-1336-4dc2-be3c-50e7afad0515
18:28:57 [allowed] §cThis ability is on cooldown for 1s.
18:29:14 [allowed] §cCouldn't find Plot 4!
18:29:16 [allowed] §cCouldn't find Plot 4!
18:29:18 [allowed] §cCouldn't find Plot 4!
18:29:48 [allowed] §eYou received §a2x Enchanted Hay Bale §efor killing a §6Fly§e!
18:29:52 [allowed] §a§r§6Mining Speed Boost §r§ais now available!
18:29:53 [allowed] §6[Sacks] §r§a+2§r§e items§r§e.§r§8 (Last 5s.)
18:30:40 [allowed] §cThis ability is on cooldown for 1s.
18:30:51 [allowed] §cThis ability is on cooldown for 1s.
18:30:52 [allowed] §cThis ability is on cooldown for 1s.
18:31:03 [allowed] §3§l▬▬▬▬▬▬▬▬▬▬▬▬▬▬▬▬▬▬▬▬▬▬▬▬▬▬▬▬▬▬▬▬▬▬▬▬▬▬▬▬▬▬▬▬▬▬▬▬▬▬▬▬▬▬▬▬▬▬▬▬▬▬▬▬
18:31:03 [EMPTY]  
18:31:03 [BESTIARY] §f                                  §6§lBESTIARY
18:31:03 [BESTIARY] §f                                §b§lSlug §7§8IV §8➡§b §bV
18:31:03 [BESTIARY] 
18:31:03 [BESTIARY] §f                                  §r§6§lREWARDS
18:31:03 [BESTIARY] §f                          §r§6+0.4☘ Farming Fortune
18:31:03 [BESTIARY] §f                               §r§8+§r§62% §r§aSlug §r§7coins
18:31:03 [BESTIARY] §f                    §r§8+§r§a50% §r§7chance for extra XP orbs
18:31:03 [BESTIARY] §f                               §r§8+§r§b1 SkyBlock XP
18:31:03 [BESTIARY] 
18:31:03 [BESTIARY] §3§l▬▬▬▬▬▬▬▬▬▬▬▬▬▬▬▬▬▬▬▬▬▬▬▬▬▬▬▬▬▬▬▬▬▬▬▬▬▬▬▬▬▬▬▬▬▬▬▬▬▬▬▬▬▬▬▬▬▬▬▬▬▬▬▬
18:31:03 [allowed] §eYou received §a2x Enchanted Brown Mushroom §efor killing a §6Slug§e!
