18:26:37 [allowed] §aYou have §b24 §aunclaimed leveling rewards!
18:26:37 [allowed] §eClick here to view them!
18:26:37 [allowed] §aYou have §618 §aunclaimed achievement rewards!
18:26:37 [allowed] §eClick here to view them!
18:26:40 [allowed] §eLatest update: §bSkyBlock v0.20.1 §e§lCLICK
18:26:42 [allowed] §6§lALLOWANCE! §r§eYou earned §r§650,000 coins§r§e!
18:27:03 [allowed] §8Withdrawing coins...
18:27:03 [allowed] §aWithdrew §r§611M coins§r§a! There's now §r§6279M coins §r§aleft in the account!
18:27:39 [allowed] §6[Bazaar] §r§7Executing instant buy...
18:27:39 [allowed] §6[Bazaar] §r§7Bought §r§a1§r§7x §r§6Booster Cookie §r§7for §r§610,090,244 coins§r§7!
18:27:43 [allowed] §eYou consumed a §r§6Booster Cookie§r§e! §r§dSweet!
18:27:47 [allowed] §8Depositing coins...
18:27:47 [allowed] §aDeposited §r§61.2M coins§r§a! There's now §r§6280M coins §r§ain the account!
18:27:49 [allowed] §a§r§6Mining Speed Boost §r§ais now available!
18:28:01 [allowed] §aYou gained §r§b20,456.3 Combat §r§aexperience from minions!
18:28:01 [allowed] §aYou gained §r§b8,079 Mining §r§aexperience from minions!
18:28:13 [allowed] §6[Sacks] §r§a+209§r§e items§r§e.§r§8 (Last 5s.)
18:28:14 [allowed] §3§l▬▬▬▬▬▬▬▬▬▬▬▬▬▬▬▬▬▬▬▬▬▬▬▬▬▬▬▬▬▬▬▬▬▬▬▬▬▬▬▬▬▬▬▬▬▬▬▬▬▬▬▬▬▬▬▬▬▬▬▬▬▬▬▬
18:28:14 [allowed]   §r§b§lSKILL LEVEL UP §3Combat §8XXIV➜§3XXV
18:28:14 [allowed]   §r§a§lREWARDS
18:28:14 [allowed]    §r§eWarrior XXV
18:28:14 [allowed]    §r  §7§fDeal §896➜§a100%§f more damage to mobs.
18:28:14 [allowed]    §r§7§8+§a0.5% §9☣ Crit Chance
18:28:14 [allowed]    §r§7§5Horns of Torment §7Power Stone
18:28:14 [allowed]    §r§7§6Bubba Blister §7Power Stone
18:28:14 [allowed]    §r§7§6Eccentric Painting §7Power Stone
18:28:14 [allowed]    §r§7§5Magma Urchin §7Power Stone
18:28:14 [allowed]    §r§7§5Precious Pearl §7Power Stone
18:28:14 [allowed]    §r§7§8+§6225,000 §7Coins
18:28:14 [allowed]    §r§7§8+§b10 SkyBlock XP
18:28:14 [allowed] §3§l▬▬▬▬▬▬▬▬▬▬▬▬▬▬▬▬▬▬▬▬▬▬▬▬▬▬▬▬▬▬▬▬▬▬▬▬▬▬▬▬▬▬▬▬▬▬▬▬▬▬▬▬▬▬▬▬▬▬▬▬▬▬▬▬
18:28:14 [allowed] §e§ka§a>>   §aAchievement Unlocked: §6§r§6Combat! V§r§a   <<§e§ka
18:28:26 [allowed] §6[Sacks] §r§a+301§r§e items§r§e.§r§8 (Last 11s.)
18:28:50 [allowed] §cVacuums don't work on these creatures!
18:28:57 [allowed] §cThis ability is on cooldown for 1s.
18:29:14 [allowed] §cCouldn't find Plot 4!
18:29:16 [allowed] §cCouldn't find Plot 4!
18:29:18 [allowed] §cCouldn't find Plot 4!
18:29:48 [allowed] §eYou received §a2x Enchanted Hay Bale §efor killing a §6Fly§e!
18:29:52 [allowed] §a§r§6Mining Speed Boost §r§ais now available!
18:29:53 [allowed] §6[Sacks] §r§a+2§r§e items§r§e.§r§8 (Last 5s.)
18:30:40 [allowed] §cThis ability is on cooldown for 1s.
18:30:51 [allowed] §cThis ability is on cooldown for 1s.
18:30:52 [allowed] §cThis ability is on cooldown for 1s.
18:31:03 [allowed] §3§l▬▬▬▬▬▬▬▬▬▬▬▬▬▬▬▬▬▬▬▬▬▬▬▬▬▬▬▬▬▬▬▬▬▬▬▬▬▬▬▬▬▬▬▬▬▬▬▬▬▬▬▬▬▬▬▬▬▬▬▬▬▬▬▬
18:31:03 [allowed] §eYou received §a2x Enchanted Brown Mushroom §efor killing a §6Slug§e!
