18:26:37 [EMPTY] §f §r§f §r§1 §r§0 §r§2 §r§4§r§f §r§f §r§2 §r§0 §r§4 §r§8§r§0§r§1§r§0§r§1§r§2§r§f§r§f§r§0§r§1§r§3§r§4§r§f§r§f§r§0§r§1§r§5§r§f§r§f§r§0§r§1§r§6§r§f§r§f§r§0§r§1§r§8§r§9§r§a§r§b§r§f§r§f§r§0§r§1§r§7§r§f§r§f§r§3 §r§9 §r§2 §r§0 §r§0 §r§1§r§3 §r§9 §r§2 §r§0 §r§0 §r§2§r§3 §r§9 §r§2 §r§0 §r§0 §r§3§r§0§r§0§r§1§r§f§r§e§r§0§r§0§r§2§r§f§r§e§r§0§r§0§r§3§r§4§r§5§r§6§r§7§r§8§r§f§r§e§r§3 §r§6 §r§3 §r§6 §r§3 §r§6 §r§e§r§3 §r§6 §r§3 §r§6 §r§3 §r§6 §r§d
18:26:37 [EMPTY] §f §r§r§r§f §r§r§r§1 §r§r§r§0 §r§r§r§2 §r§r§r§f §r§r§r§f §r§r§r§2 §r§r§r§0 §r§r§r§4 §r§r§r§3 §r§r§r§9 §r§r§r§2 §r§r§r§0 §r§r§r§0 §r§r§r§3 §r§r§r§9 §r§r§r§2 §r§r§r§0 §r§r§r§0 §r§r§r§3 §r§r§r§9 §r§r§r§2 §r§r§r§0 §r§r§r§0 
18:26:37 [LOBBY] §b[MVP§c+§b] Skicobra§f §6joined the lobby!
18:26:38 [WARPING] §7Sending to server mini198G...
18:26:39 [EMPTY] §8 §r§8 §r§1 §r§3 §r§3 §r§7 §r§8 
18:26:40 [EMPTY] 
18:26:40 [WELCOME] §eWelcome to §r§aHypixel SkyBlock§r§e!
18:26:40 [EMPTY] 
18:26:41 [PROFILE_JOIN] §aYou are playing on profile: §eLemon§b (Co-op)
18:26:41 [PROFILE_JOIN] §8Profile ID: 75deb082-1336-4dc2-be3c-50e7afad0515
18:26:47 [WARPING] §7Warping...
18:26:48 [WARPING] §7Sending to server mini3AP...
18:26:48 [EMPTY] §8 §r§8 §r§1 §r§3 §r§3 §r§7 §r§8 
18:26:51 [PROFILE_JOIN] §aYou are playing on profile: §eLemon§b (Co-op)
18:26:51 [PROFILE_JOIN] §8Profile ID: 75deb082-1336-4dc2-be3c-50e7afad0515
18:28:00 [WARPING] §7Sending to server mini1BN...
18:28:01 [EMPTY] §8 §r§8 §r§1 §r§3 §r§3 §r§7 §r§8 
18:28:04 [PROFILE_JOIN] §aYou are playing on profile: §eLemon§b (Co-op)
18:28:04 [PROFILE_JOIN] §8Profile ID: 75deb082-1336-4dc2-be3c-50e7afad0515
18:28:14 [EMPTY] 
18:28:51 [WARPING] §7Sending to server mini69AH...
18:28:52 [EMPTY] §8 §r§8 §r§1 §r§3 §r§3 §r§7 §r§8 
18:28:55 [PROFILE_JOIN] §aYou are playing on profile: §eLemon§b (Co-op)
18:28:55 [PROFILE_JOIN] §8Profile ID: 75deb082-1336-4dc2-be3c-50e7afad0515
18:31:03 [EMPTY]  
18:31:03 [BESTIARY] §f                                  §6§lBESTIARY
18:31:03 [BESTIARY] §f                                §b§lSlug §7§8IV §8➡§b §bV
18:31:03 [BESTIARY] 
18:31:03 [BESTIARY] §f                                  §r§6§lREWARDS
18:31:03 [BESTIARY] §f                          §r§6+0.4☘ Farming Fortune
18:31:03 [BESTIARY] §f                               §r§8+§r§62% §r§aSlug §r§7coins
18:31:03 [BESTIARY] §f                    §r§8+§r§a50% §r§7chance for extra XP orbs
18:31:03 [BESTIARY] §f                               §r§8+§r§b1 SkyBlock XP
18:31:03 [BESTIARY] 
18:31:03 [BESTIARY] §3§l▬▬▬▬▬▬▬▬▬▬▬▬▬▬▬▬▬▬▬▬▬▬▬▬▬▬▬▬▬▬▬▬▬▬▬▬▬▬▬▬▬▬▬▬▬▬▬▬▬▬▬▬▬▬▬▬▬▬▬▬▬▬▬▬
