22:14:39 Trying to load config from config\skyhanni\config.json
22:14:39 load-config-now
22:14:40 Loaded config from file
22:14:40 Trying to load sacks from config\skyhanni\sacks.json
22:14:40 load-sacks-now
22:14:40 Loaded sacks from file
22:14:40 Trying to load friends from config\skyhanni\friends.json
22:14:40 load-friends-now
22:14:40 Loaded friends from file
22:14:40 Trying to load known_features from config\skyhanni\known_features.json
22:14:40 load-known_features-now
22:14:40 Loaded known_features from file
22:14:40 Trying to load jacob_contests from config\skyhanni\jacob_contests.json
22:14:40 load-jacob_contests-now
22:14:40 Loaded jacob_contests from file
22:14:40 Trying to load visual_words from config\skyhanni\visual_words.json
22:14:40 Setting visual_words to be blank as it did not exist. It will be saved once something is written to it
22:15:40 saveConfig: auto-save-60s
22:15:40 Saving config file
22:15:55 saveConfig: Updated known feature flags
22:15:55 Saving known_features file
22:16:40 saveConfig: auto-save-60s
22:16:40 Saving config file
22:17:04 saveConfig: close-gui
22:17:04 Saving config file
22:17:04 saveConfig: close-gui
22:17:04 Saving config file
22:17:40 saveConfig: auto-save-60s
22:17:40 Saving config file
22:18:40 saveConfig: auto-save-60s
22:18:40 Saving config file
22:19:40 saveConfig: auto-save-60s
22:19:40 Saving config file
22:20:40 saveConfig: auto-save-60s
22:20:40 Saving config file
22:21:40 saveConfig: auto-save-60s
22:21:40 Saving config file
22:22:22 saveConfig: close-gui
22:22:22 Saving config file
22:22:22 saveConfig: close-gui
22:22:22 Saving config file
22:22:22 saveConfig: close-gui
22:22:22 Saving config file
22:22:22 saveConfig: close-gui
22:22:22 Saving config file
22:22:40 saveConfig: auto-save-60s
22:22:40 Saving config file
22:23:40 saveConfig: auto-save-60s
22:23:40 Saving config file
22:24:40 saveConfig: auto-save-60s
22:24:40 Saving config file
22:25:40 saveConfig: auto-save-60s
22:25:40 Saving config file
22:26:40 saveConfig: auto-save-60s
22:26:40 Saving config file
22:27:40 saveConfig: auto-save-60s
22:27:40 Saving config file
22:28:40 saveConfig: auto-save-60s
22:28:40 Saving config file
22:29:40 saveConfig: auto-save-60s
22:29:40 Saving config file
22:30:40 saveConfig: auto-save-60s
22:30:40 Saving config file
22:31:40 saveConfig: auto-save-60s
22:31:40 Saving config file
22:32:40 saveConfig: auto-save-60s
22:32:40 Saving config file
22:33:40 saveConfig: auto-save-60s
22:33:40 Saving config file
22:34:40 saveConfig: auto-save-60s
22:34:40 Saving config file
22:34:44 saveConfig: close-gui
22:34:44 Saving config file
22:34:44 saveConfig: close-gui
22:34:44 Saving config file
22:34:44 saveConfig: close-gui
22:34:44 Saving config file
22:35:40 saveConfig: auto-save-60s
22:35:40 Saving config file
22:36:40 saveConfig: auto-save-60s
22:36:40 Saving config file
22:37:40 saveConfig: auto-save-60s
22:37:40 Saving config file
22:38:40 saveConfig: auto-save-60s
22:38:40 Saving config file
22:39:40 saveConfig: auto-save-60s
22:39:40 Saving config file
22:40:40 saveConfig: auto-save-60s
22:40:40 Saving config file
22:41:40 saveConfig: auto-save-60s
22:41:40 Saving config file
22:42:40 saveConfig: auto-save-60s
22:42:40 Saving config file
22:43:40 saveConfig: auto-save-60s
22:43:40 Saving config file
22:44:40 saveConfig: auto-save-60s
22:44:40 Saving config file
22:45:40 saveConfig: auto-save-60s
22:45:40 Saving config file
22:46:40 saveConfig: auto-save-60s
22:46:40 Saving config file
22:47:40 saveConfig: auto-save-60s
22:47:40 Saving config file
22:48:40 saveConfig: auto-save-60s
22:48:40 Saving config file
22:49:40 saveConfig: auto-save-60s
22:49:40 Saving config file
22:50:40 saveConfig: auto-save-60s
22:50:40 Saving config file
22:51:40 saveConfig: auto-save-60s
22:51:40 Saving config file
22:52:40 saveConfig: auto-save-60s
22:52:40 Saving config file
22:53:40 saveConfig: auto-save-60s
22:53:40 Saving config file
22:54:40 saveConfig: auto-save-60s
22:54:40 Saving config file
22:55:40 saveConfig: auto-save-60s
22:55:40 Saving config file
22:56:29 saveConfig: close-gui
22:56:29 Saving config file
22:56:29 saveConfig: close-gui
22:56:29 Saving config file
22:56:29 saveConfig: close-gui
22:56:29 Saving config file
22:56:29 saveConfig: close-gui
22:56:29 Saving config file
22:56:40 saveConfig: auto-save-60s
22:56:40 Saving config file
22:57:40 saveConfig: auto-save-60s
22:57:40 Saving config file
22:58:40 saveConfig: auto-save-60s
22:58:40 Saving config file
22:58:46 saveConfig: saving-data
22:58:46 Saving sacks file
22:59:18 saveConfig: saving-data
22:59:18 Saving sacks file
22:59:40 saveConfig: auto-save-60s
22:59:40 Saving config file
22:59:49 saveConfig: saving-data
22:59:49 Saving sacks file
23:00:20 saveConfig: saving-data
23:00:20 Saving sacks file
23:00:40 saveConfig: auto-save-60s
23:00:40 Saving config file
23:00:52 saveConfig: saving-data
23:00:52 Saving sacks file
23:01:15 saveConfig: saving-data
23:01:15 Saving sacks file
23:01:28 saveConfig: saving-data
23:01:28 Saving sacks file
23:01:36 saveConfig: saving-data
23:01:36 Saving sacks file
23:01:40 saveConfig: auto-save-60s
23:01:40 Saving config file
23:02:40 saveConfig: auto-save-60s
23:02:40 Saving config file
23:03:40 saveConfig: auto-save-60s
23:03:40 Saving config file
23:03:44 saveConfig: saving-data
23:03:44 Saving sacks file
23:03:54 saveConfig: saving-data
23:03:54 Saving sacks file
23:04:05 saveConfig: shutdown-hook
23:04:05 Saving config file
