18:35:10 §f                                  §6§lBESTIARY
18:35:10 §f                            §b§lEarthworm §7§8V §8➡§b §bVI
18:35:10 
18:35:10 §f                                  §r§6§lREWARDS
18:35:10 §f                          §r§6+0.4☘ Farming Fortune
18:35:10 §f                           §r§8+§r§62% §r§aEarthworm §r§7coins
18:35:10 §f                    §r§8+§r§a50% §r§7chance for extra XP orbs
18:35:10 §f                               §r§8+§r§b1 SkyBlock XP
18:35:10 
18:35:10 §3§l▬▬▬▬▬▬▬▬▬▬▬▬▬▬▬▬▬▬▬▬▬▬▬▬▬▬▬▬▬▬▬▬▬▬▬▬▬▬▬▬▬▬▬▬▬▬▬▬▬▬▬▬▬▬▬▬▬▬▬▬▬▬▬▬
18:36:25 §f                                  §6§lBESTIARY
18:36:25 §f                              §b§lCricket §7§8V §8➡§b §bVI
18:36:25 
18:36:25 §f                                  §r§6§lREWARDS
18:36:25 §f                          §r§6+0.4☘ Farming Fortune
18:36:25 §f                              §r§8+§r§62% §r§aCricket §r§7coins
18:36:25 §f                    §r§8+§r§a50% §r§7chance for extra XP orbs
18:36:25 §f                               §r§8+§r§b1 SkyBlock XP
18:36:25 
18:36:25 §3§l▬▬▬▬▬▬▬▬▬▬▬▬▬▬▬▬▬▬▬▬▬▬▬▬▬▬▬▬▬▬▬▬▬▬▬▬▬▬▬▬▬▬▬▬▬▬▬▬▬▬▬▬▬▬▬▬▬▬▬▬▬▬▬▬
