18:33:47 §f §r§f §r§1 §r§0 §r§2 §r§4§r§f §r§f §r§2 §r§0 §r§4 §r§8§r§0§r§1§r§0§r§1§r§2§r§f§r§f§r§0§r§1§r§3§r§4§r§f§r§f§r§0§r§1§r§5§r§f§r§f§r§0§r§1§r§6§r§f§r§f§r§0§r§1§r§8§r§9§r§a§r§b§r§f§r§f§r§0§r§1§r§7§r§f§r§f§r§3 §r§9 §r§2 §r§0 §r§0 §r§1§r§3 §r§9 §r§2 §r§0 §r§0 §r§2§r§3 §r§9 §r§2 §r§0 §r§0 §r§3§r§0§r§0§r§1§r§f§r§e§r§0§r§0§r§2§r§f§r§e§r§0§r§0§r§3§r§4§r§5§r§6§r§7§r§8§r§f§r§e§r§3 §r§6 §r§3 §r§6 §r§3 §r§6 §r§e§r§3 §r§6 §r§3 §r§6 §r§3 §r§6 §r§d
18:33:47 §f §r§r§r§f §r§r§r§1 §r§r§r§0 §r§r§r§2 §r§r§r§f §r§r§r§f §r§r§r§2 §r§r§r§0 §r§r§r§4 §r§r§r§3 §r§r§r§9 §r§r§r§2 §r§r§r§0 §r§r§r§0 §r§r§r§3 §r§r§r§9 §r§r§r§2 §r§r§r§0 §r§r§r§0 §r§r§r§3 §r§r§r§9 §r§r§r§2 §r§r§r§0 §r§r§r§0 
18:33:49 §8 §r§8 §r§1 §r§3 §r§3 §r§7 §r§8 
18:33:51 
18:33:51 
18:33:59 
18:33:59 
18:35:10  
18:36:25  
18:37:10 §8 §r§8 §r§1 §r§3 §r§3 §r§7 §r§8 
18:37:30 §8 §r§8 §r§1 §r§3 §r§3 §r§7 §r§8 
18:39:46 §8 §r§8 §r§1 §r§3 §r§3 §r§7 §r§8 
18:40:34 
18:40:34 
18:47:53 §8 §r§8 §r§1 §r§3 §r§3 §r§7 §r§8 
18:48:22 §8 §r§8 §r§1 §r§3 §r§3 §r§7 §r§8 
18:54:45 §8 §r§8 §r§1 §r§3 §r§3 §r§7 §r§8 
18:54:55 §8 §r§8 §r§1 §r§3 §r§3 §r§7 §r§8 
18:56:17 
18:56:19 
18:56:19 
18:56:38 §8 §r§8 §r§1 §r§3 §r§3 §r§7 §r§8 
