22:15:54 [EMPTY] §f §r§f §r§1 §r§0 §r§2 §r§4§r§f §r§f §r§2 §r§0 §r§4 §r§8§r§0§r§1§r§0§r§1§r§2§r§f§r§f§r§0§r§1§r§3§r§4§r§f§r§f§r§0§r§1§r§5§r§f§r§f§r§0§r§1§r§6§r§f§r§f§r§0§r§1§r§8§r§9§r§a§r§b§r§f§r§f§r§0§r§1§r§7§r§f§r§f§r§3 §r§9 §r§2 §r§0 §r§0 §r§1§r§3 §r§9 §r§2 §r§0 §r§0 §r§2§r§3 §r§9 §r§2 §r§0 §r§0 §r§3§r§0§r§0§r§1§r§f§r§e§r§0§r§0§r§2§r§f§r§e§r§0§r§0§r§3§r§4§r§5§r§6§r§7§r§8§r§f§r§e§r§3 §r§6 §r§3 §r§6 §r§3 §r§6 §r§e§r§3 §r§6 §r§3 §r§6 §r§3 §r§6 §r§d
22:15:54 [EMPTY] §f §r§r§r§f §r§r§r§1 §r§r§r§0 §r§r§r§2 §r§r§r§f §r§r§r§f §r§r§r§2 §r§r§r§0 §r§r§r§4 §r§r§r§3 §r§r§r§9 §r§r§r§2 §r§r§r§0 §r§r§r§0 §r§r§r§3 §r§r§r§9 §r§r§r§2 §r§r§r§0 §r§r§r§0 §r§r§r§3 §r§r§r§9 §r§r§r§2 §r§r§r§0 §r§r§r§0 
22:15:55 [allowed] §aYou have §b24 §aunclaimed leveling rewards!
22:15:55 [allowed] §eClick here to view them!
22:15:55 [allowed] §aYou have §618 §aunclaimed achievement rewards!
22:15:55 [allowed] §eClick here to view them!
22:15:55 [LOBBY] §b[MVP§c+§b] Sasonkint§f §6joined the lobby!
22:15:56 [WARPING] §7Sending to server mini29AK...
22:15:56 [EMPTY] §8 §r§8 §r§1 §r§3 §r§3 §r§7 §r§8 
22:16:00 [EMPTY] 
22:16:00 [WELCOME] §eWelcome to §r§aHypixel SkyBlock§r§e!
22:16:00 [EMPTY] 
22:16:00 [allowed] §eLatest update: §bSkyBlock v0.20.1 §e§lCLICK
22:16:00 [PROFILE_JOIN] §aYou are playing on profile: §eLemon§b (Co-op)
22:16:00 [PROFILE_JOIN] §8Profile ID: 75deb082-1336-4dc2-be3c-50e7afad0515
22:16:05 [EMPTY] 
22:16:05 [FIRE_SALE] §6§k§lA§r §c§lFIRE SALE §r§6§k§lA
§r§c♨ §eSelling an item for a limited time!
§r§c   ♨ §dCavern Glacite Golem Skin §e(§e1,002 left§e)§c§r
§r§c♨ §a§l[WARP] §eTo Elizabeth in the next §c3d 19h 43m §eto grab yours!
22:16:05 [EMPTY] 
22:16:16 [allowed] §e[NPC] §aHoppity§f: §r§fHello!!!
22:16:17 [allowed] §e[NPC] §aHoppity§f: §r§fI'm the proud owner of the §6Chocolate Factory§f!
22:16:20 [allowed] §e[NPC] §aHoppity§f: §r§fMy §6Chocolate §fis the finest chocolate in the entire §9world§f.
22:16:24 [allowed] §e[NPC] §aHoppity§f: §r§fI have a brand new §dmarketing strategy§f, and every §aSpring §fseason I will spread various §aRabbit Eggs §facross the islands.
22:16:31 [allowed] §e[NPC] §aHoppity§f: §r§fCollect all the Rabbits I left in those eggs and I will let you use my factory!
22:16:36 [allowed] §e[NPC] §aHoppity§f: §r§fHappy egg hunting!
22:16:46 [allowed] §8[§r§a120§r§8] §r§7⎊ §r§b[MVP§a+§b] _RainbowNoob_§f§r§f: egg cords?
22:16:56 [USELESS_NOTIFICATION] §a§r§6Mining Speed Boost §r§ais now available!
22:17:31 [allowed] §8[§r§736§r§8] §r§b[MVP§c+§b] SynonymsForSky§f§r§f: behind blacksmith
22:17:49 [allowed] §fRabbit Bro §r§7has been promoted to §r§7[1§r§7] §r§fIntern§r§7!
22:18:07 [allowed] §fRabbit Bro §r§7has been promoted to §r§7[2§r§7] §r§fIntern§r§7!
22:18:07 [allowed] §cYou don't have enough Chocolate!
22:18:07 [allowed] §cYou don't have enough Chocolate!
22:18:07 [allowed] §cYou don't have enough Chocolate!
22:18:07 [allowed] §cYou don't have enough Chocolate!
22:18:08 [allowed] §cYou don't have enough Chocolate!
22:18:08 [allowed] §cYou don't have enough Chocolate!
22:18:08 [allowed] §cYou don't have enough Chocolate!
22:18:08 [allowed] §cYou don't have enough Chocolate!
22:18:31 [allowed] §fRabbit Bro §r§7has been promoted to §r§7[3§r§7] §r§fIntern§r§7!
22:18:31 [allowed] §cYou don't have enough Chocolate!
22:18:31 [allowed] §cYou don't have enough Chocolate!
22:18:32 [allowed] §cYou don't have enough Chocolate!
22:18:32 [allowed] §cYou don't have enough Chocolate!
22:18:32 [allowed] §cYou don't have enough Chocolate!
22:18:32 [allowed] §cYou don't have enough Chocolate!
22:18:38 [allowed] §9§m-----------------------------------------------------§r§9
§r§a[VIP] iizmw §r§ehas invited you to join their party!
§r§eYou have §r§c60 §r§eseconds to accept. §r§6Click here to join!§r§9
§r§9§m-----------------------------------------------------
22:18:41 [PARTY] §9§m-----------------------------------------------------
22:18:41 [allowed] §eYou have joined §r§a[VIP] iizmw's §r§eparty!
22:18:41 [PARTY] §9§m-----------------------------------------------------
22:19:24 [allowed] §8[§r§a152§r§8] §r§7☬ §r§b[MVP§d+§b] ohfqstfood§f§r§f: so discord server yet?
22:20:07 [allowed] §fRabbit Bro §r§7has been promoted to §r§7[4§r§7] §r§fIntern§r§7!
22:20:08 [allowed] §cYou don't have enough Chocolate!
22:20:08 [allowed] §cYou don't have enough Chocolate!
22:20:08 [allowed] §cYou don't have enough Chocolate!
22:20:08 [allowed] §cYou don't have enough Chocolate!
22:20:08 [allowed] §cYou don't have enough Chocolate!
22:20:15 [allowed]  §9§l» §aiizmw §eis traveling to §aPrivate Island §e§lFOLLOW
22:20:20 [allowed]  §9§l» §aiizmw §eis traveling to §aGarden §e§lFOLLOW
22:20:35 [allowed] §cYou don't have enough Chocolate!
22:20:35 [allowed] §cYou don't have enough Chocolate!
22:20:35 [allowed] §cYou don't have enough Chocolate!
22:20:35 [allowed] §cYou don't have enough Chocolate!
22:20:45 [allowed] §fRabbit Bro §r§7has been promoted to §r§7[5§r§7] §r§fIntern§r§7!
22:20:48 [allowed] §cYou don't have enough Chocolate!
22:20:48 [allowed] §cYou don't have enough Chocolate!
22:20:48 [allowed] §cYou don't have enough Chocolate!
22:20:48 [allowed] §cYou don't have enough Chocolate!
22:20:49 [allowed] §cYou don't have enough Chocolate!
22:20:49 [allowed] §cRabbit Cousin does not work at your §r§6Chocolate Factory §r§cyet!
22:20:52 [allowed] §d§lHOPPITY'S HUNT §r§dA §r§6Chocolate Breakfast Egg §r§dhas appeared!
22:21:46 [allowed] §8[§r§a152§r§8] §r§7☬ §r§b[MVP§d+§b] ohfqstfood§f§r§f: anyone got the coords yet?
22:21:52 [allowed] §8[§r§a152§r§8] §r§7☬ §r§b[MVP§d+§b] ohfqstfood§f§r§f: who has the skyhanni mod for it
22:22:00 [allowed] §8[§r§f57§r§8] §r§7noob11111111222§7§r§7: bz fast food
22:22:09 [allowed] §8[§r§a152§r§8] §r§7☬ §r§b[MVP§d+§b] ohfqstfood§f§r§f: bz?
22:22:17 [allowed] §8[§r§f57§r§8] §r§7noob11111111222§7§r§7: its by bazaar
22:22:24 [allowed] §8[§r§a152§r§8] §r§7☬ §r§b[MVP§d+§b] ohfqstfood§f§r§f: oh
22:22:25 [allowed] §8[§r§a152§r§8] §r§7☬ §r§b[MVP§d+§b] ohfqstfood§f§r§f: ty
22:22:36 [allowed] §7You will now produce §r§6+2 Chocolate §r§7per click!
22:22:44 [allowed] §8[§r§f57§r§8] §r§7noob11111111222§7§r§7: 14h till freedom
22:23:42 [allowed] §fRabbit Bro §r§7has been promoted to §r§7[6§r§7] §r§fIntern§r§7!
22:23:57 [allowed] §fRabbit Bro §r§7has been promoted to §r§7[7§r§7] §r§fIntern§r§7!
22:25:12 [allowed] §fRabbit Bro §r§7has been promoted to §r§7[8§r§7] §r§fIntern§r§7!
22:25:35 [allowed] §cRabbit Cousin does not work at your §r§6Chocolate Factory §r§cyet!
22:25:35 [allowed] §fRabbit Bro §r§7has been promoted to §r§7[9§r§7] §r§fIntern§r§7!
22:25:35 [allowed] §cYou don't have enough Chocolate!
22:25:35 [allowed] §cYou don't have enough Chocolate!
22:25:35 [allowed] §cYou don't have enough Chocolate!
22:25:39 [allowed] §8[§r§a152§r§8] §r§7☬ §r§b[MVP§d+§b] ohfqstfood§f§r§f: noon meal at 1pm?
22:25:56 [allowed] §aRabbit Bro §r§7has been promoted to §r§7[10§r§7] §r§aEmployee§r§7!
22:25:57 [allowed] §cYou don't have enough Chocolate!
22:26:18 [allowed] §aRabbit Bro §r§7has been promoted to §r§7[11§r§7] §r§aEmployee§r§7!
22:26:24 [allowed] §cRabbit Cousin does not work at your §r§6Chocolate Factory §r§cyet!
22:26:24 [allowed] §cRabbit Cousin does not work at your §r§6Chocolate Factory §r§cyet!
22:26:24 [allowed] §cRabbit Cousin does not work at your §r§6Chocolate Factory §r§cyet!
22:26:24 [allowed] §cRabbit Cousin does not work at your §r§6Chocolate Factory §r§cyet!
22:26:30 [allowed]  §9§l» §aiizmw §eis traveling to §aHub §e§lFOLLOW
22:26:42 [allowed] §d§lHOPPITY'S HUNT §r§dA §r§9Chocolate Lunch Egg §r§dhas appeared!
22:27:10 [allowed] §8[§r§2198§r§8] §r§b[MVP§c+§b] TastyGyoza§f§r§f: yo where is the egg?
22:27:34 [allowed] §aRabbit Bro §r§7has been promoted to §r§7[12§r§7] §r§aEmployee§r§7!
22:27:35 [allowed] §aRabbit Bro §r§7has been promoted to §r§7[13§r§7] §r§aEmployee§r§7!
22:27:36 [allowed] §aRabbit Bro §r§7has been promoted to §r§7[14§r§7] §r§aEmployee§r§7!
22:27:36 [allowed] §cYou don't have enough Chocolate!
22:27:43 [allowed]  §9§l» §aiizmw §eis traveling to §aHub §e§lFOLLOW
22:27:58 [allowed] §aRabbit Bro §r§7has been promoted to §r§7[15§r§7] §r§aEmployee§r§7!
22:28:00 [allowed] §cYou don't have enough Chocolate!
22:28:00 [allowed] §cYou don't have enough Chocolate!
22:28:00 [allowed] §cYou don't have enough Chocolate!
22:28:00 [allowed] §cYou don't have enough Chocolate!
22:28:00 [allowed] §cYou don't have enough Chocolate!
22:28:00 [allowed] §cYou don't have enough Chocolate!
22:28:00 [allowed] §cYou don't have enough Chocolate!
22:28:00 [allowed] §cYou don't have enough Chocolate!
22:28:00 [allowed] §cYou don't have enough Chocolate!
22:28:00 [allowed] §cYou don't have enough Chocolate!
22:28:17 [allowed] §8[§r§a152§r§8] §r§7☬ §r§b[MVP§d+§b] ohfqstfood§f§r§f: anyone found yet?
22:28:23 [allowed] §aRabbit Bro §r§7has been promoted to §r§7[16§r§7] §r§aEmployee§r§7!
22:28:57 [allowed] §aRabbit Bro §r§7has been promoted to §r§7[17§r§7] §r§aEmployee§r§7!
22:28:57 [allowed] §cYou don't have enough Chocolate!
22:29:15 [allowed] §aRabbit Bro §r§7has been promoted to §r§7[18§r§7] §r§aEmployee§r§7!
22:29:45 [allowed] §aRabbit Bro §r§7has been promoted to §r§7[19§r§7] §r§aEmployee§r§7!
22:30:08 [allowed] §aRabbit Bro §r§7has been promoted to §r§7[20§r§7] §r§aEmployee§r§7!
22:30:56 [allowed] §fRabbit Cousin §r§7has been promoted to §r§7[1§r§7] §r§fIntern§r§7!
22:30:56 [allowed] §cYou don't have enough Chocolate!
22:30:56 [allowed] §cYou don't have enough Chocolate!
22:30:56 [allowed] §cYou don't have enough Chocolate!
22:30:56 [allowed] §cYou don't have enough Chocolate!
22:31:04 [allowed] §8[§r§d347§r§8] §r§b[MVP§a+§b] enoshima5§f§r§f: wheat minion
22:31:57 [allowed]  §9§l» §aiizmw §eis traveling to §aPrivate Island §e§lFOLLOW
22:31:59 [allowed] §fRabbit Cousin §r§7has been promoted to §r§7[2§r§7] §r§fIntern§r§7!
22:32:11 [allowed]  §9§l» §aiizmw §eis traveling to §aGarden §e§lFOLLOW
22:32:30 [allowed] §fRabbit Cousin §r§7has been promoted to §r§7[3§r§7] §r§fIntern§r§7!
22:32:30 [allowed] §cYou don't have enough Chocolate!
22:32:31 [allowed] §cYou don't have enough Chocolate!
22:32:31 [allowed] §cYou don't have enough Chocolate!
22:32:31 [allowed] §cYou don't have enough Chocolate!
22:32:31 [allowed] §cYou don't have enough Chocolate!
22:32:31 [allowed] §cYou don't have enough Chocolate!
22:32:31 [allowed] §cYou don't have enough Chocolate!
22:32:31 [allowed] §cYou don't have enough Chocolate!
22:32:31 [allowed] §cYou don't have enough Chocolate!
22:32:32 [allowed] §d§lHOPPITY'S HUNT §r§dA §r§aChocolate Dinner Egg §r§dhas appeared!
22:33:44 [EMPTY] 
22:33:44 [FIRE_SALE] §6§k§lA§r §c§lFIRE SALE §r§6§k§lA
§r§c♨ §eSelling an item for a limited time!
§r§c   ♨ §dCavern Glacite Golem Skin §e(§6958 left§e)§c§r
§r§c♨ §a§l[WARP] §eTo Elizabeth in the next §c3d 19h 26m §eto grab yours!
22:33:44 [EMPTY] 
22:34:36 [PARTY] §9§m-----------------------------------------------------
22:34:36 [allowed] §eThe party leader, §r§a[VIP] iizmw §r§ehas disconnected, they have §r§c5 §r§eminutes to rejoin before the party is disbanded.
22:34:36 [PARTY] §9§m-----------------------------------------------------
22:35:22 [allowed] §fRabbit Cousin §r§7has been promoted to §r§7[4§r§7] §r§fIntern§r§7!
22:35:23 [allowed] §fRabbit Cousin §r§7has been promoted to §r§7[5§r§7] §r§fIntern§r§7!
22:35:25 [allowed] §aRabbit Bro §r§7has been promoted to §r§7[21§r§7] §r§aEmployee§r§7!
22:37:26 [allowed] §8[§r§a154§r§8] §r§6✎ §r§b[MVP] Covid_46§f§r§f: fd
22:37:34 [allowed] §8[§r§a154§r§8] §r§6✎ §r§b[MVP] Covid_46§f§r§f: dfg
22:38:16 [allowed] §fRabbit Cousin §r§7has been promoted to §r§7[6§r§7] §r§fIntern§r§7!
22:38:17 [allowed] §fRabbit Cousin §r§7has been promoted to §r§7[7§r§7] §r§fIntern§r§7!
22:38:18 [allowed] §aRabbit Bro §r§7has been promoted to §r§7[22§r§7] §r§aEmployee§r§7!
22:38:19 [allowed] §fRabbit Cousin §r§7has been promoted to §r§7[8§r§7] §r§fIntern§r§7!
22:38:20 [allowed] §aRabbit Bro §r§7has been promoted to §r§7[23§r§7] §r§aEmployee§r§7!
22:38:21 [allowed] §cYou don't have enough Chocolate!
22:39:10 [allowed] §fRabbit Cousin §r§7has been promoted to §r§7[9§r§7] §r§fIntern§r§7!
22:39:11 [allowed] §cYou don't have enough Chocolate!
22:39:37 [PARTY] §9§m-----------------------------------------------------
22:39:37 [allowed] §cThe party was disbanded because the party leader disconnected.
22:39:37 [PARTY] §9§m-----------------------------------------------------
22:40:12 [allowed] §aRabbit Bro §r§7has been promoted to §r§7[24§r§7] §r§aEmployee§r§7!
22:40:23 [allowed] §aRabbit Cousin §r§7has been promoted to §r§7[10§r§7] §r§aEmployee§r§7!
22:40:52 [allowed] §d§lHOPPITY'S HUNT §r§dA §r§6Chocolate Breakfast Egg §r§dhas appeared!
22:40:55 [allowed] §aRabbit Bro §r§7has been promoted to §r§7[25§r§7] §r§aEmployee§r§7!
22:41:40 [allowed] §cYou must double tap the drop button to drop this item!
22:41:40 [allowed] §cYou can disable this in the §r§fSettings§r§c in your §r§aSkyBlock Menu§r§c!
22:41:41 [allowed] §cYou must double tap the drop button to drop this item!
22:41:41 [allowed] §cYou can disable this in the §r§fSettings§r§c in your §r§aSkyBlock Menu§r§c!
22:41:42 [allowed] §cYou must double tap the drop button to drop this item!
22:41:42 [allowed] §cYou can disable this in the §r§fSettings§r§c in your §r§aSkyBlock Menu§r§c!
22:41:45 [allowed] §cYou must double tap the drop button to drop this item!
22:41:45 [allowed] §cYou can disable this in the §r§fSettings§r§c in your §r§aSkyBlock Menu§r§c!
22:41:51 [allowed] §aRabbit Cousin §r§7has been promoted to §r§7[11§r§7] §r§aEmployee§r§7!
22:41:59 [allowed] §aRabbit Bro §r§7has been promoted to §r§7[26§r§7] §r§aEmployee§r§7!
22:42:58 [allowed] §aRabbit Cousin §r§7has been promoted to §r§7[12§r§7] §r§aEmployee§r§7!
22:42:58 [allowed] §aRabbit Bro §r§7has been promoted to §r§7[27§r§7] §r§aEmployee§r§7!
22:42:59 [allowed] §cYou don't have enough Chocolate!
22:43:33 [allowed] §8[§r§e89§r§8] §r§7♦ §r§a[VIP] Superbug3003§f§r§f: i cant findthe egg
22:44:08 [allowed] §aRabbit Cousin §r§7has been promoted to §r§7[13§r§7] §r§aEmployee§r§7!
22:44:09 [allowed] §aRabbit Bro §r§7has been promoted to §r§7[28§r§7] §r§aEmployee§r§7!
22:44:33 [FAR_AWAY_PLAYER_DEATH] §c ☠ §r§7§r§bHanakoSora§r§7 fell into the void§r§7.
22:44:48 [allowed] §aRabbit Cousin §r§7has been promoted to §r§7[14§r§7] §r§aEmployee§r§7!
22:45:00 [allowed] §aRabbit Bro §r§7has been promoted to §r§7[29§r§7] §r§aEmployee§r§7!
22:45:43 [allowed] §aRabbit Cousin §r§7has been promoted to §r§7[15§r§7] §r§aEmployee§r§7!
22:46:03 [allowed] §aRabbit Bro §r§7has been promoted to §r§7[30§r§7] §r§aEmployee§r§7!
22:46:03 [allowed] §cYou don't have enough Chocolate!
22:46:04 [allowed] §cYou don't have enough Chocolate!
22:46:04 [allowed] §cYou don't have enough Chocolate!
22:46:04 [allowed] §cYou don't have enough Chocolate!
22:46:41 [allowed] §d§lHOPPITY'S HUNT §r§dA §r§9Chocolate Lunch Egg §r§dhas appeared!
22:46:42 [allowed] §aRabbit Cousin §r§7has been promoted to §r§7[16§r§7] §r§aEmployee§r§7!
22:46:45 [allowed] §8[§r§a150§r§8] §r§a[VIP] DevilDude707§f§r§f: ac
22:47:03 [FAR_AWAY_PLAYER_DEATH] §c ☠ §r§7§r§7_Gazzi§r§7 was killed by Crypt Ghoul§r§7§r§7.
22:47:14 [allowed] §8[§r§3264§r§8] §r§6⛂ §r§a[VIP§6+§a] shelly_ig§f§r§f: x: -126, y: 72, z: -123
22:47:21 [allowed] §aRabbit Bro §r§7has been promoted to §r§7[31§r§7] §r§aEmployee§r§7!
22:47:23 [allowed] §cYou don't have enough Chocolate!
22:47:23 [allowed] §cYou don't have enough Chocolate!
22:47:23 [allowed] §cYou don't have enough Chocolate!
22:47:23 [allowed] §cYou don't have enough Chocolate!
22:47:23 [allowed] §cYou don't have enough Chocolate!
22:47:24 [allowed] §cYou don't have enough Chocolate!
22:47:24 [allowed] §cYou don't have enough Chocolate!
22:47:24 [allowed] §cYou don't have enough Chocolate!
22:47:24 [allowed] §cYou don't have enough Chocolate!
22:47:24 [allowed] §cYou don't have enough Chocolate!
22:47:24 [allowed] §cYou don't have enough Chocolate!
22:47:24 [allowed] §cYou don't have enough Chocolate!
22:47:24 [allowed] §cYou don't have enough Chocolate!
22:47:24 [allowed] §cYou don't have enough Chocolate!
22:47:24 [allowed] §cYou don't have enough Chocolate!
22:47:25 [allowed] §cYou don't have enough Chocolate!
22:47:25 [allowed] §cYou don't have enough Chocolate!
22:47:25 [allowed] §cYou don't have enough Chocolate!
22:47:25 [allowed] §cYou don't have enough Chocolate!
22:47:25 [allowed] §cYou don't have enough Chocolate!
22:47:58 [allowed] §aRabbit Cousin §r§7has been promoted to §r§7[17§r§7] §r§aEmployee§r§7!
22:48:18 [allowed] §aRabbit Bro §r§7has been promoted to §r§7[32§r§7] §r§aEmployee§r§7!
22:48:58 [allowed] §aRabbit Cousin §r§7has been promoted to §r§7[18§r§7] §r§aEmployee§r§7!
22:49:20 [allowed] §aRabbit Bro §r§7has been promoted to §r§7[33§r§7] §r§aEmployee§r§7!
22:49:44 [FAR_AWAY_PLAYER_DEATH] §c ☠ §r§7§r§aDevilDude707§r§7 was killed by Revenant Horror§r§7§r§7.
22:49:46 [allowed] §cUnknown destination! Check the Fast Travel menu to view options!
22:49:51 [allowed] §cUnknown destination! Check the Fast Travel menu to view options!
22:49:57 [WARPING] §7Sending to server mini72AQ...
22:49:57 [EMPTY] §8 §r§8 §r§1 §r§3 §r§3 §r§7 §r§8 
22:50:00 [PROFILE_JOIN] §aYou are playing on profile: §eLemon§b (Co-op)
22:50:00 [PROFILE_JOIN] §8Profile ID: 75deb082-1336-4dc2-be3c-50e7afad0515
22:50:10 [WARPING] §7Sending to server mini31CS...
22:50:11 [EMPTY] §8 §r§8 §r§1 §r§3 §r§3 §r§7 §r§8 
22:50:14 [PROFILE_JOIN] §aYou are playing on profile: §eLemon§b (Co-op)
22:50:14 [PROFILE_JOIN] §8Profile ID: 75deb082-1336-4dc2-be3c-50e7afad0515
22:50:25 [GARDEN_VISITOR_MESSAGE] §e[NPC] §9Gwendolyn§f: §r§fI don't really have a sweet tooth, but chocolate is probably my favorite thing in this world. But the supply is really poor mostly because of the mines' lack of accessibility.
22:50:55 [allowed] §cYou don't have enough of the required item!
22:51:11 [USELESS_NOTIFICATION] §a§r§6Mining Speed Boost §r§ais now available!
22:51:34 [GARDEN_VISITOR_MESSAGE] §e[NPC] §9Gwendolyn§f: §r§fI helped you enter the Crystal Hollows so many times! Why won't you return the favor?
22:52:06 [WARPING] §7Finding player...
22:52:07 [WARPING] §7Sending a visit request...
22:52:07 [WARPING] §7Sending to server mini72F...
22:52:07 [EMPTY] §8 §r§8 §r§1 §r§3 §r§3 §r§7 §r§8 
22:52:08 [allowed] §f§m-----------------------------------------------------
§r§cYou should NEVER enter your Microsoft account details anywhere but on official Microsoft services!

§r§cExternal links from untrusted sources should be avoided.
§r§f§m-----------------------------------------------------
22:52:11 [PROFILE_JOIN] §aYou are playing on profile: §eLemon§b (Co-op)
22:52:11 [PROFILE_JOIN] §8Profile ID: 75deb082-1336-4dc2-be3c-50e7afad0515
22:52:23 [WARPING] §7Sending to server mini247D...
22:52:23 [EMPTY] §8 §r§8 §r§1 §r§3 §r§3 §r§7 §r§8 
22:52:26 [PROFILE_JOIN] §aYou are playing on profile: §eLemon§b (Co-op)
22:52:26 [PROFILE_JOIN] §8Profile ID: 75deb082-1336-4dc2-be3c-50e7afad0515
22:52:31 [allowed] §d§lHOPPITY'S HUNT §r§dA §r§aChocolate Dinner Egg §r§dhas appeared!
22:52:51 [allowed] §8[§2174§8] §6⛂ §r§b[MVP§2+§b] Amazeed§f§7 is holding §r§8[§dAuspicious Gemstone Gauntlet§8]
22:53:06 [allowed] §8[§r§2174§r§8] §r§6⛂ §r§b[MVP§2+§b] Amazeed§f§r§f: money
22:53:14 [allowed]  §6⚑ §eThe §6Raffle §eevent starts in §a20 §eseconds!
 §aClick here §eto teleport to §bGarry §eand prepare!
22:53:23 [USELESS_NOTIFICATION] §a§r§6Mining Speed Boost §r§ais now available!
22:53:34 [allowed] §a§l▬▬▬▬▬▬▬▬▬▬▬▬▬▬▬▬▬▬▬▬▬▬▬▬▬▬▬▬▬▬▬▬▬▬▬▬▬▬▬▬▬▬▬▬▬▬▬▬▬▬▬▬▬▬▬▬▬▬▬▬▬▬▬▬
22:53:34 [allowed] §f                            §r§6§lRAFFLE STARTED!
22:53:34 [allowed] §f                             §r§7Active Mining Event
22:53:34 [EMPTY] §f                                        
22:53:34 [allowed] §f              Bring §r§6tickets §r§ffrom the ground to the box!
22:53:34 [allowed] §f                    3 §r§elucky §r§fplayers win §r§a3x §r§frewards!
22:53:34 [allowed] §f            More tickets = more §r§echances §r§f& more §r§6rewards§r§f!
22:53:34 [EMPTY] §f                                        
22:53:34 [allowed] §f                 Go to §r§bFar Reserve §r§7(or talk to Garry)
22:53:34 [allowed] §a§l▬▬▬▬▬▬▬▬▬▬▬▬▬▬▬▬▬▬▬▬▬▬▬▬▬▬▬▬▬▬▬▬▬▬▬▬▬▬▬▬▬▬▬▬▬▬▬▬▬▬▬▬▬▬▬▬▬▬▬▬▬▬▬▬
22:55:23 [allowed] §8[§r§734§r§8] §r§7pxrrx_xd_pro§7§r§7: aw
22:56:07 [allowed] §c§lRAFFLE CLOSING! §r§7in 10 seconds
22:56:37 [allowed] §a§l▬▬▬▬▬▬▬▬▬▬▬▬▬▬▬▬▬▬▬▬▬▬▬▬▬▬▬▬▬▬▬▬▬▬▬▬▬▬▬▬▬▬▬▬▬▬▬▬▬▬▬▬▬▬▬▬▬▬▬▬▬▬▬▬
22:56:37 [allowed] §f                              §r§6§lRAFFLE ENDED!
22:56:37 [allowed] §f                             §r§7Active Mining Event
22:56:37 [allowed] §f                          §r§cYou didn't participate...
22:56:37 [allowed] §a§l▬▬▬▬▬▬▬▬▬▬▬▬▬▬▬▬▬▬▬▬▬▬▬▬▬▬▬▬▬▬▬▬▬▬▬▬▬▬▬▬▬▬▬▬▬▬▬▬▬▬▬▬▬▬▬▬▬▬▬▬▬▬▬▬
22:56:56 [FAR_AWAY_PLAYER_DEATH] §c ☠ §r§7§r§aIbooSh§r§7 was killed by Ghost§r§7§r§7.
22:57:30 [allowed] §c ☠ §r§7§r§aIbooSh§r§7 was killed by Ghost§r§7§r§7.
22:57:54 [FAR_AWAY_PLAYER_DEATH] §c ☠ §r§7§r§aIbooSh§r§7 was killed by Ghost§r§7§r§7.
22:58:46 [SACKS_CHANGE] §6[Sacks] §r§a+101§r§e items§r§e.§r§8 (Last 30s.)
22:59:18 [SACKS_CHANGE] §6[Sacks] §r§a+80§r§e items§r§e.§r§8 (Last 30s.)
22:59:49 [SACKS_CHANGE] §6[Sacks] §r§a+93§r§e items§r§e.§r§8 (Last 30s.)
23:00:20 [SACKS_CHANGE] §6[Sacks] §r§a+87§r§e items§r§e.§r§8 (Last 30s.)
23:00:52 [SACKS_CHANGE] §6[Sacks] §r§a+96§r§e items§r§e.§r§8 (Last 30s.)
23:00:52 [allowed] §d§lHOPPITY'S HUNT §r§dA §r§6Chocolate Breakfast Egg §r§dhas appeared!
23:00:59 [FAR_AWAY_PLAYER_DEATH] §c ☠ §r§7§r§aAdrien_Arcand§r§7 was killed by Knifethrower§r§7§r§7.
23:01:09 [allowed] §a§lUPPER MINES TITANIUM §r§eCommission Complete! Visit the King §r§eto claim your rewards!
23:01:10 [allowed] §5§l✯ §r§eA §r§5Fallen Star §r§ehas crashed at §r§bCliffside Veins§r§e! Nearby ore and Powder drops are amplified!
23:01:15 [SACKS_CHANGE] §6[Sacks] §r§a+53§r§e items§r§e.§r§8 (Last 22s.)
23:01:22 [allowed]   §r§3§lBESTIARY FAMILY UNLOCKED §bTreasure Hoarder
23:01:28 [SACKS_CHANGE] §6[Sacks] §r§a+2§r§e items§r§e.§r§8 (Last 5s.)
23:01:36 [SACKS_CHANGE] §6[Sacks] §r§a+2§r§e items§r§e.§r§8 (Last 6s.)
23:03:23 [allowed] §3§l▬▬▬▬▬▬▬▬▬▬▬▬▬▬▬▬▬▬▬▬▬▬▬▬▬▬▬▬▬▬▬▬▬▬▬▬▬▬▬▬▬▬▬▬▬▬▬▬▬▬▬▬▬▬▬▬▬▬▬▬▬▬▬▬
23:03:23 [allowed]   §r§b§lSKILL LEVEL UP §3Mining §8XXV➜§3XXVI
23:03:23 [EMPTY] 
23:03:23 [allowed]   §r§a§lREWARDS
23:03:23 [allowed]    §r§eSpelunker XXVI
23:03:23 [allowed]    §r  §7§fGrants §a+§8100➜§a104§f §6☘ Mining Fortune§f, which increases your
23:03:23 [allowed]    §r  §fchance for multiple ore drops.
23:03:23 [allowed]    §r§7§8+§a2 §a❈ Defense
23:03:23 [allowed]    §r§7§9Warped Stone §7Reforge
23:03:23 [allowed]    §r§7§5Petrified Starfall §7Reforge
23:03:23 [allowed]    §r§7§8+§6250,000 §7Coins
23:03:23 [allowed]    §r§7§8+§b20 SkyBlock XP
23:03:23 [allowed] §3§l▬▬▬▬▬▬▬▬▬▬▬▬▬▬▬▬▬▬▬▬▬▬▬▬▬▬▬▬▬▬▬▬▬▬▬▬▬▬▬▬▬▬▬▬▬▬▬▬▬▬▬▬▬▬▬▬▬▬▬▬▬▬▬▬
23:03:44 [SACKS_CHANGE] §6[Sacks] §r§a+109§r§e items§r§e.§r§8 (Last 29s.)
23:03:54 [SACKS_CHANGE] §6[Sacks] §r§a+15§r§e items§r§e.§r§8 (Last 9s.)
