22:15:54 [EMPTY] §f §r§f §r§1 §r§0 §r§2 §r§4§r§f §r§f §r§2 §r§0 §r§4 §r§8§r§0§r§1§r§0§r§1§r§2§r§f§r§f§r§0§r§1§r§3§r§4§r§f§r§f§r§0§r§1§r§5§r§f§r§f§r§0§r§1§r§6§r§f§r§f§r§0§r§1§r§8§r§9§r§a§r§b§r§f§r§f§r§0§r§1§r§7§r§f§r§f§r§3 §r§9 §r§2 §r§0 §r§0 §r§1§r§3 §r§9 §r§2 §r§0 §r§0 §r§2§r§3 §r§9 §r§2 §r§0 §r§0 §r§3§r§0§r§0§r§1§r§f§r§e§r§0§r§0§r§2§r§f§r§e§r§0§r§0§r§3§r§4§r§5§r§6§r§7§r§8§r§f§r§e§r§3 §r§6 §r§3 §r§6 §r§3 §r§6 §r§e§r§3 §r§6 §r§3 §r§6 §r§3 §r§6 §r§d
22:15:54 [EMPTY] §f §r§r§r§f §r§r§r§1 §r§r§r§0 §r§r§r§2 §r§r§r§f §r§r§r§f §r§r§r§2 §r§r§r§0 §r§r§r§4 §r§r§r§3 §r§r§r§9 §r§r§r§2 §r§r§r§0 §r§r§r§0 §r§r§r§3 §r§r§r§9 §r§r§r§2 §r§r§r§0 §r§r§r§0 §r§r§r§3 §r§r§r§9 §r§r§r§2 §r§r§r§0 §r§r§r§0 
22:15:55 [LOBBY] §b[MVP§c+§b] Sasonkint§f §6joined the lobby!
22:15:56 [WARPING] §7Sending to server mini29AK...
22:15:56 [EMPTY] §8 §r§8 §r§1 §r§3 §r§3 §r§7 §r§8 
22:16:00 [EMPTY] 
22:16:00 [WELCOME] §eWelcome to §r§aHypixel SkyBlock§r§e!
22:16:00 [EMPTY] 
22:16:00 [PROFILE_JOIN] §aYou are playing on profile: §eLemon§b (Co-op)
22:16:00 [PROFILE_JOIN] §8Profile ID: 75deb082-1336-4dc2-be3c-50e7afad0515
22:16:05 [EMPTY] 
22:16:05 [FIRE_SALE] §6§k§lA§r §c§lFIRE SALE §r§6§k§lA
§r§c♨ §eSelling an item for a limited time!
§r§c   ♨ §dCavern Glacite Golem Skin §e(§e1,002 left§e)§c§r
§r§c♨ §a§l[WARP] §eTo Elizabeth in the next §c3d 19h 43m §eto grab yours!
22:16:05 [EMPTY] 
22:16:56 [USELESS_NOTIFICATION] §a§r§6Mining Speed Boost §r§ais now available!
22:18:41 [PARTY] §9§m-----------------------------------------------------
22:18:41 [PARTY] §9§m-----------------------------------------------------
22:33:44 [EMPTY] 
22:33:44 [FIRE_SALE] §6§k§lA§r §c§lFIRE SALE §r§6§k§lA
§r§c♨ §eSelling an item for a limited time!
§r§c   ♨ §dCavern Glacite Golem Skin §e(§6958 left§e)§c§r
§r§c♨ §a§l[WARP] §eTo Elizabeth in the next §c3d 19h 26m §eto grab yours!
22:33:44 [EMPTY] 
22:34:36 [PARTY] §9§m-----------------------------------------------------
22:34:36 [PARTY] §9§m-----------------------------------------------------
22:39:37 [PARTY] §9§m-----------------------------------------------------
22:39:37 [PARTY] §9§m-----------------------------------------------------
22:44:33 [FAR_AWAY_PLAYER_DEATH] §c ☠ §r§7§r§bHanakoSora§r§7 fell into the void§r§7.
22:47:03 [FAR_AWAY_PLAYER_DEATH] §c ☠ §r§7§r§7_Gazzi§r§7 was killed by Crypt Ghoul§r§7§r§7.
22:49:44 [FAR_AWAY_PLAYER_DEATH] §c ☠ §r§7§r§aDevilDude707§r§7 was killed by Revenant Horror§r§7§r§7.
22:49:57 [WARPING] §7Sending to server mini72AQ...
22:49:57 [EMPTY] §8 §r§8 §r§1 §r§3 §r§3 §r§7 §r§8 
22:50:00 [PROFILE_JOIN] §aYou are playing on profile: §eLemon§b (Co-op)
22:50:00 [PROFILE_JOIN] §8Profile ID: 75deb082-1336-4dc2-be3c-50e7afad0515
22:50:10 [WARPING] §7Sending to server mini31CS...
22:50:11 [EMPTY] §8 §r§8 §r§1 §r§3 §r§3 §r§7 §r§8 
22:50:14 [PROFILE_JOIN] §aYou are playing on profile: §eLemon§b (Co-op)
22:50:14 [PROFILE_JOIN] §8Profile ID: 75deb082-1336-4dc2-be3c-50e7afad0515
22:50:25 [GARDEN_VISITOR_MESSAGE] §e[NPC] §9Gwendolyn§f: §r§fI don't really have a sweet tooth, but chocolate is probably my favorite thing in this world. But the supply is really poor mostly because of the mines' lack of accessibility.
22:51:11 [USELESS_NOTIFICATION] §a§r§6Mining Speed Boost §r§ais now available!
22:51:34 [GARDEN_VISITOR_MESSAGE] §e[NPC] §9Gwendolyn§f: §r§fI helped you enter the Crystal Hollows so many times! Why won't you return the favor?
22:52:06 [WARPING] §7Finding player...
22:52:07 [WARPING] §7Sending a visit request...
22:52:07 [WARPING] §7Sending to server mini72F...
22:52:07 [EMPTY] §8 §r§8 §r§1 §r§3 §r§3 §r§7 §r§8 
22:52:11 [PROFILE_JOIN] §aYou are playing on profile: §eLemon§b (Co-op)
22:52:11 [PROFILE_JOIN] §8Profile ID: 75deb082-1336-4dc2-be3c-50e7afad0515
22:52:23 [WARPING] §7Sending to server mini247D...
22:52:23 [EMPTY] §8 §r§8 §r§1 §r§3 §r§3 §r§7 §r§8 
22:52:26 [PROFILE_JOIN] §aYou are playing on profile: §eLemon§b (Co-op)
22:52:26 [PROFILE_JOIN] §8Profile ID: 75deb082-1336-4dc2-be3c-50e7afad0515
22:53:23 [USELESS_NOTIFICATION] §a§r§6Mining Speed Boost §r§ais now available!
22:53:34 [EMPTY] §f                                        
22:53:34 [EMPTY] §f                                        
22:56:56 [FAR_AWAY_PLAYER_DEATH] §c ☠ §r§7§r§aIbooSh§r§7 was killed by Ghost§r§7§r§7.
22:57:54 [FAR_AWAY_PLAYER_DEATH] §c ☠ §r§7§r§aIbooSh§r§7 was killed by Ghost§r§7§r§7.
22:58:46 [SACKS_CHANGE] §6[Sacks] §r§a+101§r§e items§r§e.§r§8 (Last 30s.)
22:59:18 [SACKS_CHANGE] §6[Sacks] §r§a+80§r§e items§r§e.§r§8 (Last 30s.)
22:59:49 [SACKS_CHANGE] §6[Sacks] §r§a+93§r§e items§r§e.§r§8 (Last 30s.)
23:00:20 [SACKS_CHANGE] §6[Sacks] §r§a+87§r§e items§r§e.§r§8 (Last 30s.)
23:00:52 [SACKS_CHANGE] §6[Sacks] §r§a+96§r§e items§r§e.§r§8 (Last 30s.)
23:00:59 [FAR_AWAY_PLAYER_DEATH] §c ☠ §r§7§r§aAdrien_Arcand§r§7 was killed by Knifethrower§r§7§r§7.
23:01:15 [SACKS_CHANGE] §6[Sacks] §r§a+53§r§e items§r§e.§r§8 (Last 22s.)
23:01:28 [SACKS_CHANGE] §6[Sacks] §r§a+2§r§e items§r§e.§r§8 (Last 5s.)
23:01:36 [SACKS_CHANGE] §6[Sacks] §r§a+2§r§e items§r§e.§r§8 (Last 6s.)
23:03:23 [EMPTY] 
23:03:44 [SACKS_CHANGE] §6[Sacks] §r§a+109§r§e items§r§e.§r§8 (Last 29s.)
23:03:54 [SACKS_CHANGE] §6[Sacks] §r§a+15§r§e items§r§e.§r§8 (Last 9s.)
