22:18:38  
22:18:38 [original] §9§m-----------------------------------------------------§r§9
§r§a[VIP] iizmw §r§ehas invited you to join their party!
§r§eYou have §r§c60 §r§eseconds to accept. §r§6Click here to join!§r§9
§r§9§m-----------------------------------------------------§r
22:18:38 [modified] §9§m-----------------------------------------------------§r§9
§r§biizmw §r§ehas invited you to join their party!
§r§eYou have §r§c60 §r§eseconds to accept. §r§6Click here to join!§r§9
§r§9§m-----------------------------------------------------§r§r
22:18:41  
22:18:41 [original] §eYou have joined §r§a[VIP] iizmw's §r§eparty!§r
22:18:41 [modified] §eYou have joined §r§biizmw's §r§eparty!§r§r
22:25:56  
22:25:56 [original] §r§aRabbit Bro §r§7has been promoted to §r§7[10§r§7] §r§aEmployee§r§7!§r
22:25:56 [modified] §r§aRabbit Bro §r§7has been promoted to §r§7[10§r§7] §r§bEmployee§7!§r§r
22:26:18  
22:26:18 [original] §r§aRabbit Bro §r§7has been promoted to §r§7[11§r§7] §r§aEmployee§r§7!§r
22:26:18 [modified] §r§aRabbit Bro §r§7has been promoted to §r§7[11§r§7] §r§bEmployee§7!§r§r
22:27:34  
22:27:34 [original] §r§aRabbit Bro §r§7has been promoted to §r§7[12§r§7] §r§aEmployee§r§7!§r
22:27:34 [modified] §r§aRabbit Bro §r§7has been promoted to §r§7[12§r§7] §r§bEmployee§7!§r§r
22:27:35  
22:27:35 [original] §r§aRabbit Bro §r§7has been promoted to §r§7[13§r§7] §r§aEmployee§r§7!§r
22:27:35 [modified] §r§aRabbit Bro §r§7has been promoted to §r§7[13§r§7] §r§bEmployee§7!§r§r
22:27:36  
22:27:36 [original] §r§aRabbit Bro §r§7has been promoted to §r§7[14§r§7] §r§aEmployee§r§7!§r
22:27:36 [modified] §r§aRabbit Bro §r§7has been promoted to §r§7[14§r§7] §r§bEmployee§7!§r§r
22:27:58  
22:27:58 [original] §r§aRabbit Bro §r§7has been promoted to §r§7[15§r§7] §r§aEmployee§r§7!§r
22:27:58 [modified] §r§aRabbit Bro §r§7has been promoted to §r§7[15§r§7] §r§bEmployee§7!§r§r
22:28:23  
22:28:23 [original] §r§aRabbit Bro §r§7has been promoted to §r§7[16§r§7] §r§aEmployee§r§7!§r
22:28:23 [modified] §r§aRabbit Bro §r§7has been promoted to §r§7[16§r§7] §r§bEmployee§7!§r§r
22:28:57  
22:28:57 [original] §r§aRabbit Bro §r§7has been promoted to §r§7[17§r§7] §r§aEmployee§r§7!§r
22:28:57 [modified] §r§aRabbit Bro §r§7has been promoted to §r§7[17§r§7] §r§bEmployee§7!§r§r
22:29:15  
22:29:15 [original] §r§aRabbit Bro §r§7has been promoted to §r§7[18§r§7] §r§aEmployee§r§7!§r
22:29:15 [modified] §r§aRabbit Bro §r§7has been promoted to §r§7[18§r§7] §r§bEmployee§7!§r§r
22:29:45  
22:29:45 [original] §r§aRabbit Bro §r§7has been promoted to §r§7[19§r§7] §r§aEmployee§r§7!§r
22:29:45 [modified] §r§aRabbit Bro §r§7has been promoted to §r§7[19§r§7] §r§bEmployee§7!§r§r
22:30:08  
22:30:08 [original] §r§aRabbit Bro §r§7has been promoted to §r§7[20§r§7] §r§aEmployee§r§7!§r
22:30:08 [modified] §r§aRabbit Bro §r§7has been promoted to §r§7[20§r§7] §r§bEmployee§7!§r§r
22:34:36  
22:34:36 [original] §eThe party leader, §r§a[VIP] iizmw §r§ehas disconnected, they have §r§c5 §r§eminutes to rejoin before the party is disbanded.§r
22:34:36 [modified] §eThe party leader, §r§biizmw §r§ehas disconnected, they have §r§c5 §r§eminutes to rejoin before the party is disbanded.§r§r
22:35:25  
22:35:25 [original] §r§aRabbit Bro §r§7has been promoted to §r§7[21§r§7] §r§aEmployee§r§7!§r
22:35:25 [modified] §r§aRabbit Bro §r§7has been promoted to §r§7[21§r§7] §r§bEmployee§7!§r§r
22:38:18  
22:38:18 [original] §r§aRabbit Bro §r§7has been promoted to §r§7[22§r§7] §r§aEmployee§r§7!§r
22:38:18 [modified] §r§aRabbit Bro §r§7has been promoted to §r§7[22§r§7] §r§bEmployee§7!§r§r
22:38:20  
22:38:20 [original] §r§aRabbit Bro §r§7has been promoted to §r§7[23§r§7] §r§aEmployee§r§7!§r
22:38:20 [modified] §r§aRabbit Bro §r§7has been promoted to §r§7[23§r§7] §r§bEmployee§7!§r§r
22:40:12  
22:40:12 [original] §r§aRabbit Bro §r§7has been promoted to §r§7[24§r§7] §r§aEmployee§r§7!§r
22:40:12 [modified] §r§aRabbit Bro §r§7has been promoted to §r§7[24§r§7] §r§bEmployee§7!§r§r
22:40:23  
22:40:23 [original] §r§aRabbit Cousin §r§7has been promoted to §r§7[10§r§7] §r§aEmployee§r§7!§r
22:40:23 [modified] §r§aRabbit Cousin §r§7has been promoted to §r§7[10§r§7] §r§bEmployee§7!§r§r
22:40:55  
22:40:55 [original] §r§aRabbit Bro §r§7has been promoted to §r§7[25§r§7] §r§aEmployee§r§7!§r
22:40:55 [modified] §r§aRabbit Bro §r§7has been promoted to §r§7[25§r§7] §r§bEmployee§7!§r§r
22:41:51  
22:41:51 [original] §r§aRabbit Cousin §r§7has been promoted to §r§7[11§r§7] §r§aEmployee§r§7!§r
22:41:51 [modified] §r§aRabbit Cousin §r§7has been promoted to §r§7[11§r§7] §r§bEmployee§7!§r§r
22:41:59  
22:41:59 [original] §r§aRabbit Bro §r§7has been promoted to §r§7[26§r§7] §r§aEmployee§r§7!§r
22:41:59 [modified] §r§aRabbit Bro §r§7has been promoted to §r§7[26§r§7] §r§bEmployee§7!§r§r
22:42:58  
22:42:58 [original] §r§aRabbit Cousin §r§7has been promoted to §r§7[12§r§7] §r§aEmployee§r§7!§r
22:42:58 [modified] §r§aRabbit Cousin §r§7has been promoted to §r§7[12§r§7] §r§bEmployee§7!§r§r
22:42:58  
22:42:58 [original] §r§aRabbit Bro §r§7has been promoted to §r§7[27§r§7] §r§aEmployee§r§7!§r
22:42:58 [modified] §r§aRabbit Bro §r§7has been promoted to §r§7[27§r§7] §r§bEmployee§7!§r§r
22:44:08  
22:44:08 [original] §r§aRabbit Cousin §r§7has been promoted to §r§7[13§r§7] §r§aEmployee§r§7!§r
22:44:08 [modified] §r§aRabbit Cousin §r§7has been promoted to §r§7[13§r§7] §r§bEmployee§7!§r§r
22:44:09  
22:44:09 [original] §r§aRabbit Bro §r§7has been promoted to §r§7[28§r§7] §r§aEmployee§r§7!§r
22:44:09 [modified] §r§aRabbit Bro §r§7has been promoted to §r§7[28§r§7] §r§bEmployee§7!§r§r
22:44:48  
22:44:48 [original] §r§aRabbit Cousin §r§7has been promoted to §r§7[14§r§7] §r§aEmployee§r§7!§r
22:44:48 [modified] §r§aRabbit Cousin §r§7has been promoted to §r§7[14§r§7] §r§bEmployee§7!§r§r
22:45:00  
22:45:00 [original] §r§aRabbit Bro §r§7has been promoted to §r§7[29§r§7] §r§aEmployee§r§7!§r
22:45:00 [modified] §r§aRabbit Bro §r§7has been promoted to §r§7[29§r§7] §r§bEmployee§7!§r§r
22:45:43  
22:45:43 [original] §r§aRabbit Cousin §r§7has been promoted to §r§7[15§r§7] §r§aEmployee§r§7!§r
22:45:43 [modified] §r§aRabbit Cousin §r§7has been promoted to §r§7[15§r§7] §r§bEmployee§7!§r§r
22:46:03  
22:46:03 [original] §r§aRabbit Bro §r§7has been promoted to §r§7[30§r§7] §r§aEmployee§r§7!§r
22:46:03 [modified] §r§aRabbit Bro §r§7has been promoted to §r§7[30§r§7] §r§bEmployee§7!§r§r
22:46:42  
22:46:42 [original] §r§aRabbit Cousin §r§7has been promoted to §r§7[16§r§7] §r§aEmployee§r§7!§r
22:46:42 [modified] §r§aRabbit Cousin §r§7has been promoted to §r§7[16§r§7] §r§bEmployee§7!§r§r
22:47:21  
22:47:21 [original] §r§aRabbit Bro §r§7has been promoted to §r§7[31§r§7] §r§aEmployee§r§7!§r
22:47:21 [modified] §r§aRabbit Bro §r§7has been promoted to §r§7[31§r§7] §r§bEmployee§7!§r§r
22:47:58  
22:47:58 [original] §r§aRabbit Cousin §r§7has been promoted to §r§7[17§r§7] §r§aEmployee§r§7!§r
22:47:58 [modified] §r§aRabbit Cousin §r§7has been promoted to §r§7[17§r§7] §r§bEmployee§7!§r§r
22:48:18  
22:48:18 [original] §r§aRabbit Bro §r§7has been promoted to §r§7[32§r§7] §r§aEmployee§r§7!§r
22:48:18 [modified] §r§aRabbit Bro §r§7has been promoted to §r§7[32§r§7] §r§bEmployee§7!§r§r
22:48:58  
22:48:58 [original] §r§aRabbit Cousin §r§7has been promoted to §r§7[18§r§7] §r§aEmployee§r§7!§r
22:48:58 [modified] §r§aRabbit Cousin §r§7has been promoted to §r§7[18§r§7] §r§bEmployee§7!§r§r
22:49:20  
22:49:20 [original] §r§aRabbit Bro §r§7has been promoted to §r§7[33§r§7] §r§aEmployee§r§7!§r
22:49:20 [modified] §r§aRabbit Bro §r§7has been promoted to §r§7[33§r§7] §r§bEmployee§7!§r§r
22:53:34  
22:53:34 [original] §r§f            More tickets = more §r§echances §r§f& more §r§6rewards§r§f!§r
22:53:34 [modified] §r§f            More tickets = more §r§echances §r§f& more §r§brewards§f!§r§r
22:57:30  
22:57:30 [original] §r§c ☠ §r§7§r§aIbooSh§r§7 was killed by Ghost§r§7§r§7.§r
22:57:30 [modified] §r§c ☠ §r§7§r§bIbooSh§7 was killed by Ghost§r§7§r§7.§r§r
