16:59:23 Trying to load config from config\skyhanni\config.json
16:59:23 Setting config to be blank as it did not exist. It will be saved once something is written to it
16:59:23 Trying to load sacks from config\skyhanni\sacks.json
16:59:23 Setting sacks to be blank as it did not exist. It will be saved once something is written to it
16:59:23 Trying to load friends from config\skyhanni\friends.json
16:59:23 Setting friends to be blank as it did not exist. It will be saved once something is written to it
16:59:23 Trying to load known_features from config\skyhanni\known_features.json
16:59:23 Setting known_features to be blank as it did not exist. It will be saved once something is written to it
16:59:23 Trying to load jacob_contests from config\skyhanni\jacob_contests.json
16:59:23 Setting jacob_contests to be blank as it did not exist. It will be saved once something is written to it
16:59:23 Trying to load visual_words from config\skyhanni\visual_words.json
16:59:23 Setting visual_words to be blank as it did not exist. It will be saved once something is written to it
17:00:23 saveConfig: auto-save-60s
17:00:23 Saving config file
17:00:31 saveConfig: Updated known feature flags
17:00:31 Saving known_features file
17:00:31 saveConfig: Save file
17:00:31 Saving friends file
17:01:23 saveConfig: auto-save-60s
17:01:23 Saving config file
17:01:41 saveConfig: close-gui
17:01:41 Saving config file
17:01:41 saveConfig: close-gui
17:01:41 Saving config file
17:01:41 saveConfig: close-gui
17:01:41 Saving config file
17:02:23 saveConfig: auto-save-60s
17:02:23 Saving config file
17:03:23 saveConfig: auto-save-60s
17:03:23 Saving config file
17:04:23 saveConfig: auto-save-60s
17:04:23 Saving config file
17:05:23 saveConfig: auto-save-60s
17:05:23 Saving config file
17:06:23 saveConfig: auto-save-60s
17:06:23 Saving config file
17:06:47 saveConfig: close-gui
17:06:47 Saving config file
17:06:47 saveConfig: close-gui
17:06:47 Saving config file
17:06:47 saveConfig: close-gui
17:06:47 Saving config file
17:07:23 saveConfig: auto-save-60s
17:07:23 Saving config file
17:08:23 saveConfig: auto-save-60s
17:08:23 Saving config file
17:08:49 saveConfig: close-gui
17:08:49 Saving config file
17:08:49 saveConfig: close-gui
17:08:49 Saving config file
17:09:23 saveConfig: auto-save-60s
17:09:23 Saving config file
17:10:23 saveConfig: auto-save-60s
17:10:23 Saving config file
17:10:36 saveConfig: close-gui
17:10:36 Saving config file
17:10:36 saveConfig: close-gui
17:10:36 Saving config file
17:10:36 saveConfig: close-gui
17:10:36 Saving config file
17:11:23 saveConfig: auto-save-60s
17:11:23 Saving config file
17:11:48 saveConfig: close-gui
17:11:48 Saving config file
17:12:23 saveConfig: auto-save-60s
17:12:23 Saving config file
17:13:23 saveConfig: auto-save-60s
17:13:23 Saving config file
17:14:23 saveConfig: auto-save-60s
17:14:23 Saving config file
17:15:23 saveConfig: auto-save-60s
17:15:23 Saving config file
17:16:23 saveConfig: auto-save-60s
17:16:23 Saving config file
17:17:23 saveConfig: auto-save-60s
17:17:23 Saving config file
17:18:23 saveConfig: auto-save-60s
17:18:23 Saving config file
17:19:03 saveConfig: close-gui
17:19:03 Saving config file
17:19:03 saveConfig: close-gui
17:19:03 Saving config file
17:19:03 saveConfig: close-gui
17:19:03 Saving config file
17:19:03 saveConfig: close-gui
17:19:03 Saving config file
17:19:03 saveConfig: close-gui
17:19:03 Saving config file
17:19:23 saveConfig: auto-save-60s
17:19:23 Saving config file
17:20:23 saveConfig: auto-save-60s
17:20:23 Saving config file
17:21:23 saveConfig: auto-save-60s
17:21:23 Saving config file
17:22:23 saveConfig: auto-save-60s
17:22:23 Saving config file
17:23:23 saveConfig: auto-save-60s
17:23:23 Saving config file
17:24:23 saveConfig: auto-save-60s
17:24:23 Saving config file
17:25:23 saveConfig: auto-save-60s
17:25:23 Saving config file
17:26:23 saveConfig: auto-save-60s
17:26:23 Saving config file
17:27:23 saveConfig: auto-save-60s
17:27:23 Saving config file
17:28:23 saveConfig: auto-save-60s
17:28:23 Saving config file
17:29:23 saveConfig: auto-save-60s
17:29:23 Saving config file
17:30:23 saveConfig: auto-save-60s
17:30:23 Saving config file
17:31:23 saveConfig: auto-save-60s
17:31:23 Saving config file
17:32:23 saveConfig: auto-save-60s
17:32:23 Saving config file
17:33:23 saveConfig: auto-save-60s
17:33:23 Saving config file
17:34:23 saveConfig: auto-save-60s
17:34:23 Saving config file
17:35:23 saveConfig: auto-save-60s
17:35:23 Saving config file
17:36:23 saveConfig: auto-save-60s
17:36:23 Saving config file
17:37:23 saveConfig: auto-save-60s
17:37:23 Saving config file
17:38:23 saveConfig: auto-save-60s
17:38:23 Saving config file
17:39:23 saveConfig: auto-save-60s
17:39:23 Saving config file
17:40:23 saveConfig: auto-save-60s
17:40:23 Saving config file
17:41:23 saveConfig: auto-save-60s
17:41:23 Saving config file
17:42:23 saveConfig: auto-save-60s
17:42:23 Saving config file
17:43:23 saveConfig: auto-save-60s
17:43:23 Saving config file
17:44:23 saveConfig: auto-save-60s
17:44:23 Saving config file
17:45:23 saveConfig: auto-save-60s
17:45:23 Saving config file
17:46:23 saveConfig: auto-save-60s
17:46:23 Saving config file
17:47:23 saveConfig: auto-save-60s
17:47:23 Saving config file
17:48:23 saveConfig: auto-save-60s
17:48:23 Saving config file
17:49:23 saveConfig: auto-save-60s
17:49:23 Saving config file
17:50:23 saveConfig: auto-save-60s
17:50:23 Saving config file
17:51:23 saveConfig: auto-save-60s
17:51:23 Saving config file
17:52:23 saveConfig: auto-save-60s
17:52:23 Saving config file
17:53:23 saveConfig: auto-save-60s
17:53:23 Saving config file
17:54:23 saveConfig: auto-save-60s
17:54:23 Saving config file
17:55:23 saveConfig: auto-save-60s
17:55:23 Saving config file
17:56:23 saveConfig: auto-save-60s
17:56:23 Saving config file
17:57:23 saveConfig: auto-save-60s
17:57:23 Saving config file
17:58:23 saveConfig: auto-save-60s
17:58:23 Saving config file
17:59:23 saveConfig: auto-save-60s
17:59:23 Saving config file
18:00:23 saveConfig: auto-save-60s
18:00:23 Saving config file
18:01:23 saveConfig: auto-save-60s
18:01:23 Saving config file
18:02:23 saveConfig: auto-save-60s
18:02:23 Saving config file
18:03:23 saveConfig: auto-save-60s
18:03:23 Saving config file
18:04:23 saveConfig: auto-save-60s
18:04:23 Saving config file
18:05:23 saveConfig: auto-save-60s
18:05:23 Saving config file
18:06:23 saveConfig: auto-save-60s
18:06:23 Saving config file
18:07:23 saveConfig: auto-save-60s
18:07:23 Saving config file
18:08:23 saveConfig: auto-save-60s
18:08:23 Saving config file
18:09:23 saveConfig: auto-save-60s
18:09:23 Saving config file
18:10:23 saveConfig: auto-save-60s
18:10:23 Saving config file
18:11:23 saveConfig: auto-save-60s
18:11:23 Saving config file
18:12:23 saveConfig: auto-save-60s
18:12:23 Saving config file
18:13:23 saveConfig: auto-save-60s
18:13:23 Saving config file
18:14:23 saveConfig: auto-save-60s
18:14:23 Saving config file
18:15:23 saveConfig: close-gui
18:15:23 Saving config file
18:15:23 saveConfig: auto-save-60s
18:15:23 Saving config file
18:16:23 saveConfig: auto-save-60s
18:16:23 Saving config file
18:16:51 saveConfig: close-gui
18:16:51 Saving config file
18:17:06 saveConfig: close-gui
18:17:06 Saving config file
18:17:06 saveConfig: close-gui
18:17:06 Saving config file
18:17:06 saveConfig: close-gui
18:17:06 Saving config file
18:17:23 saveConfig: auto-save-60s
18:17:23 Saving config file
18:17:27 saveConfig: close-gui
18:17:27 Saving config file
18:17:27 saveConfig: close-gui
18:17:27 Saving config file
18:17:27 saveConfig: close-gui
18:17:27 Saving config file
18:17:27 saveConfig: close-gui
18:17:27 Saving config file
18:18:23 saveConfig: auto-save-60s
18:18:23 Saving config file
18:19:23 saveConfig: auto-save-60s
18:19:23 Saving config file
18:19:27 saveConfig: close-gui
18:19:27 Saving config file
18:19:27 saveConfig: close-gui
18:19:27 Saving config file
18:19:27 saveConfig: close-gui
18:19:27 Saving config file
18:20:20 saveConfig: close-gui
18:20:20 Saving config file
18:20:23 saveConfig: auto-save-60s
18:20:23 Saving config file
18:21:06 saveConfig: close-gui
18:21:06 Saving config file
18:21:06 saveConfig: close-gui
18:21:06 Saving config file
18:21:06 saveConfig: close-gui
18:21:06 Saving config file
18:21:06 saveConfig: close-gui
18:21:06 Saving config file
18:21:23 saveConfig: auto-save-60s
18:21:23 Saving config file
18:21:55 saveConfig: close-gui
18:21:55 Saving config file
18:21:55 saveConfig: close-gui
18:21:55 Saving config file
18:22:23 saveConfig: auto-save-60s
18:22:23 Saving config file
18:23:23 saveConfig: auto-save-60s
18:23:23 Saving config file
18:24:23 saveConfig: auto-save-60s
18:24:23 Saving config file
18:24:58 saveConfig: close-gui
18:24:58 Saving config file
18:24:58 saveConfig: close-gui
18:24:58 Saving config file
18:25:23 saveConfig: auto-save-60s
18:25:23 Saving config file
18:25:37 saveConfig: close-gui
18:25:37 Saving config file
18:25:46 saveConfig: close-gui
18:25:46 Saving config file
18:26:23 saveConfig: auto-save-60s
18:26:23 Saving config file
18:27:23 saveConfig: auto-save-60s
18:27:23 Saving config file
18:28:23 saveConfig: auto-save-60s
18:28:23 Saving config file
18:29:23 saveConfig: auto-save-60s
18:29:23 Saving config file
18:30:23 saveConfig: auto-save-60s
18:30:23 Saving config file
18:31:23 saveConfig: auto-save-60s
18:31:23 Saving config file
18:32:23 saveConfig: auto-save-60s
18:32:23 Saving config file
18:33:23 saveConfig: auto-save-60s
18:33:23 Saving config file
18:34:23 saveConfig: auto-save-60s
18:34:23 Saving config file
18:34:38 saveConfig: close-gui
18:34:38 Saving config file
18:34:38 saveConfig: close-gui
18:34:38 Saving config file
18:34:38 saveConfig: close-gui
18:34:38 Saving config file
18:34:40 saveConfig: close-gui
18:34:40 Saving config file
18:34:40 saveConfig: close-gui
18:34:40 Saving config file
18:34:40 saveConfig: close-gui
18:34:40 Saving config file
18:35:23 saveConfig: auto-save-60s
18:35:23 Saving config file
18:36:23 saveConfig: auto-save-60s
18:36:23 Saving config file
18:37:23 saveConfig: auto-save-60s
18:37:23 Saving config file
18:38:23 saveConfig: auto-save-60s
18:38:23 Saving config file
18:39:16 saveConfig: close-gui
18:39:16 Saving config file
18:39:16 saveConfig: close-gui
18:39:16 Saving config file
18:39:16 saveConfig: close-gui
18:39:16 Saving config file
18:39:23 saveConfig: auto-save-60s
18:39:23 Saving config file
18:40:23 saveConfig: auto-save-60s
18:40:23 Saving config file
18:40:44 saveConfig: close-gui
18:40:44 Saving config file
18:40:44 saveConfig: close-gui
18:40:44 Saving config file
18:40:44 saveConfig: close-gui
18:40:44 Saving config file
18:40:44 saveConfig: close-gui
18:40:44 Saving config file
18:41:23 saveConfig: auto-save-60s
18:41:23 Saving config file
18:42:23 saveConfig: auto-save-60s
18:42:23 Saving config file
18:42:31 saveConfig: close-gui
18:42:31 Saving config file
18:43:23 saveConfig: auto-save-60s
18:43:23 Saving config file
18:43:23 saveConfig: Save contests
18:43:23 Saving jacob_contests file
18:44:23 saveConfig: auto-save-60s
18:44:23 Saving config file
18:45:23 saveConfig: auto-save-60s
18:45:23 Saving config file
18:45:44 saveConfig: close-gui
18:45:44 Saving config file
18:45:44 saveConfig: close-gui
18:45:44 Saving config file
18:46:03 saveConfig: close-gui
18:46:03 Saving config file
18:46:03 saveConfig: close-gui
18:46:03 Saving config file
18:46:03 saveConfig: close-gui
18:46:03 Saving config file
18:46:03 saveConfig: close-gui
18:46:03 Saving config file
18:46:03 saveConfig: close-gui
18:46:03 Saving config file
18:46:17 saveConfig: close-gui
18:46:17 Saving config file
18:46:17 saveConfig: close-gui
18:46:17 Saving config file
18:46:17 saveConfig: close-gui
18:46:17 Saving config file
18:46:23 saveConfig: auto-save-60s
18:46:23 Saving config file
18:47:23 saveConfig: auto-save-60s
18:47:23 Saving config file
18:48:23 saveConfig: auto-save-60s
18:48:23 Saving config file
18:49:23 saveConfig: auto-save-60s
18:49:23 Saving config file
18:50:23 saveConfig: auto-save-60s
18:50:23 Saving config file
18:51:23 saveConfig: auto-save-60s
18:51:23 Saving config file
18:52:23 saveConfig: auto-save-60s
18:52:23 Saving config file
18:53:23 saveConfig: auto-save-60s
18:53:23 Saving config file
18:54:23 saveConfig: auto-save-60s
18:54:23 Saving config file
18:55:23 saveConfig: auto-save-60s
18:55:23 Saving config file
18:56:23 saveConfig: auto-save-60s
18:56:23 Saving config file
18:57:23 saveConfig: auto-save-60s
18:57:23 Saving config file
18:57:30 saveConfig: close-gui
18:57:30 Saving config file
18:57:30 saveConfig: close-gui
18:57:30 Saving config file
18:57:30 saveConfig: close-gui
18:57:30 Saving config file
18:58:03 saveConfig: close-gui
18:58:03 Saving config file
18:58:03 saveConfig: close-gui
18:58:03 Saving config file
18:58:03 saveConfig: close-gui
18:58:03 Saving config file
18:58:03 saveConfig: close-gui
18:58:03 Saving config file
18:58:06 saveConfig: close-gui
18:58:06 Saving config file
18:58:23 saveConfig: auto-save-60s
18:58:23 Saving config file
18:58:52 saveConfig: saving-data
18:58:52 Saving sacks file
18:59:23 saveConfig: auto-save-60s
18:59:23 Saving config file
18:59:31 saveConfig: saving-data
18:59:31 Saving sacks file
19:00:23 saveConfig: auto-save-60s
19:00:23 Saving config file
19:00:31 saveConfig: saving-data
19:00:31 Saving sacks file
19:01:23 saveConfig: auto-save-60s
19:01:23 Saving config file
19:02:23 saveConfig: auto-save-60s
19:02:23 Saving config file
19:03:23 saveConfig: auto-save-60s
19:03:23 Saving config file
19:04:23 saveConfig: auto-save-60s
19:04:23 Saving config file
19:05:23 saveConfig: auto-save-60s
19:05:23 Saving config file
19:06:23 saveConfig: auto-save-60s
19:06:23 Saving config file
19:07:23 saveConfig: auto-save-60s
19:07:23 Saving config file
19:08:23 saveConfig: auto-save-60s
19:08:23 Saving config file
19:09:23 saveConfig: auto-save-60s
19:09:23 Saving config file
19:10:23 saveConfig: auto-save-60s
19:10:23 Saving config file
19:11:23 saveConfig: auto-save-60s
19:11:23 Saving config file
19:12:23 saveConfig: auto-save-60s
19:12:23 Saving config file
19:13:23 saveConfig: auto-save-60s
19:13:23 Saving config file
19:14:23 saveConfig: auto-save-60s
19:14:23 Saving config file
19:15:23 saveConfig: auto-save-60s
19:15:23 Saving config file
19:16:23 saveConfig: auto-save-60s
19:16:23 Saving config file
19:16:29 saveConfig: saving-data
19:16:29 Saving sacks file
19:17:23 saveConfig: auto-save-60s
19:17:23 Saving config file
19:18:15 saveConfig: saving-data
19:18:15 Saving sacks file
19:18:23 saveConfig: auto-save-60s
19:18:23 Saving config file
19:18:27 saveConfig: saving-data
19:18:27 Saving sacks file
19:18:55 saveConfig: saving-data
19:18:55 Saving sacks file
19:19:03 saveConfig: close-gui
19:19:03 Saving config file
19:19:03 saveConfig: close-gui
19:19:03 Saving config file
19:19:03 saveConfig: close-gui
19:19:03 Saving config file
19:19:23 saveConfig: auto-save-60s
19:19:23 Saving config file
19:20:23 saveConfig: auto-save-60s
19:20:23 Saving config file
19:21:23 saveConfig: auto-save-60s
19:21:23 Saving config file
19:22:00 saveConfig: close-gui
19:22:00 Saving config file
19:22:00 saveConfig: close-gui
19:22:00 Saving config file
19:22:23 saveConfig: auto-save-60s
19:22:23 Saving config file
19:22:59 saveConfig: saving-data
19:22:59 Saving sacks file
19:23:23 saveConfig: auto-save-60s
19:23:23 Saving config file
19:24:10 saveConfig: close-gui
19:24:10 Saving config file
19:24:10 saveConfig: close-gui
19:24:10 Saving config file
19:24:10 saveConfig: close-gui
19:24:10 Saving config file
19:24:23 saveConfig: auto-save-60s
19:24:23 Saving config file
19:24:36 saveConfig: saving-data
19:24:36 Saving sacks file
19:24:45 saveConfig: saving-data
19:24:45 Saving sacks file
19:25:02 saveConfig: saving-data
19:25:02 Saving sacks file
19:25:23 saveConfig: auto-save-60s
19:25:23 Saving config file
19:25:33 saveConfig: saving-data
19:25:33 Saving sacks file
19:25:44 saveConfig: saving-data
19:25:44 Saving sacks file
19:26:18 saveConfig: saving-data
19:26:18 Saving sacks file
19:26:23 saveConfig: auto-save-60s
19:26:23 Saving config file
19:26:49 saveConfig: saving-data
19:26:49 Saving sacks file
19:27:19 saveConfig: saving-data
19:27:19 Saving sacks file
19:27:23 saveConfig: auto-save-60s
19:27:23 Saving config file
19:27:25 saveConfig: saving-data
19:27:25 Saving sacks file
19:28:08 saveConfig: saving-data
19:28:08 Saving sacks file
19:28:23 saveConfig: auto-save-60s
19:28:23 Saving config file
19:28:30 saveConfig: saving-data
19:28:30 Saving sacks file
