17:00:31 [EMPTY] §f §r§f §r§1 §r§0 §r§2 §r§4§r§f §r§f §r§2 §r§0 §r§4 §r§8§r§0§r§1§r§0§r§1§r§2§r§f§r§f§r§0§r§1§r§3§r§4§r§f§r§f§r§0§r§1§r§5§r§f§r§f§r§0§r§1§r§6§r§f§r§f§r§0§r§1§r§8§r§9§r§a§r§b§r§f§r§f§r§0§r§1§r§7§r§f§r§f§r§3 §r§9 §r§2 §r§0 §r§0 §r§1§r§3 §r§9 §r§2 §r§0 §r§0 §r§2§r§3 §r§9 §r§2 §r§0 §r§0 §r§3§r§0§r§0§r§1§r§f§r§e§r§0§r§0§r§2§r§f§r§e§r§0§r§0§r§3§r§4§r§5§r§6§r§7§r§8§r§f§r§e§r§3 §r§6 §r§3 §r§6 §r§3 §r§6 §r§e§r§3 §r§6 §r§3 §r§6 §r§3 §r§6 §r§d
17:00:31 [EMPTY] §f §r§r§r§f §r§r§r§1 §r§r§r§0 §r§r§r§2 §r§r§r§f §r§r§r§f §r§r§r§2 §r§r§r§0 §r§r§r§4 §r§r§r§3 §r§r§r§9 §r§r§r§2 §r§r§r§0 §r§r§r§0 §r§r§r§3 §r§r§r§9 §r§r§r§2 §r§r§r§0 §r§r§r§0 §r§r§r§3 §r§r§r§9 §r§r§r§2 §r§r§r§0 §r§r§r§0 
17:00:31 [allowed] §aYou have §b24 §aunclaimed leveling rewards!
17:00:31 [allowed] §eClick here to view them!
17:00:31 [allowed] §aYou have §618 §aunclaimed achievement rewards!
17:00:31 [allowed] §eClick here to view them!
17:00:32 [LOBBY] §b[MVP§c+§b] A_DONE§f §6joined the lobby!
17:00:33 [LOBBY]   §r§f§l➤ §r§6You have reached your Hype limit! Add Hype to Prototype Lobby minigames by right-clicking with the Hype Diamond!
17:00:33 [LOBBY]  §b>§c>§a>§r §r§6[MVP§2++§6] bugsyben1§f §6joined the lobby!§r §a<§c<§b<
17:00:35 [LOBBY] §b[MVP§3+§b] HypixelBedwarSwe§f §6joined the lobby!
17:00:37 [LOBBY] §b[MVP§d+§b] DripyMonke§f §6joined the lobby!
17:00:40 [LOBBY] §b[MVP§9+§b] 3extra§f §6joined the lobby!
17:00:44 [LOBBY] §b[MVP§c+§b] EndBoy573§f §6joined the lobby!
17:00:45 [LOBBY] §b[MVP§c+§b] N0tThunder8§f §6joined the lobby!
17:00:48 [LOBBY] §b[MVP§f+§b] LPMimpf§f §6joined the lobby!
17:00:48 [LOBBY] §b[MVP§9+§b] Garmore§f §6joined the lobby!
17:00:57 [LOBBY] §b[MVP§9+§b] 1337Ben§f §6joined the lobby!
17:00:57 [LOBBY]  §b>§c>§a>§r §r§6[MVP§2++§6] Xzier_Tengal§f §6joined the lobby!§r §a<§c<§b<
17:00:57 [LOBBY] §b[MVP§e+§b] Pingbear§f §6joined the lobby!
17:01:01 [LOBBY]  §b>§c>§a>§r §r§b[MVP§0++§b] Evdia§f §6joined the lobby!§r §a<§c<§b<
17:01:05 [WARPING] §7Sending to server mini149AQ...
17:01:05 [EMPTY] §8 §r§8 §r§1 §r§3 §r§3 §r§7 §r§8 
17:01:05 [allowed] §aYou gained §r§b9,971.3 Mining §r§aexperience from minions!
17:01:05 [allowed] §aYou gained §r§b24,509.6 Combat §r§aexperience from minions!
17:01:08 [EMPTY] 
17:01:08 [WELCOME] §eWelcome to §r§aHypixel SkyBlock§r§e!
17:01:08 [EMPTY] 
17:01:08 [allowed] §eLatest update: §bSkyBlock v0.20.1 §e§lCLICK
17:01:10 [PROFILE_JOIN] §aYou are playing on profile: §eLemon§b (Co-op)
17:01:10 [PROFILE_JOIN] §8Profile ID: 75deb082-1336-4dc2-be3c-50e7afad0515
17:01:10 [allowed] §6§lALLOWANCE! §r§eYou earned §r§650,000 coins§r§e!
17:02:05 [USELESS_NOTIFICATION] §a§r§6Mining Speed Boost §r§ais now available!
17:07:49 [allowed]  §b§l» §aiizmw §eis traveling to §aDwarven Mines §e§lFOLLOW
17:07:59 [allowed]  §b§l» §aiizmw §eis traveling to §aPrivate Island §e§lFOLLOW
17:08:02 [allowed]  §b§l» §aiizmw §eis traveling to §aCrystal Hollows §e§lFOLLOW
17:08:06 [allowed] §biizmw joined SkyBlock.
17:09:35 [allowed]  §b§l» §aiizmw §eis traveling to §aHub §e§lFOLLOW
17:09:54 [allowed] §biizmw left SkyBlock.
17:09:57 [allowed] §biizmw joined SkyBlock.
17:10:00 [allowed] §biizmw joined SkyBlock.
17:10:11 [allowed]  §b§l» §aiizmw §eis traveling to §aPrivate Island §e§lFOLLOW
17:10:15 [allowed]  §b§l» §aiizmw §eis traveling to §aCrystal Hollows §e§lFOLLOW
17:10:18 [allowed] §biizmw joined SkyBlock.
17:11:55 [EMPTY] 
17:11:55 [FIRE_SALE] §6§k§lA§r §c§lFIRE SALE §r§6§k§lA
§r§c♨ §eSelling an item for a limited time!
§r§c   ♨ §dCavern Glacite Golem Skin §e(§e1,139 left§e)§c§r
§r§c♨ §a§l[WARP] §eTo Elizabeth in the next §c4d 0h 48m §eto grab yours!
17:11:55 [EMPTY] 
17:16:46 [allowed]  §b§l» §aiizmw §eis traveling to §aPrivate Island §e§lFOLLOW
17:16:49 [allowed]  §b§l» §aiizmw §eis traveling to §aCrystal Hollows §e§lFOLLOW
17:17:04 [allowed]  §b§l» §aiizmw §eis traveling to §aPrivate Island §e§lFOLLOW
17:17:08 [allowed]  §b§l» §aiizmw §eis traveling to §aCrystal Hollows §e§lFOLLOW
17:17:49 [allowed]  §b§l» §aiizmw §eis traveling to §aPrivate Island §e§lFOLLOW
17:17:57 [allowed]  §b§l» §aiizmw §eis traveling to §aCrystal Hollows §e§lFOLLOW
17:23:54 [allowed]  §b§l» §aiizmw §eis traveling to §aPrivate Island §e§lFOLLOW
17:24:03 [allowed]  §b§l» §aiizmw §eis traveling to §aCrystal Hollows §e§lFOLLOW
17:44:34 [allowed] §eYou are being transferred to the §r§aHUB §r§efor being §r§cAFK§r§e!
17:44:34 [WARPING] §7Sending to server mini86BK...
17:44:34 [EMPTY] §8 §r§8 §r§1 §r§3 §r§3 §r§7 §r§8 
17:44:38 [PROFILE_JOIN] §aYou are playing on profile: §eLemon§b (Co-op)
17:44:38 [PROFILE_JOIN] §8Profile ID: 75deb082-1336-4dc2-be3c-50e7afad0515
17:45:35 [USELESS_NOTIFICATION] §a§r§6Mining Speed Boost §r§ais now available!
17:46:07 [allowed] §8[§a158§8] §r§b[MVP§c+§b] WildWolf_01§f§7 is holding §r§8[§6Sirius' Personal Phone Number§8]
17:46:42 [allowed] §d§lHOPPITY'S HUNT §r§dA §r§9Chocolate Lunch Egg §r§dhas appeared!
17:46:52 [EMPTY] 
17:46:52 [FIRE_SALE] §6§k§lA§r §c§lFIRE SALE §r§6§k§lA
§r§c♨ §eSelling an item for a limited time!
§r§c   ♨ §dCavern Glacite Golem Skin §e(§e1,106 left§e)§c§r
§r§c♨ §a§l[WARP] §eTo Elizabeth in the next §c4d 0h 13m §eto grab yours!
17:46:52 [EMPTY] 
17:47:50 [allowed] §8[§r§9313§r§8] §r§b[MVP§4+§b] mini_be4n §7♲§f§r§f: [SkyHanni] Lunch Chocolate Egg located at x: 125, y: 74, z: 168
17:49:03 [allowed] §8[§r§733§r§8] §r§a[VIP] _bumKuchen§f§r§f: i kinda just stared 2 weeks ago i cant afford having something in my ah for that long
17:49:05 [allowed] §8[§r§733§r§8] §r§a[VIP] _bumKuchen§f§r§f: bruh
17:49:11 [allowed] §8[§r§733§r§8] §r§a[VIP] _bumKuchen§f§r§f: LOWBALLING 100m PURSE /visit me
17:50:14 [allowed] §8[§r§79§r§8] §r§7MeltedCobra8624§7§r§7: when is the menu gonna go back up
17:50:19 [allowed] §8[§r§a122§r§8] §r§b[MVP§9+§b] Virsanov§f§r§f: never
17:50:27 [allowed] §8[§r§a122§r§8] §r§b[MVP§9+§b] Virsanov§f§r§f: deleted the update
17:52:32 [allowed] §d§lHOPPITY'S HUNT §r§dA §r§aChocolate Dinner Egg §r§dhas appeared!
17:52:42 [allowed] §8[§r§2192§r§8] §r§7ᛃ §r§a[VIP§6+§a] AI_Tr3pled§f§r§f: egg wher
17:54:10 [allowed] §8[§r§b201§r§8] §r§7❁ §r§b[MVP§6+§b] Pro_Gamer909§f§r§f: where the ggg
17:54:12 [allowed] §8[§r§b201§r§8] §r§7❁ §r§b[MVP§6+§b] Pro_Gamer909§f§r§f: egg
17:54:31 [allowed] §8[§r§e107§r§8] §r§7⎊ §r§a[VIP§6+§a] Krakenn123§f§r§f: in hub
17:54:35 [allowed] §8[§r§b201§r§8] §r§7❁ §r§b[MVP§6+§b] Pro_Gamer909§f§r§f: k
17:54:41 [allowed] §8[§r§e107§r§8] §r§7⎊ §r§a[VIP§6+§a] Krakenn123§f§r§f: ye
17:54:44 [allowed] §8[§r§e107§r§8] §r§7⎊ §r§a[VIP§6+§a] Krakenn123§f§r§f: srry idrk
17:55:55 [allowed] §8[§r§b201§r§8] §r§7❁ §r§b[MVP§6+§b] Pro_Gamer909§f§r§f: u
17:56:01 [allowed] §8[§r§b201§r§8] §r§7❁ §r§b[MVP§6+§b] Pro_Gamer909§f§r§f: need to find all the egg for factory
17:56:05 [allowed] §8[§r§b201§r§8] §r§7❁ §r§b[MVP§6+§b] Pro_Gamer909§f§r§f: bru
17:59:35 [allowed] §eYou are being transferred to the §r§aPrototype Lobby §r§efor being §r§cAFK§r§e!
17:59:35 [EMPTY] §f §r§f §r§1 §r§0 §r§2 §r§4§r§f §r§f §r§2 §r§0 §r§4 §r§8§r§0§r§1§r§0§r§1§r§2§r§f§r§f§r§0§r§1§r§3§r§4§r§f§r§f§r§0§r§1§r§5§r§f§r§f§r§0§r§1§r§6§r§f§r§f§r§0§r§1§r§8§r§9§r§a§r§b§r§f§r§f§r§0§r§1§r§7§r§f§r§f§r§3 §r§9 §r§2 §r§0 §r§0 §r§1§r§3 §r§9 §r§2 §r§0 §r§0 §r§2§r§3 §r§9 §r§2 §r§0 §r§0 §r§3§r§0§r§0§r§1§r§f§r§e§r§0§r§0§r§2§r§f§r§e§r§0§r§0§r§3§r§4§r§5§r§6§r§7§r§8§r§f§r§e§r§3 §r§6 §r§3 §r§6 §r§3 §r§6 §r§e§r§3 §r§6 §r§3 §r§6 §r§3 §r§6 §r§d
17:59:35 [EMPTY] §f §r§r§r§f §r§r§r§1 §r§r§r§0 §r§r§r§2 §r§r§r§f §r§r§r§f §r§r§r§2 §r§r§r§0 §r§r§r§4 §r§r§r§3 §r§r§r§9 §r§r§r§2 §r§r§r§0 §r§r§r§0 §r§r§r§3 §r§r§r§9 §r§r§r§2 §r§r§r§0 §r§r§r§0 §r§r§r§3 §r§r§r§9 §r§r§r§2 §r§r§r§0 §r§r§r§0 
17:59:36 [allowed] §aYou have §b24 §aunclaimed leveling rewards!
17:59:36 [allowed] §eClick here to view them!
17:59:36 [allowed] §aYou have §618 §aunclaimed achievement rewards!
17:59:36 [allowed] §eClick here to view them!
17:59:38 [LOBBY]   §r§f§l➤ §r§6You have reached your Hype limit! Add Hype to Prototype Lobby minigames by right-clicking with the Hype Diamond!
17:59:40 [LOBBY] §b[MVP§6+§b] Tihien§f §6joined the lobby!
17:59:48 [LOBBY] §b[MVP§c+§b] ProRaider041§f §6joined the lobby!
17:59:50 [LOBBY] §b[MVP§d+§b] _Xayo_§f §6joined the lobby!
17:59:53 [LOBBY] §b[MVP§d+§b] Robert_RB§f §6joined the lobby!
17:59:56 [LOBBY] §b[MVP§8+§b] Xn_8§f §6joined the lobby!
17:59:56 [LOBBY] §b[MVP§c+§b] _0RSO§f §6joined the lobby!
17:59:56 [LOBBY] §b[MVP§c+§b] Divinity9900§f §6joined the lobby!
17:59:58 [LOBBY] §b[MVP§c+§b] The_Sh1n1gam1§f §6joined the lobby!
18:00:03 [LOBBY]  §b>§c>§a>§r §r§6[MVP§c++§6] Nikitos7002§f §6joined the lobby!§r §a<§c<§b<
18:00:05 [LOBBY] §b[MVP§c+§b] Coolmonkey2003§f §6joined the lobby!
18:00:08 [LOBBY] §b[MVP§6+§b] Y0AST§f §6joined the lobby!
18:00:08 [LOBBY] §b[MVP§f+§b] gbotgamer§f §6joined the lobby!
18:00:10 [LOBBY] §b[MVP§9+§b] IDislikeFarming§f §6joined the lobby!
18:00:14 [LOBBY] §b[MVP§d+§b] TJC132§f §6joined the lobby!
18:00:19 [LOBBY] §b[MVP§9+§b] 50008§f §6joined the lobby!
18:00:20 [LOBBY] §b[MVP§c+§b] Coffee53§f §6joined the lobby!
18:00:23 [EMPTY] §f
18:00:23 [WATCHDOG] §4[WATCHDOG ANNOUNCEMENT]
18:00:23 [WATCHDOG] §fWatchdog has banned §r§c§l6,779§r§f players in the last 7 days.
18:00:23 [WATCHDOG] §fStaff have banned an additional §r§c§l10,602§r§f in the last 7 days.
18:00:23 [WATCHDOG] §cBlacklisted modifications are a bannable offense!
18:00:23 [WATCHDOG] §c
18:00:24 [LOBBY] §b[MVP§f+§b] The_Worst_Demon§f §6joined the lobby!
18:00:34 [LOBBY] §b[MVP§2+§b] Hippylam§f §6joined the lobby!
18:00:42 [LOBBY]  §b>§c>§a>§r §r§6[MVP§3++§6] _Inder§f §6joined the lobby!§r §a<§c<§b<
18:00:44 [LOBBY] §b[MVP§c+§b] mrpg3296§f §6joined the lobby!
18:00:47 [LOBBY] §b[MVP§6+§b] 2Basti§f §6joined the lobby!
18:00:48 [LOBBY] §b[MVP§6+§b] thesergeant0§f §6joined the lobby!
18:00:51 [LOBBY] §b[MVP§d+§b] gamercat612§f §6joined the lobby!
18:00:54 [LOBBY] §b[MVP§f+§b] MrSTArEEE§f §6joined the lobby!
18:01:03 [LOBBY] §b[MVP§9+§b] MegaloMocto§f §6joined the lobby!
18:01:04 [LOBBY] §b[MVP§e+§b] SethChanXD§f §6joined the lobby!
18:01:25 [LOBBY] §b[MVP§9+§b] Phot2Frap§f §6joined the lobby!
18:01:27 [LOBBY] §b[MVP§6+§b] ezpu§f §6joined the lobby!
18:01:36 [allowed] §cYou are AFK. Move around to return from AFK.
18:03:49 [EMPTY] §f §r§f §r§1 §r§0 §r§2 §r§4§r§f §r§f §r§2 §r§0 §r§4 §r§8§r§0§r§1§r§0§r§1§r§2§r§f§r§f§r§0§r§1§r§3§r§4§r§f§r§f§r§0§r§1§r§5§r§f§r§f§r§0§r§1§r§6§r§f§r§f§r§0§r§1§r§8§r§9§r§a§r§b§r§f§r§f§r§0§r§1§r§7§r§f§r§f§r§3 §r§9 §r§2 §r§0 §r§0 §r§1§r§3 §r§9 §r§2 §r§0 §r§0 §r§2§r§3 §r§9 §r§2 §r§0 §r§0 §r§3§r§0§r§0§r§1§r§f§r§e§r§0§r§0§r§2§r§f§r§e§r§0§r§0§r§3§r§4§r§5§r§6§r§7§r§8§r§f§r§e§r§3 §r§6 §r§3 §r§6 §r§3 §r§6 §r§e§r§3 §r§6 §r§3 §r§6 §r§3 §r§6 §r§d
18:03:49 [EMPTY] §f §r§r§r§f §r§r§r§1 §r§r§r§0 §r§r§r§2 §r§r§r§f §r§r§r§f §r§r§r§2 §r§r§r§0 §r§r§r§4 §r§r§r§3 §r§r§r§9 §r§r§r§2 §r§r§r§0 §r§r§r§0 §r§r§r§3 §r§r§r§9 §r§r§r§2 §r§r§r§0 §r§r§r§0 §r§r§r§3 §r§r§r§9 §r§r§r§2 §r§r§r§0 §r§r§r§0 
18:03:49 [allowed] §aYou have §b24 §aunclaimed leveling rewards!
18:03:49 [allowed] §eClick here to view them!
18:03:49 [allowed] §aYou have §618 §aunclaimed achievement rewards!
18:03:49 [allowed] §eClick here to view them!
18:03:51 [WARPING] §7Sending to server mini86BK...
18:03:51 [EMPTY] §8 §r§8 §r§1 §r§3 §r§3 §r§7 §r§8 
18:03:54 [EMPTY] 
18:03:54 [WELCOME] §eWelcome to §r§aHypixel SkyBlock§r§e!
18:03:54 [EMPTY] 
18:03:54 [allowed] §eLatest update: §bSkyBlock v0.20.1 §e§lCLICK
18:03:55 [PROFILE_JOIN] §aYou are playing on profile: §eLemon§b (Co-op)
18:03:55 [PROFILE_JOIN] §8Profile ID: 75deb082-1336-4dc2-be3c-50e7afad0515
18:04:01 [EMPTY] 
18:04:01 [FIRE_SALE] §6§k§lA§r §c§lFIRE SALE §r§6§k§lA
§r§c♨ §eSelling an item for a limited time!
§r§c   ♨ §dCavern Glacite Golem Skin §e(§e1,097 left§e)§c§r
§r§c♨ §a§l[WARP] §eTo Elizabeth in the next §c3d 23h 55m §eto grab yours!
18:04:01 [EMPTY] 
18:04:52 [USELESS_NOTIFICATION] §a§r§6Mining Speed Boost §r§ais now available!
18:05:16 [allowed] §8[§r§b212§r§8] §r§6§lꤥ §r§b[MVP] SurfingViper§f§r§f: [SkyHanni] Lunch Chocolate Egg located at x: 125, y: 74, z: 168
18:05:56 [WARPING] §7Sending to server mini13CE...
18:05:57 [EMPTY] §8 §r§8 §r§1 §r§3 §r§3 §r§7 §r§8 
18:06:00 [PROFILE_JOIN] §aYou are playing on profile: §eLemon§b (Co-op)
18:06:00 [PROFILE_JOIN] §8Profile ID: 75deb082-1336-4dc2-be3c-50e7afad0515
18:06:57 [USELESS_NOTIFICATION] §a§r§6Mining Speed Boost §r§ais now available!
18:36:46 [allowed] §aFriend > §r§7LeMiniBledardd §r§ejoined.
18:36:53 [allowed] §aFriend > §r§7LeMiniBledardd §r§eleft.
18:37:07 [allowed] §biizmw joined SkyBlock.
18:37:53 [allowed] §9§m-----------------------------------------------------§r§9
§r§a[VIP] iizmw §r§ehas invited you to join their party!
§r§eYou have §r§c60 §r§eseconds to accept. §r§6Click here to join!§r§9
§r§9§m-----------------------------------------------------
18:38:02 [PARTY] §9§m-----------------------------------------------------
18:38:02 [allowed] §eYou have joined §r§a[VIP] iizmw's §r§eparty!
18:38:02 [PARTY] §9§m-----------------------------------------------------
18:38:05 [PARTY] §9§m-----------------------------------------------------
18:38:05 [allowed] §cYou are not allowed to invite players.
18:38:05 [PARTY] §9§m-----------------------------------------------------
18:38:09 [allowed] §aFriend > §r§7LeMiniBledardd §r§ejoined.
18:38:11 [PARTY] §9§m-----------------------------------------------------
18:38:11 [allowed] §cYou are not allowed to invite players.
18:38:11 [PARTY] §9§m-----------------------------------------------------
18:38:13 [PARTY] §9§m-----------------------------------------------------
18:38:13 [allowed] §cYou are not allowed to invite players.
18:38:13 [PARTY] §9§m-----------------------------------------------------
18:38:18 [allowed] §cYou must double tap the drop button to drop this item!
18:38:18 [allowed] §cYou can disable this in the §r§fSettings§r§c in your §r§aSkyBlock Menu§r§c!
18:38:21 [PARTY] §9§m-----------------------------------------------------
18:38:21 [allowed] §eThe party was transferred to §r§a[VIP§r§6+§r§a] Davidutz_ §r§eby §r§a[VIP] iizmw
18:38:21 [PARTY] §9§m-----------------------------------------------------
18:38:22 [PARTY] §9§m-----------------------------------------------------
18:38:22 [allowed] §a[VIP§r§6+§r§a] Davidutz_ §r§einvited §r§7LeMiniBledardd §r§eto the party! They have §r§c60 §r§eseconds to accept.
18:38:22 [PARTY] §9§m-----------------------------------------------------
18:38:30 [allowed] §biizmw left SkyBlock.
18:38:33 [PARTY] §9§m-----------------------------------------------------
18:38:33 [allowed] §7LeMiniBledardd §r§ejoined the party.
18:38:33 [PARTY] §9§m-----------------------------------------------------
18:38:41 [PARTY] §9§m-----------------------------------------------------
18:38:41 [allowed] §eThe party was transferred to §r§a[VIP] iizmw §r§eby §r§a[VIP§r§6+§r§a] Davidutz_
18:38:41 [PARTY] §9§m-----------------------------------------------------
18:38:44 [PARTY] §9§m-----------------------------------------------------
18:38:44 [allowed] §eYou have been kicked from the party by §r§a[VIP] iizmw §r§e
18:38:44 [PARTY] §9§m-----------------------------------------------------
18:43:21 [WARPING] §7Sending to server mini181C...
18:43:22 [EMPTY] §8 §r§8 §r§1 §r§3 §r§3 §r§7 §r§8 
18:43:23 [allowed] §3§l▬▬▬▬▬▬▬▬▬▬▬▬▬▬▬▬▬▬▬▬▬▬▬▬▬▬▬▬▬▬▬▬▬▬▬▬▬▬▬▬▬▬▬▬▬▬▬▬▬▬▬▬▬▬▬▬▬▬▬▬▬▬▬▬
18:43:23 [allowed]   §r§b§lGARDEN MILESTONE §3Visitor Offers Accepted §8VI➜§3VII
18:43:23 [allowed]    §r§b§lCO-OP » §r§7Unlocked while you were offline
18:43:23 [EMPTY] 
18:43:23 [allowed]   §r§a§lREWARDS
18:43:23 [allowed]     §r§8+§r§2210 §r§7Garden Experience
18:43:23 [allowed]     §r§8+§r§315,000 §r§7Farming Experience
18:43:23 [allowed]     §r§8+§r§b3 SkyBlock XP
18:43:23 [allowed] §3§l▬▬▬▬▬▬▬▬▬▬▬▬▬▬▬▬▬▬▬▬▬▬▬▬▬▬▬▬▬▬▬▬▬▬▬▬▬▬▬▬▬▬▬▬▬▬▬▬▬▬▬▬▬▬▬▬▬▬▬▬▬▬▬▬
18:43:24 [allowed] §6§lGROSS! §7A §6Pest §7has appeared in §aPlot §7- §b3§7!
18:43:24 [allowed]   §r§e§lCLICK HERE §eto teleport to the plot!
18:43:25 [PROFILE_JOIN] §aYou are playing on profile: §eLemon§b (Co-op)
18:43:25 [PROFILE_JOIN] §8Profile ID: 75deb082-1336-4dc2-be3c-50e7afad0515
18:44:22 [USELESS_NOTIFICATION] §a§r§6Mining Speed Boost §r§ais now available!
18:50:34 [GARDEN_VISITOR_MESSAGE] §e[NPC] §aAnita§f: §r§fHey hey hey again! I'll trade you some copper for some carrots!
18:50:39 [allowed] §c§r§eYou need the §r§dCookie Buff §r§eto use this feature!
18:50:39 [ANNOYING_SPAM] §eObtain a §r§6Booster Cookie §r§efrom the community shop in the hub!
18:51:18 [allowed] §aFriend > §r§7LeMiniBledardd §r§eleft.
18:51:47 [GARDEN_VISITOR_MESSAGE] §e[NPC] §aAnita§f: §r§fOh, darn it :(
18:51:59 [GARDEN_VISITOR_MESSAGE] §e[NPC] §aBanker Broadjaw§f: §r§fStanding in that bank all day. Just me and the dwarves. But they are either all business, or drunk. Or both! I need better company!
18:52:11 [GARDEN_VISITOR_MESSAGE] §e[NPC] §6Sirius§f: §r§fI've always wanted to start a farm but instead I got sucked into this life of crim...I mean business!
18:52:16 [GARDEN_VISITOR_MESSAGE] §e[NPC] §aBanker Broadjaw§f: §r§fWell, maybe I will be able to understand the burping dwarves if I try hard enough.
18:52:18 [allowed] §c§r§eYou need the §r§dCookie Buff §r§eto use this feature!
18:52:18 [ANNOYING_SPAM] §eObtain a §r§6Booster Cookie §r§efrom the community shop in the hub!
18:52:19 [allowed] §c§r§eYou need the §r§dCookie Buff §r§eto use this feature!
18:52:19 [ANNOYING_SPAM] §eObtain a §r§6Booster Cookie §r§efrom the community shop in the hub!
18:52:20 [allowed] §c§r§eYou need the §r§dCookie Buff §r§eto use this feature!
18:52:20 [ANNOYING_SPAM] §eObtain a §r§6Booster Cookie §r§efrom the community shop in the hub!
18:52:20 [allowed] §cGod Potion expires in §r§e60s§r§c
18:52:56 [WARPING] §7Warping...
18:52:56 [WARPING] §7Sending to server mega2D...
18:52:57 [EMPTY] §8 §r§8 §r§1 §r§3 §r§3 §r§7 §r§8 
18:52:58 [allowed] §8[§r§a154§r§8] §r§7❤ §r§a[VIP] ILikeKissingBoys§f§r§f: sperm bank we said that be4
18:52:59 [allowed] §8[§r§a149§r§8] §r§6♫ §r§a[VIP] gzxi§f§r§f: all men cen reproduce
18:52:59 [PROFILE_JOIN] §aYou are playing on profile: §eLemon§b (Co-op)
18:52:59 [PROFILE_JOIN] §8Profile ID: 75deb082-1336-4dc2-be3c-50e7afad0515
18:53:00 [allowed] §8[§r§9297§r§8] §r§5§l࿇ §r§b[MVP§2+§b] Graphicol§f§r§f: ong what is this argument even about
18:53:05 [allowed] §8[§r§a154§r§8] §r§7❤ §r§a[VIP] ILikeKissingBoys§f§r§f: but you cant keep anything in your head
18:53:08 [allowed] §8[§r§a154§r§8] §r§7❤ §r§a[VIP] ILikeKissingBoys§f§r§f: HOLD GOD
18:53:09 [allowed] §cGod Potion expires in §r§e10s§r§c
18:53:10 [allowed] §8[§r§a135§r§8] §r§a[VIP§6+§a] Vendr1ck§f§r§f: selling 200 g drag if intrested visit
18:53:12 [allowed] §8[§a135§8] §r§a[VIP§6+§a] Vendr1ck§f§7 is holding §r§8[§7[Lvl 200] §6Golden Dragon§8]
18:53:12 [allowed] §8[§r§a154§r§8] §r§7❤ §r§a[VIP] ILikeKissingBoys§f§r§f: holy*
18:53:14 [allowed] §cGod Potion expires in §r§e5s§r§c
18:53:15 [allowed] §cGod Potion expires in §r§e4s§r§c
18:53:16 [allowed] §8[§r§a154§r§8] §r§7❤ §r§a[VIP] ILikeKissingBoys§f§r§f: i gotta calm down
18:53:16 [allowed] §cGod Potion expires in §r§e3s§r§c
18:53:17 [allowed] §8[§r§d334§r§8] §r§5§l࿇ §r§a[VIP] Crafty_Jit§f§r§f: where
18:53:18 [allowed] §cGod Potion expires in §r§e2s§r§c
18:53:19 [allowed] §cGod Potion expires in §r§e1s§r§c
18:53:20 [allowed] §cGod Potion has expired!
18:53:23 [allowed] §8[§r§2177§r§8] §r§6§lᛝ §r§a[VIP§6+§a] OnlyRiptide§f§r§f: ILikeKissingBoys bro we aint trying ******** over or kick you out or some **** were just saying it
18:53:24 [allowed] §8[§r§715§r§8] §r§7SammyMonster11§7§r§7: wtf is this chat
18:53:25 [allowed] §8[§r§2177§r§8] §r§6§lᛝ §r§a[VIP§6+§a] OnlyRiptide§f§r§f: sounds silly
18:53:27 [allowed] §8[§r§2195§r§8] §r§6§lᛝ §r§b[MVP§a+§b] Z1ppyX§f§r§f: LF wither chestplate, leggings and boots /p me
18:53:34 [allowed] §8[§r§9305§r§8] §r§6§lᛝ §r§b[MVP§8+§b] iProxyy§f§r§f: [SkyHanni] Dinner Chocolate Egg located at x: 125, y: 74, z: 168
18:53:35 [allowed] §8[§r§3260§r§8] §r§6ᛃ §r§b[MVP§3+§b] cashfee§f§r§f: ty
18:53:38 [allowed] §8[§r§f67§r§8] §r§7ForestOcelot038§7§r§7: nature is ***** gay
18:53:38 [allowed] §8[§r§f53§r§8] §r§7❂ §r§a[VIP] Duckybrine_606§f§r§f: np
18:53:41 [allowed] §biizmw joined SkyBlock.
18:53:42 [allowed] §8[§r§713§r§8] §r§a[VIP] Block_Craft_007§f§r§f: selling 8 enchanted bookshelf 150k /visit me
18:53:42 [allowed] §8[§r§a154§r§8] §r§7❤ §r§a[VIP] ILikeKissingBoys§f§r§f: i am not saying that either
18:53:44 [allowed] §8[§r§9305§r§8] §r§6§lᛝ §r§b[MVP§8+§b] iProxyy§f§r§f: x: 124, y: 73, z: 169
18:53:48 [allowed] §9§m-----------------------------------------------------§r§9
§r§a[VIP] iizmw §r§ehas invited you to join their party!
§r§eYou have §r§c60 §r§eseconds to accept. §r§6Click here to join!§r§9
§r§9§m-----------------------------------------------------
18:53:49 [PARTY] §9§m-----------------------------------------------------
18:53:49 [allowed] §eYou have joined §r§a[VIP] iizmw's §r§eparty!
18:53:49 [EMPTY] §f
18:53:49 [allowed] §eYou'll be partying with: §r§7LeMiniBledardd
18:53:49 [PARTY] §9§m-----------------------------------------------------
18:53:50 [allowed] §9§m-----------------------------
18:53:50 [allowed] §eParty Leader, §r§a[VIP] iizmw§r§e, summoned you to their server.
18:53:50 [allowed] §9§m-----------------------------
18:53:50 [WARPING] §7Sending to server mini81BR...
18:53:51 [EMPTY] §8 §r§8 §r§1 §r§3 §r§3 §r§7 §r§8 
18:53:52 [allowed] §aiizmw §ahas sent you a trade request. §bClick here §ato accept!
18:53:54 [PROFILE_JOIN] §aYou are playing on profile: §eLemon§b (Co-op)
18:53:54 [PROFILE_JOIN] §8Profile ID: 75deb082-1336-4dc2-be3c-50e7afad0515
18:53:54 [allowed] §8[§r§f68§r§8] §r§a[VIP] qtPug§f§r§f: gauntlent
18:53:55 [allowed]  §9§l» §aiizmw §eis traveling to §aHub §e§lFOLLOW
18:53:57 [WARPING] §7Warping...
18:53:58 [WARPING] §7Sending to server mega2D...
18:53:58 [EMPTY] §8 §r§8 §r§1 §r§3 §r§3 §r§7 §r§8 
18:54:01 [PROFILE_JOIN] §aYou are playing on profile: §eLemon§b (Co-op)
18:54:01 [PROFILE_JOIN] §8Profile ID: 75deb082-1336-4dc2-be3c-50e7afad0515
18:54:02 [PARTY] §9§m-----------------------------------------------------
18:54:02 [allowed] §eThe party leader, §r§a[VIP] iizmw §r§ehas disconnected, they have §r§c5 §r§eminutes to rejoin before the party is disbanded.
18:54:02 [PARTY] §9§m-----------------------------------------------------
18:54:04 [allowed] §8[§r§715§r§8] §r§7SammyMonster11§7§r§7: x:125 y:74 z:168
18:54:10 [allowed] §8[§r§a144§r§8] §r§7§l⸕ §r§7RaihanXD§7§r§7: man there's too many straightphobia in here let me change hub
18:54:12 [BZ_AH_MINIS] §8Withdrawing coins...
18:54:13 [allowed] §aWithdrew §r§62M coins§r§a! There's now §r§6184M coins §r§aleft in the account!
18:54:14 [allowed] §8[§r§a144§r§8] §r§7§l⸕ §r§7RaihanXD§7§r§7: LMFAO
18:54:14 [allowed] §8[§r§3260§r§8] §r§6ᛃ §r§b[MVP§3+§b] cashfee§f§r§f: lmao
18:54:16 [allowed] §8[§r§3260§r§8] §r§6ᛃ §r§b[MVP§3+§b] cashfee§f§r§f: LKAJSGKLHGH
18:54:18 [allowed] §8[§r§a154§r§8] §r§7❤ §r§a[VIP] ILikeKissingBoys§f§r§f: i just wonder what makes it "wrong"
18:54:19 [allowed] §8[§r§f53§r§8] §r§7❂ §r§a[VIP] Duckybrine_606§f§r§f: XDDDDDDDD
18:54:20 [allowed] §8[§r§b222§r§8] §r§6☠ §r§b[MVP§3+§b] fvnta§f§r§f: BARN FULL! Baloo got crushed! +100,934 Chocolate
18:54:23 [allowed] §8[§r§d331§r§8] §r§b§lᛝ §r§a[VIP] Mijolinir§f§r§f: LOL
18:54:27 [allowed] §8[§r§713§r§8] §r§a[VIP] Block_Craft_007§f§r§f: selling 8 enchanted bookshelf 150k /visit me selling 8 enchanted bookshelf 150k /visit me
18:54:27 [allowed] §8[§a135§8] §r§a[VIP§6+§a] Vendr1ck§f§7 is holding §r§8[§7[Lvl 200] §6Golden Dragon§8]
18:54:27 [FAR_AWAY_PLAYER_DEATH] §c ☠ §r§7§r§aCravenMuffin524§r§7 was killed by Crypt Ghoul§r§7§r§7.
18:54:28 [allowed] §8[§r§3260§r§8] §r§6ᛃ §r§b[MVP§3+§b] cashfee§f§r§f: ILikeKissingBoys it said it too many times
18:54:29 [BZ_AH_MINIS] §6[Bazaar] §r§7Executing instant buy...
18:54:29 [allowed] §6[Bazaar] §r§7Bought §r§a16§r§7x §r§9Mutant Nether Wart §r§7for §r§61,639,986 coins§r§7!
18:54:29 [allowed] §8[§r§2178§r§8] §r§7§l⚝ §r§6[MVP§9++§6] BiggestMunchOAT§f§r§f: Selling 160m bidded gilded Midas Spoon /visit me ---------------------------------------------------------------
18:54:31 [allowed] §8[§r§a135§r§8] §r§a[VIP§6+§a] Vendr1ck§f§r§f: selling gdrag
18:54:33 [WARPING] §7Warping...
18:54:33 [allowed] §8[§r§3260§r§8] §r§6ᛃ §r§b[MVP§3+§b] cashfee§f§r§f: but if everyone started being gay
18:54:33 [allowed] §8[§r§f53§r§8] §r§7❂ §r§a[VIP] Duckybrine_606§f§r§f: we told you so many times, how can't you open your mind to it?
18:54:34 [WARPING] §7Sending to server mini148BQ...
18:54:34 [EMPTY] §8 §r§8 §r§1 §r§3 §r§3 §r§7 §r§8 
18:54:37 [PROFILE_JOIN] §aYou are playing on profile: §eLemon§b (Co-op)
18:54:37 [PROFILE_JOIN] §8Profile ID: 75deb082-1336-4dc2-be3c-50e7afad0515
18:54:37 [GARDEN_VISITOR_MESSAGE] §e[NPC] §6Sirius§f: §r§fI've always wanted to start a farm but instead I got sucked into this life of crim...I mean business!
18:54:42 [allowed] §aYour §r§5Tiger §r§aleveled up to level §r§975§r§a!
18:54:42 [allowed] §6§lOFFER ACCEPTED §r§8with §r§6Sirius §r§8(§r§6§lLEGENDARY§r§8)
18:54:42 [EMPTY] 
18:54:42 [allowed]   §r§a§lREWARDS
18:54:42 [allowed]     §r§8+§r§275 §r§7Garden Experience
18:54:42 [allowed]     §r§8+§r§386k §r§7Farming XP
18:54:42 [allowed]     §r§8+§r§c311 Copper
18:54:42 [EMPTY] 
18:54:42 [GARDEN_VISITOR_MESSAGE] §e[NPC] §6Sirius§f: §r§fThis smell... it reminds me of my childhood when I used to pick flowers in the garden. Keep this between you and me, understand?
18:54:48 [GARDEN_VISITOR_MESSAGE] §e[NPC] §aLibrarian§f: §r§fGreetings! I've been running low on paper recently for my Enchanted Books, could you bring me some Sugar Cane?
18:55:01 [GARDEN_VISITOR_MESSAGE] §e[NPC] §aLibrarian§f: §r§fVery unfortunate, I really needed that paper...
18:55:01 [GARDEN_VISITOR_MESSAGE] §e[NPC] §aTrevor§f: §r§fI've been tracking an animal for the past few days. Got anything I could use as bait?
18:55:06 [GARDEN_VISITOR_MESSAGE] §e[NPC] §aTrevor§f: §r§fLooks like I'll have to catch it the old fashioned way.
18:55:18 [allowed] §cThis ability is on cooldown for 1s.
18:55:28 [allowed] §cThis ability is on cooldown for 1s.
18:55:28 [allowed] §cThis ability is on cooldown for 1s.
18:55:28 [allowed] §cThis ability is on cooldown for 1s.
18:55:28 [allowed] §cThis ability is on cooldown for 1s.
18:55:29 [allowed] §cThis ability is on cooldown for 1s.
18:55:29 [allowed] §cThis ability is on cooldown for 1s.
18:55:29 [allowed] §cThis ability is on cooldown for 1s.
18:55:30 [allowed] §cThis ability is on cooldown for 1s.
18:55:30 [allowed] §cThis ability is on cooldown for 1s.
18:55:30 [allowed] §cThis ability is on cooldown for 1s.
18:55:31 [allowed] §cThis ability is on cooldown for 1s.
18:55:31 [allowed] §cThis ability is on cooldown for 1s.
18:55:31 [allowed] §cThis ability is on cooldown for 1s.
18:55:32 [allowed] §cThis ability is on cooldown for 1s.
18:55:34 [USELESS_NOTIFICATION] §a§r§6Mining Speed Boost §r§ais now available!
18:55:41 [allowed] §4ൠ §r§7The Worm seems to have burrowed its way to somewhere else in the plot!
18:56:18 [PARTY] §9§m-----------------------------------------------------
18:56:18 [allowed] §7LeMiniBledardd §r§ewas removed from your party because they disconnected.
18:56:18 [PARTY] §9§m-----------------------------------------------------
18:58:22 [NEW_VISITOR_ARRIVED] §a§r§aEmissary Ceanna §r§ehas arrived on your §r§bGarden§r§e!
18:58:26 [allowed] §4ൠ §r§7The Worm seems to have burrowed its way to somewhere else in the plot!
18:58:38 [allowed] §4ൠ §r§7Find the Worm!
18:58:46 [allowed] §eYou received §a2x Enchanted Melon §efor killing an §6Earthworm§e!
18:58:52 [SACKS_CHANGE] §6[Sacks] §r§a+2§r§e items§r§e.§r§8 (Last 5s.)
18:59:01 [allowed] §cThis ability is on cooldown for 1s.
18:59:01 [allowed] §cThis ability is on cooldown for 1s.
18:59:01 [allowed] §cThis ability is on cooldown for 1s.
18:59:02 [allowed] §cThis ability is on cooldown for 1s.
18:59:02 [allowed] §cThis ability is on cooldown for 1s.
18:59:02 [PARTY] §9§m-----------------------------------------------------
18:59:02 [allowed] §cThe party was disbanded because the party leader disconnected.
18:59:02 [PARTY] §9§m-----------------------------------------------------
18:59:03 [allowed] §cThis ability is on cooldown for 1s.
18:59:07 [allowed] §aTeleported you to §r§aPlot §r§7- §r§b1§r§a!
18:59:25 [allowed] §eYou received §a2x Enchanted Pumpkin §efor killing a §6Rat§e!
18:59:31 [SACKS_CHANGE] §6[Sacks] §r§a+2§r§e items§r§e.§r§8 (Last 5s.)
19:00:16 [WARPING] §7Warping...
19:00:16 [WARPING] §7Sending to server mini155AP...
19:00:17 [EMPTY] §8 §r§8 §r§1 §r§3 §r§3 §r§7 §r§8 
19:00:20 [PROFILE_JOIN] §aYou are playing on profile: §eLemon§b (Co-op)
19:00:20 [PROFILE_JOIN] §8Profile ID: 75deb082-1336-4dc2-be3c-50e7afad0515
19:00:24 [BZ_AH_MINIS] §6[Bazaar] §r§7Executing instant sell...
19:00:24 [allowed] §6[Bazaar] §r§7Sold §r§a5§r§7x §r§9Mutant Nether Wart §r§7for §r§6503,979 coins§r§7!
19:00:25 [BZ_AH_MINIS] §6[Bazaar] §r§7Executing instant sell...
19:00:25 [allowed] §6[Bazaar] §r§7Sold §r§a799§r§7x §r§fMithril §r§7for §r§612,384 coins§r§7!
19:00:25 [allowed] §6[Bazaar] §r§7Sold §r§a2§r§7x §r§aEnchanted Melon §r§7for §r§6626.0 coins§r§7!
19:00:25 [allowed] §6[Bazaar] §r§7Sold §r§a2§r§7x §r§aEnchanted Pumpkin §r§7for §r§63,243 coins§r§7!
19:00:25 [allowed] §6[Bazaar] §r§7Sold §r§a6§r§7x §r§9Titanium §r§7for §r§6735.6 coins§r§7!
19:00:25 [allowed] §6[Bazaar] §r§7Sold §r§a10§r§7x §r§fCobblestone §r§7for §r§626.0 coins§r§7!
19:00:31 [SACKS_CHANGE] §6[Sacks] §r§c-819§r§e items§r§e.§r§8 (Last 5s.)
19:00:32 [BZ_AH_MINIS] §8Depositing coins...
19:00:32 [allowed] §aDeposited §r§6924k coins§r§a! There's now §r§6185M coins §r§ain the account!
19:00:52 [allowed] §d§lHOPPITY'S HUNT §r§dA §r§6Chocolate Breakfast Egg §r§dhas appeared!
19:01:15 [allowed] §8[§r§a128§r§8] §r§b[MVP§c+§b] WhiteboyplayzSB§f§r§f: wizard tower bottom
19:01:17 [USELESS_NOTIFICATION] §a§r§6Mining Speed Boost §r§ais now available!
19:02:52 [allowed] §8[§r§a148§r§8] §r§a[VIP] DevilDude707§f§r§f: lowballing 160m /visit me
19:06:41 [allowed] §d§lHOPPITY'S HUNT §r§dA §r§9Chocolate Lunch Egg §r§dhas appeared!
19:06:44 [allowed] §8[§r§a130§r§8] §r§7⛂ §r§a[VIP] Thewisefish2§f§r§f: lowballing 100m visit mee lol
19:08:20 [allowed] §8[§r§a130§r§8] §r§7⛂ §r§a[VIP] Thewisefish2§f§r§f: lowballing 100m visit mee lol\//////
19:12:32 [allowed] §d§lHOPPITY'S HUNT §r§dA §r§aChocolate Dinner Egg §r§dhas appeared!
19:12:45 [allowed] §8[§r§a138§r§8] §r§7❤ §r§a[VIP] not56ms§f§r§f: were
19:13:02 [allowed] §8[§r§a151§r§8] §r§5§l࿇ §r§b[MVP§d+§b] JayCymru§f§r§f: no idea, not found the other one yet lol
19:15:06 [ANNOYING_SPAM] §e[NPC] Jacob§f: §rMy contest has started!
19:15:15 [WARPING] §7Warping...
19:15:16 [WARPING] §7Sending to server mini78CP...
19:15:18 [EMPTY] §8 §r§8 §r§1 §r§3 §r§3 §r§7 §r§8 
19:15:19 [NEW_VISITOR_ARRIVED] §9§r§9Rusty §r§ehas arrived on your §r§bGarden§r§e!
19:15:21 [PROFILE_JOIN] §aYou are playing on profile: §eLemon§b (Co-op)
19:15:21 [PROFILE_JOIN] §8Profile ID: 75deb082-1336-4dc2-be3c-50e7afad0515
19:15:24 [GARDEN_VISITOR_MESSAGE] §e[NPC] §aEmissary Ceanna§f: §r§fThe King's favorite emissary is here to request potatoes for the King's great feast! 
19:15:32 [GARDEN_VISITOR_MESSAGE] §e[NPC] §aEmissary Ceanna§f: §r§fI will inform the King about this disgrace!
19:15:32 [GARDEN_VISITOR_MESSAGE] §e[NPC] §9Rusty§f: §rEver wondered how I find all the things that other players lost? I outsource it. Right now, someone is looking for their §aEnchanted Pumpkin§f. Can you find that for me?
19:15:41 [GARDEN_VISITOR_MESSAGE] §e[NPC] §9Rusty§f: §r§fTurns out, if you want something done, you have to do it yourself.
19:16:18 [USELESS_NOTIFICATION] §a§r§6Mining Speed Boost §r§ais now available!
19:16:29 [SACKS_CHANGE] §6[Sacks] §r§a+511§r§e items§r§e, §r§c-58§r§e items§r§e.§r§8 (Last 10s.)
19:17:50 [allowed] §aWalk Speed Cap set to: §r§e115
19:17:51 [allowed] §aWalk Speed Cap set to: §r§e115
19:18:15 [SACKS_CHANGE] §6[Sacks] §r§a+1,902§r§e items§r§e, §r§c-227§r§e items§r§e.§r§8 (Last 22s.)
19:18:27 [SACKS_CHANGE] §6[Sacks] §r§a+185§r§e items§r§e, §r§c-20§r§e items§r§e.§r§8 (Last 7s.)
19:18:55 [SACKS_CHANGE] §6[Sacks] §r§a+2,622§r§e items§r§e, §r§c-294§r§e items§r§e.§r§8 (Last 26s.)
19:22:59 [SACKS_CHANGE] §6[Sacks] §r§a+2,687§r§e items§r§e, §r§c-306§r§e items§r§e.§r§8 (Last 25s.)
19:24:36 [SACKS_CHANGE] §6[Sacks] §r§a+538§r§e items§r§e, §r§c-60§r§e items§r§e.§r§8 (Last 9s.)
19:24:39 [allowed] §6§lGROSS! §7A §6Pest §7has appeared in §aPlot §7- §b2§7!
19:24:39 [allowed]   §r§e§lCLICK HERE §eto teleport to the plot!
19:24:40 [allowed] §aTeleported you to §r§aPlot §r§7- §r§b2§r§a!
19:24:45 [SACKS_CHANGE] §6[Sacks] §r§a+303§r§e items§r§e, §r§c-34§r§e items§r§e.§r§8 (Last 7s.)
19:24:57 [allowed] §eYou received §a3x Enchanted Cactus Green §efor killing a §6Mite§e!
19:25:02 [SACKS_CHANGE] §6[Sacks] §r§a+3§r§e items§r§e.§r§8 (Last 5s.)
19:25:33 [SACKS_CHANGE] §6[Sacks] §r§a+4,806§r§e items§r§e, §r§c-545§r§e items§r§e.§r§8 (Last 30s.)
19:25:44 [SACKS_CHANGE] §6[Sacks] §r§a+895§r§e items§r§e, §r§c-102§r§e items§r§e.§r§8 (Last 10s.)
19:26:18 [SACKS_CHANGE] §6[Sacks] §r§a+4,487§r§e items§r§e, §r§c-505§r§e items§r§e.§r§8 (Last 30s.)
19:26:28 [NEW_VISITOR_ARRIVED] §a§r§aRhys §r§ehas arrived on your §r§bGarden§r§e!
19:26:49 [SACKS_CHANGE] §6[Sacks] §r§a+3,936§r§e items§r§e, §r§c-561§r§e items§r§e.§r§8 (Last 30s.)
19:27:19 [SACKS_CHANGE] §6[Sacks] §r§a+461§r§e items§r§e, §r§c-462§r§e items§r§e.§r§8 (Last 30s.)
19:27:25 [SACKS_CHANGE] §6[Sacks] §r§a+1§r§e item§r§e.§r§8 (Last 5s.)
19:28:08 [SACKS_CHANGE] §6[Sacks] §r§a+547§r§e items§r§e, §r§c-524§r§e items§r§e.§r§8 (Last 30s.)
19:28:30 [SACKS_CHANGE] §6[Sacks] §r§a+320§r§e items§r§e, §r§c-304§r§e items§r§e.§r§8 (Last 21s.)
