17:00:31 [allowed] §aYou have §b24 §aunclaimed leveling rewards!
17:00:31 [allowed] §eClick here to view them!
17:00:31 [allowed] §aYou have §618 §aunclaimed achievement rewards!
17:00:31 [allowed] §eClick here to view them!
17:01:05 [allowed] §aYou gained §r§b9,971.3 Mining §r§aexperience from minions!
17:01:05 [allowed] §aYou gained §r§b24,509.6 Combat §r§aexperience from minions!
17:01:08 [allowed] §eLatest update: §bSkyBlock v0.20.1 §e§lCLICK
17:01:10 [allowed] §6§lALLOWANCE! §r§eYou earned §r§650,000 coins§r§e!
17:07:49 [allowed]  §b§l» §aiizmw §eis traveling to §aDwarven Mines §e§lFOLLOW
17:07:59 [allowed]  §b§l» §aiizmw §eis traveling to §aPrivate Island §e§lFOLLOW
17:08:02 [allowed]  §b§l» §aiizmw §eis traveling to §aCrystal Hollows §e§lFOLLOW
17:08:06 [allowed] §biizmw joined SkyBlock.
17:09:35 [allowed]  §b§l» §aiizmw §eis traveling to §aHub §e§lFOLLOW
17:09:54 [allowed] §biizmw left SkyBlock.
17:09:57 [allowed] §biizmw joined SkyBlock.
17:10:00 [allowed] §biizmw joined SkyBlock.
17:10:11 [allowed]  §b§l» §aiizmw §eis traveling to §aPrivate Island §e§lFOLLOW
17:10:15 [allowed]  §b§l» §aiizmw §eis traveling to §aCrystal Hollows §e§lFOLLOW
17:10:18 [allowed] §biizmw joined SkyBlock.
17:16:46 [allowed]  §b§l» §aiizmw §eis traveling to §aPrivate Island §e§lFOLLOW
17:16:49 [allowed]  §b§l» §aiizmw §eis traveling to §aCrystal Hollows §e§lFOLLOW
17:17:04 [allowed]  §b§l» §aiizmw §eis traveling to §aPrivate Island §e§lFOLLOW
17:17:08 [allowed]  §b§l» §aiizmw §eis traveling to §aCrystal Hollows §e§lFOLLOW
17:17:49 [allowed]  §b§l» §aiizmw §eis traveling to §aPrivate Island §e§lFOLLOW
17:17:57 [allowed]  §b§l» §aiizmw §eis traveling to §aCrystal Hollows §e§lFOLLOW
17:23:54 [allowed]  §b§l» §aiizmw §eis traveling to §aPrivate Island §e§lFOLLOW
17:24:03 [allowed]  §b§l» §aiizmw §eis traveling to §aCrystal Hollows §e§lFOLLOW
17:44:34 [allowed] §eYou are being transferred to the §r§aHUB §r§efor being §r§cAFK§r§e!
17:46:07 [allowed] §8[§a158§8] §r§b[MVP§c+§b] WildWolf_01§f§7 is holding §r§8[§6Sirius' Personal Phone Number§8]
17:46:42 [allowed] §d§lHOPPITY'S HUNT §r§dA §r§9Chocolate Lunch Egg §r§dhas appeared!
17:47:50 [allowed] §8[§r§9313§r§8] §r§b[MVP§4+§b] mini_be4n §7♲§f§r§f: [SkyHanni] Lunch Chocolate Egg located at x: 125, y: 74, z: 168
17:49:03 [allowed] §8[§r§733§r§8] §r§a[VIP] _bumKuchen§f§r§f: i kinda just stared 2 weeks ago i cant afford having something in my ah for that long
17:49:05 [allowed] §8[§r§733§r§8] §r§a[VIP] _bumKuchen§f§r§f: bruh
17:49:11 [allowed] §8[§r§733§r§8] §r§a[VIP] _bumKuchen§f§r§f: LOWBALLING 100m PURSE /visit me
17:50:14 [allowed] §8[§r§79§r§8] §r§7MeltedCobra8624§7§r§7: when is the menu gonna go back up
17:50:19 [allowed] §8[§r§a122§r§8] §r§b[MVP§9+§b] Virsanov§f§r§f: never
17:50:27 [allowed] §8[§r§a122§r§8] §r§b[MVP§9+§b] Virsanov§f§r§f: deleted the update
17:52:32 [allowed] §d§lHOPPITY'S HUNT §r§dA §r§aChocolate Dinner Egg §r§dhas appeared!
17:52:42 [allowed] §8[§r§2192§r§8] §r§7ᛃ §r§a[VIP§6+§a] AI_Tr3pled§f§r§f: egg wher
17:54:10 [allowed] §8[§r§b201§r§8] §r§7❁ §r§b[MVP§6+§b] Pro_Gamer909§f§r§f: where the ggg
17:54:12 [allowed] §8[§r§b201§r§8] §r§7❁ §r§b[MVP§6+§b] Pro_Gamer909§f§r§f: egg
17:54:31 [allowed] §8[§r§e107§r§8] §r§7⎊ §r§a[VIP§6+§a] Krakenn123§f§r§f: in hub
17:54:35 [allowed] §8[§r§b201§r§8] §r§7❁ §r§b[MVP§6+§b] Pro_Gamer909§f§r§f: k
17:54:41 [allowed] §8[§r§e107§r§8] §r§7⎊ §r§a[VIP§6+§a] Krakenn123§f§r§f: ye
17:54:44 [allowed] §8[§r§e107§r§8] §r§7⎊ §r§a[VIP§6+§a] Krakenn123§f§r§f: srry idrk
17:55:55 [allowed] §8[§r§b201§r§8] §r§7❁ §r§b[MVP§6+§b] Pro_Gamer909§f§r§f: u
17:56:01 [allowed] §8[§r§b201§r§8] §r§7❁ §r§b[MVP§6+§b] Pro_Gamer909§f§r§f: need to find all the egg for factory
17:56:05 [allowed] §8[§r§b201§r§8] §r§7❁ §r§b[MVP§6+§b] Pro_Gamer909§f§r§f: bru
17:59:35 [allowed] §eYou are being transferred to the §r§aPrototype Lobby §r§efor being §r§cAFK§r§e!
17:59:36 [allowed] §aYou have §b24 §aunclaimed leveling rewards!
17:59:36 [allowed] §eClick here to view them!
17:59:36 [allowed] §aYou have §618 §aunclaimed achievement rewards!
17:59:36 [allowed] §eClick here to view them!
18:01:36 [allowed] §cYou are AFK. Move around to return from AFK.
18:03:49 [allowed] §aYou have §b24 §aunclaimed leveling rewards!
18:03:49 [allowed] §eClick here to view them!
18:03:49 [allowed] §aYou have §618 §aunclaimed achievement rewards!
18:03:49 [allowed] §eClick here to view them!
18:03:54 [allowed] §eLatest update: §bSkyBlock v0.20.1 §e§lCLICK
18:05:16 [allowed] §8[§r§b212§r§8] §r§6§lꤥ §r§b[MVP] SurfingViper§f§r§f: [SkyHanni] Lunch Chocolate Egg located at x: 125, y: 74, z: 168
18:36:46 [allowed] §aFriend > §r§7LeMiniBledardd §r§ejoined.
18:36:53 [allowed] §aFriend > §r§7LeMiniBledardd §r§eleft.
18:37:07 [allowed] §biizmw joined SkyBlock.
18:37:53 [allowed] §9§m-----------------------------------------------------§r§9
§r§a[VIP] iizmw §r§ehas invited you to join their party!
§r§eYou have §r§c60 §r§eseconds to accept. §r§6Click here to join!§r§9
§r§9§m-----------------------------------------------------
18:38:02 [allowed] §eYou have joined §r§a[VIP] iizmw's §r§eparty!
18:38:05 [allowed] §cYou are not allowed to invite players.
18:38:09 [allowed] §aFriend > §r§7LeMiniBledardd §r§ejoined.
18:38:11 [allowed] §cYou are not allowed to invite players.
18:38:13 [allowed] §cYou are not allowed to invite players.
18:38:18 [allowed] §cYou must double tap the drop button to drop this item!
18:38:18 [allowed] §cYou can disable this in the §r§fSettings§r§c in your §r§aSkyBlock Menu§r§c!
18:38:21 [allowed] §eThe party was transferred to §r§a[VIP§r§6+§r§a] Davidutz_ §r§eby §r§a[VIP] iizmw
18:38:22 [allowed] §a[VIP§r§6+§r§a] Davidutz_ §r§einvited §r§7LeMiniBledardd §r§eto the party! They have §r§c60 §r§eseconds to accept.
18:38:30 [allowed] §biizmw left SkyBlock.
18:38:33 [allowed] §7LeMiniBledardd §r§ejoined the party.
18:38:41 [allowed] §eThe party was transferred to §r§a[VIP] iizmw §r§eby §r§a[VIP§r§6+§r§a] Davidutz_
18:38:44 [allowed] §eYou have been kicked from the party by §r§a[VIP] iizmw §r§e
18:43:23 [allowed] §3§l▬▬▬▬▬▬▬▬▬▬▬▬▬▬▬▬▬▬▬▬▬▬▬▬▬▬▬▬▬▬▬▬▬▬▬▬▬▬▬▬▬▬▬▬▬▬▬▬▬▬▬▬▬▬▬▬▬▬▬▬▬▬▬▬
18:43:23 [allowed]   §r§b§lGARDEN MILESTONE §3Visitor Offers Accepted §8VI➜§3VII
18:43:23 [allowed]    §r§b§lCO-OP » §r§7Unlocked while you were offline
18:43:23 [allowed]   §r§a§lREWARDS
18:43:23 [allowed]     §r§8+§r§2210 §r§7Garden Experience
18:43:23 [allowed]     §r§8+§r§315,000 §r§7Farming Experience
18:43:23 [allowed]     §r§8+§r§b3 SkyBlock XP
18:43:23 [allowed] §3§l▬▬▬▬▬▬▬▬▬▬▬▬▬▬▬▬▬▬▬▬▬▬▬▬▬▬▬▬▬▬▬▬▬▬▬▬▬▬▬▬▬▬▬▬▬▬▬▬▬▬▬▬▬▬▬▬▬▬▬▬▬▬▬▬
18:43:24 [allowed] §6§lGROSS! §7A §6Pest §7has appeared in §aPlot §7- §b3§7!
18:43:24 [allowed]   §r§e§lCLICK HERE §eto teleport to the plot!
18:50:39 [allowed] §c§r§eYou need the §r§dCookie Buff §r§eto use this feature!
18:51:18 [allowed] §aFriend > §r§7LeMiniBledardd §r§eleft.
18:52:18 [allowed] §c§r§eYou need the §r§dCookie Buff §r§eto use this feature!
18:52:19 [allowed] §c§r§eYou need the §r§dCookie Buff §r§eto use this feature!
18:52:20 [allowed] §c§r§eYou need the §r§dCookie Buff §r§eto use this feature!
18:52:20 [allowed] §cGod Potion expires in §r§e60s§r§c
18:52:58 [allowed] §8[§r§a154§r§8] §r§7❤ §r§a[VIP] ILikeKissingBoys§f§r§f: sperm bank we said that be4
18:52:59 [allowed] §8[§r§a149§r§8] §r§6♫ §r§a[VIP] gzxi§f§r§f: all men cen reproduce
18:53:00 [allowed] §8[§r§9297§r§8] §r§5§l࿇ §r§b[MVP§2+§b] Graphicol§f§r§f: ong what is this argument even about
18:53:05 [allowed] §8[§r§a154§r§8] §r§7❤ §r§a[VIP] ILikeKissingBoys§f§r§f: but you cant keep anything in your head
18:53:08 [allowed] §8[§r§a154§r§8] §r§7❤ §r§a[VIP] ILikeKissingBoys§f§r§f: HOLD GOD
18:53:09 [allowed] §cGod Potion expires in §r§e10s§r§c
18:53:10 [allowed] §8[§r§a135§r§8] §r§a[VIP§6+§a] Vendr1ck§f§r§f: selling 200 g drag if intrested visit
18:53:12 [allowed] §8[§a135§8] §r§a[VIP§6+§a] Vendr1ck§f§7 is holding §r§8[§7[Lvl 200] §6Golden Dragon§8]
18:53:12 [allowed] §8[§r§a154§r§8] §r§7❤ §r§a[VIP] ILikeKissingBoys§f§r§f: holy*
18:53:14 [allowed] §cGod Potion expires in §r§e5s§r§c
18:53:15 [allowed] §cGod Potion expires in §r§e4s§r§c
18:53:16 [allowed] §8[§r§a154§r§8] §r§7❤ §r§a[VIP] ILikeKissingBoys§f§r§f: i gotta calm down
18:53:16 [allowed] §cGod Potion expires in §r§e3s§r§c
18:53:17 [allowed] §8[§r§d334§r§8] §r§5§l࿇ §r§a[VIP] Crafty_Jit§f§r§f: where
18:53:18 [allowed] §cGod Potion expires in §r§e2s§r§c
18:53:19 [allowed] §cGod Potion expires in §r§e1s§r§c
18:53:20 [allowed] §cGod Potion has expired!
18:53:23 [allowed] §8[§r§2177§r§8] §r§6§lᛝ §r§a[VIP§6+§a] OnlyRiptide§f§r§f: ILikeKissingBoys bro we aint trying ******** over or kick you out or some **** were just saying it
18:53:24 [allowed] §8[§r§715§r§8] §r§7SammyMonster11§7§r§7: wtf is this chat
18:53:25 [allowed] §8[§r§2177§r§8] §r§6§lᛝ §r§a[VIP§6+§a] OnlyRiptide§f§r§f: sounds silly
18:53:27 [allowed] §8[§r§2195§r§8] §r§6§lᛝ §r§b[MVP§a+§b] Z1ppyX§f§r§f: LF wither chestplate, leggings and boots /p me
18:53:34 [allowed] §8[§r§9305§r§8] §r§6§lᛝ §r§b[MVP§8+§b] iProxyy§f§r§f: [SkyHanni] Dinner Chocolate Egg located at x: 125, y: 74, z: 168
18:53:35 [allowed] §8[§r§3260§r§8] §r§6ᛃ §r§b[MVP§3+§b] cashfee§f§r§f: ty
18:53:38 [allowed] §8[§r§f67§r§8] §r§7ForestOcelot038§7§r§7: nature is ***** gay
18:53:38 [allowed] §8[§r§f53§r§8] §r§7❂ §r§a[VIP] Duckybrine_606§f§r§f: np
18:53:41 [allowed] §biizmw joined SkyBlock.
18:53:42 [allowed] §8[§r§713§r§8] §r§a[VIP] Block_Craft_007§f§r§f: selling 8 enchanted bookshelf 150k /visit me
18:53:42 [allowed] §8[§r§a154§r§8] §r§7❤ §r§a[VIP] ILikeKissingBoys§f§r§f: i am not saying that either
18:53:44 [allowed] §8[§r§9305§r§8] §r§6§lᛝ §r§b[MVP§8+§b] iProxyy§f§r§f: x: 124, y: 73, z: 169
18:53:48 [allowed] §9§m-----------------------------------------------------§r§9
§r§a[VIP] iizmw §r§ehas invited you to join their party!
§r§eYou have §r§c60 §r§eseconds to accept. §r§6Click here to join!§r§9
§r§9§m-----------------------------------------------------
18:53:49 [allowed] §eYou have joined §r§a[VIP] iizmw's §r§eparty!
18:53:49 [allowed] §eYou'll be partying with: §r§7LeMiniBledardd
18:53:50 [allowed] §9§m-----------------------------
18:53:50 [allowed] §eParty Leader, §r§a[VIP] iizmw§r§e, summoned you to their server.
18:53:50 [allowed] §9§m-----------------------------
18:53:52 [allowed] §aiizmw §ahas sent you a trade request. §bClick here §ato accept!
18:53:54 [allowed] §8[§r§f68§r§8] §r§a[VIP] qtPug§f§r§f: gauntlent
18:53:55 [allowed]  §9§l» §aiizmw §eis traveling to §aHub §e§lFOLLOW
18:54:02 [allowed] §eThe party leader, §r§a[VIP] iizmw §r§ehas disconnected, they have §r§c5 §r§eminutes to rejoin before the party is disbanded.
18:54:04 [allowed] §8[§r§715§r§8] §r§7SammyMonster11§7§r§7: x:125 y:74 z:168
18:54:10 [allowed] §8[§r§a144§r§8] §r§7§l⸕ §r§7RaihanXD§7§r§7: man there's too many straightphobia in here let me change hub
18:54:13 [allowed] §aWithdrew §r§62M coins§r§a! There's now §r§6184M coins §r§aleft in the account!
18:54:14 [allowed] §8[§r§a144§r§8] §r§7§l⸕ §r§7RaihanXD§7§r§7: LMFAO
18:54:14 [allowed] §8[§r§3260§r§8] §r§6ᛃ §r§b[MVP§3+§b] cashfee§f§r§f: lmao
18:54:16 [allowed] §8[§r§3260§r§8] §r§6ᛃ §r§b[MVP§3+§b] cashfee§f§r§f: LKAJSGKLHGH
18:54:18 [allowed] §8[§r§a154§r§8] §r§7❤ §r§a[VIP] ILikeKissingBoys§f§r§f: i just wonder what makes it "wrong"
18:54:19 [allowed] §8[§r§f53§r§8] §r§7❂ §r§a[VIP] Duckybrine_606§f§r§f: XDDDDDDDD
18:54:20 [allowed] §8[§r§b222§r§8] §r§6☠ §r§b[MVP§3+§b] fvnta§f§r§f: BARN FULL! Baloo got crushed! +100,934 Chocolate
18:54:23 [allowed] §8[§r§d331§r§8] §r§b§lᛝ §r§a[VIP] Mijolinir§f§r§f: LOL
18:54:27 [allowed] §8[§r§713§r§8] §r§a[VIP] Block_Craft_007§f§r§f: selling 8 enchanted bookshelf 150k /visit me selling 8 enchanted bookshelf 150k /visit me
18:54:27 [allowed] §8[§a135§8] §r§a[VIP§6+§a] Vendr1ck§f§7 is holding §r§8[§7[Lvl 200] §6Golden Dragon§8]
18:54:28 [allowed] §8[§r§3260§r§8] §r§6ᛃ §r§b[MVP§3+§b] cashfee§f§r§f: ILikeKissingBoys it said it too many times
18:54:29 [allowed] §6[Bazaar] §r§7Bought §r§a16§r§7x §r§9Mutant Nether Wart §r§7for §r§61,639,986 coins§r§7!
18:54:29 [allowed] §8[§r§2178§r§8] §r§7§l⚝ §r§6[MVP§9++§6] BiggestMunchOAT§f§r§f: Selling 160m bidded gilded Midas Spoon /visit me ---------------------------------------------------------------
18:54:31 [allowed] §8[§r§a135§r§8] §r§a[VIP§6+§a] Vendr1ck§f§r§f: selling gdrag
18:54:33 [allowed] §8[§r§3260§r§8] §r§6ᛃ §r§b[MVP§3+§b] cashfee§f§r§f: but if everyone started being gay
18:54:33 [allowed] §8[§r§f53§r§8] §r§7❂ §r§a[VIP] Duckybrine_606§f§r§f: we told you so many times, how can't you open your mind to it?
18:54:42 [allowed] §aYour §r§5Tiger §r§aleveled up to level §r§975§r§a!
18:54:42 [allowed] §6§lOFFER ACCEPTED §r§8with §r§6Sirius §r§8(§r§6§lLEGENDARY§r§8)
18:54:42 [allowed]   §r§a§lREWARDS
18:54:42 [allowed]     §r§8+§r§275 §r§7Garden Experience
18:54:42 [allowed]     §r§8+§r§386k §r§7Farming XP
18:54:42 [allowed]     §r§8+§r§c311 Copper
18:55:18 [allowed] §cThis ability is on cooldown for 1s.
18:55:28 [allowed] §cThis ability is on cooldown for 1s.
18:55:28 [allowed] §cThis ability is on cooldown for 1s.
18:55:28 [allowed] §cThis ability is on cooldown for 1s.
18:55:28 [allowed] §cThis ability is on cooldown for 1s.
18:55:29 [allowed] §cThis ability is on cooldown for 1s.
18:55:29 [allowed] §cThis ability is on cooldown for 1s.
18:55:29 [allowed] §cThis ability is on cooldown for 1s.
18:55:30 [allowed] §cThis ability is on cooldown for 1s.
18:55:30 [allowed] §cThis ability is on cooldown for 1s.
18:55:30 [allowed] §cThis ability is on cooldown for 1s.
18:55:31 [allowed] §cThis ability is on cooldown for 1s.
18:55:31 [allowed] §cThis ability is on cooldown for 1s.
18:55:31 [allowed] §cThis ability is on cooldown for 1s.
18:55:32 [allowed] §cThis ability is on cooldown for 1s.
18:55:41 [allowed] §4ൠ §r§7The Worm seems to have burrowed its way to somewhere else in the plot!
18:56:18 [allowed] §7LeMiniBledardd §r§ewas removed from your party because they disconnected.
18:58:26 [allowed] §4ൠ §r§7The Worm seems to have burrowed its way to somewhere else in the plot!
18:58:38 [allowed] §4ൠ §r§7Find the Worm!
18:58:46 [allowed] §eYou received §a2x Enchanted Melon §efor killing an §6Earthworm§e!
18:59:01 [allowed] §cThis ability is on cooldown for 1s.
18:59:01 [allowed] §cThis ability is on cooldown for 1s.
18:59:01 [allowed] §cThis ability is on cooldown for 1s.
18:59:02 [allowed] §cThis ability is on cooldown for 1s.
18:59:02 [allowed] §cThis ability is on cooldown for 1s.
18:59:02 [allowed] §cThe party was disbanded because the party leader disconnected.
18:59:03 [allowed] §cThis ability is on cooldown for 1s.
18:59:07 [allowed] §aTeleported you to §r§aPlot §r§7- §r§b1§r§a!
18:59:25 [allowed] §eYou received §a2x Enchanted Pumpkin §efor killing a §6Rat§e!
19:00:24 [allowed] §6[Bazaar] §r§7Sold §r§a5§r§7x §r§9Mutant Nether Wart §r§7for §r§6503,979 coins§r§7!
19:00:25 [allowed] §6[Bazaar] §r§7Sold §r§a799§r§7x §r§fMithril §r§7for §r§612,384 coins§r§7!
19:00:25 [allowed] §6[Bazaar] §r§7Sold §r§a2§r§7x §r§aEnchanted Melon §r§7for §r§6626.0 coins§r§7!
19:00:25 [allowed] §6[Bazaar] §r§7Sold §r§a2§r§7x §r§aEnchanted Pumpkin §r§7for §r§63,243 coins§r§7!
19:00:25 [allowed] §6[Bazaar] §r§7Sold §r§a6§r§7x §r§9Titanium §r§7for §r§6735.6 coins§r§7!
19:00:25 [allowed] §6[Bazaar] §r§7Sold §r§a10§r§7x §r§fCobblestone §r§7for §r§626.0 coins§r§7!
19:00:32 [allowed] §aDeposited §r§6924k coins§r§a! There's now §r§6185M coins §r§ain the account!
19:00:52 [allowed] §d§lHOPPITY'S HUNT §r§dA §r§6Chocolate Breakfast Egg §r§dhas appeared!
19:01:15 [allowed] §8[§r§a128§r§8] §r§b[MVP§c+§b] WhiteboyplayzSB§f§r§f: wizard tower bottom
19:02:52 [allowed] §8[§r§a148§r§8] §r§a[VIP] DevilDude707§f§r§f: lowballing 160m /visit me
19:06:41 [allowed] §d§lHOPPITY'S HUNT §r§dA §r§9Chocolate Lunch Egg §r§dhas appeared!
19:06:44 [allowed] §8[§r§a130§r§8] §r§7⛂ §r§a[VIP] Thewisefish2§f§r§f: lowballing 100m visit mee lol
19:08:20 [allowed] §8[§r§a130§r§8] §r§7⛂ §r§a[VIP] Thewisefish2§f§r§f: lowballing 100m visit mee lol\//////
19:12:32 [allowed] §d§lHOPPITY'S HUNT §r§dA §r§aChocolate Dinner Egg §r§dhas appeared!
19:12:45 [allowed] §8[§r§a138§r§8] §r§7❤ §r§a[VIP] not56ms§f§r§f: were
19:13:02 [allowed] §8[§r§a151§r§8] §r§5§l࿇ §r§b[MVP§d+§b] JayCymru§f§r§f: no idea, not found the other one yet lol
19:17:50 [allowed] §aWalk Speed Cap set to: §r§e115
19:17:51 [allowed] §aWalk Speed Cap set to: §r§e115
19:24:39 [allowed] §6§lGROSS! §7A §6Pest §7has appeared in §aPlot §7- §b2§7!
19:24:39 [allowed]   §r§e§lCLICK HERE §eto teleport to the plot!
19:24:40 [allowed] §aTeleported you to §r§aPlot §r§7- §r§b2§r§a!
19:24:57 [allowed] §eYou received §a3x Enchanted Cactus Green §efor killing a §6Mite§e!
