17:00:31 [EMPTY] §f §r§f §r§1 §r§0 §r§2 §r§4§r§f §r§f §r§2 §r§0 §r§4 §r§8§r§0§r§1§r§0§r§1§r§2§r§f§r§f§r§0§r§1§r§3§r§4§r§f§r§f§r§0§r§1§r§5§r§f§r§f§r§0§r§1§r§6§r§f§r§f§r§0§r§1§r§8§r§9§r§a§r§b§r§f§r§f§r§0§r§1§r§7§r§f§r§f§r§3 §r§9 §r§2 §r§0 §r§0 §r§1§r§3 §r§9 §r§2 §r§0 §r§0 §r§2§r§3 §r§9 §r§2 §r§0 §r§0 §r§3§r§0§r§0§r§1§r§f§r§e§r§0§r§0§r§2§r§f§r§e§r§0§r§0§r§3§r§4§r§5§r§6§r§7§r§8§r§f§r§e§r§3 §r§6 §r§3 §r§6 §r§3 §r§6 §r§e§r§3 §r§6 §r§3 §r§6 §r§3 §r§6 §r§d
17:00:31 [EMPTY] §f §r§r§r§f §r§r§r§1 §r§r§r§0 §r§r§r§2 §r§r§r§f §r§r§r§f §r§r§r§2 §r§r§r§0 §r§r§r§4 §r§r§r§3 §r§r§r§9 §r§r§r§2 §r§r§r§0 §r§r§r§0 §r§r§r§3 §r§r§r§9 §r§r§r§2 §r§r§r§0 §r§r§r§0 §r§r§r§3 §r§r§r§9 §r§r§r§2 §r§r§r§0 §r§r§r§0 
17:00:32 [LOBBY] §b[MVP§c+§b] A_DONE§f §6joined the lobby!
17:00:33 [LOBBY]   §r§f§l➤ §r§6You have reached your Hype limit! Add Hype to Prototype Lobby minigames by right-clicking with the Hype Diamond!
17:00:33 [LOBBY]  §b>§c>§a>§r §r§6[MVP§2++§6] bugsyben1§f §6joined the lobby!§r §a<§c<§b<
17:00:35 [LOBBY] §b[MVP§3+§b] HypixelBedwarSwe§f §6joined the lobby!
17:00:37 [LOBBY] §b[MVP§d+§b] DripyMonke§f §6joined the lobby!
17:00:40 [LOBBY] §b[MVP§9+§b] 3extra§f §6joined the lobby!
17:00:44 [LOBBY] §b[MVP§c+§b] EndBoy573§f §6joined the lobby!
17:00:45 [LOBBY] §b[MVP§c+§b] N0tThunder8§f §6joined the lobby!
17:00:48 [LOBBY] §b[MVP§f+§b] LPMimpf§f §6joined the lobby!
17:00:48 [LOBBY] §b[MVP§9+§b] Garmore§f §6joined the lobby!
17:00:57 [LOBBY] §b[MVP§9+§b] 1337Ben§f §6joined the lobby!
17:00:57 [LOBBY]  §b>§c>§a>§r §r§6[MVP§2++§6] Xzier_Tengal§f §6joined the lobby!§r §a<§c<§b<
17:00:57 [LOBBY] §b[MVP§e+§b] Pingbear§f §6joined the lobby!
17:01:01 [LOBBY]  §b>§c>§a>§r §r§b[MVP§0++§b] Evdia§f §6joined the lobby!§r §a<§c<§b<
17:01:05 [WARPING] §7Sending to server mini149AQ...
17:01:05 [EMPTY] §8 §r§8 §r§1 §r§3 §r§3 §r§7 §r§8 
17:01:08 [EMPTY] 
17:01:08 [WELCOME] §eWelcome to §r§aHypixel SkyBlock§r§e!
17:01:08 [EMPTY] 
17:01:10 [PROFILE_JOIN] §aYou are playing on profile: §eLemon§b (Co-op)
17:01:10 [PROFILE_JOIN] §8Profile ID: 75deb082-1336-4dc2-be3c-50e7afad0515
17:02:05 [USELESS_NOTIFICATION] §a§r§6Mining Speed Boost §r§ais now available!
17:11:55 [EMPTY] 
17:11:55 [FIRE_SALE] §6§k§lA§r §c§lFIRE SALE §r§6§k§lA
§r§c♨ §eSelling an item for a limited time!
§r§c   ♨ §dCavern Glacite Golem Skin §e(§e1,139 left§e)§c§r
§r§c♨ §a§l[WARP] §eTo Elizabeth in the next §c4d 0h 48m §eto grab yours!
17:11:55 [EMPTY] 
17:44:34 [WARPING] §7Sending to server mini86BK...
17:44:34 [EMPTY] §8 §r§8 §r§1 §r§3 §r§3 §r§7 §r§8 
17:44:38 [PROFILE_JOIN] §aYou are playing on profile: §eLemon§b (Co-op)
17:44:38 [PROFILE_JOIN] §8Profile ID: 75deb082-1336-4dc2-be3c-50e7afad0515
17:45:35 [USELESS_NOTIFICATION] §a§r§6Mining Speed Boost §r§ais now available!
17:46:52 [EMPTY] 
17:46:52 [FIRE_SALE] §6§k§lA§r §c§lFIRE SALE §r§6§k§lA
§r§c♨ §eSelling an item for a limited time!
§r§c   ♨ §dCavern Glacite Golem Skin §e(§e1,106 left§e)§c§r
§r§c♨ §a§l[WARP] §eTo Elizabeth in the next §c4d 0h 13m §eto grab yours!
17:46:52 [EMPTY] 
17:59:35 [EMPTY] §f §r§f §r§1 §r§0 §r§2 §r§4§r§f §r§f §r§2 §r§0 §r§4 §r§8§r§0§r§1§r§0§r§1§r§2§r§f§r§f§r§0§r§1§r§3§r§4§r§f§r§f§r§0§r§1§r§5§r§f§r§f§r§0§r§1§r§6§r§f§r§f§r§0§r§1§r§8§r§9§r§a§r§b§r§f§r§f§r§0§r§1§r§7§r§f§r§f§r§3 §r§9 §r§2 §r§0 §r§0 §r§1§r§3 §r§9 §r§2 §r§0 §r§0 §r§2§r§3 §r§9 §r§2 §r§0 §r§0 §r§3§r§0§r§0§r§1§r§f§r§e§r§0§r§0§r§2§r§f§r§e§r§0§r§0§r§3§r§4§r§5§r§6§r§7§r§8§r§f§r§e§r§3 §r§6 §r§3 §r§6 §r§3 §r§6 §r§e§r§3 §r§6 §r§3 §r§6 §r§3 §r§6 §r§d
17:59:35 [EMPTY] §f §r§r§r§f §r§r§r§1 §r§r§r§0 §r§r§r§2 §r§r§r§f §r§r§r§f §r§r§r§2 §r§r§r§0 §r§r§r§4 §r§r§r§3 §r§r§r§9 §r§r§r§2 §r§r§r§0 §r§r§r§0 §r§r§r§3 §r§r§r§9 §r§r§r§2 §r§r§r§0 §r§r§r§0 §r§r§r§3 §r§r§r§9 §r§r§r§2 §r§r§r§0 §r§r§r§0 
17:59:38 [LOBBY]   §r§f§l➤ §r§6You have reached your Hype limit! Add Hype to Prototype Lobby minigames by right-clicking with the Hype Diamond!
17:59:40 [LOBBY] §b[MVP§6+§b] Tihien§f §6joined the lobby!
17:59:48 [LOBBY] §b[MVP§c+§b] ProRaider041§f §6joined the lobby!
17:59:50 [LOBBY] §b[MVP§d+§b] _Xayo_§f §6joined the lobby!
17:59:53 [LOBBY] §b[MVP§d+§b] Robert_RB§f §6joined the lobby!
17:59:56 [LOBBY] §b[MVP§8+§b] Xn_8§f §6joined the lobby!
17:59:56 [LOBBY] §b[MVP§c+§b] _0RSO§f §6joined the lobby!
17:59:56 [LOBBY] §b[MVP§c+§b] Divinity9900§f §6joined the lobby!
17:59:58 [LOBBY] §b[MVP§c+§b] The_Sh1n1gam1§f §6joined the lobby!
18:00:03 [LOBBY]  §b>§c>§a>§r §r§6[MVP§c++§6] Nikitos7002§f §6joined the lobby!§r §a<§c<§b<
18:00:05 [LOBBY] §b[MVP§c+§b] Coolmonkey2003§f §6joined the lobby!
18:00:08 [LOBBY] §b[MVP§6+§b] Y0AST§f §6joined the lobby!
18:00:08 [LOBBY] §b[MVP§f+§b] gbotgamer§f §6joined the lobby!
18:00:10 [LOBBY] §b[MVP§9+§b] IDislikeFarming§f §6joined the lobby!
18:00:14 [LOBBY] §b[MVP§d+§b] TJC132§f §6joined the lobby!
18:00:19 [LOBBY] §b[MVP§9+§b] 50008§f §6joined the lobby!
18:00:20 [LOBBY] §b[MVP§c+§b] Coffee53§f §6joined the lobby!
18:00:23 [EMPTY] §f
18:00:23 [WATCHDOG] §4[WATCHDOG ANNOUNCEMENT]
18:00:23 [WATCHDOG] §fWatchdog has banned §r§c§l6,779§r§f players in the last 7 days.
18:00:23 [WATCHDOG] §fStaff have banned an additional §r§c§l10,602§r§f in the last 7 days.
18:00:23 [WATCHDOG] §cBlacklisted modifications are a bannable offense!
18:00:23 [WATCHDOG] §c
18:00:24 [LOBBY] §b[MVP§f+§b] The_Worst_Demon§f §6joined the lobby!
18:00:34 [LOBBY] §b[MVP§2+§b] Hippylam§f §6joined the lobby!
18:00:42 [LOBBY]  §b>§c>§a>§r §r§6[MVP§3++§6] _Inder§f §6joined the lobby!§r §a<§c<§b<
18:00:44 [LOBBY] §b[MVP§c+§b] mrpg3296§f §6joined the lobby!
18:00:47 [LOBBY] §b[MVP§6+§b] 2Basti§f §6joined the lobby!
18:00:48 [LOBBY] §b[MVP§6+§b] thesergeant0§f §6joined the lobby!
18:00:51 [LOBBY] §b[MVP§d+§b] gamercat612§f §6joined the lobby!
18:00:54 [LOBBY] §b[MVP§f+§b] MrSTArEEE§f §6joined the lobby!
18:01:03 [LOBBY] §b[MVP§9+§b] MegaloMocto§f §6joined the lobby!
18:01:04 [LOBBY] §b[MVP§e+§b] SethChanXD§f §6joined the lobby!
18:01:25 [LOBBY] §b[MVP§9+§b] Phot2Frap§f §6joined the lobby!
18:01:27 [LOBBY] §b[MVP§6+§b] ezpu§f §6joined the lobby!
18:03:49 [EMPTY] §f §r§f §r§1 §r§0 §r§2 §r§4§r§f §r§f §r§2 §r§0 §r§4 §r§8§r§0§r§1§r§0§r§1§r§2§r§f§r§f§r§0§r§1§r§3§r§4§r§f§r§f§r§0§r§1§r§5§r§f§r§f§r§0§r§1§r§6§r§f§r§f§r§0§r§1§r§8§r§9§r§a§r§b§r§f§r§f§r§0§r§1§r§7§r§f§r§f§r§3 §r§9 §r§2 §r§0 §r§0 §r§1§r§3 §r§9 §r§2 §r§0 §r§0 §r§2§r§3 §r§9 §r§2 §r§0 §r§0 §r§3§r§0§r§0§r§1§r§f§r§e§r§0§r§0§r§2§r§f§r§e§r§0§r§0§r§3§r§4§r§5§r§6§r§7§r§8§r§f§r§e§r§3 §r§6 §r§3 §r§6 §r§3 §r§6 §r§e§r§3 §r§6 §r§3 §r§6 §r§3 §r§6 §r§d
18:03:49 [EMPTY] §f §r§r§r§f §r§r§r§1 §r§r§r§0 §r§r§r§2 §r§r§r§f §r§r§r§f §r§r§r§2 §r§r§r§0 §r§r§r§4 §r§r§r§3 §r§r§r§9 §r§r§r§2 §r§r§r§0 §r§r§r§0 §r§r§r§3 §r§r§r§9 §r§r§r§2 §r§r§r§0 §r§r§r§0 §r§r§r§3 §r§r§r§9 §r§r§r§2 §r§r§r§0 §r§r§r§0 
18:03:51 [WARPING] §7Sending to server mini86BK...
18:03:51 [EMPTY] §8 §r§8 §r§1 §r§3 §r§3 §r§7 §r§8 
18:03:54 [EMPTY] 
18:03:54 [WELCOME] §eWelcome to §r§aHypixel SkyBlock§r§e!
18:03:54 [EMPTY] 
18:03:55 [PROFILE_JOIN] §aYou are playing on profile: §eLemon§b (Co-op)
18:03:55 [PROFILE_JOIN] §8Profile ID: 75deb082-1336-4dc2-be3c-50e7afad0515
18:04:01 [EMPTY] 
18:04:01 [FIRE_SALE] §6§k§lA§r §c§lFIRE SALE §r§6§k§lA
§r§c♨ §eSelling an item for a limited time!
§r§c   ♨ §dCavern Glacite Golem Skin §e(§e1,097 left§e)§c§r
§r§c♨ §a§l[WARP] §eTo Elizabeth in the next §c3d 23h 55m §eto grab yours!
18:04:01 [EMPTY] 
18:04:52 [USELESS_NOTIFICATION] §a§r§6Mining Speed Boost §r§ais now available!
18:05:56 [WARPING] §7Sending to server mini13CE...
18:05:57 [EMPTY] §8 §r§8 §r§1 §r§3 §r§3 §r§7 §r§8 
18:06:00 [PROFILE_JOIN] §aYou are playing on profile: §eLemon§b (Co-op)
18:06:00 [PROFILE_JOIN] §8Profile ID: 75deb082-1336-4dc2-be3c-50e7afad0515
18:06:57 [USELESS_NOTIFICATION] §a§r§6Mining Speed Boost §r§ais now available!
18:38:02 [PARTY] §9§m-----------------------------------------------------
18:38:02 [PARTY] §9§m-----------------------------------------------------
18:38:05 [PARTY] §9§m-----------------------------------------------------
18:38:05 [PARTY] §9§m-----------------------------------------------------
18:38:11 [PARTY] §9§m-----------------------------------------------------
18:38:11 [PARTY] §9§m-----------------------------------------------------
18:38:13 [PARTY] §9§m-----------------------------------------------------
18:38:13 [PARTY] §9§m-----------------------------------------------------
18:38:21 [PARTY] §9§m-----------------------------------------------------
18:38:21 [PARTY] §9§m-----------------------------------------------------
18:38:22 [PARTY] §9§m-----------------------------------------------------
18:38:22 [PARTY] §9§m-----------------------------------------------------
18:38:33 [PARTY] §9§m-----------------------------------------------------
18:38:33 [PARTY] §9§m-----------------------------------------------------
18:38:41 [PARTY] §9§m-----------------------------------------------------
18:38:41 [PARTY] §9§m-----------------------------------------------------
18:38:44 [PARTY] §9§m-----------------------------------------------------
18:38:44 [PARTY] §9§m-----------------------------------------------------
18:43:21 [WARPING] §7Sending to server mini181C...
18:43:22 [EMPTY] §8 §r§8 §r§1 §r§3 §r§3 §r§7 §r§8 
18:43:23 [EMPTY] 
18:43:25 [PROFILE_JOIN] §aYou are playing on profile: §eLemon§b (Co-op)
18:43:25 [PROFILE_JOIN] §8Profile ID: 75deb082-1336-4dc2-be3c-50e7afad0515
18:44:22 [USELESS_NOTIFICATION] §a§r§6Mining Speed Boost §r§ais now available!
18:50:34 [GARDEN_VISITOR_MESSAGE] §e[NPC] §aAnita§f: §r§fHey hey hey again! I'll trade you some copper for some carrots!
18:50:39 [ANNOYING_SPAM] §eObtain a §r§6Booster Cookie §r§efrom the community shop in the hub!
18:51:47 [GARDEN_VISITOR_MESSAGE] §e[NPC] §aAnita§f: §r§fOh, darn it :(
18:51:59 [GARDEN_VISITOR_MESSAGE] §e[NPC] §aBanker Broadjaw§f: §r§fStanding in that bank all day. Just me and the dwarves. But they are either all business, or drunk. Or both! I need better company!
18:52:11 [GARDEN_VISITOR_MESSAGE] §e[NPC] §6Sirius§f: §r§fI've always wanted to start a farm but instead I got sucked into this life of crim...I mean business!
18:52:16 [GARDEN_VISITOR_MESSAGE] §e[NPC] §aBanker Broadjaw§f: §r§fWell, maybe I will be able to understand the burping dwarves if I try hard enough.
18:52:18 [ANNOYING_SPAM] §eObtain a §r§6Booster Cookie §r§efrom the community shop in the hub!
18:52:19 [ANNOYING_SPAM] §eObtain a §r§6Booster Cookie §r§efrom the community shop in the hub!
18:52:20 [ANNOYING_SPAM] §eObtain a §r§6Booster Cookie §r§efrom the community shop in the hub!
18:52:56 [WARPING] §7Warping...
18:52:56 [WARPING] §7Sending to server mega2D...
18:52:57 [EMPTY] §8 §r§8 §r§1 §r§3 §r§3 §r§7 §r§8 
18:52:59 [PROFILE_JOIN] §aYou are playing on profile: §eLemon§b (Co-op)
18:52:59 [PROFILE_JOIN] §8Profile ID: 75deb082-1336-4dc2-be3c-50e7afad0515
18:53:49 [PARTY] §9§m-----------------------------------------------------
18:53:49 [EMPTY] §f
18:53:49 [PARTY] §9§m-----------------------------------------------------
18:53:50 [WARPING] §7Sending to server mini81BR...
18:53:51 [EMPTY] §8 §r§8 §r§1 §r§3 §r§3 §r§7 §r§8 
18:53:54 [PROFILE_JOIN] §aYou are playing on profile: §eLemon§b (Co-op)
18:53:54 [PROFILE_JOIN] §8Profile ID: 75deb082-1336-4dc2-be3c-50e7afad0515
18:53:57 [WARPING] §7Warping...
18:53:58 [WARPING] §7Sending to server mega2D...
18:53:58 [EMPTY] §8 §r§8 §r§1 §r§3 §r§3 §r§7 §r§8 
18:54:01 [PROFILE_JOIN] §aYou are playing on profile: §eLemon§b (Co-op)
18:54:01 [PROFILE_JOIN] §8Profile ID: 75deb082-1336-4dc2-be3c-50e7afad0515
18:54:02 [PARTY] §9§m-----------------------------------------------------
18:54:02 [PARTY] §9§m-----------------------------------------------------
18:54:12 [BZ_AH_MINIS] §8Withdrawing coins...
18:54:27 [FAR_AWAY_PLAYER_DEATH] §c ☠ §r§7§r§aCravenMuffin524§r§7 was killed by Crypt Ghoul§r§7§r§7.
18:54:29 [BZ_AH_MINIS] §6[Bazaar] §r§7Executing instant buy...
18:54:33 [WARPING] §7Warping...
18:54:34 [WARPING] §7Sending to server mini148BQ...
18:54:34 [EMPTY] §8 §r§8 §r§1 §r§3 §r§3 §r§7 §r§8 
18:54:37 [PROFILE_JOIN] §aYou are playing on profile: §eLemon§b (Co-op)
18:54:37 [PROFILE_JOIN] §8Profile ID: 75deb082-1336-4dc2-be3c-50e7afad0515
18:54:37 [GARDEN_VISITOR_MESSAGE] §e[NPC] §6Sirius§f: §r§fI've always wanted to start a farm but instead I got sucked into this life of crim...I mean business!
18:54:42 [EMPTY] 
18:54:42 [EMPTY] 
18:54:42 [GARDEN_VISITOR_MESSAGE] §e[NPC] §6Sirius§f: §r§fThis smell... it reminds me of my childhood when I used to pick flowers in the garden. Keep this between you and me, understand?
18:54:48 [GARDEN_VISITOR_MESSAGE] §e[NPC] §aLibrarian§f: §r§fGreetings! I've been running low on paper recently for my Enchanted Books, could you bring me some Sugar Cane?
18:55:01 [GARDEN_VISITOR_MESSAGE] §e[NPC] §aLibrarian§f: §r§fVery unfortunate, I really needed that paper...
18:55:01 [GARDEN_VISITOR_MESSAGE] §e[NPC] §aTrevor§f: §r§fI've been tracking an animal for the past few days. Got anything I could use as bait?
18:55:06 [GARDEN_VISITOR_MESSAGE] §e[NPC] §aTrevor§f: §r§fLooks like I'll have to catch it the old fashioned way.
18:55:34 [USELESS_NOTIFICATION] §a§r§6Mining Speed Boost §r§ais now available!
18:56:18 [PARTY] §9§m-----------------------------------------------------
18:56:18 [PARTY] §9§m-----------------------------------------------------
18:58:22 [NEW_VISITOR_ARRIVED] §a§r§aEmissary Ceanna §r§ehas arrived on your §r§bGarden§r§e!
18:58:52 [SACKS_CHANGE] §6[Sacks] §r§a+2§r§e items§r§e.§r§8 (Last 5s.)
18:59:02 [PARTY] §9§m-----------------------------------------------------
18:59:02 [PARTY] §9§m-----------------------------------------------------
18:59:31 [SACKS_CHANGE] §6[Sacks] §r§a+2§r§e items§r§e.§r§8 (Last 5s.)
19:00:16 [WARPING] §7Warping...
19:00:16 [WARPING] §7Sending to server mini155AP...
19:00:17 [EMPTY] §8 §r§8 §r§1 §r§3 §r§3 §r§7 §r§8 
19:00:20 [PROFILE_JOIN] §aYou are playing on profile: §eLemon§b (Co-op)
19:00:20 [PROFILE_JOIN] §8Profile ID: 75deb082-1336-4dc2-be3c-50e7afad0515
19:00:24 [BZ_AH_MINIS] §6[Bazaar] §r§7Executing instant sell...
19:00:25 [BZ_AH_MINIS] §6[Bazaar] §r§7Executing instant sell...
19:00:31 [SACKS_CHANGE] §6[Sacks] §r§c-819§r§e items§r§e.§r§8 (Last 5s.)
19:00:32 [BZ_AH_MINIS] §8Depositing coins...
19:01:17 [USELESS_NOTIFICATION] §a§r§6Mining Speed Boost §r§ais now available!
19:15:06 [ANNOYING_SPAM] §e[NPC] Jacob§f: §rMy contest has started!
19:15:15 [WARPING] §7Warping...
19:15:16 [WARPING] §7Sending to server mini78CP...
19:15:18 [EMPTY] §8 §r§8 §r§1 §r§3 §r§3 §r§7 §r§8 
19:15:19 [NEW_VISITOR_ARRIVED] §9§r§9Rusty §r§ehas arrived on your §r§bGarden§r§e!
19:15:21 [PROFILE_JOIN] §aYou are playing on profile: §eLemon§b (Co-op)
19:15:21 [PROFILE_JOIN] §8Profile ID: 75deb082-1336-4dc2-be3c-50e7afad0515
19:15:24 [GARDEN_VISITOR_MESSAGE] §e[NPC] §aEmissary Ceanna§f: §r§fThe King's favorite emissary is here to request potatoes for the King's great feast! 
19:15:32 [GARDEN_VISITOR_MESSAGE] §e[NPC] §aEmissary Ceanna§f: §r§fI will inform the King about this disgrace!
19:15:32 [GARDEN_VISITOR_MESSAGE] §e[NPC] §9Rusty§f: §rEver wondered how I find all the things that other players lost? I outsource it. Right now, someone is looking for their §aEnchanted Pumpkin§f. Can you find that for me?
19:15:41 [GARDEN_VISITOR_MESSAGE] §e[NPC] §9Rusty§f: §r§fTurns out, if you want something done, you have to do it yourself.
19:16:18 [USELESS_NOTIFICATION] §a§r§6Mining Speed Boost §r§ais now available!
19:16:29 [SACKS_CHANGE] §6[Sacks] §r§a+511§r§e items§r§e, §r§c-58§r§e items§r§e.§r§8 (Last 10s.)
19:18:15 [SACKS_CHANGE] §6[Sacks] §r§a+1,902§r§e items§r§e, §r§c-227§r§e items§r§e.§r§8 (Last 22s.)
19:18:27 [SACKS_CHANGE] §6[Sacks] §r§a+185§r§e items§r§e, §r§c-20§r§e items§r§e.§r§8 (Last 7s.)
19:18:55 [SACKS_CHANGE] §6[Sacks] §r§a+2,622§r§e items§r§e, §r§c-294§r§e items§r§e.§r§8 (Last 26s.)
19:22:59 [SACKS_CHANGE] §6[Sacks] §r§a+2,687§r§e items§r§e, §r§c-306§r§e items§r§e.§r§8 (Last 25s.)
19:24:36 [SACKS_CHANGE] §6[Sacks] §r§a+538§r§e items§r§e, §r§c-60§r§e items§r§e.§r§8 (Last 9s.)
19:24:45 [SACKS_CHANGE] §6[Sacks] §r§a+303§r§e items§r§e, §r§c-34§r§e items§r§e.§r§8 (Last 7s.)
19:25:02 [SACKS_CHANGE] §6[Sacks] §r§a+3§r§e items§r§e.§r§8 (Last 5s.)
19:25:33 [SACKS_CHANGE] §6[Sacks] §r§a+4,806§r§e items§r§e, §r§c-545§r§e items§r§e.§r§8 (Last 30s.)
19:25:44 [SACKS_CHANGE] §6[Sacks] §r§a+895§r§e items§r§e, §r§c-102§r§e items§r§e.§r§8 (Last 10s.)
19:26:18 [SACKS_CHANGE] §6[Sacks] §r§a+4,487§r§e items§r§e, §r§c-505§r§e items§r§e.§r§8 (Last 30s.)
19:26:28 [NEW_VISITOR_ARRIVED] §a§r§aRhys §r§ehas arrived on your §r§bGarden§r§e!
19:26:49 [SACKS_CHANGE] §6[Sacks] §r§a+3,936§r§e items§r§e, §r§c-561§r§e items§r§e.§r§8 (Last 30s.)
19:27:19 [SACKS_CHANGE] §6[Sacks] §r§a+461§r§e items§r§e, §r§c-462§r§e items§r§e.§r§8 (Last 30s.)
19:27:25 [SACKS_CHANGE] §6[Sacks] §r§a+1§r§e item§r§e.§r§8 (Last 5s.)
19:28:08 [SACKS_CHANGE] §6[Sacks] §r§a+547§r§e items§r§e, §r§c-524§r§e items§r§e.§r§8 (Last 30s.)
19:28:30 [SACKS_CHANGE] §6[Sacks] §r§a+320§r§e items§r§e, §r§c-304§r§e items§r§e.§r§8 (Last 21s.)
