17:01:06 §e[SkyHanni] Your GhostCounter config has been automatically adjusted.
17:02:41 §e[SkyHanni] §eTo edit hidden GUI elements:
 §7- §e1. Set a key in /sh edit.
 §7- §e2. Click that key while the GUI element is visible.
17:02:41 §e[SkyHanni] Disabled Custom Scoreboard auto-alignment.
18:03:48 §e[SkyHanni] §fYou were in Limbo for §e2m 12s§f! §d§lPERSONAL BEST§r§f!
18:03:48 §e[SkyHanni] §fYour previous Personal Best was §e0s.
18:03:48 §e[SkyHanni] §fYour §aPersonal Bests§f perk is now granting you §a+0.11✴ SkyHanni User Luck§f!
18:11:23 §e[SkyHanni] §eTo edit hidden GUI elements:
 §7- §e1. Set a key in /sh edit.
 §7- §e2. Click that key while the GUI element is visible.
18:43:23 §e[SkyHanni] Successfully loaded this year's contests from elitebot.dev automatically!
18:43:23 §e[SkyHanni] §aAnita §eis visiting your garden!
18:43:23 §e[SkyHanni] §aBanker Broadjaw §eis visiting your garden!
18:43:23 §e[SkyHanni] §6Sirius §eis visiting your garden!
18:43:23 §e[SkyHanni] §aLibrarian §eis visiting your garden!
18:43:23 §e[SkyHanni] §aTrevor §eis visiting your garden!
18:43:23 §e[SkyHanni] §cYour Organic Matter is low!
18:43:48 §e[SkyHanni] §eTo edit hidden GUI elements:
 §7- §e1. Set a key in /sh edit.
 §7- §e2. Click that key while the GUI element is visible.
18:49:05 §e[SkyHanni] §cYour Organic Matter is low!
18:54:35 §e[SkyHanni] §cYour Organic Matter is low!
18:58:23 §e[SkyHanni] §aEmissary Ceanna §eis visiting your garden!
18:59:00 §c[SkyHanni] No infested plots detected to warp to!
18:59:36 §e[SkyHanni] §cYour Organic Matter is low!
19:15:20 §e[SkyHanni] §cYour Organic Matter is low!
19:15:23 §e[SkyHanni] §9Rusty §eis visiting your garden!
19:16:19 §c[SkyHanni] No infested plots detected to warp to!
19:16:19 §e[SkyHanni] Auto updated your Crop Start Location for Nether Wart
19:16:20 §e[SkyHanni] Started tracking your Jacob Contest Blocks Per Second!
19:17:47 §c[SkyHanni] No infested plots detected to warp to!
19:17:50 §c[SkyHanni] No infested plots detected to warp to!
19:17:53 §c[SkyHanni] No infested plots detected to warp to!
19:18:14 §e[SkyHanni] §eTo edit hidden GUI elements:
 §7- §e1. Set a key in /sh edit.
 §7- §e2. Click that key while the GUI element is visible.
19:18:19 §c[SkyHanni] No infested plots detected to warp to!
19:18:21 §c[SkyHanni] No infested plots detected to warp to!
19:18:29 §c[SkyHanni] No infested plots detected to warp to!
19:18:41 §c[SkyHanni] No infested plots detected to warp to!
19:22:33 §c[SkyHanni] No infested plots detected to warp to!
19:22:44 §c[SkyHanni] No infested plots detected to warp to!
19:24:26 §c[SkyHanni] No infested plots detected to warp to!
19:24:28 §c[SkyHanni] No infested plots detected to warp to!
19:24:37 §c[SkyHanni] No infested plots detected to warp to!
19:25:02 §c[SkyHanni] No infested plots detected to warp to!
19:25:43 §e[SkyHanni] Enabled lane detection. Farm two layers to detect the lane border position.
19:25:47 §c[SkyHanni] No infested plots detected to warp to!
19:26:04 §c[SkyHanni] No infested plots detected to warp to!
19:26:04 §e[SkyHanni] Nether Wart lane saved! Farming Lane features are now working.
19:26:06 §c[SkyHanni] No infested plots detected to warp to!
19:26:08 §c[SkyHanni] No infested plots detected to warp to!
19:26:30 §c[SkyHanni] No infested plots detected to warp to!
19:26:30 §e[SkyHanni] §aRhys §eis visiting your garden!
19:26:55 §c[SkyHanni] No infested plots detected to warp to!
19:27:19 §c[SkyHanni] No infested plots detected to warp to!
19:28:04 §c[SkyHanni] No infested plots detected to warp to!
