17:46:07  
17:46:07 [original] §8[§a158§8] §r§b[MVP§c+§b] WildWolf_01§f§7 is holding §r§8[§6Sirius' Personal Phone Number§8]§r
17:46:07 [modified] §8[§a158§8] §r§bWildWolf_01§f§7 is holding §r§8[§6Sirius' Personal Phone Number§8]§r§r
17:47:50  
17:47:50 [original] §r§8[§r§9313§r§8] §r§b[MVP§4+§b] mini_be4n §7♲§f§r§f: [SkyHanni] Lunch Chocolate Egg located at x: 125, y: 74, z: 168§r
17:47:50 [modified] §r§8[§r§9313§r§8] §r§bmini_be4n §7♲§f§r§f: [SkyHanni] Lunch Chocolate Egg located at x: 125, y: 74, z: 168§r§r
17:49:03  
17:49:03 [original] §r§8[§r§733§r§8] §r§a[VIP] _bumKuchen§f§r§f: i kinda just stared 2 weeks ago i cant afford having something in my ah for that long§r
17:49:03 [modified] §r§8[§r§b33§8] §r§b_bumKuchen§f§r§7: i kinda just stared 2 weeks ago i cant afford having something in my ah for that long§r§r
17:49:05  
17:49:05 [original] §r§8[§r§733§r§8] §r§a[VIP] _bumKuchen§f§r§f: bruh§r
17:49:05 [modified] §r§8[§r§b33§8] §r§b_bumKuchen§f§r§f: bruh§r§r
17:49:11  
17:49:11 [original] §r§8[§r§733§r§8] §r§a[VIP] _bumKuchen§f§r§f: LOWBALLING 100m PURSE /visit me§r
17:49:11 [modified] §r§8[§r§b33§8] §r§b_bumKuchen§f§r§7: LOWBALLING 100m PURSE /visit me§r§r
17:50:14  
17:50:14 [original] §r§8[§r§79§r§8] §r§7MeltedCobra8624§7§r§7: when is the menu gonna go back up§r
17:50:14 [modified] §r§8[§r§79§r§8] §r§bMeltedCobra8624§7: when is the menu gonna go back up§r§r
17:50:19  
17:50:19 [original] §r§8[§r§a122§r§8] §r§b[MVP§9+§b] Virsanov§f§r§f: never§r
17:50:19 [modified] §r§8[§r§b122§8] §r§bVirsanov§f§r§f: never§r§r
17:50:27  
17:50:27 [original] §r§8[§r§a122§r§8] §r§b[MVP§9+§b] Virsanov§f§r§f: deleted the update§r
17:50:27 [modified] §r§8[§r§b122§8] §r§bVirsanov§f§r§f: deleted the update§r§r
17:52:42  
17:52:42 [original] §r§8[§r§2192§r§8] §r§7ᛃ §r§a[VIP§6+§a] AI_Tr3pled§f§r§f: egg wher§r
17:52:42 [modified] §r§8[§r§2192§r§8] §r§7§r§bAI_Tr3pled§f§r§f: egg wher§r§r
17:54:10  
17:54:10 [original] §r§8[§r§b201§r§8] §r§7❁ §r§b[MVP§6+§b] Pro_Gamer909§f§r§f: where the ggg§r
17:54:10 [modified] §r§8[§r§b201§8] §r§7§r§bPro_Gamer909§f§r§f: where the ggg§r§r
17:54:12  
17:54:12 [original] §r§8[§r§b201§r§8] §r§7❁ §r§b[MVP§6+§b] Pro_Gamer909§f§r§f: egg§r
17:54:12 [modified] §r§8[§r§b201§8] §r§7§r§bPro_Gamer909§f§r§f: egg§r§r
17:54:31  
17:54:31 [original] §r§8[§r§e107§r§8] §r§7⎊ §r§a[VIP§6+§a] Krakenn123§f§r§f: in hub§r
17:54:31 [modified] §r§8[§r§e107§r§8] §r§7§r§bKrakenn123§f§r§f: in hub§r§r
17:54:35  
17:54:35 [original] §r§8[§r§b201§r§8] §r§7❁ §r§b[MVP§6+§b] Pro_Gamer909§f§r§f: k§r
17:54:35 [modified] §r§8[§r§b201§8] §r§7§r§bPro_Gamer909§f§r§f: k§r§r
17:54:41  
17:54:41 [original] §r§8[§r§e107§r§8] §r§7⎊ §r§a[VIP§6+§a] Krakenn123§f§r§f: ye§r
17:54:41 [modified] §r§8[§r§e107§r§8] §r§7§r§bKrakenn123§f§r§f: ye§r§r
17:54:44  
17:54:44 [original] §r§8[§r§e107§r§8] §r§7⎊ §r§a[VIP§6+§a] Krakenn123§f§r§f: srry idrk§r
17:54:44 [modified] §r§8[§r§e107§r§8] §r§7§r§bKrakenn123§f§r§f: srry idrk§r§r
17:55:55  
17:55:55 [original] §r§8[§r§b201§r§8] §r§7❁ §r§b[MVP§6+§b] Pro_Gamer909§f§r§f: u§r
17:55:55 [modified] §r§8[§r§b201§8] §r§7§r§bPro_Gamer909§f§r§f: u§r§r
17:56:01  
17:56:01 [original] §r§8[§r§b201§r§8] §r§7❁ §r§b[MVP§6+§b] Pro_Gamer909§f§r§f: need to find all the egg for factory§r
17:56:01 [modified] §r§8[§r§b201§8] §r§7§r§bPro_Gamer909§f§r§f: need to find all the egg for factory§r§r
17:56:05  
17:56:05 [original] §r§8[§r§b201§r§8] §r§7❁ §r§b[MVP§6+§b] Pro_Gamer909§f§r§f: bru§r
17:56:05 [modified] §r§8[§r§b201§8] §r§7§r§bPro_Gamer909§f§r§f: bru§r§r
18:05:16  
18:05:16 [original] §r§8[§r§b212§r§8] §r§6§lꤥ §r§b[MVP] SurfingViper§f§r§f: [SkyHanni] Lunch Chocolate Egg located at x: 125, y: 74, z: 168§r
18:05:16 [modified] §r§8[§r§b212§8] §r§6§l§r§bSurfingViper§f§r§f: [SkyHanni] Lunch Chocolate Egg located at x: 125, y: 74, z: 168§r§r
18:37:53  
18:37:53 [original] §9§m-----------------------------------------------------§r§9
§r§a[VIP] iizmw §r§ehas invited you to join their party!
§r§eYou have §r§c60 §r§eseconds to accept. §r§6Click here to join!§r§9
§r§9§m-----------------------------------------------------§r
18:37:53 [modified] §9§m-----------------------------------------------------§r§9
§r§biizmw §r§ehas invited you to join their party!
§r§eYou have §r§c60 §r§eseconds to accept. §r§6Click here to join!§r§9
§r§9§m-----------------------------------------------------§r§r
18:38:02  
18:38:02 [original] §eYou have joined §r§a[VIP] iizmw's §r§eparty!§r
18:38:02 [modified] §eYou have joined §r§biizmw's §r§eparty!§r§r
18:38:21  
18:38:21 [original] §eThe party was transferred to §r§a[VIP§r§6+§r§a] Davidutz_ §r§eby §r§a[VIP] iizmw§r
18:38:21 [modified] §eThe party was transferred to §r§bDavidutz_ §r§eby §r§biizmw§r§r
18:38:22  
18:38:22 [original] §a[VIP§r§6+§r§a] Davidutz_ §r§einvited §r§7LeMiniBledardd §r§eto the party! They have §r§c60 §r§eseconds to accept.§r
18:38:22 [modified] §bDavidutz_ §r§einvited §r§7LeMiniBledardd §r§eto the party! They have §r§c60 §r§eseconds to accept.§r§r
18:38:41  
18:38:41 [original] §eThe party was transferred to §r§a[VIP] iizmw §r§eby §r§a[VIP§r§6+§r§a] Davidutz_§r
18:38:41 [modified] §eThe party was transferred to §r§biizmw §r§eby §r§bDavidutz_§r§r
18:38:44  
18:38:44 [original] §eYou have been kicked from the party by §r§a[VIP] iizmw §r§e§r
18:38:44 [modified] §eYou have been kicked from the party by §r§biizmw §r§e§r§r
18:52:58  
18:52:58 [original] §r§8[§r§a154§r§8] §r§7❤ §r§a[VIP] ILikeKissingBoys§f§r§f: sperm bank we said that be4§r
18:52:58 [modified] §r§8[§r§b154§8] §r§7§r§bILikeKissingBoys§f§r§f: sperm bank we said that be4§r§r
18:52:59  
18:52:59 [original] §r§8[§r§a149§r§8] §r§6♫ §r§a[VIP] gzxi§f§r§f: all men cen reproduce§r
18:52:59 [modified] §r§8[§r§b149§8] §r§6§r§bgzxi§f§r§f: all men cen reproduce§r§r
18:53:00  
18:53:00 [original] §r§8[§r§9297§r§8] §r§5§l࿇ §r§b[MVP§2+§b] Graphicol§f§r§f: ong what is this argument even about§r
18:53:00 [modified] §r§8[§r§9297§r§8] §r§5§l§r§bGraphicol§f§r§f: ong what is this argument even about§r§r
18:53:05  
18:53:05 [original] §r§8[§r§a154§r§8] §r§7❤ §r§a[VIP] ILikeKissingBoys§f§r§f: but you cant keep anything in your head§r
18:53:05 [modified] §r§8[§r§b154§8] §r§7§r§bILikeKissingBoys§f§r§f: but you cant keep anything in your head§r§r
18:53:08  
18:53:08 [original] §r§8[§r§a154§r§8] §r§7❤ §r§a[VIP] ILikeKissingBoys§f§r§f: HOLD GOD§r
18:53:08 [modified] §r§8[§r§b154§8] §r§7§r§bILikeKissingBoys§f§r§f: HOLD GOD§r§r
18:53:10  
18:53:10 [original] §r§8[§r§a135§r§8] §r§a[VIP§6+§a] Vendr1ck§f§r§f: selling 200 g drag if intrested visit§r
18:53:10 [modified] §r§8[§r§b135§8] §r§bVendr1ck§f§r§7: selling 200 g drag if intrested visit§r§r
18:53:12  
18:53:12 [original] §8[§a135§8] §r§a[VIP§6+§a] Vendr1ck§f§7 is holding §r§8[§7[Lvl 200] §6Golden Dragon§8]§r
18:53:12 [modified] §8[§a135§8] §r§bVendr1ck§f§7 is holding §r§8[§7[Lvl 200] §6Golden Dragon§8]§r§r
18:53:12  
18:53:12 [original] §r§8[§r§a154§r§8] §r§7❤ §r§a[VIP] ILikeKissingBoys§f§r§f: holy*§r
18:53:12 [modified] §r§8[§r§b154§8] §r§7§r§bILikeKissingBoys§f§r§f: holy*§r§r
18:53:16  
18:53:16 [original] §r§8[§r§a154§r§8] §r§7❤ §r§a[VIP] ILikeKissingBoys§f§r§f: i gotta calm down§r
18:53:16 [modified] §r§8[§r§b154§8] §r§7§r§bILikeKissingBoys§f§r§f: i gotta calm down§r§r
18:53:17  
18:53:17 [original] §r§8[§r§d334§r§8] §r§5§l࿇ §r§a[VIP] Crafty_Jit§f§r§f: where§r
18:53:17 [modified] §r§8[§r§d334§r§8] §r§5§l§r§bCrafty_Jit§f§r§f: where§r§r
18:53:23  
18:53:23 [original] §r§8[§r§2177§r§8] §r§6§lᛝ §r§a[VIP§6+§a] OnlyRiptide§f§r§f: ILikeKissingBoys bro we aint trying ******** over or kick you out or some **** were just saying it§r
18:53:23 [modified] §r§8[§r§2177§r§8] §r§6§l§r§bOnlyRiptide§f§r§f: ILikeKissingBoys bro we aint trying ******** over or kick you out or some **** were just saying it§r§r
18:53:24  
18:53:24 [original] §r§8[§r§715§r§8] §r§7SammyMonster11§7§r§7: wtf is this chat§r
18:53:24 [modified] §r§8[§r§b15§8] §r§bSammyMonster11§7: wtf is this chat§r§r
18:53:25  
18:53:25 [original] §r§8[§r§2177§r§8] §r§6§lᛝ §r§a[VIP§6+§a] OnlyRiptide§f§r§f: sounds silly§r
18:53:25 [modified] §r§8[§r§2177§r§8] §r§6§l§r§bOnlyRiptide§f§r§f: sounds silly§r§r
18:53:27  
18:53:27 [original] §r§8[§r§2195§r§8] §r§6§lᛝ §r§b[MVP§a+§b] Z1ppyX§f§r§f: LF wither chestplate, leggings and boots /p me§r
18:53:27 [modified] §r§8[§r§2195§r§8] §r§6§l§r§bZ1ppyX§f§r§f: LF wither chestplate, leggings and boots /p me§r§r
18:53:34  
18:53:34 [original] §r§8[§r§9305§r§8] §r§6§lᛝ §r§b[MVP§8+§b] iProxyy§f§r§f: [SkyHanni] Dinner Chocolate Egg located at x: 125, y: 74, z: 168§r
18:53:34 [modified] §r§8[§r§9305§r§8] §r§6§l§r§biProxyy§f§r§f: [SkyHanni] Dinner Chocolate Egg located at x: 125, y: 74, z: 168§r§r
18:53:35  
18:53:35 [original] §r§8[§r§3260§r§8] §r§6ᛃ §r§b[MVP§3+§b] cashfee§f§r§f: ty§r
18:53:35 [modified] §r§8[§r§3260§r§8] §r§6§r§bcashfee§f§r§f: ty§r§r
18:53:38  
18:53:38 [original] §r§8[§r§f67§r§8] §r§7ForestOcelot038§7§r§7: nature is ***** gay§r
18:53:38 [modified] §r§8[§r§f67§r§8] §r§bForestOcelot038§7: nature is ***** gay§r§r
18:53:38  
18:53:38 [original] §r§8[§r§f53§r§8] §r§7❂ §r§a[VIP] Duckybrine_606§f§r§f: np§r
18:53:38 [modified] §r§8[§r§f53§r§8] §r§7§r§bDuckybrine_606§f§r§f: np§r§r
18:53:42  
18:53:42 [original] §r§8[§r§713§r§8] §r§a[VIP] Block_Craft_007§f§r§f: selling 8 enchanted bookshelf 150k /visit me§r
18:53:42 [modified] §r§8[§r§b13§8] §r§bBlock_Craft_007§f§r§7: selling 8 enchanted bookshelf 150k /visit me§r§r
18:53:42  
18:53:42 [original] §r§8[§r§a154§r§8] §r§7❤ §r§a[VIP] ILikeKissingBoys§f§r§f: i am not saying that either§r
18:53:42 [modified] §r§8[§r§b154§8] §r§7§r§bILikeKissingBoys§f§r§f: i am not saying that either§r§r
18:53:44  
18:53:44 [original] §r§8[§r§9305§r§8] §r§6§lᛝ §r§b[MVP§8+§b] iProxyy§f§r§f: x: 124, y: 73, z: 169§r
18:53:44 [modified] §r§8[§r§9305§r§8] §r§6§l§r§biProxyy§f§r§f: x: 124, y: 73, z: 169§r§r
18:53:48  
18:53:48 [original] §9§m-----------------------------------------------------§r§9
§r§a[VIP] iizmw §r§ehas invited you to join their party!
§r§eYou have §r§c60 §r§eseconds to accept. §r§6Click here to join!§r§9
§r§9§m-----------------------------------------------------§r
18:53:48 [modified] §9§m-----------------------------------------------------§r§9
§r§biizmw §r§ehas invited you to join their party!
§r§eYou have §r§c60 §r§eseconds to accept. §r§6Click here to join!§r§9
§r§9§m-----------------------------------------------------§r§r
18:53:49  
18:53:49 [original] §eYou have joined §r§a[VIP] iizmw's §r§eparty!§r
18:53:49 [modified] §eYou have joined §r§biizmw's §r§eparty!§r§r
18:53:50  
18:53:50 [original] §eParty Leader, §r§a[VIP] iizmw§r§e, summoned you to their server.§r
18:53:50 [modified] §eParty Leader, §r§biizmw§e, summoned you to their server.§r§r
18:53:54  
18:53:54 [original] §r§8[§r§f68§r§8] §r§a[VIP] qtPug§f§r§f: gauntlent§r
18:53:54 [modified] §r§8[§r§f68§r§8] §r§bqtPug§f§r§f: gauntlent§r§r
18:54:02  
18:54:02 [original] §eThe party leader, §r§a[VIP] iizmw §r§ehas disconnected, they have §r§c5 §r§eminutes to rejoin before the party is disbanded.§r
18:54:02 [modified] §eThe party leader, §r§biizmw §r§ehas disconnected, they have §r§c5 §r§eminutes to rejoin before the party is disbanded.§r§r
18:54:04  
18:54:04 [original] §r§8[§r§715§r§8] §r§7SammyMonster11§7§r§7: x:125 y:74 z:168§r
18:54:04 [modified] §r§8[§r§b15§8] §r§bSammyMonster11§7: x:125 y:74 z:168§r§r
18:54:10  
18:54:10 [original] §r§8[§r§a144§r§8] §r§7§l⸕ §r§7RaihanXD§7§r§7: man there's too many straightphobia in here let me change hub§r
18:54:10 [modified] §r§8[§r§b144§8] §r§7§l§r§bRaihanXD§7: man there's too many straightphobia in here let me change hub§r§r
18:54:14  
18:54:14 [original] §r§8[§r§a144§r§8] §r§7§l⸕ §r§7RaihanXD§7§r§7: LMFAO§r
18:54:14 [modified] §r§8[§r§b144§8] §r§7§l§r§bRaihanXD§7: LMFAO§r§r
18:54:14  
18:54:14 [original] §r§8[§r§3260§r§8] §r§6ᛃ §r§b[MVP§3+§b] cashfee§f§r§f: lmao§r
18:54:14 [modified] §r§8[§r§3260§r§8] §r§6§r§bcashfee§f§r§f: lmao§r§r
18:54:16  
18:54:16 [original] §r§8[§r§3260§r§8] §r§6ᛃ §r§b[MVP§3+§b] cashfee§f§r§f: LKAJSGKLHGH§r
18:54:16 [modified] §r§8[§r§3260§r§8] §r§6§r§bcashfee§f§r§f: LKAJSGKLHGH§r§r
18:54:18  
18:54:18 [original] §r§8[§r§a154§r§8] §r§7❤ §r§a[VIP] ILikeKissingBoys§f§r§f: i just wonder what makes it "wrong"§r
18:54:18 [modified] §r§8[§r§b154§8] §r§7§r§bILikeKissingBoys§f§r§f: i just wonder what makes it "wrong"§r§r
18:54:19  
18:54:19 [original] §r§8[§r§f53§r§8] §r§7❂ §r§a[VIP] Duckybrine_606§f§r§f: XDDDDDDDD§r
18:54:19 [modified] §r§8[§r§f53§r§8] §r§7§r§bDuckybrine_606§f§r§f: XDDDDDDDD§r§r
18:54:20  
18:54:20 [original] §r§8[§r§b222§r§8] §r§6☠ §r§b[MVP§3+§b] fvnta§f§r§f: BARN FULL! Baloo got crushed! +100,934 Chocolate§r
18:54:20 [modified] §r§8[§r§b222§8] §r§6§r§bfvnta§f§r§f: BARN FULL! Baloo got crushed! +100,934 Chocolate§r§r
18:54:23  
18:54:23 [original] §r§8[§r§d331§r§8] §r§b§lᛝ §r§a[VIP] Mijolinir§f§r§f: LOL§r
18:54:23 [modified] §r§8[§r§d331§r§8] §r§b§l§r§bMijolinir§f§r§f: LOL§r§r
18:54:27  
18:54:27 [original] §r§8[§r§713§r§8] §r§a[VIP] Block_Craft_007§f§r§f: selling 8 enchanted bookshelf 150k /visit me selling 8 enchanted bookshelf 150k /visit me§r
18:54:27 [modified] §r§8[§r§b13§8] §r§bBlock_Craft_007§f§r§7: selling 8 enchanted bookshelf 150k /visit me selling 8 enchanted bookshelf 150k /visit me§r§r
18:54:27  
18:54:27 [original] §8[§a135§8] §r§a[VIP§6+§a] Vendr1ck§f§7 is holding §r§8[§7[Lvl 200] §6Golden Dragon§8]§r
18:54:27 [modified] §8[§a135§8] §r§bVendr1ck§f§7 is holding §r§8[§7[Lvl 200] §6Golden Dragon§8]§r§r
18:54:28  
18:54:28 [original] §r§8[§r§3260§r§8] §r§6ᛃ §r§b[MVP§3+§b] cashfee§f§r§f: ILikeKissingBoys it said it too many times§r
18:54:28 [modified] §r§8[§r§3260§r§8] §r§6§r§bcashfee§f§r§f: ILikeKissingBoys it said it too many times§r§r
18:54:29  
18:54:29 [original] §r§8[§r§2178§r§8] §r§7§l⚝ §r§6[MVP§9++§6] BiggestMunchOAT§f§r§f: Selling 160m bidded gilded Midas Spoon /visit me ---------------------------------------------------------------§r
18:54:29 [modified] §r§8[§r§2178§r§8] §r§7§l§r§bBiggestMunchOAT§f§r§7: Selling 160m bidded gilded Midas Spoon /visit me ---------------------------------------------------------------§r§r
18:54:31  
18:54:31 [original] §r§8[§r§a135§r§8] §r§a[VIP§6+§a] Vendr1ck§f§r§f: selling gdrag§r
18:54:31 [modified] §r§8[§r§b135§8] §r§bVendr1ck§f§r§7: selling gdrag§r§r
18:54:33  
18:54:33 [original] §r§8[§r§3260§r§8] §r§6ᛃ §r§b[MVP§3+§b] cashfee§f§r§f: but if everyone started being gay§r
18:54:33 [modified] §r§8[§r§3260§r§8] §r§6§r§bcashfee§f§r§f: but if everyone started being gay§r§r
18:54:33  
18:54:33 [original] §r§8[§r§f53§r§8] §r§7❂ §r§a[VIP] Duckybrine_606§f§r§f: we told you so many times, how can't you open your mind to it?§r
18:54:33 [modified] §r§8[§r§f53§r§8] §r§7§r§bDuckybrine_606§f§r§f: we told you so many times, how can't you open your mind to it?§r§r
19:01:15  
19:01:15 [original] §r§8[§r§a128§r§8] §r§b[MVP§c+§b] WhiteboyplayzSB§f§r§f: wizard tower bottom§r
19:01:15 [modified] §r§8[§r§b128§8] §r§bWhiteboyplayzSB§f§r§f: wizard tower bottom§r§r
19:02:52  
19:02:52 [original] §r§8[§r§a148§r§8] §r§a[VIP] DevilDude707§f§r§f: lowballing 160m /visit me§r
19:02:52 [modified] §r§8[§r§b148§8] §r§bDevilDude707§f§r§7: lowballing 160m /visit me§r§r
19:06:44  
19:06:44 [original] §r§8[§r§a130§r§8] §r§7⛂ §r§a[VIP] Thewisefish2§f§r§f: lowballing 100m visit mee lol§r
19:06:44 [modified] §r§8[§r§b130§8] §r§7§r§bThewisefish2§f§r§7: lowballing 100m visit mee lol§r§r
19:08:20  
19:08:20 [original] §r§8[§r§a130§r§8] §r§7⛂ §r§a[VIP] Thewisefish2§f§r§f: lowballing 100m visit mee lol\//////§r
19:08:20 [modified] §r§8[§r§b130§8] §r§7§r§bThewisefish2§f§r§7: lowballing 100m visit mee lol\//////§r§r
19:12:45  
19:12:45 [original] §r§8[§r§a138§r§8] §r§7❤ §r§a[VIP] not56ms§f§r§f: were§r
19:12:45 [modified] §r§8[§r§b138§8] §r§7§r§bnot56ms§f§r§f: were§r§r
19:13:02  
19:13:02 [original] §r§8[§r§a151§r§8] §r§5§l࿇ §r§b[MVP§d+§b] JayCymru§f§r§f: no idea, not found the other one yet lol§r
19:13:02 [modified] §r§8[§r§b151§8] §r§5§l§r§bJayCymru§f§r§f: no idea, not found the other one yet lol§r§r
